7-20-2026 16:29:31 - log: Load engine in C:\ProgramData\cocos\editors\Creator\3.8.8\resources\resources\3d\engine
7-20-2026 16:29:32 - log: Register native engine in C:\ProgramData\cocos\editors\Creator\3.8.8\resources\resources\3d\engine\native
7-20-2026 16:29:32 - log: Request namespace: device-list
7-20-2026 16:29:44 - log: waiting the ready of builder worker...
7-20-2026 16:29:45 - log: [Scene] meshopt wasm decoder initialized
7-20-2026 16:29:45 - log: [Scene] [box2d]:box2d wasm lib loaded.
7-20-2026 16:29:45 - log: [Scene] [bullet]:bullet wasm lib loaded.
7-20-2026 16:29:45 - log: [Scene] [PHYSICS]: using builtin.
7-20-2026 16:29:46 - log: [Scene] Cocos Creator v3.8.8
7-20-2026 16:29:46 - log: [Scene] Using custom pipeline: Builtin
7-20-2026 16:29:47 - error: UNKNOWN: unknown error, open 'D:\Works\Github\BattleGame\profiles\v2\packages\scene.json'Error: UNKNOWN: unknown error, open 'D:\Works\Github\BattleGame\profiles\v2\packages\scene.json'
    at Object.openSync (node:fs:573:18)
    at Object.func [as openSync] (node:electron/js2c/node_init:2:2559)
    at Object.writeFileSync (node:fs:2381:35)
    at Object.writeFileSync (C:\ProgramData\cocos\editors\Creator\3.8.8\resources\app.asar\node_modules\jsonfile\index.js:117:13)
    at Object.outputJsonSync (C:\ProgramData\cocos\editors\Creator\3.8.8\resources\app.asar\node_modules\@base\electron-profile\node_modules\fs-extra\lib\json\output-json-sync.ccc:15:12)
    at Object.save (C:\ProgramData\cocos\editors\Creator\3.8.8\resources\app.asar\node_modules\@base\electron-profile\lib\browser\data.ccc:1:667)
    at C:\ProgramData\cocos\editors\Creator\3.8.8\resources\app.asar\node_modules\@base\electron-profile\lib\browser\index.js:1:1374
    at Profile.save (C:\ProgramData\cocos\editors\Creator\3.8.8\resources\app.asar\node_modules\@base\electron-profile\lib\browser\profile.ccc:1:1079)
    at Object.setConfig (C:\ProgramData\cocos\editors\Creator\3.8.8\resources\app.asar\node_modules\@editor\creator\dist\profile\protected\browser\index.ccc:1:1658)
    at EventEmitter.<anonymous> (C:\ProgramData\cocos\editors\Creator\3.8.8\resources\app.asar\node_modules\@editor\creator\dist\profile\protected\browser\index.ccc:1:6364)
7-20-2026 16:29:47 - error: [Window] UNKNOWN: unknown error, open 'D:\Works\Github\BattleGame\profiles\v2\packages\scene.json'Error: UNKNOWN: unknown error, open 'D:\Works\Github\BattleGame\profiles\v2\packages\scene.json'
    at Object.openSync (node:fs:573:18)
    at Object.func [as openSync] (node:electron/js2c/node_init:2:2559)
    at Object.writeFileSync (node:fs:2381:35)
    at Object.writeFileSync (C:\ProgramData\cocos\editors\Creator\3.8.8\resources\app.asar\node_modules\jsonfile\index.js:117:13)
    at Object.outputJsonSync (C:\ProgramData\cocos\editors\Creator\3.8.8\resources\app.asar\node_modules\@base\electron-profile\node_modules\fs-extra\lib\json\output-json-sync.ccc:15:12)
    at Object.save (C:\ProgramData\cocos\editors\Creator\3.8.8\resources\app.asar\node_modules\@base\electron-profile\lib\browser\data.ccc:1:667)
    at C:\ProgramData\cocos\editors\Creator\3.8.8\resources\app.asar\node_modules\@base\electron-profile\lib\browser\index.js:1:1374
    at Profile.save (C:\ProgramData\cocos\editors\Creator\3.8.8\resources\app.asar\node_modules\@base\electron-profile\lib\browser\profile.ccc:1:1079)
    at Object.setConfig (C:\ProgramData\cocos\editors\Creator\3.8.8\resources\app.asar\node_modules\@editor\creator\dist\profile\protected\browser\index.ccc:1:1658)
    at EventEmitter.<anonymous> (C:\ProgramData\cocos\editors\Creator\3.8.8\resources\app.asar\node_modules\@editor\creator\dist\profile\protected\browser\index.ccc:1:6364)
7-20-2026 16:29:47 - warn: [Scene] Instancing/Batching enabled for non-baked skinning model or used AnimationController 'BlueUnit/Victory/Fighter.Body.low_Baked.001', this may result in unexpected rendering artifacts. Consider turning it off in the material if you do not intend to do this.Error: [Scene] Instancing/Batching enabled for non-baked skinning model or used AnimationController 'BlueUnit/Victory/Fighter.Body.low_Baked.001', this may result in unexpected rendering artifacts. Consider turning it off in the material if you do not intend to do this.
    at console.warn (C:\ProgramData\cocos\editors\Creator\3.8.8\resources\app.asar\node_modules\@sentry\core\src\utils-hoist\instrument\console.ts:40:14)
    at warn (C:\ProgramData\cocos\editors\Creator\3.8.8\resources\resources\3d\engine\bin\.cache\dev\editor\bundled\index.js:162864:12)
    at warnID (C:\ProgramData\cocos\editors\Creator\3.8.8\resources\resources\3d\engine\bin\.cache\dev\editor\bundled\index.js:163052:5)
    at SkinningModel._updateInstancedAttributes (C:\ProgramData\cocos\editors\Creator\3.8.8\resources\resources\3d\engine\bin\.cache\dev\editor\bundled\index.js:113230:13)
    at SkinningModel._updateAttributesAndBinding (C:\ProgramData\cocos\editors\Creator\3.8.8\resources\resources\3d\engine\bin\.cache\dev\editor\bundled\index.js:225497:16)
    at SkinningModel.initSubModel (C:\ProgramData\cocos\editors\Creator\3.8.8\resources\resources\3d\engine\bin\.cache\dev\editor\bundled\index.js:225158:16)
    at SkinningModel.initSubModel (C:\ProgramData\cocos\editors\Creator\3.8.8\resources\resources\3d\engine\bin\.cache\dev\editor\bundled\index.js:112793:24)
    at SkinningModel.initSubModel (C:\ProgramData\cocos\editors\Creator\3.8.8\resources\resources\3d\engine\bin\.cache\dev\editor\bundled\index.js:113194:17)
    at SkinnedMeshRenderer._updateModelParams (C:\ProgramData\cocos\editors\Creator\3.8.8\resources\resources\3d\engine\bin\.cache\dev\editor\bundled\index.js:112301:29)
    at SkinnedMeshRenderer._updateModelParams (C:\ProgramData\cocos\editors\Creator\3.8.8\resources\resources\3d\engine\bin\.cache\dev\editor\bundled\index.js:115274:17)
    at SkinnedMeshRenderer._updateModels (C:\ProgramData\cocos\editors\Creator\3.8.8\resources\resources\3d\engine\bin\.cache\dev\editor\bundled\index.js:112205:18)
    at SkinnedMeshRenderer.onLoad (C:\ProgramData\cocos\editors\Creator\3.8.8\resources\resources\3d\engine\bin\.cache\dev\editor\bundled\index.js:111860:16)
    at SkinnedMeshRenderer.onLoad (C:\ProgramData\cocos\editors\Creator\3.8.8\resources\resources\3d\engine\bin\.cache\dev\editor\bundled\index.js:115226:17)
    at eval (C:\ProgramData\cocos\editors\Creator\3.8.8\resources\resources\3d\engine\bin\.cache\dev\editor\bundled\index.js:55316:132)
    at OneOffInvoker.eval [as _invoke] (C:\ProgramData\cocos\editors\Creator\3.8.8\resources\resources\3d\engine\bin\.cache\dev\editor\bundled\index.js:53273:9)
    at OneOffInvoker.invoke (C:\ProgramData\cocos\editors\Creator\3.8.8\resources\resources\3d\engine\bin\.cache\dev\editor\bundled\index.js:53392:18)
    at NodeActivator.activateNode (C:\ProgramData\cocos\editors\Creator\3.8.8\resources\resources\3d\engine\bin\.cache\dev\editor\bundled\index.js:55367:27)
    at Scene._activate (C:\ProgramData\cocos\editors\Creator\3.8.8\resources\resources\3d\engine\bin\.cache\dev\editor\bundled\index.js:63356:44)
    at Director.runSceneImmediate (C:\ProgramData\cocos\editors\Creator\3.8.8\resources\resources\3d\engine\bin\.cache\dev\editor\bundled\index.js:15538:17)
    at C:\ProgramData\cocos\editors\Creator\3.8.8\resources\app.asar\builtin\scene\dist\script\3d\manager\scene\utils.ccc:1:682
    at eval (C:\ProgramData\cocos\editors\Creator\3.8.8\resources\resources\3d\engine\bin\.cache\dev\editor\bundled\index.js:141562:9)
    at eval (C:\ProgramData\cocos\editors\Creator\3.8.8\resources\resources\3d\engine\bin\.cache\dev\editor\bundled\index.js:167821:9)
    at sentryWrapped (C:\ProgramData\cocos\editors\Creator\3.8.8\resources\app.asar\node_modules\@sentry\browser\src\helpers.ts:116:17)
7-20-2026 16:29:47 - warn: [Scene] Instancing/Batching enabled for non-baked skinning model or used AnimationController 'BlueUnit/Victory/Fighter.Body.low_Baked.001', this may result in unexpected rendering artifacts. Consider turning it off in the material if you do not intend to do this.Error: [Scene] Instancing/Batching enabled for non-baked skinning model or used AnimationController 'BlueUnit/Victory/Fighter.Body.low_Baked.001', this may result in unexpected rendering artifacts. Consider turning it off in the material if you do not intend to do this.
    at console.warn (C:\ProgramData\cocos\editors\Creator\3.8.8\resources\app.asar\node_modules\@sentry\core\src\utils-hoist\instrument\console.ts:40:14)
    at warn (C:\ProgramData\cocos\editors\Creator\3.8.8\resources\resources\3d\engine\bin\.cache\dev\editor\bundled\index.js:162864:12)
    at warnID (C:\ProgramData\cocos\editors\Creator\3.8.8\resources\resources\3d\engine\bin\.cache\dev\editor\bundled\index.js:163052:5)
    at SkinningModel._updateInstancedAttributes (C:\ProgramData\cocos\editors\Creator\3.8.8\resources\resources\3d\engine\bin\.cache\dev\editor\bundled\index.js:113230:13)
    at SkinningModel._updateAttributesAndBinding (C:\ProgramData\cocos\editors\Creator\3.8.8\resources\resources\3d\engine\bin\.cache\dev\editor\bundled\index.js:225497:16)
    at SkinningModel.initSubModel (C:\ProgramData\cocos\editors\Creator\3.8.8\resources\resources\3d\engine\bin\.cache\dev\editor\bundled\index.js:225158:16)
    at SkinningModel.initSubModel (C:\ProgramData\cocos\editors\Creator\3.8.8\resources\resources\3d\engine\bin\.cache\dev\editor\bundled\index.js:112793:24)
    at SkinningModel.initSubModel (C:\ProgramData\cocos\editors\Creator\3.8.8\resources\resources\3d\engine\bin\.cache\dev\editor\bundled\index.js:113194:17)
    at SkinnedMeshRenderer._updateModelParams (C:\ProgramData\cocos\editors\Creator\3.8.8\resources\resources\3d\engine\bin\.cache\dev\editor\bundled\index.js:112301:29)
    at SkinnedMeshRenderer._updateModelParams (C:\ProgramData\cocos\editors\Creator\3.8.8\resources\resources\3d\engine\bin\.cache\dev\editor\bundled\index.js:115274:17)
    at SkinnedMeshRenderer._updateModels (C:\ProgramData\cocos\editors\Creator\3.8.8\resources\resources\3d\engine\bin\.cache\dev\editor\bundled\index.js:112205:18)
    at SkinnedMeshRenderer.setUseBakedAnimation (C:\ProgramData\cocos\editors\Creator\3.8.8\resources\resources\3d\engine\bin\.cache\dev\editor\bundled\index.js:115257:18)
    at SkeletalAnimation.notifySkinnedMeshAdded (C:\ProgramData\cocos\editors\Creator\3.8.8\resources\resources\3d\engine\bin\.cache\dev\editor\bundled\index.js:117565:31)
    at SkinnedMeshRenderer._tryBindAnimation (C:\ProgramData\cocos\editors\Creator\3.8.8\resources\resources\3d\engine\bin\.cache\dev\editor\bundled\index.js:115295:23)
    at SkinnedMeshRenderer.onLoad (C:\ProgramData\cocos\editors\Creator\3.8.8\resources\resources\3d\engine\bin\.cache\dev\editor\bundled\index.js:115227:16)
    at eval (C:\ProgramData\cocos\editors\Creator\3.8.8\resources\resources\3d\engine\bin\.cache\dev\editor\bundled\index.js:55316:132)
    at OneOffInvoker.eval [as _invoke] (C:\ProgramData\cocos\editors\Creator\3.8.8\resources\resources\3d\engine\bin\.cache\dev\editor\bundled\index.js:53273:9)
    at OneOffInvoker.invoke (C:\ProgramData\cocos\editors\Creator\3.8.8\resources\resources\3d\engine\bin\.cache\dev\editor\bundled\index.js:53392:18)
    at NodeActivator.activateNode (C:\ProgramData\cocos\editors\Creator\3.8.8\resources\resources\3d\engine\bin\.cache\dev\editor\bundled\index.js:55367:27)
    at Scene._activate (C:\ProgramData\cocos\editors\Creator\3.8.8\resources\resources\3d\engine\bin\.cache\dev\editor\bundled\index.js:63356:44)
    at Director.runSceneImmediate (C:\ProgramData\cocos\editors\Creator\3.8.8\resources\resources\3d\engine\bin\.cache\dev\editor\bundled\index.js:15538:17)
    at C:\ProgramData\cocos\editors\Creator\3.8.8\resources\app.asar\builtin\scene\dist\script\3d\manager\scene\utils.ccc:1:682
    at eval (C:\ProgramData\cocos\editors\Creator\3.8.8\resources\resources\3d\engine\bin\.cache\dev\editor\bundled\index.js:141562:9)
    at eval (C:\ProgramData\cocos\editors\Creator\3.8.8\resources\resources\3d\engine\bin\.cache\dev\editor\bundled\index.js:167821:9)
    at sentryWrapped (C:\ProgramData\cocos\editors\Creator\3.8.8\resources\app.asar\node_modules\@sentry\browser\src\helpers.ts:116:17)
7-20-2026 16:29:47 - warn: [Scene] Instancing/Batching enabled for non-baked skinning model or used AnimationController 'RedUnit/Victory/Fighter.Body.low_Baked.001', this may result in unexpected rendering artifacts. Consider turning it off in the material if you do not intend to do this.Error: [Scene] Instancing/Batching enabled for non-baked skinning model or used AnimationController 'RedUnit/Victory/Fighter.Body.low_Baked.001', this may result in unexpected rendering artifacts. Consider turning it off in the material if you do not intend to do this.
    at console.warn (C:\ProgramData\cocos\editors\Creator\3.8.8\resources\app.asar\node_modules\@sentry\core\src\utils-hoist\instrument\console.ts:40:14)
    at warn (C:\ProgramData\cocos\editors\Creator\3.8.8\resources\resources\3d\engine\bin\.cache\dev\editor\bundled\index.js:162864:12)
    at warnID (C:\ProgramData\cocos\editors\Creator\3.8.8\resources\resources\3d\engine\bin\.cache\dev\editor\bundled\index.js:163052:5)
    at SkinningModel._updateInstancedAttributes (C:\ProgramData\cocos\editors\Creator\3.8.8\resources\resources\3d\engine\bin\.cache\dev\editor\bundled\index.js:113230:13)
    at SkinningModel._updateAttributesAndBinding (C:\ProgramData\cocos\editors\Creator\3.8.8\resources\resources\3d\engine\bin\.cache\dev\editor\bundled\index.js:225497:16)
    at SkinningModel.initSubModel (C:\ProgramData\cocos\editors\Creator\3.8.8\resources\resources\3d\engine\bin\.cache\dev\editor\bundled\index.js:225158:16)
    at SkinningModel.initSubModel (C:\ProgramData\cocos\editors\Creator\3.8.8\resources\resources\3d\engine\bin\.cache\dev\editor\bundled\index.js:112793:24)
    at SkinningModel.initSubModel (C:\ProgramData\cocos\editors\Creator\3.8.8\resources\resources\3d\engine\bin\.cache\dev\editor\bundled\index.js:113194:17)
    at SkinnedMeshRenderer._updateModelParams (C:\ProgramData\cocos\editors\Creator\3.8.8\resources\resources\3d\engine\bin\.cache\dev\editor\bundled\index.js:112301:29)
    at SkinnedMeshRenderer._updateModelParams (C:\ProgramData\cocos\editors\Creator\3.8.8\resources\resources\3d\engine\bin\.cache\dev\editor\bundled\index.js:115274:17)
    at SkinnedMeshRenderer._updateModels (C:\ProgramData\cocos\editors\Creator\3.8.8\resources\resources\3d\engine\bin\.cache\dev\editor\bundled\index.js:112205:18)
    at SkinnedMeshRenderer.onLoad (C:\ProgramData\cocos\editors\Creator\3.8.8\resources\resources\3d\engine\bin\.cache\dev\editor\bundled\index.js:111860:16)
    at SkinnedMeshRenderer.onLoad (C:\ProgramData\cocos\editors\Creator\3.8.8\resources\resources\3d\engine\bin\.cache\dev\editor\bundled\index.js:115226:17)
    at eval (C:\ProgramData\cocos\editors\Creator\3.8.8\resources\resources\3d\engine\bin\.cache\dev\editor\bundled\index.js:55316:132)
    at OneOffInvoker.eval [as _invoke] (C:\ProgramData\cocos\editors\Creator\3.8.8\resources\resources\3d\engine\bin\.cache\dev\editor\bundled\index.js:53273:9)
    at OneOffInvoker.invoke (C:\ProgramData\cocos\editors\Creator\3.8.8\resources\resources\3d\engine\bin\.cache\dev\editor\bundled\index.js:53392:18)
    at NodeActivator.activateNode (C:\ProgramData\cocos\editors\Creator\3.8.8\resources\resources\3d\engine\bin\.cache\dev\editor\bundled\index.js:55367:27)
    at Scene._activate (C:\ProgramData\cocos\editors\Creator\3.8.8\resources\resources\3d\engine\bin\.cache\dev\editor\bundled\index.js:63356:44)
    at Director.runSceneImmediate (C:\ProgramData\cocos\editors\Creator\3.8.8\resources\resources\3d\engine\bin\.cache\dev\editor\bundled\index.js:15538:17)
    at C:\ProgramData\cocos\editors\Creator\3.8.8\resources\app.asar\builtin\scene\dist\script\3d\manager\scene\utils.ccc:1:682
    at eval (C:\ProgramData\cocos\editors\Creator\3.8.8\resources\resources\3d\engine\bin\.cache\dev\editor\bundled\index.js:141562:9)
    at eval (C:\ProgramData\cocos\editors\Creator\3.8.8\resources\resources\3d\engine\bin\.cache\dev\editor\bundled\index.js:167821:9)
    at sentryWrapped (C:\ProgramData\cocos\editors\Creator\3.8.8\resources\app.asar\node_modules\@sentry\browser\src\helpers.ts:116:17)
7-20-2026 16:29:47 - warn: [Scene] Instancing/Batching enabled for non-baked skinning model or used AnimationController 'RedUnit/Victory/Fighter.Body.low_Baked.001', this may result in unexpected rendering artifacts. Consider turning it off in the material if you do not intend to do this.Error: [Scene] Instancing/Batching enabled for non-baked skinning model or used AnimationController 'RedUnit/Victory/Fighter.Body.low_Baked.001', this may result in unexpected rendering artifacts. Consider turning it off in the material if you do not intend to do this.
    at console.warn (C:\ProgramData\cocos\editors\Creator\3.8.8\resources\app.asar\node_modules\@sentry\core\src\utils-hoist\instrument\console.ts:40:14)
    at warn (C:\ProgramData\cocos\editors\Creator\3.8.8\resources\resources\3d\engine\bin\.cache\dev\editor\bundled\index.js:162864:12)
    at warnID (C:\ProgramData\cocos\editors\Creator\3.8.8\resources\resources\3d\engine\bin\.cache\dev\editor\bundled\index.js:163052:5)
    at SkinningModel._updateInstancedAttributes (C:\ProgramData\cocos\editors\Creator\3.8.8\resources\resources\3d\engine\bin\.cache\dev\editor\bundled\index.js:113230:13)
    at SkinningModel._updateAttributesAndBinding (C:\ProgramData\cocos\editors\Creator\3.8.8\resources\resources\3d\engine\bin\.cache\dev\editor\bundled\index.js:225497:16)
    at SkinningModel.initSubModel (C:\ProgramData\cocos\editors\Creator\3.8.8\resources\resources\3d\engine\bin\.cache\dev\editor\bundled\index.js:225158:16)
    at SkinningModel.initSubModel (C:\ProgramData\cocos\editors\Creator\3.8.8\resources\resources\3d\engine\bin\.cache\dev\editor\bundled\index.js:112793:24)
    at SkinningModel.initSubModel (C:\ProgramData\cocos\editors\Creator\3.8.8\resources\resources\3d\engine\bin\.cache\dev\editor\bundled\index.js:113194:17)
    at SkinnedMeshRenderer._updateModelParams (C:\ProgramData\cocos\editors\Creator\3.8.8\resources\resources\3d\engine\bin\.cache\dev\editor\bundled\index.js:112301:29)
    at SkinnedMeshRenderer._updateModelParams (C:\ProgramData\cocos\editors\Creator\3.8.8\resources\resources\3d\engine\bin\.cache\dev\editor\bundled\index.js:115274:17)
    at SkinnedMeshRenderer._updateModels (C:\ProgramData\cocos\editors\Creator\3.8.8\resources\resources\3d\engine\bin\.cache\dev\editor\bundled\index.js:112205:18)
    at SkinnedMeshRenderer.setUseBakedAnimation (C:\ProgramData\cocos\editors\Creator\3.8.8\resources\resources\3d\engine\bin\.cache\dev\editor\bundled\index.js:115257:18)
    at SkeletalAnimation.notifySkinnedMeshAdded (C:\ProgramData\cocos\editors\Creator\3.8.8\resources\resources\3d\engine\bin\.cache\dev\editor\bundled\index.js:117565:31)
    at SkinnedMeshRenderer._tryBindAnimation (C:\ProgramData\cocos\editors\Creator\3.8.8\resources\resources\3d\engine\bin\.cache\dev\editor\bundled\index.js:115295:23)
    at SkinnedMeshRenderer.onLoad (C:\ProgramData\cocos\editors\Creator\3.8.8\resources\resources\3d\engine\bin\.cache\dev\editor\bundled\index.js:115227:16)
    at eval (C:\ProgramData\cocos\editors\Creator\3.8.8\resources\resources\3d\engine\bin\.cache\dev\editor\bundled\index.js:55316:132)
    at OneOffInvoker.eval [as _invoke] (C:\ProgramData\cocos\editors\Creator\3.8.8\resources\resources\3d\engine\bin\.cache\dev\editor\bundled\index.js:53273:9)
    at OneOffInvoker.invoke (C:\ProgramData\cocos\editors\Creator\3.8.8\resources\resources\3d\engine\bin\.cache\dev\editor\bundled\index.js:53392:18)
    at NodeActivator.activateNode (C:\ProgramData\cocos\editors\Creator\3.8.8\resources\resources\3d\engine\bin\.cache\dev\editor\bundled\index.js:55367:27)
    at Scene._activate (C:\ProgramData\cocos\editors\Creator\3.8.8\resources\resources\3d\engine\bin\.cache\dev\editor\bundled\index.js:63356:44)
    at Director.runSceneImmediate (C:\ProgramData\cocos\editors\Creator\3.8.8\resources\resources\3d\engine\bin\.cache\dev\editor\bundled\index.js:15538:17)
    at C:\ProgramData\cocos\editors\Creator\3.8.8\resources\app.asar\builtin\scene\dist\script\3d\manager\scene\utils.ccc:1:682
    at eval (C:\ProgramData\cocos\editors\Creator\3.8.8\resources\resources\3d\engine\bin\.cache\dev\editor\bundled\index.js:141562:9)
    at eval (C:\ProgramData\cocos\editors\Creator\3.8.8\resources\resources\3d\engine\bin\.cache\dev\editor\bundled\index.js:167821:9)
    at sentryWrapped (C:\ProgramData\cocos\editors\Creator\3.8.8\resources\app.asar\node_modules\@sentry\browser\src\helpers.ts:116:17)
7-20-2026 17:23:35 - warn: [Scene] Instancing/Batching enabled for non-baked skinning model or used AnimationController 'BlueUnit/Victory/Fighter.Body.low_Baked.001', this may result in unexpected rendering artifacts. Consider turning it off in the material if you do not intend to do this.Error: [Scene] Instancing/Batching enabled for non-baked skinning model or used AnimationController 'BlueUnit/Victory/Fighter.Body.low_Baked.001', this may result in unexpected rendering artifacts. Consider turning it off in the material if you do not intend to do this.
    at console.warn (C:\ProgramData\cocos\editors\Creator\3.8.8\resources\app.asar\node_modules\@sentry\core\src\utils-hoist\instrument\console.ts:40:14)
    at warn (C:\ProgramData\cocos\editors\Creator\3.8.8\resources\resources\3d\engine\bin\.cache\dev\editor\bundled\index.js:162864:12)
    at warnID (C:\ProgramData\cocos\editors\Creator\3.8.8\resources\resources\3d\engine\bin\.cache\dev\editor\bundled\index.js:163052:5)
    at SkinningModel._updateInstancedAttributes (C:\ProgramData\cocos\editors\Creator\3.8.8\resources\resources\3d\engine\bin\.cache\dev\editor\bundled\index.js:113230:13)
    at SkinningModel._updateAttributesAndBinding (C:\ProgramData\cocos\editors\Creator\3.8.8\resources\resources\3d\engine\bin\.cache\dev\editor\bundled\index.js:225497:16)
    at SkinningModel.initSubModel (C:\ProgramData\cocos\editors\Creator\3.8.8\resources\resources\3d\engine\bin\.cache\dev\editor\bundled\index.js:225158:16)
    at SkinningModel.initSubModel (C:\ProgramData\cocos\editors\Creator\3.8.8\resources\resources\3d\engine\bin\.cache\dev\editor\bundled\index.js:112793:24)
    at SkinningModel.initSubModel (C:\ProgramData\cocos\editors\Creator\3.8.8\resources\resources\3d\engine\bin\.cache\dev\editor\bundled\index.js:113194:17)
    at SkinnedMeshRenderer._updateModelParams (C:\ProgramData\cocos\editors\Creator\3.8.8\resources\resources\3d\engine\bin\.cache\dev\editor\bundled\index.js:112301:29)
    at SkinnedMeshRenderer._updateModelParams (C:\ProgramData\cocos\editors\Creator\3.8.8\resources\resources\3d\engine\bin\.cache\dev\editor\bundled\index.js:115274:17)
    at SkinnedMeshRenderer._updateModels (C:\ProgramData\cocos\editors\Creator\3.8.8\resources\resources\3d\engine\bin\.cache\dev\editor\bundled\index.js:112205:18)
    at SkinnedMeshRenderer.onLoad (C:\ProgramData\cocos\editors\Creator\3.8.8\resources\resources\3d\engine\bin\.cache\dev\editor\bundled\index.js:111860:16)
    at SkinnedMeshRenderer.onLoad (C:\ProgramData\cocos\editors\Creator\3.8.8\resources\resources\3d\engine\bin\.cache\dev\editor\bundled\index.js:115226:17)
    at eval (C:\ProgramData\cocos\editors\Creator\3.8.8\resources\resources\3d\engine\bin\.cache\dev\editor\bundled\index.js:55316:132)
    at OneOffInvoker.eval [as _invoke] (C:\ProgramData\cocos\editors\Creator\3.8.8\resources\resources\3d\engine\bin\.cache\dev\editor\bundled\index.js:53273:9)
    at OneOffInvoker.invoke (C:\ProgramData\cocos\editors\Creator\3.8.8\resources\resources\3d\engine\bin\.cache\dev\editor\bundled\index.js:53392:18)
    at NodeActivator.activateNode (C:\ProgramData\cocos\editors\Creator\3.8.8\resources\resources\3d\engine\bin\.cache\dev\editor\bundled\index.js:55367:27)
    at Scene._activate (C:\ProgramData\cocos\editors\Creator\3.8.8\resources\resources\3d\engine\bin\.cache\dev\editor\bundled\index.js:63356:44)
    at Director.runSceneImmediate (C:\ProgramData\cocos\editors\Creator\3.8.8\resources\resources\3d\engine\bin\.cache\dev\editor\bundled\index.js:15538:17)
    at C:\ProgramData\cocos\editors\Creator\3.8.8\resources\app.asar\builtin\scene\dist\script\3d\manager\scene\utils.ccc:1:682
    at eval (C:\ProgramData\cocos\editors\Creator\3.8.8\resources\resources\3d\engine\bin\.cache\dev\editor\bundled\index.js:141562:9)
    at eval (C:\ProgramData\cocos\editors\Creator\3.8.8\resources\resources\3d\engine\bin\.cache\dev\editor\bundled\index.js:167821:9)
    at sentryWrapped (C:\ProgramData\cocos\editors\Creator\3.8.8\resources\app.asar\node_modules\@sentry\browser\src\helpers.ts:116:17)
7-20-2026 17:23:35 - warn: [Scene] Instancing/Batching enabled for non-baked skinning model or used AnimationController 'BlueUnit/Victory/Fighter.Body.low_Baked.001', this may result in unexpected rendering artifacts. Consider turning it off in the material if you do not intend to do this.Error: [Scene] Instancing/Batching enabled for non-baked skinning model or used AnimationController 'BlueUnit/Victory/Fighter.Body.low_Baked.001', this may result in unexpected rendering artifacts. Consider turning it off in the material if you do not intend to do this.
    at console.warn (C:\ProgramData\cocos\editors\Creator\3.8.8\resources\app.asar\node_modules\@sentry\core\src\utils-hoist\instrument\console.ts:40:14)
    at warn (C:\ProgramData\cocos\editors\Creator\3.8.8\resources\resources\3d\engine\bin\.cache\dev\editor\bundled\index.js:162864:12)
    at warnID (C:\ProgramData\cocos\editors\Creator\3.8.8\resources\resources\3d\engine\bin\.cache\dev\editor\bundled\index.js:163052:5)
    at SkinningModel._updateInstancedAttributes (C:\ProgramData\cocos\editors\Creator\3.8.8\resources\resources\3d\engine\bin\.cache\dev\editor\bundled\index.js:113230:13)
    at SkinningModel._updateAttributesAndBinding (C:\ProgramData\cocos\editors\Creator\3.8.8\resources\resources\3d\engine\bin\.cache\dev\editor\bundled\index.js:225497:16)
    at SkinningModel.initSubModel (C:\ProgramData\cocos\editors\Creator\3.8.8\resources\resources\3d\engine\bin\.cache\dev\editor\bundled\index.js:225158:16)
    at SkinningModel.initSubModel (C:\ProgramData\cocos\editors\Creator\3.8.8\resources\resources\3d\engine\bin\.cache\dev\editor\bundled\index.js:112793:24)
    at SkinningModel.initSubModel (C:\ProgramData\cocos\editors\Creator\3.8.8\resources\resources\3d\engine\bin\.cache\dev\editor\bundled\index.js:113194:17)
    at SkinnedMeshRenderer._updateModelParams (C:\ProgramData\cocos\editors\Creator\3.8.8\resources\resources\3d\engine\bin\.cache\dev\editor\bundled\index.js:112301:29)
    at SkinnedMeshRenderer._updateModelParams (C:\ProgramData\cocos\editors\Creator\3.8.8\resources\resources\3d\engine\bin\.cache\dev\editor\bundled\index.js:115274:17)
    at SkinnedMeshRenderer._updateModels (C:\ProgramData\cocos\editors\Creator\3.8.8\resources\resources\3d\engine\bin\.cache\dev\editor\bundled\index.js:112205:18)
    at SkinnedMeshRenderer.setUseBakedAnimation (C:\ProgramData\cocos\editors\Creator\3.8.8\resources\resources\3d\engine\bin\.cache\dev\editor\bundled\index.js:115257:18)
    at SkeletalAnimation.notifySkinnedMeshAdded (C:\ProgramData\cocos\editors\Creator\3.8.8\resources\resources\3d\engine\bin\.cache\dev\editor\bundled\index.js:117565:31)
    at SkinnedMeshRenderer._tryBindAnimation (C:\ProgramData\cocos\editors\Creator\3.8.8\resources\resources\3d\engine\bin\.cache\dev\editor\bundled\index.js:115295:23)
    at SkinnedMeshRenderer.onLoad (C:\ProgramData\cocos\editors\Creator\3.8.8\resources\resources\3d\engine\bin\.cache\dev\editor\bundled\index.js:115227:16)
    at eval (C:\ProgramData\cocos\editors\Creator\3.8.8\resources\resources\3d\engine\bin\.cache\dev\editor\bundled\index.js:55316:132)
    at OneOffInvoker.eval [as _invoke] (C:\ProgramData\cocos\editors\Creator\3.8.8\resources\resources\3d\engine\bin\.cache\dev\editor\bundled\index.js:53273:9)
    at OneOffInvoker.invoke (C:\ProgramData\cocos\editors\Creator\3.8.8\resources\resources\3d\engine\bin\.cache\dev\editor\bundled\index.js:53392:18)
    at NodeActivator.activateNode (C:\ProgramData\cocos\editors\Creator\3.8.8\resources\resources\3d\engine\bin\.cache\dev\editor\bundled\index.js:55367:27)
    at Scene._activate (C:\ProgramData\cocos\editors\Creator\3.8.8\resources\resources\3d\engine\bin\.cache\dev\editor\bundled\index.js:63356:44)
    at Director.runSceneImmediate (C:\ProgramData\cocos\editors\Creator\3.8.8\resources\resources\3d\engine\bin\.cache\dev\editor\bundled\index.js:15538:17)
    at C:\ProgramData\cocos\editors\Creator\3.8.8\resources\app.asar\builtin\scene\dist\script\3d\manager\scene\utils.ccc:1:682
    at eval (C:\ProgramData\cocos\editors\Creator\3.8.8\resources\resources\3d\engine\bin\.cache\dev\editor\bundled\index.js:141562:9)
    at eval (C:\ProgramData\cocos\editors\Creator\3.8.8\resources\resources\3d\engine\bin\.cache\dev\editor\bundled\index.js:167821:9)
    at sentryWrapped (C:\ProgramData\cocos\editors\Creator\3.8.8\resources\app.asar\node_modules\@sentry\browser\src\helpers.ts:116:17)
7-20-2026 17:23:35 - warn: [Scene] Instancing/Batching enabled for non-baked skinning model or used AnimationController 'RedUnit/Victory/Fighter.Body.low_Baked.001', this may result in unexpected rendering artifacts. Consider turning it off in the material if you do not intend to do this.Error: [Scene] Instancing/Batching enabled for non-baked skinning model or used AnimationController 'RedUnit/Victory/Fighter.Body.low_Baked.001', this may result in unexpected rendering artifacts. Consider turning it off in the material if you do not intend to do this.
    at console.warn (C:\ProgramData\cocos\editors\Creator\3.8.8\resources\app.asar\node_modules\@sentry\core\src\utils-hoist\instrument\console.ts:40:14)
    at warn (C:\ProgramData\cocos\editors\Creator\3.8.8\resources\resources\3d\engine\bin\.cache\dev\editor\bundled\index.js:162864:12)
    at warnID (C:\ProgramData\cocos\editors\Creator\3.8.8\resources\resources\3d\engine\bin\.cache\dev\editor\bundled\index.js:163052:5)
    at SkinningModel._updateInstancedAttributes (C:\ProgramData\cocos\editors\Creator\3.8.8\resources\resources\3d\engine\bin\.cache\dev\editor\bundled\index.js:113230:13)
    at SkinningModel._updateAttributesAndBinding (C:\ProgramData\cocos\editors\Creator\3.8.8\resources\resources\3d\engine\bin\.cache\dev\editor\bundled\index.js:225497:16)
    at SkinningModel.initSubModel (C:\ProgramData\cocos\editors\Creator\3.8.8\resources\resources\3d\engine\bin\.cache\dev\editor\bundled\index.js:225158:16)
    at SkinningModel.initSubModel (C:\ProgramData\cocos\editors\Creator\3.8.8\resources\resources\3d\engine\bin\.cache\dev\editor\bundled\index.js:112793:24)
    at SkinningModel.initSubModel (C:\ProgramData\cocos\editors\Creator\3.8.8\resources\resources\3d\engine\bin\.cache\dev\editor\bundled\index.js:113194:17)
    at SkinnedMeshRenderer._updateModelParams (C:\ProgramData\cocos\editors\Creator\3.8.8\resources\resources\3d\engine\bin\.cache\dev\editor\bundled\index.js:112301:29)
    at SkinnedMeshRenderer._updateModelParams (C:\ProgramData\cocos\editors\Creator\3.8.8\resources\resources\3d\engine\bin\.cache\dev\editor\bundled\index.js:115274:17)
    at SkinnedMeshRenderer._updateModels (C:\ProgramData\cocos\editors\Creator\3.8.8\resources\resources\3d\engine\bin\.cache\dev\editor\bundled\index.js:112205:18)
    at SkinnedMeshRenderer.onLoad (C:\ProgramData\cocos\editors\Creator\3.8.8\resources\resources\3d\engine\bin\.cache\dev\editor\bundled\index.js:111860:16)
    at SkinnedMeshRenderer.onLoad (C:\ProgramData\cocos\editors\Creator\3.8.8\resources\resources\3d\engine\bin\.cache\dev\editor\bundled\index.js:115226:17)
    at eval (C:\ProgramData\cocos\editors\Creator\3.8.8\resources\resources\3d\engine\bin\.cache\dev\editor\bundled\index.js:55316:132)
    at OneOffInvoker.eval [as _invoke] (C:\ProgramData\cocos\editors\Creator\3.8.8\resources\resources\3d\engine\bin\.cache\dev\editor\bundled\index.js:53273:9)
    at OneOffInvoker.invoke (C:\ProgramData\cocos\editors\Creator\3.8.8\resources\resources\3d\engine\bin\.cache\dev\editor\bundled\index.js:53392:18)
    at NodeActivator.activateNode (C:\ProgramData\cocos\editors\Creator\3.8.8\resources\resources\3d\engine\bin\.cache\dev\editor\bundled\index.js:55367:27)
    at Scene._activate (C:\ProgramData\cocos\editors\Creator\3.8.8\resources\resources\3d\engine\bin\.cache\dev\editor\bundled\index.js:63356:44)
    at Director.runSceneImmediate (C:\ProgramData\cocos\editors\Creator\3.8.8\resources\resources\3d\engine\bin\.cache\dev\editor\bundled\index.js:15538:17)
    at C:\ProgramData\cocos\editors\Creator\3.8.8\resources\app.asar\builtin\scene\dist\script\3d\manager\scene\utils.ccc:1:682
    at eval (C:\ProgramData\cocos\editors\Creator\3.8.8\resources\resources\3d\engine\bin\.cache\dev\editor\bundled\index.js:141562:9)
    at eval (C:\ProgramData\cocos\editors\Creator\3.8.8\resources\resources\3d\engine\bin\.cache\dev\editor\bundled\index.js:167821:9)
    at sentryWrapped (C:\ProgramData\cocos\editors\Creator\3.8.8\resources\app.asar\node_modules\@sentry\browser\src\helpers.ts:116:17)
7-20-2026 17:23:35 - warn: [Scene] Instancing/Batching enabled for non-baked skinning model or used AnimationController 'RedUnit/Victory/Fighter.Body.low_Baked.001', this may result in unexpected rendering artifacts. Consider turning it off in the material if you do not intend to do this.Error: [Scene] Instancing/Batching enabled for non-baked skinning model or used AnimationController 'RedUnit/Victory/Fighter.Body.low_Baked.001', this may result in unexpected rendering artifacts. Consider turning it off in the material if you do not intend to do this.
    at console.warn (C:\ProgramData\cocos\editors\Creator\3.8.8\resources\app.asar\node_modules\@sentry\core\src\utils-hoist\instrument\console.ts:40:14)
    at warn (C:\ProgramData\cocos\editors\Creator\3.8.8\resources\resources\3d\engine\bin\.cache\dev\editor\bundled\index.js:162864:12)
    at warnID (C:\ProgramData\cocos\editors\Creator\3.8.8\resources\resources\3d\engine\bin\.cache\dev\editor\bundled\index.js:163052:5)
    at SkinningModel._updateInstancedAttributes (C:\ProgramData\cocos\editors\Creator\3.8.8\resources\resources\3d\engine\bin\.cache\dev\editor\bundled\index.js:113230:13)
    at SkinningModel._updateAttributesAndBinding (C:\ProgramData\cocos\editors\Creator\3.8.8\resources\resources\3d\engine\bin\.cache\dev\editor\bundled\index.js:225497:16)
    at SkinningModel.initSubModel (C:\ProgramData\cocos\editors\Creator\3.8.8\resources\resources\3d\engine\bin\.cache\dev\editor\bundled\index.js:225158:16)
    at SkinningModel.initSubModel (C:\ProgramData\cocos\editors\Creator\3.8.8\resources\resources\3d\engine\bin\.cache\dev\editor\bundled\index.js:112793:24)
    at SkinningModel.initSubModel (C:\ProgramData\cocos\editors\Creator\3.8.8\resources\resources\3d\engine\bin\.cache\dev\editor\bundled\index.js:113194:17)
    at SkinnedMeshRenderer._updateModelParams (C:\ProgramData\cocos\editors\Creator\3.8.8\resources\resources\3d\engine\bin\.cache\dev\editor\bundled\index.js:112301:29)
    at SkinnedMeshRenderer._updateModelParams (C:\ProgramData\cocos\editors\Creator\3.8.8\resources\resources\3d\engine\bin\.cache\dev\editor\bundled\index.js:115274:17)
    at SkinnedMeshRenderer._updateModels (C:\ProgramData\cocos\editors\Creator\3.8.8\resources\resources\3d\engine\bin\.cache\dev\editor\bundled\index.js:112205:18)
    at SkinnedMeshRenderer.setUseBakedAnimation (C:\ProgramData\cocos\editors\Creator\3.8.8\resources\resources\3d\engine\bin\.cache\dev\editor\bundled\index.js:115257:18)
    at SkeletalAnimation.notifySkinnedMeshAdded (C:\ProgramData\cocos\editors\Creator\3.8.8\resources\resources\3d\engine\bin\.cache\dev\editor\bundled\index.js:117565:31)
    at SkinnedMeshRenderer._tryBindAnimation (C:\ProgramData\cocos\editors\Creator\3.8.8\resources\resources\3d\engine\bin\.cache\dev\editor\bundled\index.js:115295:23)
    at SkinnedMeshRenderer.onLoad (C:\ProgramData\cocos\editors\Creator\3.8.8\resources\resources\3d\engine\bin\.cache\dev\editor\bundled\index.js:115227:16)
    at eval (C:\ProgramData\cocos\editors\Creator\3.8.8\resources\resources\3d\engine\bin\.cache\dev\editor\bundled\index.js:55316:132)
    at OneOffInvoker.eval [as _invoke] (C:\ProgramData\cocos\editors\Creator\3.8.8\resources\resources\3d\engine\bin\.cache\dev\editor\bundled\index.js:53273:9)
    at OneOffInvoker.invoke (C:\ProgramData\cocos\editors\Creator\3.8.8\resources\resources\3d\engine\bin\.cache\dev\editor\bundled\index.js:53392:18)
    at NodeActivator.activateNode (C:\ProgramData\cocos\editors\Creator\3.8.8\resources\resources\3d\engine\bin\.cache\dev\editor\bundled\index.js:55367:27)
    at Scene._activate (C:\ProgramData\cocos\editors\Creator\3.8.8\resources\resources\3d\engine\bin\.cache\dev\editor\bundled\index.js:63356:44)
    at Director.runSceneImmediate (C:\ProgramData\cocos\editors\Creator\3.8.8\resources\resources\3d\engine\bin\.cache\dev\editor\bundled\index.js:15538:17)
    at C:\ProgramData\cocos\editors\Creator\3.8.8\resources\app.asar\builtin\scene\dist\script\3d\manager\scene\utils.ccc:1:682
    at eval (C:\ProgramData\cocos\editors\Creator\3.8.8\resources\resources\3d\engine\bin\.cache\dev\editor\bundled\index.js:141562:9)
    at eval (C:\ProgramData\cocos\editors\Creator\3.8.8\resources\resources\3d\engine\bin\.cache\dev\editor\bundled\index.js:167821:9)
    at sentryWrapped (C:\ProgramData\cocos\editors\Creator\3.8.8\resources\app.asar\node_modules\@sentry\browser\src\helpers.ts:116:17)
7-20-2026 17:23:35 - warn: [Scene] Instancing/Batching enabled for non-baked skinning model or used AnimationController 'BlueUnit/Victory/Fighter.Body.low_Baked.001', this may result in unexpected rendering artifacts. Consider turning it off in the material if you do not intend to do this.Error: [Scene] Instancing/Batching enabled for non-baked skinning model or used AnimationController 'BlueUnit/Victory/Fighter.Body.low_Baked.001', this may result in unexpected rendering artifacts. Consider turning it off in the material if you do not intend to do this.
    at console.warn (C:\ProgramData\cocos\editors\Creator\3.8.8\resources\app.asar\node_modules\@sentry\core\src\utils-hoist\instrument\console.ts:40:14)
    at warn (C:\ProgramData\cocos\editors\Creator\3.8.8\resources\resources\3d\engine\bin\.cache\dev\editor\bundled\index.js:162864:12)
    at warnID (C:\ProgramData\cocos\editors\Creator\3.8.8\resources\resources\3d\engine\bin\.cache\dev\editor\bundled\index.js:163052:5)
    at SkinningModel._updateInstancedAttributes (C:\ProgramData\cocos\editors\Creator\3.8.8\resources\resources\3d\engine\bin\.cache\dev\editor\bundled\index.js:113230:13)
    at SkinningModel._updateAttributesAndBinding (C:\ProgramData\cocos\editors\Creator\3.8.8\resources\resources\3d\engine\bin\.cache\dev\editor\bundled\index.js:225497:16)
    at SkinningModel.initSubModel (C:\ProgramData\cocos\editors\Creator\3.8.8\resources\resources\3d\engine\bin\.cache\dev\editor\bundled\index.js:225158:16)
    at SkinningModel.initSubModel (C:\ProgramData\cocos\editors\Creator\3.8.8\resources\resources\3d\engine\bin\.cache\dev\editor\bundled\index.js:112793:24)
    at SkinningModel.initSubModel (C:\ProgramData\cocos\editors\Creator\3.8.8\resources\resources\3d\engine\bin\.cache\dev\editor\bundled\index.js:113194:17)
    at SkinnedMeshRenderer._updateModelParams (C:\ProgramData\cocos\editors\Creator\3.8.8\resources\resources\3d\engine\bin\.cache\dev\editor\bundled\index.js:112301:29)
    at SkinnedMeshRenderer._updateModelParams (C:\ProgramData\cocos\editors\Creator\3.8.8\resources\resources\3d\engine\bin\.cache\dev\editor\bundled\index.js:115274:17)
    at SkinnedMeshRenderer._updateModels (C:\ProgramData\cocos\editors\Creator\3.8.8\resources\resources\3d\engine\bin\.cache\dev\editor\bundled\index.js:112205:18)
    at SkinnedMeshRenderer.onLoad (C:\ProgramData\cocos\editors\Creator\3.8.8\resources\resources\3d\engine\bin\.cache\dev\editor\bundled\index.js:111860:16)
    at SkinnedMeshRenderer.onLoad (C:\ProgramData\cocos\editors\Creator\3.8.8\resources\resources\3d\engine\bin\.cache\dev\editor\bundled\index.js:115226:17)
    at eval (C:\ProgramData\cocos\editors\Creator\3.8.8\resources\resources\3d\engine\bin\.cache\dev\editor\bundled\index.js:55316:132)
    at OneOffInvoker.eval [as _invoke] (C:\ProgramData\cocos\editors\Creator\3.8.8\resources\resources\3d\engine\bin\.cache\dev\editor\bundled\index.js:53273:9)
    at OneOffInvoker.invoke (C:\ProgramData\cocos\editors\Creator\3.8.8\resources\resources\3d\engine\bin\.cache\dev\editor\bundled\index.js:53392:18)
    at NodeActivator.activateNode (C:\ProgramData\cocos\editors\Creator\3.8.8\resources\resources\3d\engine\bin\.cache\dev\editor\bundled\index.js:55367:27)
    at Scene._activate (C:\ProgramData\cocos\editors\Creator\3.8.8\resources\resources\3d\engine\bin\.cache\dev\editor\bundled\index.js:63356:44)
    at Director.runSceneImmediate (C:\ProgramData\cocos\editors\Creator\3.8.8\resources\resources\3d\engine\bin\.cache\dev\editor\bundled\index.js:15538:17)
    at C:\ProgramData\cocos\editors\Creator\3.8.8\resources\app.asar\builtin\scene\dist\script\3d\manager\scene\utils.ccc:1:1515
    at eval (C:\ProgramData\cocos\editors\Creator\3.8.8\resources\resources\3d\engine\bin\.cache\dev\editor\bundled\index.js:133842:17)
    at eval (C:\ProgramData\cocos\editors\Creator\3.8.8\resources\resources\3d\engine\bin\.cache\dev\editor\bundled\index.js:141562:9)
    at eval (C:\ProgramData\cocos\editors\Creator\3.8.8\resources\resources\3d\engine\bin\.cache\dev\editor\bundled\index.js:167821:9)
    at sentryWrapped (C:\ProgramData\cocos\editors\Creator\3.8.8\resources\app.asar\node_modules\@sentry\browser\src\helpers.ts:116:17)
7-20-2026 17:23:35 - warn: [Scene] Instancing/Batching enabled for non-baked skinning model or used AnimationController 'BlueUnit/Victory/Fighter.Body.low_Baked.001', this may result in unexpected rendering artifacts. Consider turning it off in the material if you do not intend to do this.Error: [Scene] Instancing/Batching enabled for non-baked skinning model or used AnimationController 'BlueUnit/Victory/Fighter.Body.low_Baked.001', this may result in unexpected rendering artifacts. Consider turning it off in the material if you do not intend to do this.
    at console.warn (C:\ProgramData\cocos\editors\Creator\3.8.8\resources\app.asar\node_modules\@sentry\core\src\utils-hoist\instrument\console.ts:40:14)
    at warn (C:\ProgramData\cocos\editors\Creator\3.8.8\resources\resources\3d\engine\bin\.cache\dev\editor\bundled\index.js:162864:12)
    at warnID (C:\ProgramData\cocos\editors\Creator\3.8.8\resources\resources\3d\engine\bin\.cache\dev\editor\bundled\index.js:163052:5)
    at SkinningModel._updateInstancedAttributes (C:\ProgramData\cocos\editors\Creator\3.8.8\resources\resources\3d\engine\bin\.cache\dev\editor\bundled\index.js:113230:13)
    at SkinningModel._updateAttributesAndBinding (C:\ProgramData\cocos\editors\Creator\3.8.8\resources\resources\3d\engine\bin\.cache\dev\editor\bundled\index.js:225497:16)
    at SkinningModel.initSubModel (C:\ProgramData\cocos\editors\Creator\3.8.8\resources\resources\3d\engine\bin\.cache\dev\editor\bundled\index.js:225158:16)
    at SkinningModel.initSubModel (C:\ProgramData\cocos\editors\Creator\3.8.8\resources\resources\3d\engine\bin\.cache\dev\editor\bundled\index.js:112793:24)
    at SkinningModel.initSubModel (C:\ProgramData\cocos\editors\Creator\3.8.8\resources\resources\3d\engine\bin\.cache\dev\editor\bundled\index.js:113194:17)
    at SkinnedMeshRenderer._updateModelParams (C:\ProgramData\cocos\editors\Creator\3.8.8\resources\resources\3d\engine\bin\.cache\dev\editor\bundled\index.js:112301:29)
    at SkinnedMeshRenderer._updateModelParams (C:\ProgramData\cocos\editors\Creator\3.8.8\resources\resources\3d\engine\bin\.cache\dev\editor\bundled\index.js:115274:17)
    at SkinnedMeshRenderer._updateModels (C:\ProgramData\cocos\editors\Creator\3.8.8\resources\resources\3d\engine\bin\.cache\dev\editor\bundled\index.js:112205:18)
    at SkinnedMeshRenderer.setUseBakedAnimation (C:\ProgramData\cocos\editors\Creator\3.8.8\resources\resources\3d\engine\bin\.cache\dev\editor\bundled\index.js:115257:18)
    at SkeletalAnimation.notifySkinnedMeshAdded (C:\ProgramData\cocos\editors\Creator\3.8.8\resources\resources\3d\engine\bin\.cache\dev\editor\bundled\index.js:117565:31)
    at SkinnedMeshRenderer._tryBindAnimation (C:\ProgramData\cocos\editors\Creator\3.8.8\resources\resources\3d\engine\bin\.cache\dev\editor\bundled\index.js:115295:23)
    at SkinnedMeshRenderer.onLoad (C:\ProgramData\cocos\editors\Creator\3.8.8\resources\resources\3d\engine\bin\.cache\dev\editor\bundled\index.js:115227:16)
    at eval (C:\ProgramData\cocos\editors\Creator\3.8.8\resources\resources\3d\engine\bin\.cache\dev\editor\bundled\index.js:55316:132)
    at OneOffInvoker.eval [as _invoke] (C:\ProgramData\cocos\editors\Creator\3.8.8\resources\resources\3d\engine\bin\.cache\dev\editor\bundled\index.js:53273:9)
    at OneOffInvoker.invoke (C:\ProgramData\cocos\editors\Creator\3.8.8\resources\resources\3d\engine\bin\.cache\dev\editor\bundled\index.js:53392:18)
    at NodeActivator.activateNode (C:\ProgramData\cocos\editors\Creator\3.8.8\resources\resources\3d\engine\bin\.cache\dev\editor\bundled\index.js:55367:27)
    at Scene._activate (C:\ProgramData\cocos\editors\Creator\3.8.8\resources\resources\3d\engine\bin\.cache\dev\editor\bundled\index.js:63356:44)
    at Director.runSceneImmediate (C:\ProgramData\cocos\editors\Creator\3.8.8\resources\resources\3d\engine\bin\.cache\dev\editor\bundled\index.js:15538:17)
    at C:\ProgramData\cocos\editors\Creator\3.8.8\resources\app.asar\builtin\scene\dist\script\3d\manager\scene\utils.ccc:1:1515
    at eval (C:\ProgramData\cocos\editors\Creator\3.8.8\resources\resources\3d\engine\bin\.cache\dev\editor\bundled\index.js:133842:17)
    at eval (C:\ProgramData\cocos\editors\Creator\3.8.8\resources\resources\3d\engine\bin\.cache\dev\editor\bundled\index.js:141562:9)
    at eval (C:\ProgramData\cocos\editors\Creator\3.8.8\resources\resources\3d\engine\bin\.cache\dev\editor\bundled\index.js:167821:9)
    at sentryWrapped (C:\ProgramData\cocos\editors\Creator\3.8.8\resources\app.asar\node_modules\@sentry\browser\src\helpers.ts:116:17)
7-20-2026 17:23:35 - warn: [Scene] Instancing/Batching enabled for non-baked skinning model or used AnimationController 'RedUnit/Victory/Fighter.Body.low_Baked.001', this may result in unexpected rendering artifacts. Consider turning it off in the material if you do not intend to do this.Error: [Scene] Instancing/Batching enabled for non-baked skinning model or used AnimationController 'RedUnit/Victory/Fighter.Body.low_Baked.001', this may result in unexpected rendering artifacts. Consider turning it off in the material if you do not intend to do this.
    at console.warn (C:\ProgramData\cocos\editors\Creator\3.8.8\resources\app.asar\node_modules\@sentry\core\src\utils-hoist\instrument\console.ts:40:14)
    at warn (C:\ProgramData\cocos\editors\Creator\3.8.8\resources\resources\3d\engine\bin\.cache\dev\editor\bundled\index.js:162864:12)
    at warnID (C:\ProgramData\cocos\editors\Creator\3.8.8\resources\resources\3d\engine\bin\.cache\dev\editor\bundled\index.js:163052:5)
    at SkinningModel._updateInstancedAttributes (C:\ProgramData\cocos\editors\Creator\3.8.8\resources\resources\3d\engine\bin\.cache\dev\editor\bundled\index.js:113230:13)
    at SkinningModel._updateAttributesAndBinding (C:\ProgramData\cocos\editors\Creator\3.8.8\resources\resources\3d\engine\bin\.cache\dev\editor\bundled\index.js:225497:16)
    at SkinningModel.initSubModel (C:\ProgramData\cocos\editors\Creator\3.8.8\resources\resources\3d\engine\bin\.cache\dev\editor\bundled\index.js:225158:16)
    at SkinningModel.initSubModel (C:\ProgramData\cocos\editors\Creator\3.8.8\resources\resources\3d\engine\bin\.cache\dev\editor\bundled\index.js:112793:24)
    at SkinningModel.initSubModel (C:\ProgramData\cocos\editors\Creator\3.8.8\resources\resources\3d\engine\bin\.cache\dev\editor\bundled\index.js:113194:17)
    at SkinnedMeshRenderer._updateModelParams (C:\ProgramData\cocos\editors\Creator\3.8.8\resources\resources\3d\engine\bin\.cache\dev\editor\bundled\index.js:112301:29)
    at SkinnedMeshRenderer._updateModelParams (C:\ProgramData\cocos\editors\Creator\3.8.8\resources\resources\3d\engine\bin\.cache\dev\editor\bundled\index.js:115274:17)
    at SkinnedMeshRenderer._updateModels (C:\ProgramData\cocos\editors\Creator\3.8.8\resources\resources\3d\engine\bin\.cache\dev\editor\bundled\index.js:112205:18)
    at SkinnedMeshRenderer.onLoad (C:\ProgramData\cocos\editors\Creator\3.8.8\resources\resources\3d\engine\bin\.cache\dev\editor\bundled\index.js:111860:16)
    at SkinnedMeshRenderer.onLoad (C:\ProgramData\cocos\editors\Creator\3.8.8\resources\resources\3d\engine\bin\.cache\dev\editor\bundled\index.js:115226:17)
    at eval (C:\ProgramData\cocos\editors\Creator\3.8.8\resources\resources\3d\engine\bin\.cache\dev\editor\bundled\index.js:55316:132)
    at OneOffInvoker.eval [as _invoke] (C:\ProgramData\cocos\editors\Creator\3.8.8\resources\resources\3d\engine\bin\.cache\dev\editor\bundled\index.js:53273:9)
    at OneOffInvoker.invoke (C:\ProgramData\cocos\editors\Creator\3.8.8\resources\resources\3d\engine\bin\.cache\dev\editor\bundled\index.js:53392:18)
    at NodeActivator.activateNode (C:\ProgramData\cocos\editors\Creator\3.8.8\resources\resources\3d\engine\bin\.cache\dev\editor\bundled\index.js:55367:27)
    at Scene._activate (C:\ProgramData\cocos\editors\Creator\3.8.8\resources\resources\3d\engine\bin\.cache\dev\editor\bundled\index.js:63356:44)
    at Director.runSceneImmediate (C:\ProgramData\cocos\editors\Creator\3.8.8\resources\resources\3d\engine\bin\.cache\dev\editor\bundled\index.js:15538:17)
    at C:\ProgramData\cocos\editors\Creator\3.8.8\resources\app.asar\builtin\scene\dist\script\3d\manager\scene\utils.ccc:1:1515
    at eval (C:\ProgramData\cocos\editors\Creator\3.8.8\resources\resources\3d\engine\bin\.cache\dev\editor\bundled\index.js:133842:17)
    at eval (C:\ProgramData\cocos\editors\Creator\3.8.8\resources\resources\3d\engine\bin\.cache\dev\editor\bundled\index.js:141562:9)
    at eval (C:\ProgramData\cocos\editors\Creator\3.8.8\resources\resources\3d\engine\bin\.cache\dev\editor\bundled\index.js:167821:9)
    at sentryWrapped (C:\ProgramData\cocos\editors\Creator\3.8.8\resources\app.asar\node_modules\@sentry\browser\src\helpers.ts:116:17)
7-20-2026 17:23:35 - warn: [Scene] Instancing/Batching enabled for non-baked skinning model or used AnimationController 'RedUnit/Victory/Fighter.Body.low_Baked.001', this may result in unexpected rendering artifacts. Consider turning it off in the material if you do not intend to do this.Error: [Scene] Instancing/Batching enabled for non-baked skinning model or used AnimationController 'RedUnit/Victory/Fighter.Body.low_Baked.001', this may result in unexpected rendering artifacts. Consider turning it off in the material if you do not intend to do this.
    at console.warn (C:\ProgramData\cocos\editors\Creator\3.8.8\resources\app.asar\node_modules\@sentry\core\src\utils-hoist\instrument\console.ts:40:14)
    at warn (C:\ProgramData\cocos\editors\Creator\3.8.8\resources\resources\3d\engine\bin\.cache\dev\editor\bundled\index.js:162864:12)
    at warnID (C:\ProgramData\cocos\editors\Creator\3.8.8\resources\resources\3d\engine\bin\.cache\dev\editor\bundled\index.js:163052:5)
    at SkinningModel._updateInstancedAttributes (C:\ProgramData\cocos\editors\Creator\3.8.8\resources\resources\3d\engine\bin\.cache\dev\editor\bundled\index.js:113230:13)
    at SkinningModel._updateAttributesAndBinding (C:\ProgramData\cocos\editors\Creator\3.8.8\resources\resources\3d\engine\bin\.cache\dev\editor\bundled\index.js:225497:16)
    at SkinningModel.initSubModel (C:\ProgramData\cocos\editors\Creator\3.8.8\resources\resources\3d\engine\bin\.cache\dev\editor\bundled\index.js:225158:16)
    at SkinningModel.initSubModel (C:\ProgramData\cocos\editors\Creator\3.8.8\resources\resources\3d\engine\bin\.cache\dev\editor\bundled\index.js:112793:24)
    at SkinningModel.initSubModel (C:\ProgramData\cocos\editors\Creator\3.8.8\resources\resources\3d\engine\bin\.cache\dev\editor\bundled\index.js:113194:17)
    at SkinnedMeshRenderer._updateModelParams (C:\ProgramData\cocos\editors\Creator\3.8.8\resources\resources\3d\engine\bin\.cache\dev\editor\bundled\index.js:112301:29)
    at SkinnedMeshRenderer._updateModelParams (C:\ProgramData\cocos\editors\Creator\3.8.8\resources\resources\3d\engine\bin\.cache\dev\editor\bundled\index.js:115274:17)
    at SkinnedMeshRenderer._updateModels (C:\ProgramData\cocos\editors\Creator\3.8.8\resources\resources\3d\engine\bin\.cache\dev\editor\bundled\index.js:112205:18)
    at SkinnedMeshRenderer.setUseBakedAnimation (C:\ProgramData\cocos\editors\Creator\3.8.8\resources\resources\3d\engine\bin\.cache\dev\editor\bundled\index.js:115257:18)
    at SkeletalAnimation.notifySkinnedMeshAdded (C:\ProgramData\cocos\editors\Creator\3.8.8\resources\resources\3d\engine\bin\.cache\dev\editor\bundled\index.js:117565:31)
    at SkinnedMeshRenderer._tryBindAnimation (C:\ProgramData\cocos\editors\Creator\3.8.8\resources\resources\3d\engine\bin\.cache\dev\editor\bundled\index.js:115295:23)
    at SkinnedMeshRenderer.onLoad (C:\ProgramData\cocos\editors\Creator\3.8.8\resources\resources\3d\engine\bin\.cache\dev\editor\bundled\index.js:115227:16)
    at eval (C:\ProgramData\cocos\editors\Creator\3.8.8\resources\resources\3d\engine\bin\.cache\dev\editor\bundled\index.js:55316:132)
    at OneOffInvoker.eval [as _invoke] (C:\ProgramData\cocos\editors\Creator\3.8.8\resources\resources\3d\engine\bin\.cache\dev\editor\bundled\index.js:53273:9)
    at OneOffInvoker.invoke (C:\ProgramData\cocos\editors\Creator\3.8.8\resources\resources\3d\engine\bin\.cache\dev\editor\bundled\index.js:53392:18)
    at NodeActivator.activateNode (C:\ProgramData\cocos\editors\Creator\3.8.8\resources\resources\3d\engine\bin\.cache\dev\editor\bundled\index.js:55367:27)
    at Scene._activate (C:\ProgramData\cocos\editors\Creator\3.8.8\resources\resources\3d\engine\bin\.cache\dev\editor\bundled\index.js:63356:44)
    at Director.runSceneImmediate (C:\ProgramData\cocos\editors\Creator\3.8.8\resources\resources\3d\engine\bin\.cache\dev\editor\bundled\index.js:15538:17)
    at C:\ProgramData\cocos\editors\Creator\3.8.8\resources\app.asar\builtin\scene\dist\script\3d\manager\scene\utils.ccc:1:1515
    at eval (C:\ProgramData\cocos\editors\Creator\3.8.8\resources\resources\3d\engine\bin\.cache\dev\editor\bundled\index.js:133842:17)
    at eval (C:\ProgramData\cocos\editors\Creator\3.8.8\resources\resources\3d\engine\bin\.cache\dev\editor\bundled\index.js:141562:9)
    at eval (C:\ProgramData\cocos\editors\Creator\3.8.8\resources\resources\3d\engine\bin\.cache\dev\editor\bundled\index.js:167821:9)
    at sentryWrapped (C:\ProgramData\cocos\editors\Creator\3.8.8\resources\app.asar\node_modules\@sentry\browser\src\helpers.ts:116:17)
