09:52:24.118 debug: 5/7/2026, 9:52:24 AM
09:52:24.119 debug: Project: D:\Works\Github\BattleGame
09:52:24.119 debug: Targets: editor,preview
09:52:24.126 debug: Incremental file seems great.
09:52:24.126 debug: Engine path: C:\ProgramData\cocos\editors\Creator\3.8.8\resources\resources\3d\engine
09:52:24.138 debug: Initializing target [Editor]
09:52:24.138 debug: Loading cache
09:52:24.146 debug: Loading cache costs 7.699200000000928ms.
09:52:24.146 debug: Engine features shipped in editor: base,gfx-webgl,gfx-webgl2,gfx-empty,gfx-webgpu,3d,animation,skeletal-animation,2d,rich-text,mask,graphics,ui-skew,ui,affine-transform,sorting-2d,particle,particle-2d,physics-framework,physics-cannon,physics-physx,physics-ammo,physics-builtin,physics-2d-framework,physics-2d-box2d-jsb,physics-2d-box2d,physics-2d-builtin,physics-2d-box2d-wasm,intersection-2d,primitive,profiler,occlusion-query,geometry-renderer,debug-renderer,audio,video,xr,light-probe,terrain,webview,tween,tiled-map,vendor-google,spine-3.8,spine-4.2,dragon-bones,marionette,procedural-animation,custom-pipeline,custom-pipeline-builtin-scripts,custom-pipeline-post-process,legacy-pipeline,websocket,websocket-server,meshopt
09:52:24.147 debug: Our import map(foo:/bar): {
  "imports": {
    "cc": "cce:/internal/x/cc"
  }
}
09:52:24.147 debug: Initializing target [Preview]
09:52:24.147 debug: Loading cache
09:52:24.153 debug: Loading cache costs 5.809300000000803ms.
09:52:24.153 debug: Our import map(foo:/bar): {
  "imports": {
    "cc": "cce:/internal/x/cc"
  }
}
09:52:24.183 debug: Sync engine features: 2d,3d,affine-transform,animation,audio,base,custom-pipeline,gfx-webgl,gfx-webgl2,graphics,intersection-2d,light-probe,marionette,mask,particle,particle-2d,primitive,procedural-animation,profiler,rich-text,skeletal-animation,tiled-map,tween,ui,ui-skew,video,websocket,webview
09:52:24.184 debug: Reset databases. Enumerated domains: [
  {
    "root": "db://internal/",
    "physical": "C:\\ProgramData\\cocos\\editors\\Creator\\3.8.8\\resources\\resources\\3d\\engine\\editor\\assets"
  },
  {
    "root": "db://assets/",
    "physical": "D:\\Works\\Github\\BattleGame\\assets"
  }
]
09:52:24.184 debug: Our import map(foo:/bar): {
  "imports": {
    "cc": "cce:/internal/x/cc",
    "db://internal/": "file:///C:/ProgramData/cocos/editors/Creator/3.8.8/resources/resources/3d/engine/editor/assets/",
    "db://assets/": "file:///D:/Works/Github/BattleGame/assets/"
  }
}
09:52:24.185 debug: Our import map(foo:/bar): {
  "imports": {
    "cc": "cce:/internal/x/cc",
    "db://internal/": "file:///C:/ProgramData/cocos/editors/Creator/3.8.8/resources/resources/3d/engine/editor/assets/",
    "db://assets/": "file:///D:/Works/Github/BattleGame/assets/"
  }
}
09:52:24.186 debug: Pulling asset-db.
09:52:24.188 debug: Fetch asset-db cost: 2.669400000000678ms.
09:52:24.189 debug: Build iteration starts.
Number of accumulated asset changes: 16
Feature changed: false
09:52:24.190 debug: Target(editor) build started.
09:52:24.192 debug: Detected change: cce:/internal/x/cc. Last mtime: Thu Jan 01 1970 07:00:13 GMT+0700 (Indochina Time), Current mtime: Thu Jan 01 1970 07:00:16 GMT+0700 (Indochina Time)
09:52:24.192 debug: Inspect cce:/internal/x/cc
09:52:24.250 debug: transform url: 'cce:/internal/x/cc' costs: 58.20 ms
09:52:24.252 debug: Resolve cce:/internal/x/cc-fu/base from cce:/internal/x/cc as external dependency cce:/internal/x/cc-fu/base.
09:52:24.252 debug: Resolve cce:/internal/x/cc-fu/gfx-webgl from cce:/internal/x/cc as external dependency cce:/internal/x/cc-fu/gfx-webgl.
09:52:24.252 debug: Resolve cce:/internal/x/cc-fu/gfx-webgl2 from cce:/internal/x/cc as external dependency cce:/internal/x/cc-fu/gfx-webgl2.
09:52:24.252 debug: Resolve cce:/internal/x/cc-fu/gfx-empty from cce:/internal/x/cc as external dependency cce:/internal/x/cc-fu/gfx-empty.
09:52:24.252 debug: Resolve cce:/internal/x/cc-fu/gfx-webgpu from cce:/internal/x/cc as external dependency cce:/internal/x/cc-fu/gfx-webgpu.
09:52:24.252 debug: Resolve cce:/internal/x/cc-fu/3d from cce:/internal/x/cc as external dependency cce:/internal/x/cc-fu/3d.
09:52:24.253 debug: Resolve cce:/internal/x/cc-fu/animation from cce:/internal/x/cc as external dependency cce:/internal/x/cc-fu/animation.
09:52:24.253 debug: Resolve cce:/internal/x/cc-fu/skeletal-animation from cce:/internal/x/cc as external dependency cce:/internal/x/cc-fu/skeletal-animation.
09:52:24.253 debug: Resolve cce:/internal/x/cc-fu/2d from cce:/internal/x/cc as external dependency cce:/internal/x/cc-fu/2d.
09:52:24.253 debug: Resolve cce:/internal/x/cc-fu/sorting from cce:/internal/x/cc as external dependency cce:/internal/x/cc-fu/sorting.
09:52:24.253 debug: Resolve cce:/internal/x/cc-fu/rich-text from cce:/internal/x/cc as external dependency cce:/internal/x/cc-fu/rich-text.
09:52:24.253 debug: Resolve cce:/internal/x/cc-fu/mask from cce:/internal/x/cc as external dependency cce:/internal/x/cc-fu/mask.
09:52:24.253 debug: Resolve cce:/internal/x/cc-fu/graphics from cce:/internal/x/cc as external dependency cce:/internal/x/cc-fu/graphics.
09:52:24.253 debug: Resolve cce:/internal/x/cc-fu/ui-skew from cce:/internal/x/cc as external dependency cce:/internal/x/cc-fu/ui-skew.
09:52:24.253 debug: Resolve cce:/internal/x/cc-fu/ui from cce:/internal/x/cc as external dependency cce:/internal/x/cc-fu/ui.
09:52:24.253 debug: Resolve cce:/internal/x/cc-fu/affine-transform from cce:/internal/x/cc as external dependency cce:/internal/x/cc-fu/affine-transform.
09:52:24.253 debug: Resolve cce:/internal/x/cc-fu/sorting-2d from cce:/internal/x/cc as external dependency cce:/internal/x/cc-fu/sorting-2d.
09:52:24.253 debug: Resolve cce:/internal/x/cc-fu/particle from cce:/internal/x/cc as external dependency cce:/internal/x/cc-fu/particle.
09:52:24.253 debug: Resolve cce:/internal/x/cc-fu/particle-2d from cce:/internal/x/cc as external dependency cce:/internal/x/cc-fu/particle-2d.
09:52:24.253 debug: Resolve cce:/internal/x/cc-fu/physics-framework from cce:/internal/x/cc as external dependency cce:/internal/x/cc-fu/physics-framework.
09:52:24.253 debug: Resolve cce:/internal/x/cc-fu/physics-cannon from cce:/internal/x/cc as external dependency cce:/internal/x/cc-fu/physics-cannon.
09:52:24.253 debug: Resolve cce:/internal/x/cc-fu/physics-physx from cce:/internal/x/cc as external dependency cce:/internal/x/cc-fu/physics-physx.
09:52:24.253 debug: Resolve cce:/internal/x/cc-fu/physics-ammo from cce:/internal/x/cc as external dependency cce:/internal/x/cc-fu/physics-ammo.
09:52:24.253 debug: Resolve cce:/internal/x/cc-fu/physics-builtin from cce:/internal/x/cc as external dependency cce:/internal/x/cc-fu/physics-builtin.
09:52:24.253 debug: Resolve cce:/internal/x/cc-fu/physics-2d-framework from cce:/internal/x/cc as external dependency cce:/internal/x/cc-fu/physics-2d-framework.
09:52:24.253 debug: Resolve cce:/internal/x/cc-fu/physics-2d-box2d-jsb from cce:/internal/x/cc as external dependency cce:/internal/x/cc-fu/physics-2d-box2d-jsb.
09:52:24.253 debug: Resolve cce:/internal/x/cc-fu/physics-2d-box2d from cce:/internal/x/cc as external dependency cce:/internal/x/cc-fu/physics-2d-box2d.
09:52:24.253 debug: Resolve cce:/internal/x/cc-fu/physics-2d-builtin from cce:/internal/x/cc as external dependency cce:/internal/x/cc-fu/physics-2d-builtin.
09:52:24.253 debug: Resolve cce:/internal/x/cc-fu/physics-2d-box2d-wasm from cce:/internal/x/cc as external dependency cce:/internal/x/cc-fu/physics-2d-box2d-wasm.
09:52:24.254 debug: Resolve cce:/internal/x/cc-fu/intersection-2d from cce:/internal/x/cc as external dependency cce:/internal/x/cc-fu/intersection-2d.
09:52:24.254 debug: Resolve cce:/internal/x/cc-fu/primitive from cce:/internal/x/cc as external dependency cce:/internal/x/cc-fu/primitive.
09:52:24.254 debug: Resolve cce:/internal/x/cc-fu/profiler from cce:/internal/x/cc as external dependency cce:/internal/x/cc-fu/profiler.
09:52:24.254 debug: Resolve cce:/internal/x/cc-fu/geometry-renderer from cce:/internal/x/cc as external dependency cce:/internal/x/cc-fu/geometry-renderer.
09:52:24.254 debug: Resolve cce:/internal/x/cc-fu/audio from cce:/internal/x/cc as external dependency cce:/internal/x/cc-fu/audio.
09:52:24.254 debug: Resolve cce:/internal/x/cc-fu/video from cce:/internal/x/cc as external dependency cce:/internal/x/cc-fu/video.
09:52:24.254 debug: Resolve cce:/internal/x/cc-fu/xr from cce:/internal/x/cc as external dependency cce:/internal/x/cc-fu/xr.
09:52:24.254 debug: Resolve cce:/internal/x/cc-fu/light-probe from cce:/internal/x/cc as external dependency cce:/internal/x/cc-fu/light-probe.
09:52:24.254 debug: Resolve cce:/internal/x/cc-fu/terrain from cce:/internal/x/cc as external dependency cce:/internal/x/cc-fu/terrain.
09:52:24.254 debug: Resolve cce:/internal/x/cc-fu/webview from cce:/internal/x/cc as external dependency cce:/internal/x/cc-fu/webview.
09:52:24.254 debug: Resolve cce:/internal/x/cc-fu/tween from cce:/internal/x/cc as external dependency cce:/internal/x/cc-fu/tween.
09:52:24.254 debug: Resolve cce:/internal/x/cc-fu/tiled-map from cce:/internal/x/cc as external dependency cce:/internal/x/cc-fu/tiled-map.
09:52:24.254 debug: Resolve cce:/internal/x/cc-fu/vendor-google from cce:/internal/x/cc as external dependency cce:/internal/x/cc-fu/vendor-google.
09:52:24.254 debug: Resolve cce:/internal/x/cc-fu/spine from cce:/internal/x/cc as external dependency cce:/internal/x/cc-fu/spine.
09:52:24.254 debug: Resolve cce:/internal/x/cc-fu/dragon-bones from cce:/internal/x/cc as external dependency cce:/internal/x/cc-fu/dragon-bones.
09:52:24.254 debug: Resolve cce:/internal/x/cc-fu/custom-pipeline from cce:/internal/x/cc as external dependency cce:/internal/x/cc-fu/custom-pipeline.
09:52:24.254 debug: Resolve cce:/internal/x/cc-fu/custom-pipeline-post-process from cce:/internal/x/cc as external dependency cce:/internal/x/cc-fu/custom-pipeline-post-process.
09:52:24.254 debug: Resolve cce:/internal/x/cc-fu/legacy-pipeline from cce:/internal/x/cc as external dependency cce:/internal/x/cc-fu/legacy-pipeline.
09:52:24.255 debug: Detected change: cce:/internal/x/prerequisite-imports. Last mtime: Thu Jan 01 1970 11:09:18 GMT+0700 (Indochina Time), Current mtime: Thu Jan 01 1970 07:00:16 GMT+0700 (Indochina Time)
09:52:24.255 debug: Inspect cce:/internal/x/prerequisite-imports
09:52:24.275 debug: transform url: 'cce:/internal/x/prerequisite-imports' costs: 19.80 ms
09:52:24.277 debug: Resolve file:///C:/ProgramData/cocos/editors/Creator/3.8.8/resources/resources/3d/engine/editor/assets/default_renderpipeline/builtin-dof-pass.ts from cce:/internal/x/prerequisite-imports as file:///C:/ProgramData/cocos/editors/Creator/3.8.8/resources/resources/3d/engine/editor/assets/default_renderpipeline/builtin-dof-pass.ts.
09:52:24.278 debug: Resolve file:///C:/ProgramData/cocos/editors/Creator/3.8.8/resources/resources/3d/engine/editor/assets/default_renderpipeline/builtin-pipeline-pass.ts from cce:/internal/x/prerequisite-imports as file:///C:/ProgramData/cocos/editors/Creator/3.8.8/resources/resources/3d/engine/editor/assets/default_renderpipeline/builtin-pipeline-pass.ts.
09:52:24.278 debug: Resolve file:///C:/ProgramData/cocos/editors/Creator/3.8.8/resources/resources/3d/engine/editor/assets/default_renderpipeline/builtin-pipeline-settings.ts from cce:/internal/x/prerequisite-imports as file:///C:/ProgramData/cocos/editors/Creator/3.8.8/resources/resources/3d/engine/editor/assets/default_renderpipeline/builtin-pipeline-settings.ts.
09:52:24.279 debug: Resolve file:///C:/ProgramData/cocos/editors/Creator/3.8.8/resources/resources/3d/engine/editor/assets/default_renderpipeline/builtin-pipeline-types.ts from cce:/internal/x/prerequisite-imports as file:///C:/ProgramData/cocos/editors/Creator/3.8.8/resources/resources/3d/engine/editor/assets/default_renderpipeline/builtin-pipeline-types.ts.
09:52:24.280 debug: Resolve file:///C:/ProgramData/cocos/editors/Creator/3.8.8/resources/resources/3d/engine/editor/assets/default_renderpipeline/builtin-pipeline.ts from cce:/internal/x/prerequisite-imports as file:///C:/ProgramData/cocos/editors/Creator/3.8.8/resources/resources/3d/engine/editor/assets/default_renderpipeline/builtin-pipeline.ts.
09:52:24.280 debug: Resolve file:///C:/ProgramData/cocos/editors/Creator/3.8.8/resources/resources/3d/engine/editor/assets/tools/debug-view-runtime-control.ts from cce:/internal/x/prerequisite-imports as file:///C:/ProgramData/cocos/editors/Creator/3.8.8/resources/resources/3d/engine/editor/assets/tools/debug-view-runtime-control.ts.
09:52:24.281 debug: Resolve file:///D:/Works/Github/BattleGame/assets/scripts/EnemyFinder.ts from cce:/internal/x/prerequisite-imports as file:///D:/Works/Github/BattleGame/assets/scripts/EnemyFinder.ts.
09:52:24.281 debug: Resolve file:///D:/Works/Github/BattleGame/assets/scripts/GameManager.ts from cce:/internal/x/prerequisite-imports as file:///D:/Works/Github/BattleGame/assets/scripts/GameManager.ts.
09:52:24.281 debug: Resolve file:///D:/Works/Github/BattleGame/assets/scripts/Obstacle.ts from cce:/internal/x/prerequisite-imports as file:///D:/Works/Github/BattleGame/assets/scripts/Obstacle.ts.
09:52:24.282 debug: Resolve file:///D:/Works/Github/BattleGame/assets/scripts/ObstacleCircle.ts from cce:/internal/x/prerequisite-imports as file:///D:/Works/Github/BattleGame/assets/scripts/ObstacleCircle.ts.
09:52:24.282 debug: Resolve file:///D:/Works/Github/BattleGame/assets/scripts/ObstacleRect.ts from cce:/internal/x/prerequisite-imports as file:///D:/Works/Github/BattleGame/assets/scripts/ObstacleRect.ts.
09:52:24.282 debug: Resolve file:///D:/Works/Github/BattleGame/assets/scripts/RandomAnimcationOffset.ts from cce:/internal/x/prerequisite-imports as file:///D:/Works/Github/BattleGame/assets/scripts/RandomAnimcationOffset.ts.
09:52:24.282 debug: Resolve file:///D:/Works/Github/BattleGame/assets/scripts/Unit.ts from cce:/internal/x/prerequisite-imports as file:///D:/Works/Github/BattleGame/assets/scripts/Unit.ts.
09:52:24.283 debug: Resolve file:///D:/Works/Github/BattleGame/assets/scripts/UnitProps.ts from cce:/internal/x/prerequisite-imports as file:///D:/Works/Github/BattleGame/assets/scripts/UnitProps.ts.
09:52:24.283 debug: Resolve file:///D:/Works/Github/BattleGame/assets/scripts/UnitSpawner.ts from cce:/internal/x/prerequisite-imports as file:///D:/Works/Github/BattleGame/assets/scripts/UnitSpawner.ts.
09:52:24.283 debug: Resolve file:///D:/Works/Github/BattleGame/assets/scripts/rvo/RVO.ts from cce:/internal/x/prerequisite-imports as file:///D:/Works/Github/BattleGame/assets/scripts/rvo/RVO.ts.
09:52:24.283 debug: Resolve cce:/internal/code-quality/cr.mjs from file:///C:/ProgramData/cocos/editors/Creator/3.8.8/resources/resources/3d/engine/editor/assets/default_renderpipeline/builtin-dof-pass.ts as cce:/internal/code-quality/cr.mjs.
09:52:24.284 debug: Detected change: cce:/internal/code-quality/cr.mjs. Last mtime: Wed May 06 2026 14:19:01 GMT+0700 (Indochina Time), Current mtime: Thu May 07 2026 09:52:07 GMT+0700 (Indochina Time)
09:52:24.284 debug: Inspect cce:/internal/code-quality/cr.mjs
09:52:24.296 debug: transform url: 'cce:/internal/code-quality/cr.mjs' costs: 11.50 ms
09:52:24.297 debug: Resolve cc from file:///C:/ProgramData/cocos/editors/Creator/3.8.8/resources/resources/3d/engine/editor/assets/default_renderpipeline/builtin-dof-pass.ts as cce:/internal/x/cc.
09:52:24.297 debug: Resolve cc from file:///C:/ProgramData/cocos/editors/Creator/3.8.8/resources/resources/3d/engine/editor/assets/default_renderpipeline/builtin-dof-pass.ts as cce:/internal/x/cc.
09:52:24.297 debug: Resolve cc from file:///C:/ProgramData/cocos/editors/Creator/3.8.8/resources/resources/3d/engine/editor/assets/default_renderpipeline/builtin-dof-pass.ts as cce:/internal/x/cc.
09:52:24.297 debug: Resolve cc/env from file:///C:/ProgramData/cocos/editors/Creator/3.8.8/resources/resources/3d/engine/editor/assets/default_renderpipeline/builtin-dof-pass.ts as external dependency cc/env.
09:52:24.298 debug: Resolve ./builtin-pipeline-settings from file:///C:/ProgramData/cocos/editors/Creator/3.8.8/resources/resources/3d/engine/editor/assets/default_renderpipeline/builtin-dof-pass.ts as file:///C:/ProgramData/cocos/editors/Creator/3.8.8/resources/resources/3d/engine/editor/assets/default_renderpipeline/builtin-pipeline-settings.ts.
09:52:24.298 debug: Resolve ./builtin-pipeline-pass from file:///C:/ProgramData/cocos/editors/Creator/3.8.8/resources/resources/3d/engine/editor/assets/default_renderpipeline/builtin-dof-pass.ts as file:///C:/ProgramData/cocos/editors/Creator/3.8.8/resources/resources/3d/engine/editor/assets/default_renderpipeline/builtin-pipeline-pass.ts.
09:52:24.299 debug: Resolve ./builtin-pipeline from file:///C:/ProgramData/cocos/editors/Creator/3.8.8/resources/resources/3d/engine/editor/assets/default_renderpipeline/builtin-dof-pass.ts as file:///C:/ProgramData/cocos/editors/Creator/3.8.8/resources/resources/3d/engine/editor/assets/default_renderpipeline/builtin-pipeline.ts.
09:52:24.299 debug: Resolve cce:/internal/code-quality/cr.mjs from file:///C:/ProgramData/cocos/editors/Creator/3.8.8/resources/resources/3d/engine/editor/assets/default_renderpipeline/builtin-pipeline-settings.ts as cce:/internal/code-quality/cr.mjs.
09:52:24.299 debug: Resolve cc from file:///C:/ProgramData/cocos/editors/Creator/3.8.8/resources/resources/3d/engine/editor/assets/default_renderpipeline/builtin-pipeline-settings.ts as cce:/internal/x/cc.
09:52:24.299 debug: Resolve cc from file:///C:/ProgramData/cocos/editors/Creator/3.8.8/resources/resources/3d/engine/editor/assets/default_renderpipeline/builtin-pipeline-settings.ts as cce:/internal/x/cc.
09:52:24.299 debug: Resolve cc from file:///C:/ProgramData/cocos/editors/Creator/3.8.8/resources/resources/3d/engine/editor/assets/default_renderpipeline/builtin-pipeline-settings.ts as cce:/internal/x/cc.
09:52:24.299 debug: Resolve cc/env from file:///C:/ProgramData/cocos/editors/Creator/3.8.8/resources/resources/3d/engine/editor/assets/default_renderpipeline/builtin-pipeline-settings.ts as external dependency cc/env.
09:52:24.300 debug: Resolve ./builtin-pipeline-types from file:///C:/ProgramData/cocos/editors/Creator/3.8.8/resources/resources/3d/engine/editor/assets/default_renderpipeline/builtin-pipeline-settings.ts as file:///C:/ProgramData/cocos/editors/Creator/3.8.8/resources/resources/3d/engine/editor/assets/default_renderpipeline/builtin-pipeline-types.ts.
09:52:24.300 debug: Resolve cc from file:///C:/ProgramData/cocos/editors/Creator/3.8.8/resources/resources/3d/engine/editor/assets/default_renderpipeline/builtin-pipeline-types.ts as cce:/internal/x/cc.
09:52:24.300 debug: Resolve cc from file:///C:/ProgramData/cocos/editors/Creator/3.8.8/resources/resources/3d/engine/editor/assets/default_renderpipeline/builtin-pipeline-types.ts as cce:/internal/x/cc.
09:52:24.300 debug: Resolve cc from file:///C:/ProgramData/cocos/editors/Creator/3.8.8/resources/resources/3d/engine/editor/assets/default_renderpipeline/builtin-pipeline-types.ts as cce:/internal/x/cc.
09:52:24.300 debug: Resolve cce:/internal/code-quality/cr.mjs from file:///C:/ProgramData/cocos/editors/Creator/3.8.8/resources/resources/3d/engine/editor/assets/default_renderpipeline/builtin-pipeline-pass.ts as cce:/internal/code-quality/cr.mjs.
09:52:24.300 debug: Resolve cc from file:///C:/ProgramData/cocos/editors/Creator/3.8.8/resources/resources/3d/engine/editor/assets/default_renderpipeline/builtin-pipeline-pass.ts as cce:/internal/x/cc.
09:52:24.300 debug: Resolve cc from file:///C:/ProgramData/cocos/editors/Creator/3.8.8/resources/resources/3d/engine/editor/assets/default_renderpipeline/builtin-pipeline-pass.ts as cce:/internal/x/cc.
09:52:24.300 debug: Resolve cc from file:///C:/ProgramData/cocos/editors/Creator/3.8.8/resources/resources/3d/engine/editor/assets/default_renderpipeline/builtin-pipeline-pass.ts as cce:/internal/x/cc.
09:52:24.301 debug: Resolve ./builtin-pipeline-settings from file:///C:/ProgramData/cocos/editors/Creator/3.8.8/resources/resources/3d/engine/editor/assets/default_renderpipeline/builtin-pipeline-pass.ts as file:///C:/ProgramData/cocos/editors/Creator/3.8.8/resources/resources/3d/engine/editor/assets/default_renderpipeline/builtin-pipeline-settings.ts.
09:52:24.301 debug: Resolve cc/env from file:///C:/ProgramData/cocos/editors/Creator/3.8.8/resources/resources/3d/engine/editor/assets/default_renderpipeline/builtin-pipeline-pass.ts as external dependency cc/env.
09:52:24.301 debug: Resolve cce:/internal/code-quality/cr.mjs from file:///C:/ProgramData/cocos/editors/Creator/3.8.8/resources/resources/3d/engine/editor/assets/default_renderpipeline/builtin-pipeline.ts as cce:/internal/code-quality/cr.mjs.
09:52:24.301 debug: Resolve cc from file:///C:/ProgramData/cocos/editors/Creator/3.8.8/resources/resources/3d/engine/editor/assets/default_renderpipeline/builtin-pipeline.ts as cce:/internal/x/cc.
09:52:24.301 debug: Resolve cc from file:///C:/ProgramData/cocos/editors/Creator/3.8.8/resources/resources/3d/engine/editor/assets/default_renderpipeline/builtin-pipeline.ts as cce:/internal/x/cc.
09:52:24.301 debug: Resolve cc from file:///C:/ProgramData/cocos/editors/Creator/3.8.8/resources/resources/3d/engine/editor/assets/default_renderpipeline/builtin-pipeline.ts as cce:/internal/x/cc.
09:52:24.301 debug: Resolve cc/env from file:///C:/ProgramData/cocos/editors/Creator/3.8.8/resources/resources/3d/engine/editor/assets/default_renderpipeline/builtin-pipeline.ts as external dependency cc/env.
09:52:24.302 debug: Resolve ./builtin-pipeline-types from file:///C:/ProgramData/cocos/editors/Creator/3.8.8/resources/resources/3d/engine/editor/assets/default_renderpipeline/builtin-pipeline.ts as file:///C:/ProgramData/cocos/editors/Creator/3.8.8/resources/resources/3d/engine/editor/assets/default_renderpipeline/builtin-pipeline-types.ts.
09:52:24.302 debug: Resolve cc from file:///C:/ProgramData/cocos/editors/Creator/3.8.8/resources/resources/3d/engine/editor/assets/tools/debug-view-runtime-control.ts as cce:/internal/x/cc.
09:52:24.302 debug: Resolve cc from file:///C:/ProgramData/cocos/editors/Creator/3.8.8/resources/resources/3d/engine/editor/assets/tools/debug-view-runtime-control.ts as cce:/internal/x/cc.
09:52:24.302 debug: Resolve cc from file:///C:/ProgramData/cocos/editors/Creator/3.8.8/resources/resources/3d/engine/editor/assets/tools/debug-view-runtime-control.ts as cce:/internal/x/cc.
09:52:24.302 debug: Resolve cce:/internal/code-quality/cr.mjs from file:///D:/Works/Github/BattleGame/assets/scripts/EnemyFinder.ts as cce:/internal/code-quality/cr.mjs.
09:52:24.302 debug: Resolve cc from file:///D:/Works/Github/BattleGame/assets/scripts/EnemyFinder.ts as cce:/internal/x/cc.
09:52:24.303 debug: Resolve cc from file:///D:/Works/Github/BattleGame/assets/scripts/EnemyFinder.ts as cce:/internal/x/cc.
09:52:24.303 debug: Resolve cc from file:///D:/Works/Github/BattleGame/assets/scripts/EnemyFinder.ts as cce:/internal/x/cc.
09:52:24.303 debug: Resolve ./Unit from file:///D:/Works/Github/BattleGame/assets/scripts/EnemyFinder.ts as file:///D:/Works/Github/BattleGame/assets/scripts/Unit.ts.
09:52:24.303 debug: Resolve cce:/internal/code-quality/cr.mjs from file:///D:/Works/Github/BattleGame/assets/scripts/Unit.ts as cce:/internal/code-quality/cr.mjs.
09:52:24.303 debug: Resolve cc from file:///D:/Works/Github/BattleGame/assets/scripts/Unit.ts as cce:/internal/x/cc.
09:52:24.303 debug: Resolve cc from file:///D:/Works/Github/BattleGame/assets/scripts/Unit.ts as cce:/internal/x/cc.
09:52:24.303 debug: Resolve cc from file:///D:/Works/Github/BattleGame/assets/scripts/Unit.ts as cce:/internal/x/cc.
09:52:24.305 debug: Resolve ./GameManager from file:///D:/Works/Github/BattleGame/assets/scripts/Unit.ts as file:///D:/Works/Github/BattleGame/assets/scripts/GameManager.ts.
09:52:24.305 debug: Resolve cce:/internal/code-quality/cr.mjs from file:///D:/Works/Github/BattleGame/assets/scripts/GameManager.ts as cce:/internal/code-quality/cr.mjs.
09:52:24.305 debug: Resolve cc from file:///D:/Works/Github/BattleGame/assets/scripts/GameManager.ts as cce:/internal/x/cc.
09:52:24.305 debug: Resolve cc from file:///D:/Works/Github/BattleGame/assets/scripts/GameManager.ts as cce:/internal/x/cc.
09:52:24.305 debug: Resolve cc from file:///D:/Works/Github/BattleGame/assets/scripts/GameManager.ts as cce:/internal/x/cc.
09:52:24.305 debug: Resolve ./EnemyFinder from file:///D:/Works/Github/BattleGame/assets/scripts/GameManager.ts as file:///D:/Works/Github/BattleGame/assets/scripts/EnemyFinder.ts.
09:52:24.306 debug: Resolve ./rvo/RVO from file:///D:/Works/Github/BattleGame/assets/scripts/GameManager.ts as file:///D:/Works/Github/BattleGame/assets/scripts/rvo/RVO.ts.
09:52:24.306 debug: Resolve ./ObstacleCircle from file:///D:/Works/Github/BattleGame/assets/scripts/GameManager.ts as file:///D:/Works/Github/BattleGame/assets/scripts/ObstacleCircle.ts.
09:52:24.306 debug: Resolve ./ObstacleRect from file:///D:/Works/Github/BattleGame/assets/scripts/GameManager.ts as file:///D:/Works/Github/BattleGame/assets/scripts/ObstacleRect.ts.
09:52:24.307 debug: Resolve ./UnitSpawner from file:///D:/Works/Github/BattleGame/assets/scripts/GameManager.ts as file:///D:/Works/Github/BattleGame/assets/scripts/UnitSpawner.ts.
09:52:24.307 debug: Resolve cc from file:///D:/Works/Github/BattleGame/assets/scripts/rvo/RVO.ts as cce:/internal/x/cc.
09:52:24.307 debug: Resolve cc from file:///D:/Works/Github/BattleGame/assets/scripts/ObstacleCircle.ts as cce:/internal/x/cc.
09:52:24.307 debug: Resolve cc from file:///D:/Works/Github/BattleGame/assets/scripts/ObstacleCircle.ts as cce:/internal/x/cc.
09:52:24.307 debug: Resolve cc from file:///D:/Works/Github/BattleGame/assets/scripts/ObstacleCircle.ts as cce:/internal/x/cc.
09:52:24.307 debug: Resolve cc from file:///D:/Works/Github/BattleGame/assets/scripts/ObstacleRect.ts as cce:/internal/x/cc.
09:52:24.307 debug: Resolve cc from file:///D:/Works/Github/BattleGame/assets/scripts/ObstacleRect.ts as cce:/internal/x/cc.
09:52:24.307 debug: Resolve cc from file:///D:/Works/Github/BattleGame/assets/scripts/ObstacleRect.ts as cce:/internal/x/cc.
09:52:24.307 debug: Resolve cce:/internal/code-quality/cr.mjs from file:///D:/Works/Github/BattleGame/assets/scripts/UnitSpawner.ts as cce:/internal/code-quality/cr.mjs.
09:52:24.307 debug: Resolve cc from file:///D:/Works/Github/BattleGame/assets/scripts/UnitSpawner.ts as cce:/internal/x/cc.
09:52:24.307 debug: Resolve cc from file:///D:/Works/Github/BattleGame/assets/scripts/UnitSpawner.ts as cce:/internal/x/cc.
09:52:24.307 debug: Resolve cc from file:///D:/Works/Github/BattleGame/assets/scripts/UnitSpawner.ts as cce:/internal/x/cc.
09:52:24.308 debug: Resolve ./Unit from file:///D:/Works/Github/BattleGame/assets/scripts/UnitSpawner.ts as file:///D:/Works/Github/BattleGame/assets/scripts/Unit.ts.
09:52:24.308 debug: Resolve ./EnemyFinder from file:///D:/Works/Github/BattleGame/assets/scripts/UnitSpawner.ts as file:///D:/Works/Github/BattleGame/assets/scripts/EnemyFinder.ts.
09:52:24.308 debug: Resolve cc from file:///D:/Works/Github/BattleGame/assets/scripts/Obstacle.ts as cce:/internal/x/cc.
09:52:24.308 debug: Resolve cc from file:///D:/Works/Github/BattleGame/assets/scripts/Obstacle.ts as cce:/internal/x/cc.
09:52:24.308 debug: Resolve cc from file:///D:/Works/Github/BattleGame/assets/scripts/Obstacle.ts as cce:/internal/x/cc.
09:52:24.308 debug: Resolve cc from file:///D:/Works/Github/BattleGame/assets/scripts/RandomAnimcationOffset.ts as cce:/internal/x/cc.
09:52:24.308 debug: Resolve cc from file:///D:/Works/Github/BattleGame/assets/scripts/RandomAnimcationOffset.ts as cce:/internal/x/cc.
09:52:24.308 debug: Resolve cc from file:///D:/Works/Github/BattleGame/assets/scripts/RandomAnimcationOffset.ts as cce:/internal/x/cc.
09:52:24.308 debug: Resolve cc from file:///D:/Works/Github/BattleGame/assets/scripts/UnitProps.ts as cce:/internal/x/cc.
09:52:24.308 debug: Resolve cc from file:///D:/Works/Github/BattleGame/assets/scripts/UnitProps.ts as cce:/internal/x/cc.
09:52:24.308 debug: Resolve cc from file:///D:/Works/Github/BattleGame/assets/scripts/UnitProps.ts as cce:/internal/x/cc.
09:52:24.317 debug: Target(editor) ends with cost 127.70819999999912ms.
09:52:24.318 debug: Target(preview) build started.
09:52:24.319 debug: Detected change: cce:/internal/x/cc. Last mtime: Thu Jan 01 1970 07:00:13 GMT+0700 (Indochina Time), Current mtime: Thu Jan 01 1970 07:00:16 GMT+0700 (Indochina Time)
09:52:24.319 debug: Inspect cce:/internal/x/cc
09:52:24.349 debug: transform url: 'cce:/internal/x/cc' costs: 29.40 ms
09:52:24.350 debug: Resolve cce:/internal/x/cc-fu/2d from cce:/internal/x/cc as external dependency cce:/internal/x/cc-fu/2d.
09:52:24.350 debug: Resolve cce:/internal/x/cc-fu/sorting from cce:/internal/x/cc as external dependency cce:/internal/x/cc-fu/sorting.
09:52:24.351 debug: Resolve cce:/internal/x/cc-fu/3d from cce:/internal/x/cc as external dependency cce:/internal/x/cc-fu/3d.
09:52:24.351 debug: Resolve cce:/internal/x/cc-fu/affine-transform from cce:/internal/x/cc as external dependency cce:/internal/x/cc-fu/affine-transform.
09:52:24.351 debug: Resolve cce:/internal/x/cc-fu/animation from cce:/internal/x/cc as external dependency cce:/internal/x/cc-fu/animation.
09:52:24.351 debug: Resolve cce:/internal/x/cc-fu/audio from cce:/internal/x/cc as external dependency cce:/internal/x/cc-fu/audio.
09:52:24.351 debug: Resolve cce:/internal/x/cc-fu/base from cce:/internal/x/cc as external dependency cce:/internal/x/cc-fu/base.
09:52:24.351 debug: Resolve cce:/internal/x/cc-fu/custom-pipeline from cce:/internal/x/cc as external dependency cce:/internal/x/cc-fu/custom-pipeline.
09:52:24.351 debug: Resolve cce:/internal/x/cc-fu/gfx-webgl from cce:/internal/x/cc as external dependency cce:/internal/x/cc-fu/gfx-webgl.
09:52:24.351 debug: Resolve cce:/internal/x/cc-fu/gfx-webgl2 from cce:/internal/x/cc as external dependency cce:/internal/x/cc-fu/gfx-webgl2.
09:52:24.351 debug: Resolve cce:/internal/x/cc-fu/graphics from cce:/internal/x/cc as external dependency cce:/internal/x/cc-fu/graphics.
09:52:24.351 debug: Resolve cce:/internal/x/cc-fu/intersection-2d from cce:/internal/x/cc as external dependency cce:/internal/x/cc-fu/intersection-2d.
09:52:24.351 debug: Resolve cce:/internal/x/cc-fu/light-probe from cce:/internal/x/cc as external dependency cce:/internal/x/cc-fu/light-probe.
09:52:24.351 debug: Resolve cce:/internal/x/cc-fu/mask from cce:/internal/x/cc as external dependency cce:/internal/x/cc-fu/mask.
09:52:24.351 debug: Resolve cce:/internal/x/cc-fu/particle from cce:/internal/x/cc as external dependency cce:/internal/x/cc-fu/particle.
09:52:24.351 debug: Resolve cce:/internal/x/cc-fu/particle-2d from cce:/internal/x/cc as external dependency cce:/internal/x/cc-fu/particle-2d.
09:52:24.351 debug: Resolve cce:/internal/x/cc-fu/primitive from cce:/internal/x/cc as external dependency cce:/internal/x/cc-fu/primitive.
09:52:24.351 debug: Resolve cce:/internal/x/cc-fu/profiler from cce:/internal/x/cc as external dependency cce:/internal/x/cc-fu/profiler.
09:52:24.351 debug: Resolve cce:/internal/x/cc-fu/rich-text from cce:/internal/x/cc as external dependency cce:/internal/x/cc-fu/rich-text.
09:52:24.351 debug: Resolve cce:/internal/x/cc-fu/skeletal-animation from cce:/internal/x/cc as external dependency cce:/internal/x/cc-fu/skeletal-animation.
09:52:24.351 debug: Resolve cce:/internal/x/cc-fu/tiled-map from cce:/internal/x/cc as external dependency cce:/internal/x/cc-fu/tiled-map.
09:52:24.351 debug: Resolve cce:/internal/x/cc-fu/tween from cce:/internal/x/cc as external dependency cce:/internal/x/cc-fu/tween.
09:52:24.351 debug: Resolve cce:/internal/x/cc-fu/ui from cce:/internal/x/cc as external dependency cce:/internal/x/cc-fu/ui.
09:52:24.351 debug: Resolve cce:/internal/x/cc-fu/ui-skew from cce:/internal/x/cc as external dependency cce:/internal/x/cc-fu/ui-skew.
09:52:24.351 debug: Resolve cce:/internal/x/cc-fu/video from cce:/internal/x/cc as external dependency cce:/internal/x/cc-fu/video.
09:52:24.351 debug: Resolve cce:/internal/x/cc-fu/webview from cce:/internal/x/cc as external dependency cce:/internal/x/cc-fu/webview.
09:52:24.351 debug: Detected change: cce:/internal/x/prerequisite-imports. Last mtime: Thu Jan 01 1970 11:09:18 GMT+0700 (Indochina Time), Current mtime: Thu Jan 01 1970 07:00:16 GMT+0700 (Indochina Time)
09:52:24.351 debug: Inspect cce:/internal/x/prerequisite-imports
09:52:24.366 debug: transform url: 'cce:/internal/x/prerequisite-imports' costs: 14.20 ms
09:52:24.367 debug: Resolve file:///C:/ProgramData/cocos/editors/Creator/3.8.8/resources/resources/3d/engine/editor/assets/default_renderpipeline/builtin-dof-pass.ts from cce:/internal/x/prerequisite-imports as file:///C:/ProgramData/cocos/editors/Creator/3.8.8/resources/resources/3d/engine/editor/assets/default_renderpipeline/builtin-dof-pass.ts.
09:52:24.368 debug: Resolve file:///C:/ProgramData/cocos/editors/Creator/3.8.8/resources/resources/3d/engine/editor/assets/default_renderpipeline/builtin-pipeline-pass.ts from cce:/internal/x/prerequisite-imports as file:///C:/ProgramData/cocos/editors/Creator/3.8.8/resources/resources/3d/engine/editor/assets/default_renderpipeline/builtin-pipeline-pass.ts.
09:52:24.368 debug: Resolve file:///C:/ProgramData/cocos/editors/Creator/3.8.8/resources/resources/3d/engine/editor/assets/default_renderpipeline/builtin-pipeline-settings.ts from cce:/internal/x/prerequisite-imports as file:///C:/ProgramData/cocos/editors/Creator/3.8.8/resources/resources/3d/engine/editor/assets/default_renderpipeline/builtin-pipeline-settings.ts.
09:52:24.369 debug: Resolve file:///C:/ProgramData/cocos/editors/Creator/3.8.8/resources/resources/3d/engine/editor/assets/default_renderpipeline/builtin-pipeline-types.ts from cce:/internal/x/prerequisite-imports as file:///C:/ProgramData/cocos/editors/Creator/3.8.8/resources/resources/3d/engine/editor/assets/default_renderpipeline/builtin-pipeline-types.ts.
09:52:24.369 debug: Resolve file:///C:/ProgramData/cocos/editors/Creator/3.8.8/resources/resources/3d/engine/editor/assets/default_renderpipeline/builtin-pipeline.ts from cce:/internal/x/prerequisite-imports as file:///C:/ProgramData/cocos/editors/Creator/3.8.8/resources/resources/3d/engine/editor/assets/default_renderpipeline/builtin-pipeline.ts.
09:52:24.370 debug: Resolve file:///C:/ProgramData/cocos/editors/Creator/3.8.8/resources/resources/3d/engine/editor/assets/tools/debug-view-runtime-control.ts from cce:/internal/x/prerequisite-imports as file:///C:/ProgramData/cocos/editors/Creator/3.8.8/resources/resources/3d/engine/editor/assets/tools/debug-view-runtime-control.ts.
09:52:24.370 debug: Resolve file:///D:/Works/Github/BattleGame/assets/scripts/EnemyFinder.ts from cce:/internal/x/prerequisite-imports as file:///D:/Works/Github/BattleGame/assets/scripts/EnemyFinder.ts.
09:52:24.371 debug: Resolve file:///D:/Works/Github/BattleGame/assets/scripts/GameManager.ts from cce:/internal/x/prerequisite-imports as file:///D:/Works/Github/BattleGame/assets/scripts/GameManager.ts.
09:52:24.371 debug: Resolve file:///D:/Works/Github/BattleGame/assets/scripts/Obstacle.ts from cce:/internal/x/prerequisite-imports as file:///D:/Works/Github/BattleGame/assets/scripts/Obstacle.ts.
09:52:24.371 debug: Resolve file:///D:/Works/Github/BattleGame/assets/scripts/ObstacleCircle.ts from cce:/internal/x/prerequisite-imports as file:///D:/Works/Github/BattleGame/assets/scripts/ObstacleCircle.ts.
09:52:24.371 debug: Resolve file:///D:/Works/Github/BattleGame/assets/scripts/ObstacleRect.ts from cce:/internal/x/prerequisite-imports as file:///D:/Works/Github/BattleGame/assets/scripts/ObstacleRect.ts.
09:52:24.372 debug: Resolve file:///D:/Works/Github/BattleGame/assets/scripts/RandomAnimcationOffset.ts from cce:/internal/x/prerequisite-imports as file:///D:/Works/Github/BattleGame/assets/scripts/RandomAnimcationOffset.ts.
09:52:24.372 debug: Resolve file:///D:/Works/Github/BattleGame/assets/scripts/Unit.ts from cce:/internal/x/prerequisite-imports as file:///D:/Works/Github/BattleGame/assets/scripts/Unit.ts.
09:52:24.372 debug: Resolve file:///D:/Works/Github/BattleGame/assets/scripts/UnitProps.ts from cce:/internal/x/prerequisite-imports as file:///D:/Works/Github/BattleGame/assets/scripts/UnitProps.ts.
09:52:24.372 debug: Resolve file:///D:/Works/Github/BattleGame/assets/scripts/UnitSpawner.ts from cce:/internal/x/prerequisite-imports as file:///D:/Works/Github/BattleGame/assets/scripts/UnitSpawner.ts.
09:52:24.373 debug: Resolve file:///D:/Works/Github/BattleGame/assets/scripts/rvo/RVO.ts from cce:/internal/x/prerequisite-imports as file:///D:/Works/Github/BattleGame/assets/scripts/rvo/RVO.ts.
09:52:24.373 debug: Resolve cce:/internal/code-quality/cr.mjs from file:///C:/ProgramData/cocos/editors/Creator/3.8.8/resources/resources/3d/engine/editor/assets/default_renderpipeline/builtin-dof-pass.ts as cce:/internal/code-quality/cr.mjs.
09:52:24.373 debug: Detected change: cce:/internal/code-quality/cr.mjs. Last mtime: Wed May 06 2026 14:19:01 GMT+0700 (Indochina Time), Current mtime: Thu May 07 2026 09:52:07 GMT+0700 (Indochina Time)
09:52:24.373 debug: Inspect cce:/internal/code-quality/cr.mjs
09:52:24.386 debug: transform url: 'cce:/internal/code-quality/cr.mjs' costs: 12.40 ms
09:52:24.387 debug: Resolve cc from file:///C:/ProgramData/cocos/editors/Creator/3.8.8/resources/resources/3d/engine/editor/assets/default_renderpipeline/builtin-dof-pass.ts as cce:/internal/x/cc.
09:52:24.387 debug: Resolve cc from file:///C:/ProgramData/cocos/editors/Creator/3.8.8/resources/resources/3d/engine/editor/assets/default_renderpipeline/builtin-dof-pass.ts as cce:/internal/x/cc.
09:52:24.387 debug: Resolve cc from file:///C:/ProgramData/cocos/editors/Creator/3.8.8/resources/resources/3d/engine/editor/assets/default_renderpipeline/builtin-dof-pass.ts as cce:/internal/x/cc.
09:52:24.387 debug: Resolve cc/env from file:///C:/ProgramData/cocos/editors/Creator/3.8.8/resources/resources/3d/engine/editor/assets/default_renderpipeline/builtin-dof-pass.ts as external dependency cc/env.
09:52:24.388 debug: Resolve ./builtin-pipeline-settings from file:///C:/ProgramData/cocos/editors/Creator/3.8.8/resources/resources/3d/engine/editor/assets/default_renderpipeline/builtin-dof-pass.ts as file:///C:/ProgramData/cocos/editors/Creator/3.8.8/resources/resources/3d/engine/editor/assets/default_renderpipeline/builtin-pipeline-settings.ts.
09:52:24.389 debug: Resolve ./builtin-pipeline-pass from file:///C:/ProgramData/cocos/editors/Creator/3.8.8/resources/resources/3d/engine/editor/assets/default_renderpipeline/builtin-dof-pass.ts as file:///C:/ProgramData/cocos/editors/Creator/3.8.8/resources/resources/3d/engine/editor/assets/default_renderpipeline/builtin-pipeline-pass.ts.
09:52:24.389 debug: Resolve ./builtin-pipeline from file:///C:/ProgramData/cocos/editors/Creator/3.8.8/resources/resources/3d/engine/editor/assets/default_renderpipeline/builtin-dof-pass.ts as file:///C:/ProgramData/cocos/editors/Creator/3.8.8/resources/resources/3d/engine/editor/assets/default_renderpipeline/builtin-pipeline.ts.
09:52:24.389 debug: Resolve cce:/internal/code-quality/cr.mjs from file:///C:/ProgramData/cocos/editors/Creator/3.8.8/resources/resources/3d/engine/editor/assets/default_renderpipeline/builtin-pipeline-settings.ts as cce:/internal/code-quality/cr.mjs.
09:52:24.389 debug: Resolve cc from file:///C:/ProgramData/cocos/editors/Creator/3.8.8/resources/resources/3d/engine/editor/assets/default_renderpipeline/builtin-pipeline-settings.ts as cce:/internal/x/cc.
09:52:24.389 debug: Resolve cc from file:///C:/ProgramData/cocos/editors/Creator/3.8.8/resources/resources/3d/engine/editor/assets/default_renderpipeline/builtin-pipeline-settings.ts as cce:/internal/x/cc.
09:52:24.389 debug: Resolve cc from file:///C:/ProgramData/cocos/editors/Creator/3.8.8/resources/resources/3d/engine/editor/assets/default_renderpipeline/builtin-pipeline-settings.ts as cce:/internal/x/cc.
09:52:24.389 debug: Resolve cc/env from file:///C:/ProgramData/cocos/editors/Creator/3.8.8/resources/resources/3d/engine/editor/assets/default_renderpipeline/builtin-pipeline-settings.ts as external dependency cc/env.
09:52:24.390 debug: Resolve ./builtin-pipeline-types from file:///C:/ProgramData/cocos/editors/Creator/3.8.8/resources/resources/3d/engine/editor/assets/default_renderpipeline/builtin-pipeline-settings.ts as file:///C:/ProgramData/cocos/editors/Creator/3.8.8/resources/resources/3d/engine/editor/assets/default_renderpipeline/builtin-pipeline-types.ts.
09:52:24.390 debug: Resolve cc from file:///C:/ProgramData/cocos/editors/Creator/3.8.8/resources/resources/3d/engine/editor/assets/default_renderpipeline/builtin-pipeline-types.ts as cce:/internal/x/cc.
09:52:24.390 debug: Resolve cc from file:///C:/ProgramData/cocos/editors/Creator/3.8.8/resources/resources/3d/engine/editor/assets/default_renderpipeline/builtin-pipeline-types.ts as cce:/internal/x/cc.
09:52:24.390 debug: Resolve cc from file:///C:/ProgramData/cocos/editors/Creator/3.8.8/resources/resources/3d/engine/editor/assets/default_renderpipeline/builtin-pipeline-types.ts as cce:/internal/x/cc.
09:52:24.390 debug: Resolve cce:/internal/code-quality/cr.mjs from file:///C:/ProgramData/cocos/editors/Creator/3.8.8/resources/resources/3d/engine/editor/assets/default_renderpipeline/builtin-pipeline-pass.ts as cce:/internal/code-quality/cr.mjs.
09:52:24.390 debug: Resolve cc from file:///C:/ProgramData/cocos/editors/Creator/3.8.8/resources/resources/3d/engine/editor/assets/default_renderpipeline/builtin-pipeline-pass.ts as cce:/internal/x/cc.
09:52:24.390 debug: Resolve cc from file:///C:/ProgramData/cocos/editors/Creator/3.8.8/resources/resources/3d/engine/editor/assets/default_renderpipeline/builtin-pipeline-pass.ts as cce:/internal/x/cc.
09:52:24.391 debug: Resolve cc from file:///C:/ProgramData/cocos/editors/Creator/3.8.8/resources/resources/3d/engine/editor/assets/default_renderpipeline/builtin-pipeline-pass.ts as cce:/internal/x/cc.
09:52:24.392 debug: Resolve ./builtin-pipeline-settings from file:///C:/ProgramData/cocos/editors/Creator/3.8.8/resources/resources/3d/engine/editor/assets/default_renderpipeline/builtin-pipeline-pass.ts as file:///C:/ProgramData/cocos/editors/Creator/3.8.8/resources/resources/3d/engine/editor/assets/default_renderpipeline/builtin-pipeline-settings.ts.
09:52:24.392 debug: Resolve cc/env from file:///C:/ProgramData/cocos/editors/Creator/3.8.8/resources/resources/3d/engine/editor/assets/default_renderpipeline/builtin-pipeline-pass.ts as external dependency cc/env.
09:52:24.392 debug: Resolve cce:/internal/code-quality/cr.mjs from file:///C:/ProgramData/cocos/editors/Creator/3.8.8/resources/resources/3d/engine/editor/assets/default_renderpipeline/builtin-pipeline.ts as cce:/internal/code-quality/cr.mjs.
09:52:24.392 debug: Resolve cc from file:///C:/ProgramData/cocos/editors/Creator/3.8.8/resources/resources/3d/engine/editor/assets/default_renderpipeline/builtin-pipeline.ts as cce:/internal/x/cc.
09:52:24.392 debug: Resolve cc from file:///C:/ProgramData/cocos/editors/Creator/3.8.8/resources/resources/3d/engine/editor/assets/default_renderpipeline/builtin-pipeline.ts as cce:/internal/x/cc.
09:52:24.392 debug: Resolve cc from file:///C:/ProgramData/cocos/editors/Creator/3.8.8/resources/resources/3d/engine/editor/assets/default_renderpipeline/builtin-pipeline.ts as cce:/internal/x/cc.
09:52:24.392 debug: Resolve cc/env from file:///C:/ProgramData/cocos/editors/Creator/3.8.8/resources/resources/3d/engine/editor/assets/default_renderpipeline/builtin-pipeline.ts as external dependency cc/env.
09:52:24.393 debug: Resolve ./builtin-pipeline-types from file:///C:/ProgramData/cocos/editors/Creator/3.8.8/resources/resources/3d/engine/editor/assets/default_renderpipeline/builtin-pipeline.ts as file:///C:/ProgramData/cocos/editors/Creator/3.8.8/resources/resources/3d/engine/editor/assets/default_renderpipeline/builtin-pipeline-types.ts.
09:52:24.393 debug: Resolve cc from file:///C:/ProgramData/cocos/editors/Creator/3.8.8/resources/resources/3d/engine/editor/assets/tools/debug-view-runtime-control.ts as cce:/internal/x/cc.
09:52:24.393 debug: Resolve cc from file:///C:/ProgramData/cocos/editors/Creator/3.8.8/resources/resources/3d/engine/editor/assets/tools/debug-view-runtime-control.ts as cce:/internal/x/cc.
09:52:24.393 debug: Resolve cc from file:///C:/ProgramData/cocos/editors/Creator/3.8.8/resources/resources/3d/engine/editor/assets/tools/debug-view-runtime-control.ts as cce:/internal/x/cc.
09:52:24.393 debug: Resolve cce:/internal/code-quality/cr.mjs from file:///D:/Works/Github/BattleGame/assets/scripts/EnemyFinder.ts as cce:/internal/code-quality/cr.mjs.
09:52:24.393 debug: Resolve cc from file:///D:/Works/Github/BattleGame/assets/scripts/EnemyFinder.ts as cce:/internal/x/cc.
09:52:24.393 debug: Resolve cc from file:///D:/Works/Github/BattleGame/assets/scripts/EnemyFinder.ts as cce:/internal/x/cc.
09:52:24.394 debug: Resolve cc from file:///D:/Works/Github/BattleGame/assets/scripts/EnemyFinder.ts as cce:/internal/x/cc.
09:52:24.395 debug: Resolve ./Unit from file:///D:/Works/Github/BattleGame/assets/scripts/EnemyFinder.ts as file:///D:/Works/Github/BattleGame/assets/scripts/Unit.ts.
09:52:24.395 debug: Resolve cce:/internal/code-quality/cr.mjs from file:///D:/Works/Github/BattleGame/assets/scripts/Unit.ts as cce:/internal/code-quality/cr.mjs.
09:52:24.395 debug: Resolve cc from file:///D:/Works/Github/BattleGame/assets/scripts/Unit.ts as cce:/internal/x/cc.
09:52:24.395 debug: Resolve cc from file:///D:/Works/Github/BattleGame/assets/scripts/Unit.ts as cce:/internal/x/cc.
09:52:24.395 debug: Resolve cc from file:///D:/Works/Github/BattleGame/assets/scripts/Unit.ts as cce:/internal/x/cc.
09:52:24.396 debug: Resolve ./GameManager from file:///D:/Works/Github/BattleGame/assets/scripts/Unit.ts as file:///D:/Works/Github/BattleGame/assets/scripts/GameManager.ts.
09:52:24.396 debug: Resolve cce:/internal/code-quality/cr.mjs from file:///D:/Works/Github/BattleGame/assets/scripts/GameManager.ts as cce:/internal/code-quality/cr.mjs.
09:52:24.396 debug: Resolve cc from file:///D:/Works/Github/BattleGame/assets/scripts/GameManager.ts as cce:/internal/x/cc.
09:52:24.396 debug: Resolve cc from file:///D:/Works/Github/BattleGame/assets/scripts/GameManager.ts as cce:/internal/x/cc.
09:52:24.396 debug: Resolve cc from file:///D:/Works/Github/BattleGame/assets/scripts/GameManager.ts as cce:/internal/x/cc.
09:52:24.396 debug: Resolve ./EnemyFinder from file:///D:/Works/Github/BattleGame/assets/scripts/GameManager.ts as file:///D:/Works/Github/BattleGame/assets/scripts/EnemyFinder.ts.
09:52:24.396 debug: Resolve ./rvo/RVO from file:///D:/Works/Github/BattleGame/assets/scripts/GameManager.ts as file:///D:/Works/Github/BattleGame/assets/scripts/rvo/RVO.ts.
09:52:24.397 debug: Resolve ./ObstacleCircle from file:///D:/Works/Github/BattleGame/assets/scripts/GameManager.ts as file:///D:/Works/Github/BattleGame/assets/scripts/ObstacleCircle.ts.
09:52:24.397 debug: Resolve ./ObstacleRect from file:///D:/Works/Github/BattleGame/assets/scripts/GameManager.ts as file:///D:/Works/Github/BattleGame/assets/scripts/ObstacleRect.ts.
09:52:24.397 debug: Resolve ./UnitSpawner from file:///D:/Works/Github/BattleGame/assets/scripts/GameManager.ts as file:///D:/Works/Github/BattleGame/assets/scripts/UnitSpawner.ts.
09:52:24.397 debug: Resolve cc from file:///D:/Works/Github/BattleGame/assets/scripts/rvo/RVO.ts as cce:/internal/x/cc.
09:52:24.397 debug: Resolve cc from file:///D:/Works/Github/BattleGame/assets/scripts/ObstacleCircle.ts as cce:/internal/x/cc.
09:52:24.397 debug: Resolve cc from file:///D:/Works/Github/BattleGame/assets/scripts/ObstacleCircle.ts as cce:/internal/x/cc.
09:52:24.397 debug: Resolve cc from file:///D:/Works/Github/BattleGame/assets/scripts/ObstacleCircle.ts as cce:/internal/x/cc.
09:52:24.397 debug: Resolve cc from file:///D:/Works/Github/BattleGame/assets/scripts/ObstacleRect.ts as cce:/internal/x/cc.
09:52:24.398 debug: Resolve cc from file:///D:/Works/Github/BattleGame/assets/scripts/ObstacleRect.ts as cce:/internal/x/cc.
09:52:24.398 debug: Resolve cc from file:///D:/Works/Github/BattleGame/assets/scripts/ObstacleRect.ts as cce:/internal/x/cc.
09:52:24.398 debug: Resolve cce:/internal/code-quality/cr.mjs from file:///D:/Works/Github/BattleGame/assets/scripts/UnitSpawner.ts as cce:/internal/code-quality/cr.mjs.
09:52:24.398 debug: Resolve cc from file:///D:/Works/Github/BattleGame/assets/scripts/UnitSpawner.ts as cce:/internal/x/cc.
09:52:24.398 debug: Resolve cc from file:///D:/Works/Github/BattleGame/assets/scripts/UnitSpawner.ts as cce:/internal/x/cc.
09:52:24.398 debug: Resolve cc from file:///D:/Works/Github/BattleGame/assets/scripts/UnitSpawner.ts as cce:/internal/x/cc.
09:52:24.398 debug: Resolve ./Unit from file:///D:/Works/Github/BattleGame/assets/scripts/UnitSpawner.ts as file:///D:/Works/Github/BattleGame/assets/scripts/Unit.ts.
09:52:24.398 debug: Resolve ./EnemyFinder from file:///D:/Works/Github/BattleGame/assets/scripts/UnitSpawner.ts as file:///D:/Works/Github/BattleGame/assets/scripts/EnemyFinder.ts.
09:52:24.398 debug: Resolve cc from file:///D:/Works/Github/BattleGame/assets/scripts/Obstacle.ts as cce:/internal/x/cc.
09:52:24.398 debug: Resolve cc from file:///D:/Works/Github/BattleGame/assets/scripts/Obstacle.ts as cce:/internal/x/cc.
09:52:24.398 debug: Resolve cc from file:///D:/Works/Github/BattleGame/assets/scripts/Obstacle.ts as cce:/internal/x/cc.
09:52:24.398 debug: Resolve cc from file:///D:/Works/Github/BattleGame/assets/scripts/RandomAnimcationOffset.ts as cce:/internal/x/cc.
09:52:24.398 debug: Resolve cc from file:///D:/Works/Github/BattleGame/assets/scripts/RandomAnimcationOffset.ts as cce:/internal/x/cc.
09:52:24.398 debug: Resolve cc from file:///D:/Works/Github/BattleGame/assets/scripts/RandomAnimcationOffset.ts as cce:/internal/x/cc.
09:52:24.398 debug: Resolve cc from file:///D:/Works/Github/BattleGame/assets/scripts/UnitProps.ts as cce:/internal/x/cc.
09:52:24.399 debug: Resolve cc from file:///D:/Works/Github/BattleGame/assets/scripts/UnitProps.ts as cce:/internal/x/cc.
09:52:24.399 debug: Resolve cc from file:///D:/Works/Github/BattleGame/assets/scripts/UnitProps.ts as cce:/internal/x/cc.
09:52:24.407 debug: Target(preview) ends with cost 89.1739000000016ms.
09:52:26.718 debug: Pulling asset-db.
09:52:26.945 debug: Fetch asset-db cost: 226.35399999999936ms.
09:52:26.947 debug: Build iteration starts.
Number of accumulated asset changes: 16
Feature changed: false
09:52:26.947 debug: Target(editor) build started.
09:52:26.949 debug: Detected change: cce:/internal/x/prerequisite-imports. Last mtime: Thu Jan 01 1970 07:00:16 GMT+0700 (Indochina Time), Current mtime: Thu Jan 01 1970 07:00:19 GMT+0700 (Indochina Time)
09:52:26.949 debug: Inspect cce:/internal/x/prerequisite-imports
09:52:26.963 debug: transform url: 'cce:/internal/x/prerequisite-imports' costs: 14.50 ms
09:52:26.964 debug: Resolve file:///C:/ProgramData/cocos/editors/Creator/3.8.8/resources/resources/3d/engine/editor/assets/default_renderpipeline/builtin-dof-pass.ts from cce:/internal/x/prerequisite-imports as file:///C:/ProgramData/cocos/editors/Creator/3.8.8/resources/resources/3d/engine/editor/assets/default_renderpipeline/builtin-dof-pass.ts.
09:52:26.965 debug: Resolve file:///C:/ProgramData/cocos/editors/Creator/3.8.8/resources/resources/3d/engine/editor/assets/default_renderpipeline/builtin-pipeline-pass.ts from cce:/internal/x/prerequisite-imports as file:///C:/ProgramData/cocos/editors/Creator/3.8.8/resources/resources/3d/engine/editor/assets/default_renderpipeline/builtin-pipeline-pass.ts.
09:52:26.965 debug: Resolve file:///C:/ProgramData/cocos/editors/Creator/3.8.8/resources/resources/3d/engine/editor/assets/default_renderpipeline/builtin-pipeline-settings.ts from cce:/internal/x/prerequisite-imports as file:///C:/ProgramData/cocos/editors/Creator/3.8.8/resources/resources/3d/engine/editor/assets/default_renderpipeline/builtin-pipeline-settings.ts.
09:52:26.966 debug: Resolve file:///C:/ProgramData/cocos/editors/Creator/3.8.8/resources/resources/3d/engine/editor/assets/default_renderpipeline/builtin-pipeline-types.ts from cce:/internal/x/prerequisite-imports as file:///C:/ProgramData/cocos/editors/Creator/3.8.8/resources/resources/3d/engine/editor/assets/default_renderpipeline/builtin-pipeline-types.ts.
09:52:26.966 debug: Resolve file:///C:/ProgramData/cocos/editors/Creator/3.8.8/resources/resources/3d/engine/editor/assets/default_renderpipeline/builtin-pipeline.ts from cce:/internal/x/prerequisite-imports as file:///C:/ProgramData/cocos/editors/Creator/3.8.8/resources/resources/3d/engine/editor/assets/default_renderpipeline/builtin-pipeline.ts.
09:52:26.967 debug: Resolve file:///C:/ProgramData/cocos/editors/Creator/3.8.8/resources/resources/3d/engine/editor/assets/tools/debug-view-runtime-control.ts from cce:/internal/x/prerequisite-imports as file:///C:/ProgramData/cocos/editors/Creator/3.8.8/resources/resources/3d/engine/editor/assets/tools/debug-view-runtime-control.ts.
09:52:26.967 debug: Resolve file:///D:/Works/Github/BattleGame/assets/scripts/EnemyFinder.ts from cce:/internal/x/prerequisite-imports as file:///D:/Works/Github/BattleGame/assets/scripts/EnemyFinder.ts.
09:52:26.967 debug: Resolve file:///D:/Works/Github/BattleGame/assets/scripts/GameManager.ts from cce:/internal/x/prerequisite-imports as file:///D:/Works/Github/BattleGame/assets/scripts/GameManager.ts.
09:52:26.968 debug: Resolve file:///D:/Works/Github/BattleGame/assets/scripts/Obstacle.ts from cce:/internal/x/prerequisite-imports as file:///D:/Works/Github/BattleGame/assets/scripts/Obstacle.ts.
09:52:26.968 debug: Resolve file:///D:/Works/Github/BattleGame/assets/scripts/ObstacleCircle.ts from cce:/internal/x/prerequisite-imports as file:///D:/Works/Github/BattleGame/assets/scripts/ObstacleCircle.ts.
09:52:26.968 debug: Resolve file:///D:/Works/Github/BattleGame/assets/scripts/ObstacleRect.ts from cce:/internal/x/prerequisite-imports as file:///D:/Works/Github/BattleGame/assets/scripts/ObstacleRect.ts.
09:52:26.968 debug: Resolve file:///D:/Works/Github/BattleGame/assets/scripts/RandomAnimcationOffset.ts from cce:/internal/x/prerequisite-imports as file:///D:/Works/Github/BattleGame/assets/scripts/RandomAnimcationOffset.ts.
09:52:26.969 debug: Resolve file:///D:/Works/Github/BattleGame/assets/scripts/Unit.ts from cce:/internal/x/prerequisite-imports as file:///D:/Works/Github/BattleGame/assets/scripts/Unit.ts.
09:52:26.969 debug: Resolve file:///D:/Works/Github/BattleGame/assets/scripts/UnitProps.ts from cce:/internal/x/prerequisite-imports as file:///D:/Works/Github/BattleGame/assets/scripts/UnitProps.ts.
09:52:26.969 debug: Resolve file:///D:/Works/Github/BattleGame/assets/scripts/UnitSpawner.ts from cce:/internal/x/prerequisite-imports as file:///D:/Works/Github/BattleGame/assets/scripts/UnitSpawner.ts.
09:52:26.969 debug: Resolve file:///D:/Works/Github/BattleGame/assets/scripts/rvo/RVO.ts from cce:/internal/x/prerequisite-imports as file:///D:/Works/Github/BattleGame/assets/scripts/rvo/RVO.ts.
09:52:26.979 debug: Target(editor) ends with cost 31.6378999999979ms.
09:52:26.979 debug: Target(preview) build started.
09:52:26.980 debug: Detected change: cce:/internal/x/prerequisite-imports. Last mtime: Thu Jan 01 1970 07:00:16 GMT+0700 (Indochina Time), Current mtime: Thu Jan 01 1970 07:00:19 GMT+0700 (Indochina Time)
09:52:26.980 debug: Inspect cce:/internal/x/prerequisite-imports
09:52:26.992 debug: transform url: 'cce:/internal/x/prerequisite-imports' costs: 11.30 ms
09:52:26.993 debug: Resolve file:///C:/ProgramData/cocos/editors/Creator/3.8.8/resources/resources/3d/engine/editor/assets/default_renderpipeline/builtin-dof-pass.ts from cce:/internal/x/prerequisite-imports as file:///C:/ProgramData/cocos/editors/Creator/3.8.8/resources/resources/3d/engine/editor/assets/default_renderpipeline/builtin-dof-pass.ts.
09:52:26.994 debug: Resolve file:///C:/ProgramData/cocos/editors/Creator/3.8.8/resources/resources/3d/engine/editor/assets/default_renderpipeline/builtin-pipeline-pass.ts from cce:/internal/x/prerequisite-imports as file:///C:/ProgramData/cocos/editors/Creator/3.8.8/resources/resources/3d/engine/editor/assets/default_renderpipeline/builtin-pipeline-pass.ts.
09:52:26.994 debug: Resolve file:///C:/ProgramData/cocos/editors/Creator/3.8.8/resources/resources/3d/engine/editor/assets/default_renderpipeline/builtin-pipeline-settings.ts from cce:/internal/x/prerequisite-imports as file:///C:/ProgramData/cocos/editors/Creator/3.8.8/resources/resources/3d/engine/editor/assets/default_renderpipeline/builtin-pipeline-settings.ts.
09:52:26.995 debug: Resolve file:///C:/ProgramData/cocos/editors/Creator/3.8.8/resources/resources/3d/engine/editor/assets/default_renderpipeline/builtin-pipeline-types.ts from cce:/internal/x/prerequisite-imports as file:///C:/ProgramData/cocos/editors/Creator/3.8.8/resources/resources/3d/engine/editor/assets/default_renderpipeline/builtin-pipeline-types.ts.
09:52:26.995 debug: Resolve file:///C:/ProgramData/cocos/editors/Creator/3.8.8/resources/resources/3d/engine/editor/assets/default_renderpipeline/builtin-pipeline.ts from cce:/internal/x/prerequisite-imports as file:///C:/ProgramData/cocos/editors/Creator/3.8.8/resources/resources/3d/engine/editor/assets/default_renderpipeline/builtin-pipeline.ts.
09:52:26.996 debug: Resolve file:///C:/ProgramData/cocos/editors/Creator/3.8.8/resources/resources/3d/engine/editor/assets/tools/debug-view-runtime-control.ts from cce:/internal/x/prerequisite-imports as file:///C:/ProgramData/cocos/editors/Creator/3.8.8/resources/resources/3d/engine/editor/assets/tools/debug-view-runtime-control.ts.
09:52:26.996 debug: Resolve file:///D:/Works/Github/BattleGame/assets/scripts/EnemyFinder.ts from cce:/internal/x/prerequisite-imports as file:///D:/Works/Github/BattleGame/assets/scripts/EnemyFinder.ts.
09:52:26.996 debug: Resolve file:///D:/Works/Github/BattleGame/assets/scripts/GameManager.ts from cce:/internal/x/prerequisite-imports as file:///D:/Works/Github/BattleGame/assets/scripts/GameManager.ts.
09:52:26.996 debug: Resolve file:///D:/Works/Github/BattleGame/assets/scripts/Obstacle.ts from cce:/internal/x/prerequisite-imports as file:///D:/Works/Github/BattleGame/assets/scripts/Obstacle.ts.
09:52:26.997 debug: Resolve file:///D:/Works/Github/BattleGame/assets/scripts/ObstacleCircle.ts from cce:/internal/x/prerequisite-imports as file:///D:/Works/Github/BattleGame/assets/scripts/ObstacleCircle.ts.
09:52:26.997 debug: Resolve file:///D:/Works/Github/BattleGame/assets/scripts/ObstacleRect.ts from cce:/internal/x/prerequisite-imports as file:///D:/Works/Github/BattleGame/assets/scripts/ObstacleRect.ts.
09:52:26.997 debug: Resolve file:///D:/Works/Github/BattleGame/assets/scripts/RandomAnimcationOffset.ts from cce:/internal/x/prerequisite-imports as file:///D:/Works/Github/BattleGame/assets/scripts/RandomAnimcationOffset.ts.
09:52:26.997 debug: Resolve file:///D:/Works/Github/BattleGame/assets/scripts/Unit.ts from cce:/internal/x/prerequisite-imports as file:///D:/Works/Github/BattleGame/assets/scripts/Unit.ts.
09:52:26.998 debug: Resolve file:///D:/Works/Github/BattleGame/assets/scripts/UnitProps.ts from cce:/internal/x/prerequisite-imports as file:///D:/Works/Github/BattleGame/assets/scripts/UnitProps.ts.
09:52:26.998 debug: Resolve file:///D:/Works/Github/BattleGame/assets/scripts/UnitSpawner.ts from cce:/internal/x/prerequisite-imports as file:///D:/Works/Github/BattleGame/assets/scripts/UnitSpawner.ts.
09:52:26.998 debug: Resolve file:///D:/Works/Github/BattleGame/assets/scripts/rvo/RVO.ts from cce:/internal/x/prerequisite-imports as file:///D:/Works/Github/BattleGame/assets/scripts/rvo/RVO.ts.
09:52:27.007 debug: Target(preview) ends with cost 28.04739999999947ms.
