5-16-2026 00:07:53-log: Cannot access game frame or container.
5-16-2026 00:07:53-debug: asset-db:require-engine-code (771ms)
5-16-2026 00:07:53-log: meshopt wasm decoder initialized
5-16-2026 00:07:53-log: [bullet]:bullet wasm lib loaded.
5-16-2026 00:07:53-log: [box2d]:box2d wasm lib loaded.
5-16-2026 00:07:53-log: Forward render pipeline initialized.
5-16-2026 00:07:53-log: Using legacy pipeline
5-16-2026 00:07:53-log: Cocos Creator v3.8.8
5-16-2026 00:07:53-debug: [Assets Memory track]: asset-db:worker-init: initEngine start:31.46MB, end 79.05MB, increase: 47.59MB
5-16-2026 00:07:55-debug: [Assets Memory track]: asset-db:worker-init: initPlugin start:79.11MB, end 319.55MB, increase: 240.44MB
5-16-2026 00:07:55-debug: run package(cocos-service) handler(enable) start
5-16-2026 00:07:55-debug: run package(cocos-service) handler(enable) success!
5-16-2026 00:07:55-debug: run package(im-plugin) handler(enable) success!
5-16-2026 00:07:55-debug: run package(placeholder) handler(enable) success!
5-16-2026 00:07:55-debug: run package(im-plugin) handler(enable) start
5-16-2026 00:07:55-debug: run package(placeholder) handler(enable) start
5-16-2026 00:07:55-debug: asset-db:worker-init: initPlugin (2094ms)
5-16-2026 00:07:55-debug: [Assets Memory track]: asset-db:worker-init start:31.45MB, end 320.13MB, increase: 288.68MB
5-16-2026 00:07:55-debug: Run asset db hook engine-extends:beforePreStart ...
5-16-2026 00:07:55-debug: Run asset db hook engine-extends:beforePreStart success!
5-16-2026 00:07:55-debug: Run asset db hook programming:beforePreStart ...
5-16-2026 00:07:55-debug: Run asset db hook programming:beforePreStart success!
5-16-2026 00:07:55-debug: asset-db:worker-init (3075ms)
5-16-2026 00:07:55-debug: asset-db-hook-programming-beforePreStart (98ms)
5-16-2026 00:07:55-debug: asset-db-hook-engine-extends-beforePreStart (98ms)
5-16-2026 00:07:55-debug: Preimport db internal success
5-16-2026 00:07:55-debug: Preimport db assets success
5-16-2026 00:07:55-debug: Run asset db hook programming:afterPreStart ...
5-16-2026 00:07:55-debug: starting packer-driver...
5-16-2026 00:07:59-debug: initialize scripting environment...
5-16-2026 00:07:59-debug: [[Executor]] prepare before lock
5-16-2026 00:07:59-debug: Set detail map pack:///resolution-detail-map.json: {}
5-16-2026 00:07:59-debug: [[Executor]] prepare after unlock
5-16-2026 00:07:59-debug: Run asset db hook engine-extends:afterPreStart ...
5-16-2026 00:07:59-debug: Run asset db hook programming:afterPreStart success!
5-16-2026 00:07:59-debug: Start up the 'internal' database...
5-16-2026 00:07:59-debug: Run asset db hook engine-extends:afterPreStart success!
5-16-2026 00:07:59-debug: asset-db:worker-effect-data-processing (351ms)
5-16-2026 00:07:59-debug: asset-db-hook-engine-extends-afterPreStart (352ms)
5-16-2026 00:07:59-debug: asset-db-hook-programming-afterPreStart (4039ms)
5-16-2026 00:07:59-debug: Run asset db hook engine-extends:afterStartDB ...
5-16-2026 00:08:00-debug: recompile effect.bin success
5-16-2026 00:08:00-debug: Run asset db hook engine-extends:afterStartDB success!
5-16-2026 00:08:00-debug: Start up the 'assets' database...
5-16-2026 00:08:00-debug: asset-db:worker-effect-data-processing (318ms)
5-16-2026 00:08:00-debug: asset-db-hook-engine-extends-afterStartDB (318ms)
5-16-2026 00:08:00-debug: Run asset db hook engine-extends:afterStartDB ...
5-16-2026 00:08:00-debug: recompile effect.bin success
5-16-2026 00:08:00-debug: Run asset db hook engine-extends:afterStartDB success!
5-16-2026 00:08:00-debug: [Assets Memory track]: asset-db:worker-init: startup start:199.36MB, end 215.63MB, increase: 16.27MB
5-16-2026 00:08:00-debug: lazy register asset handler *
5-16-2026 00:08:00-debug: lazy register asset handler directory
5-16-2026 00:08:00-debug: lazy register asset handler spine-data
5-16-2026 00:08:00-debug: lazy register asset handler text
5-16-2026 00:08:00-debug: lazy register asset handler json
5-16-2026 00:08:00-debug: lazy register asset handler dragonbones
5-16-2026 00:08:00-debug: lazy register asset handler dragonbones-atlas
5-16-2026 00:08:00-debug: lazy register asset handler terrain
5-16-2026 00:08:00-debug: lazy register asset handler typescript
5-16-2026 00:08:00-debug: lazy register asset handler scene
5-16-2026 00:08:00-debug: lazy register asset handler prefab
5-16-2026 00:08:00-debug: lazy register asset handler sprite-frame
5-16-2026 00:08:00-debug: lazy register asset handler javascript
5-16-2026 00:08:00-debug: lazy register asset handler buffer
5-16-2026 00:08:00-debug: lazy register asset handler sign-image
5-16-2026 00:08:00-debug: lazy register asset handler image
5-16-2026 00:08:00-debug: lazy register asset handler tiled-map
5-16-2026 00:08:00-debug: lazy register asset handler alpha-image
5-16-2026 00:08:00-debug: lazy register asset handler texture-cube
5-16-2026 00:08:00-debug: lazy register asset handler render-texture
5-16-2026 00:08:00-debug: lazy register asset handler erp-texture-cube
5-16-2026 00:08:00-debug: lazy register asset handler gltf
5-16-2026 00:08:00-debug: lazy register asset handler rt-sprite-frame
5-16-2026 00:08:00-debug: lazy register asset handler texture
5-16-2026 00:08:00-debug: lazy register asset handler texture-cube-face
5-16-2026 00:08:00-debug: lazy register asset handler gltf-skeleton
5-16-2026 00:08:00-debug: lazy register asset handler gltf-animation
5-16-2026 00:08:00-debug: lazy register asset handler gltf-material
5-16-2026 00:08:00-debug: lazy register asset handler gltf-embeded-image
5-16-2026 00:08:00-debug: lazy register asset handler gltf-mesh
5-16-2026 00:08:00-debug: lazy register asset handler gltf-scene
5-16-2026 00:08:00-debug: lazy register asset handler fbx
5-16-2026 00:08:00-debug: lazy register asset handler material
5-16-2026 00:08:00-debug: lazy register asset handler effect
5-16-2026 00:08:00-debug: lazy register asset handler effect-header
5-16-2026 00:08:00-debug: lazy register asset handler animation-clip
5-16-2026 00:08:00-debug: lazy register asset handler audio-clip
5-16-2026 00:08:00-debug: lazy register asset handler animation-graph
5-16-2026 00:08:00-debug: lazy register asset handler physics-material
5-16-2026 00:08:00-debug: lazy register asset handler animation-graph-variant
5-16-2026 00:08:00-debug: lazy register asset handler bitmap-font
5-16-2026 00:08:00-debug: lazy register asset handler ttf-font
5-16-2026 00:08:00-debug: lazy register asset handler animation-mask
5-16-2026 00:08:00-debug: lazy register asset handler sprite-atlas
5-16-2026 00:08:00-debug: lazy register asset handler particle
5-16-2026 00:08:00-debug: lazy register asset handler auto-atlas
5-16-2026 00:08:00-debug: lazy register asset handler label-atlas
5-16-2026 00:08:00-debug: lazy register asset handler render-pipeline
5-16-2026 00:08:00-debug: lazy register asset handler render-stage
5-16-2026 00:08:00-debug: lazy register asset handler render-flow
5-16-2026 00:08:00-debug: lazy register asset handler instantiation-mesh
5-16-2026 00:08:00-debug: lazy register asset handler instantiation-material
5-16-2026 00:08:00-debug: lazy register asset handler instantiation-animation
5-16-2026 00:08:00-debug: lazy register asset handler video-clip
5-16-2026 00:08:00-debug: lazy register asset handler instantiation-skeleton
5-16-2026 00:08:00-debug: asset-db:worker-effect-data-processing (315ms)
5-16-2026 00:08:00-debug: asset-db-hook-engine-extends-afterStartDB (316ms)
5-16-2026 00:08:00-debug: asset-db:start-database (4905ms)
5-16-2026 00:08:00-debug: asset-db:ready (10551ms)
5-16-2026 00:08:00-debug: init worker message success
5-16-2026 00:08:00-debug: programming:execute-script (3ms)
5-16-2026 00:08:00-debug: [Build Memory track]: builder:worker-init start:219.58MB, end 227.45MB, increase: 7.86MB
5-16-2026 00:08:00-debug: builder:worker-init (356ms)
5-16-2026 00:18:36-debug: Query all assets info in project
5-16-2026 00:18:36-debug: init custom config: keepNodeUuid: false, useCache: true
5-16-2026 00:18:36-debug: Skip compress image, progress: 0%
5-16-2026 00:18:36-debug: Init all bundles start..., progress: 0%
5-16-2026 00:18:36-debug: // ---- build task Query asset bundle ----
5-16-2026 00:18:36-debug: Num of bundles: 2..., progress: 0%
5-16-2026 00:18:36-debug: Query asset bundle start, progress: 0%
5-16-2026 00:18:36-debug: Init bundle root assets start..., progress: 0%
5-16-2026 00:18:36-debug:   Number of all scenes: 2
5-16-2026 00:18:36-debug: Query preload assets/scripts from cc.config.json: 60f7195c-ec2a-45eb-ba94-8955f60e81d0,1c02ae6f-4492-4915-b8f8-7492a3b1e4cd,810e96e4-e456-4468-9b59-f4e8f39732c0,efe8e2a3-eace-427b-b4f1-cb8a937ec77d,e9aa9a3e-5b2b-4ac7-a2c7-073de2b2b24f,8bbdbcdd-5cd4-4100-b6d5-b7c9625b6107,50f4348b-c883-4e2f-8f11-ce233b859fa1,fda095cb-831d-4601-ad94-846013963de8,f92806d7-1768-443f-afe8-12bcde84d0f0,dd3a144d-ab7f-41f0-82b8-2e43a090d496,f0416e68-0200-4b77-a926-4f9d16e494da,511d2633-09a7-4bdd-ac42-f778032124b3,5d45aa00-e064-4938-b314-4265f0c2258c,9361fd90-ba52-4f84-aa93-6e878fd576ca,970b0598-bcb0-4714-91fb-2e81440dccd8,bcd64cc6-2dd9-43f6-abbe-66318d332032,d930590d-bb92-4cc8-8bd1-23cd027f9edf,a3cd009f-0ab0-420d-9278-b9fdab939bbc,6a2d0734-bd9e-4ddf-946e-caa52498cb75,d1346436-ac96-4271-b863-1f4fdead95b0,971bdb23-3ff6-43eb-b422-1c30165a3663,17debcc3-0a6b-4b8a-b00b-dc58b885581e,711ebe11-f673-4cd9-9a83-63c60ba54c5b,c0143906-9aed-447e-9436-2ae8512d1b6e,14da1725-c4c2-42b4-ab08-ee0aeb6898b3,081cab31-dccd-428e-8652-f2404cc81c47,78e0584a-4343-4727-8f37-e14e65c2a2db,871c3b6c-7379-419d-bda3-794b239ab90d,ff9b0199-ce04-4cfe-86cc-6c719f08d6e4,de1c2107-70c8-4021-8459-6399f24d01c6,cbf30902-517f-40dc-af90-a550bac27cf1,5c601d96-e4c7-4698-991b-7ee674b11079
5-16-2026 00:18:36-debug: Init bundle root assets success..., progress: 0%
5-16-2026 00:18:36-debug:   Number of all scripts: 17
5-16-2026 00:18:36-debug:   Number of other assets: 364
5-16-2026 00:18:36-debug: // ---- build task Query asset bundle ---- (19ms)
5-16-2026 00:18:36-log: run build task Query asset bundle success in 19 ms√, progress: 5%
5-16-2026 00:18:36-debug: // ---- build task Query asset bundle ----
5-16-2026 00:18:36-debug: [Build Memory track]: Query asset bundle start:221.10MB, end 221.08MB, increase: -20.11KB
5-16-2026 00:18:36-debug: Query asset bundle start, progress: 5%
5-16-2026 00:18:36-debug: // ---- build task Query asset bundle ---- (10ms)
5-16-2026 00:18:36-debug: [Build Memory track]: Query asset bundle start:221.12MB, end 221.27MB, increase: 146.38KB
5-16-2026 00:18:36-log: run build task Query asset bundle success in 10 ms√, progress: 10%
5-16-2026 00:18:36-debug: Sort some build options to settings.json start, progress: 10%
5-16-2026 00:18:36-debug: // ---- build task Sort some build options to settings.json ----
5-16-2026 00:18:36-debug: // ---- build task Sort some build options to settings.json ---- (5ms)
5-16-2026 00:18:36-debug: Fill script data to settings start, progress: 12%
5-16-2026 00:18:36-log: run build task Sort some build options to settings.json success in 5 ms√, progress: 12%
5-16-2026 00:18:36-debug: [Build Memory track]: Sort some build options to settings.json start:221.31MB, end 221.34MB, increase: 34.13KB
5-16-2026 00:18:36-debug: // ---- build task Fill script data to settings ----
5-16-2026 00:18:36-debug: // ---- build task Fill script data to settings ---- (3ms)
5-16-2026 00:18:36-log: run build task Fill script data to settings success in 3 ms√, progress: 13%
5-16-2026 00:18:36-debug: [Build Memory track]: Fill script data to settings start:221.38MB, end 221.42MB, increase: 33.53KB
5-16-2026 00:18:37-debug: // ---- build task Sort some build options to settings.json ----
5-16-2026 00:18:37-debug: Sort some build options to settings.json start, progress: 13%
5-16-2026 00:18:37-debug: // ---- build task Sort some build options to settings.json ---- (11ms)
5-16-2026 00:18:37-log: run build task Sort some build options to settings.json success in 11 ms√, progress: 15%
5-16-2026 00:18:37-debug: [Build Memory track]: Sort some build options to settings.json start:221.46MB, end 221.60MB, increase: 148.87KB
5-16-2026 00:23:52-debug: Query all assets info in project
5-16-2026 00:23:52-debug: init custom config: keepNodeUuid: false, useCache: true
5-16-2026 00:23:52-debug: Skip compress image, progress: 0%
5-16-2026 00:23:52-debug: Init all bundles start..., progress: 0%
5-16-2026 00:23:52-debug: // ---- build task Query asset bundle ----
5-16-2026 00:23:52-debug: Num of bundles: 2..., progress: 0%
5-16-2026 00:23:52-debug: Query asset bundle start, progress: 0%
5-16-2026 00:23:52-debug: Init bundle root assets start..., progress: 0%
5-16-2026 00:23:52-debug: Query preload assets/scripts from cc.config.json: 60f7195c-ec2a-45eb-ba94-8955f60e81d0,1c02ae6f-4492-4915-b8f8-7492a3b1e4cd,810e96e4-e456-4468-9b59-f4e8f39732c0,efe8e2a3-eace-427b-b4f1-cb8a937ec77d,e9aa9a3e-5b2b-4ac7-a2c7-073de2b2b24f,8bbdbcdd-5cd4-4100-b6d5-b7c9625b6107,50f4348b-c883-4e2f-8f11-ce233b859fa1,fda095cb-831d-4601-ad94-846013963de8,f92806d7-1768-443f-afe8-12bcde84d0f0,dd3a144d-ab7f-41f0-82b8-2e43a090d496,f0416e68-0200-4b77-a926-4f9d16e494da,511d2633-09a7-4bdd-ac42-f778032124b3,5d45aa00-e064-4938-b314-4265f0c2258c,9361fd90-ba52-4f84-aa93-6e878fd576ca,970b0598-bcb0-4714-91fb-2e81440dccd8,bcd64cc6-2dd9-43f6-abbe-66318d332032,d930590d-bb92-4cc8-8bd1-23cd027f9edf,a3cd009f-0ab0-420d-9278-b9fdab939bbc,6a2d0734-bd9e-4ddf-946e-caa52498cb75,d1346436-ac96-4271-b863-1f4fdead95b0,971bdb23-3ff6-43eb-b422-1c30165a3663,17debcc3-0a6b-4b8a-b00b-dc58b885581e,711ebe11-f673-4cd9-9a83-63c60ba54c5b,c0143906-9aed-447e-9436-2ae8512d1b6e,14da1725-c4c2-42b4-ab08-ee0aeb6898b3,081cab31-dccd-428e-8652-f2404cc81c47,78e0584a-4343-4727-8f37-e14e65c2a2db,871c3b6c-7379-419d-bda3-794b239ab90d,ff9b0199-ce04-4cfe-86cc-6c719f08d6e4,de1c2107-70c8-4021-8459-6399f24d01c6,cbf30902-517f-40dc-af90-a550bac27cf1,5c601d96-e4c7-4698-991b-7ee674b11079
5-16-2026 00:23:52-debug:   Number of other assets: 364
5-16-2026 00:23:52-debug: Init bundle root assets success..., progress: 0%
5-16-2026 00:23:52-debug:   Number of all scenes: 2
5-16-2026 00:23:52-debug:   Number of all scripts: 17
5-16-2026 00:23:52-debug: // ---- build task Query asset bundle ---- (16ms)
5-16-2026 00:23:52-log: run build task Query asset bundle success in 16 ms√, progress: 5%
5-16-2026 00:23:52-debug: [Build Memory track]: Query asset bundle start:221.83MB, end 221.59MB, increase: -242.22KB
5-16-2026 00:23:52-debug: Query asset bundle start, progress: 5%
5-16-2026 00:23:52-debug: // ---- build task Query asset bundle ----
5-16-2026 00:23:52-debug: // ---- build task Query asset bundle ---- (14ms)
5-16-2026 00:23:52-debug: [Build Memory track]: Query asset bundle start:221.63MB, end 221.75MB, increase: 121.29KB
5-16-2026 00:23:52-log: run build task Query asset bundle success in 14 ms√, progress: 10%
5-16-2026 00:23:52-debug: Sort some build options to settings.json start, progress: 10%
5-16-2026 00:23:52-debug: // ---- build task Sort some build options to settings.json ----
5-16-2026 00:23:52-debug: // ---- build task Sort some build options to settings.json ---- (7ms)
5-16-2026 00:23:52-log: run build task Sort some build options to settings.json success in 7 ms√, progress: 12%
5-16-2026 00:23:52-debug: [Build Memory track]: Sort some build options to settings.json start:221.80MB, end 221.83MB, increase: 34.02KB
5-16-2026 00:23:52-debug: // ---- build task Fill script data to settings ----
5-16-2026 00:23:52-debug: Fill script data to settings start, progress: 12%
5-16-2026 00:23:52-debug: // ---- build task Fill script data to settings ---- (3ms)
5-16-2026 00:23:52-log: run build task Fill script data to settings success in 3 ms√, progress: 13%
5-16-2026 00:23:52-debug: [Build Memory track]: Fill script data to settings start:221.87MB, end 221.91MB, increase: 37.63KB
5-16-2026 00:23:52-debug: // ---- build task Sort some build options to settings.json ----
5-16-2026 00:23:52-debug: Sort some build options to settings.json start, progress: 13%
5-16-2026 00:23:52-debug: // ---- build task Sort some build options to settings.json ---- (18ms)
5-16-2026 00:23:52-log: run build task Sort some build options to settings.json success in 18 ms√, progress: 15%
5-16-2026 00:23:52-debug: [Build Memory track]: Sort some build options to settings.json start:221.95MB, end 221.41MB, increase: -556.63KB
5-16-2026 00:23:56-debug: refresh db internal success
5-16-2026 00:23:56-debug: refresh db assets success
5-16-2026 00:23:56-debug: Run asset db hook engine-extends:afterRefresh ...
5-16-2026 00:23:56-debug: Run asset db hook engine-extends:afterRefresh success!
5-16-2026 00:23:56-debug: asset-db:refresh-all-database (86ms)
5-16-2026 00:23:56-debug: asset-db:worker-effect-data-processing (3ms)
5-16-2026 00:23:56-debug: asset-db-hook-engine-extends-afterRefresh (3ms)
5-16-2026 00:24:06-debug: %cImport%c: F:\Github\BattleGame\assets\Test.scenebackground: #aaff85; color: #000;color: #000;
5-16-2026 00:24:06-debug: asset-db:reimport-asset1effe86e-a401-4769-9dbc-62218c68834d (30ms)
5-16-2026 00:24:07-debug: Query all assets info in project
5-16-2026 00:24:07-debug: init custom config: keepNodeUuid: false, useCache: true
5-16-2026 00:24:07-debug: Skip compress image, progress: 0%
5-16-2026 00:24:07-debug: Init all bundles start..., progress: 0%
5-16-2026 00:24:07-debug: Num of bundles: 2..., progress: 0%
5-16-2026 00:24:07-debug: Query asset bundle start, progress: 0%
5-16-2026 00:24:07-debug: // ---- build task Query asset bundle ----
5-16-2026 00:24:07-debug: Init bundle root assets start..., progress: 0%
5-16-2026 00:24:07-debug: Query preload assets/scripts from cc.config.json: 60f7195c-ec2a-45eb-ba94-8955f60e81d0,1c02ae6f-4492-4915-b8f8-7492a3b1e4cd,810e96e4-e456-4468-9b59-f4e8f39732c0,efe8e2a3-eace-427b-b4f1-cb8a937ec77d,e9aa9a3e-5b2b-4ac7-a2c7-073de2b2b24f,8bbdbcdd-5cd4-4100-b6d5-b7c9625b6107,50f4348b-c883-4e2f-8f11-ce233b859fa1,fda095cb-831d-4601-ad94-846013963de8,f92806d7-1768-443f-afe8-12bcde84d0f0,dd3a144d-ab7f-41f0-82b8-2e43a090d496,f0416e68-0200-4b77-a926-4f9d16e494da,511d2633-09a7-4bdd-ac42-f778032124b3,5d45aa00-e064-4938-b314-4265f0c2258c,9361fd90-ba52-4f84-aa93-6e878fd576ca,970b0598-bcb0-4714-91fb-2e81440dccd8,bcd64cc6-2dd9-43f6-abbe-66318d332032,d930590d-bb92-4cc8-8bd1-23cd027f9edf,a3cd009f-0ab0-420d-9278-b9fdab939bbc,6a2d0734-bd9e-4ddf-946e-caa52498cb75,d1346436-ac96-4271-b863-1f4fdead95b0,971bdb23-3ff6-43eb-b422-1c30165a3663,17debcc3-0a6b-4b8a-b00b-dc58b885581e,711ebe11-f673-4cd9-9a83-63c60ba54c5b,c0143906-9aed-447e-9436-2ae8512d1b6e,14da1725-c4c2-42b4-ab08-ee0aeb6898b3,081cab31-dccd-428e-8652-f2404cc81c47,78e0584a-4343-4727-8f37-e14e65c2a2db,871c3b6c-7379-419d-bda3-794b239ab90d,ff9b0199-ce04-4cfe-86cc-6c719f08d6e4,de1c2107-70c8-4021-8459-6399f24d01c6,cbf30902-517f-40dc-af90-a550bac27cf1,5c601d96-e4c7-4698-991b-7ee674b11079
5-16-2026 00:24:07-debug: Init bundle root assets success..., progress: 0%
5-16-2026 00:24:07-debug:   Number of all scenes: 2
5-16-2026 00:24:07-debug:   Number of all scripts: 17
5-16-2026 00:24:07-debug:   Number of other assets: 364
5-16-2026 00:24:07-debug: // ---- build task Query asset bundle ---- (11ms)
5-16-2026 00:24:07-log: run build task Query asset bundle success in 11 ms√, progress: 5%
5-16-2026 00:24:07-debug: [Build Memory track]: Query asset bundle start:223.47MB, end 223.29MB, increase: -186.70KB
5-16-2026 00:24:07-debug: Query asset bundle start, progress: 5%
5-16-2026 00:24:07-debug: // ---- build task Query asset bundle ----
5-16-2026 00:24:07-debug: // ---- build task Query asset bundle ---- (5ms)
5-16-2026 00:24:07-log: run build task Query asset bundle success in 5 ms√, progress: 10%
5-16-2026 00:24:07-debug: Sort some build options to settings.json start, progress: 10%
5-16-2026 00:24:07-debug: [Build Memory track]: Query asset bundle start:223.33MB, end 223.44MB, increase: 121.54KB
5-16-2026 00:24:07-debug: // ---- build task Sort some build options to settings.json ----
5-16-2026 00:24:07-debug: // ---- build task Sort some build options to settings.json ---- (3ms)
5-16-2026 00:24:07-log: run build task Sort some build options to settings.json success in 3 ms√, progress: 12%
5-16-2026 00:24:07-debug: [Build Memory track]: Sort some build options to settings.json start:223.48MB, end 223.52MB, increase: 33.23KB
5-16-2026 00:24:07-debug: Fill script data to settings start, progress: 12%
5-16-2026 00:24:07-debug: // ---- build task Fill script data to settings ----
5-16-2026 00:24:07-debug: // ---- build task Fill script data to settings ---- (5ms)
5-16-2026 00:24:07-log: run build task Fill script data to settings success in 5 ms√, progress: 13%
5-16-2026 00:24:07-debug: [Build Memory track]: Fill script data to settings start:223.55MB, end 223.59MB, increase: 32.66KB
5-16-2026 00:24:07-debug: Sort some build options to settings.json start, progress: 13%
5-16-2026 00:24:07-debug: // ---- build task Sort some build options to settings.json ----
5-16-2026 00:24:07-debug: // ---- build task Sort some build options to settings.json ---- (9ms)
5-16-2026 00:24:07-log: run build task Sort some build options to settings.json success in 9 ms√, progress: 15%
5-16-2026 00:24:07-debug: [Build Memory track]: Sort some build options to settings.json start:223.62MB, end 223.76MB, increase: 139.51KB
5-16-2026 00:27:05-debug: Query all assets info in project
5-16-2026 00:27:05-debug: init custom config: keepNodeUuid: false, useCache: true
5-16-2026 00:27:05-debug: Skip compress image, progress: 0%
5-16-2026 00:27:05-debug: Init all bundles start..., progress: 0%
5-16-2026 00:27:05-debug: Query asset bundle start, progress: 0%
5-16-2026 00:27:05-debug: // ---- build task Query asset bundle ----
5-16-2026 00:27:05-debug: Num of bundles: 2..., progress: 0%
5-16-2026 00:27:05-debug: Init bundle root assets start..., progress: 0%
5-16-2026 00:27:05-debug:   Number of all scenes: 2
5-16-2026 00:27:05-debug: Query preload assets/scripts from cc.config.json: 60f7195c-ec2a-45eb-ba94-8955f60e81d0,1c02ae6f-4492-4915-b8f8-7492a3b1e4cd,810e96e4-e456-4468-9b59-f4e8f39732c0,efe8e2a3-eace-427b-b4f1-cb8a937ec77d,e9aa9a3e-5b2b-4ac7-a2c7-073de2b2b24f,8bbdbcdd-5cd4-4100-b6d5-b7c9625b6107,50f4348b-c883-4e2f-8f11-ce233b859fa1,fda095cb-831d-4601-ad94-846013963de8,f92806d7-1768-443f-afe8-12bcde84d0f0,dd3a144d-ab7f-41f0-82b8-2e43a090d496,f0416e68-0200-4b77-a926-4f9d16e494da,511d2633-09a7-4bdd-ac42-f778032124b3,5d45aa00-e064-4938-b314-4265f0c2258c,9361fd90-ba52-4f84-aa93-6e878fd576ca,970b0598-bcb0-4714-91fb-2e81440dccd8,bcd64cc6-2dd9-43f6-abbe-66318d332032,d930590d-bb92-4cc8-8bd1-23cd027f9edf,a3cd009f-0ab0-420d-9278-b9fdab939bbc,6a2d0734-bd9e-4ddf-946e-caa52498cb75,d1346436-ac96-4271-b863-1f4fdead95b0,971bdb23-3ff6-43eb-b422-1c30165a3663,17debcc3-0a6b-4b8a-b00b-dc58b885581e,711ebe11-f673-4cd9-9a83-63c60ba54c5b,c0143906-9aed-447e-9436-2ae8512d1b6e,14da1725-c4c2-42b4-ab08-ee0aeb6898b3,081cab31-dccd-428e-8652-f2404cc81c47,78e0584a-4343-4727-8f37-e14e65c2a2db,871c3b6c-7379-419d-bda3-794b239ab90d,ff9b0199-ce04-4cfe-86cc-6c719f08d6e4,de1c2107-70c8-4021-8459-6399f24d01c6,cbf30902-517f-40dc-af90-a550bac27cf1,5c601d96-e4c7-4698-991b-7ee674b11079
5-16-2026 00:27:05-debug: Init bundle root assets success..., progress: 0%
5-16-2026 00:27:05-debug:   Number of other assets: 364
5-16-2026 00:27:05-debug:   Number of all scripts: 17
5-16-2026 00:27:05-debug: // ---- build task Query asset bundle ---- (16ms)
5-16-2026 00:27:05-log: run build task Query asset bundle success in 16 ms√, progress: 5%
5-16-2026 00:27:05-debug: [Build Memory track]: Query asset bundle start:223.85MB, end 223.74MB, increase: -106.88KB
5-16-2026 00:27:05-debug: Query asset bundle start, progress: 5%
5-16-2026 00:27:05-debug: // ---- build task Query asset bundle ----
5-16-2026 00:27:05-debug: // ---- build task Query asset bundle ---- (14ms)
5-16-2026 00:27:05-log: run build task Query asset bundle success in 14 ms√, progress: 10%
5-16-2026 00:27:05-debug: [Build Memory track]: Query asset bundle start:223.79MB, end 223.17MB, increase: -630.68KB
5-16-2026 00:27:05-debug: // ---- build task Sort some build options to settings.json ----
5-16-2026 00:27:05-debug: Sort some build options to settings.json start, progress: 10%
5-16-2026 00:27:05-debug: // ---- build task Sort some build options to settings.json ---- (5ms)
5-16-2026 00:27:05-log: run build task Sort some build options to settings.json success in 5 ms√, progress: 12%
5-16-2026 00:27:05-debug: [Build Memory track]: Sort some build options to settings.json start:223.22MB, end 223.25MB, increase: 33.26KB
5-16-2026 00:27:05-debug: // ---- build task Fill script data to settings ----
5-16-2026 00:27:05-debug: Fill script data to settings start, progress: 12%
5-16-2026 00:27:05-debug: // ---- build task Fill script data to settings ---- (3ms)
5-16-2026 00:27:05-log: run build task Fill script data to settings success in 3 ms√, progress: 13%
5-16-2026 00:27:05-debug: [Build Memory track]: Fill script data to settings start:223.29MB, end 223.32MB, increase: 32.77KB
5-16-2026 00:27:05-debug: // ---- build task Sort some build options to settings.json ----
5-16-2026 00:27:05-debug: Sort some build options to settings.json start, progress: 13%
5-16-2026 00:27:05-debug: // ---- build task Sort some build options to settings.json ---- (13ms)
5-16-2026 00:27:05-log: run build task Sort some build options to settings.json success in 13 ms√, progress: 15%
5-16-2026 00:27:05-debug: [Build Memory track]: Sort some build options to settings.json start:223.36MB, end 223.49MB, increase: 133.10KB
5-16-2026 00:27:07-debug: refresh db internal success
5-16-2026 00:27:07-debug: Run asset db hook engine-extends:afterRefresh ...
5-16-2026 00:27:07-debug: Run asset db hook engine-extends:afterRefresh success!
5-16-2026 00:27:07-debug: refresh db assets success
5-16-2026 00:27:07-debug: asset-db:refresh-all-database (82ms)
5-16-2026 00:27:07-debug: asset-db:worker-effect-data-processing (2ms)
5-16-2026 00:27:07-debug: asset-db-hook-engine-extends-afterRefresh (3ms)
5-16-2026 00:27:11-debug: %cImport%c: F:\Github\BattleGame\assets\Test.scenebackground: #aaff85; color: #000;color: #000;
5-16-2026 00:27:11-debug: asset-db:reimport-asset1effe86e-a401-4769-9dbc-62218c68834d (26ms)
5-16-2026 00:27:12-debug: Query all assets info in project
5-16-2026 00:27:12-debug: init custom config: keepNodeUuid: false, useCache: true
5-16-2026 00:27:12-debug: Skip compress image, progress: 0%
5-16-2026 00:27:12-debug: Num of bundles: 2..., progress: 0%
5-16-2026 00:27:12-debug: Query asset bundle start, progress: 0%
5-16-2026 00:27:12-debug: // ---- build task Query asset bundle ----
5-16-2026 00:27:12-debug: Init all bundles start..., progress: 0%
5-16-2026 00:27:12-debug: Init bundle root assets start..., progress: 0%
5-16-2026 00:27:12-debug: Query preload assets/scripts from cc.config.json: 60f7195c-ec2a-45eb-ba94-8955f60e81d0,1c02ae6f-4492-4915-b8f8-7492a3b1e4cd,810e96e4-e456-4468-9b59-f4e8f39732c0,efe8e2a3-eace-427b-b4f1-cb8a937ec77d,e9aa9a3e-5b2b-4ac7-a2c7-073de2b2b24f,8bbdbcdd-5cd4-4100-b6d5-b7c9625b6107,50f4348b-c883-4e2f-8f11-ce233b859fa1,fda095cb-831d-4601-ad94-846013963de8,f92806d7-1768-443f-afe8-12bcde84d0f0,dd3a144d-ab7f-41f0-82b8-2e43a090d496,f0416e68-0200-4b77-a926-4f9d16e494da,511d2633-09a7-4bdd-ac42-f778032124b3,5d45aa00-e064-4938-b314-4265f0c2258c,9361fd90-ba52-4f84-aa93-6e878fd576ca,970b0598-bcb0-4714-91fb-2e81440dccd8,bcd64cc6-2dd9-43f6-abbe-66318d332032,d930590d-bb92-4cc8-8bd1-23cd027f9edf,a3cd009f-0ab0-420d-9278-b9fdab939bbc,6a2d0734-bd9e-4ddf-946e-caa52498cb75,d1346436-ac96-4271-b863-1f4fdead95b0,971bdb23-3ff6-43eb-b422-1c30165a3663,17debcc3-0a6b-4b8a-b00b-dc58b885581e,711ebe11-f673-4cd9-9a83-63c60ba54c5b,c0143906-9aed-447e-9436-2ae8512d1b6e,14da1725-c4c2-42b4-ab08-ee0aeb6898b3,081cab31-dccd-428e-8652-f2404cc81c47,78e0584a-4343-4727-8f37-e14e65c2a2db,871c3b6c-7379-419d-bda3-794b239ab90d,ff9b0199-ce04-4cfe-86cc-6c719f08d6e4,de1c2107-70c8-4021-8459-6399f24d01c6,cbf30902-517f-40dc-af90-a550bac27cf1,5c601d96-e4c7-4698-991b-7ee674b11079
5-16-2026 00:27:12-debug:   Number of all scenes: 2
5-16-2026 00:27:12-debug:   Number of other assets: 364
5-16-2026 00:27:12-debug: Init bundle root assets success..., progress: 0%
5-16-2026 00:27:12-debug:   Number of all scripts: 17
5-16-2026 00:27:12-debug: // ---- build task Query asset bundle ---- (6ms)
5-16-2026 00:27:12-log: run build task Query asset bundle success in 6 ms√, progress: 5%
5-16-2026 00:27:12-debug: [Build Memory track]: Query asset bundle start:225.82MB, end 224.82MB, increase: -1029.75KB
5-16-2026 00:27:12-debug: Query asset bundle start, progress: 5%
5-16-2026 00:27:12-debug: // ---- build task Query asset bundle ----
5-16-2026 00:27:12-debug: // ---- build task Query asset bundle ---- (4ms)
5-16-2026 00:27:12-log: run build task Query asset bundle success in 4 ms√, progress: 10%
5-16-2026 00:27:12-debug: [Build Memory track]: Query asset bundle start:224.86MB, end 224.98MB, increase: 120.74KB
5-16-2026 00:27:12-debug: // ---- build task Sort some build options to settings.json ----
5-16-2026 00:27:12-debug: Sort some build options to settings.json start, progress: 10%
5-16-2026 00:27:12-debug: // ---- build task Sort some build options to settings.json ---- (2ms)
5-16-2026 00:27:12-log: run build task Sort some build options to settings.json success in 2 ms√, progress: 12%
5-16-2026 00:27:12-debug: [Build Memory track]: Sort some build options to settings.json start:225.02MB, end 225.06MB, increase: 42.14KB
5-16-2026 00:27:12-debug: Fill script data to settings start, progress: 12%
5-16-2026 00:27:12-debug: // ---- build task Fill script data to settings ----
5-16-2026 00:27:12-debug: // ---- build task Fill script data to settings ---- (2ms)
5-16-2026 00:27:12-debug: Sort some build options to settings.json start, progress: 13%
5-16-2026 00:27:12-log: run build task Fill script data to settings success in 2 ms√, progress: 13%
5-16-2026 00:27:12-debug: [Build Memory track]: Fill script data to settings start:225.10MB, end 225.13MB, increase: 32.81KB
5-16-2026 00:27:12-debug: // ---- build task Sort some build options to settings.json ----
5-16-2026 00:27:12-debug: // ---- build task Sort some build options to settings.json ---- (10ms)
5-16-2026 00:27:12-log: run build task Sort some build options to settings.json success in 10 ms√, progress: 15%
5-16-2026 00:27:12-debug: [Build Memory track]: Sort some build options to settings.json start:225.17MB, end 225.30MB, increase: 133.55KB
5-16-2026 00:34:44-debug: Query all assets info in project
5-16-2026 00:34:44-debug: init custom config: keepNodeUuid: false, useCache: true
5-16-2026 00:34:44-debug: Skip compress image, progress: 0%
5-16-2026 00:34:44-debug: Init all bundles start..., progress: 0%
5-16-2026 00:34:44-debug: Num of bundles: 2..., progress: 0%
5-16-2026 00:34:44-debug: // ---- build task Query asset bundle ----
5-16-2026 00:34:44-debug: Query asset bundle start, progress: 0%
5-16-2026 00:34:44-debug: Init bundle root assets start..., progress: 0%
5-16-2026 00:34:44-debug: Query preload assets/scripts from cc.config.json: 60f7195c-ec2a-45eb-ba94-8955f60e81d0,1c02ae6f-4492-4915-b8f8-7492a3b1e4cd,810e96e4-e456-4468-9b59-f4e8f39732c0,efe8e2a3-eace-427b-b4f1-cb8a937ec77d,e9aa9a3e-5b2b-4ac7-a2c7-073de2b2b24f,8bbdbcdd-5cd4-4100-b6d5-b7c9625b6107,50f4348b-c883-4e2f-8f11-ce233b859fa1,fda095cb-831d-4601-ad94-846013963de8,f92806d7-1768-443f-afe8-12bcde84d0f0,dd3a144d-ab7f-41f0-82b8-2e43a090d496,f0416e68-0200-4b77-a926-4f9d16e494da,511d2633-09a7-4bdd-ac42-f778032124b3,5d45aa00-e064-4938-b314-4265f0c2258c,9361fd90-ba52-4f84-aa93-6e878fd576ca,970b0598-bcb0-4714-91fb-2e81440dccd8,bcd64cc6-2dd9-43f6-abbe-66318d332032,d930590d-bb92-4cc8-8bd1-23cd027f9edf,a3cd009f-0ab0-420d-9278-b9fdab939bbc,6a2d0734-bd9e-4ddf-946e-caa52498cb75,d1346436-ac96-4271-b863-1f4fdead95b0,971bdb23-3ff6-43eb-b422-1c30165a3663,17debcc3-0a6b-4b8a-b00b-dc58b885581e,711ebe11-f673-4cd9-9a83-63c60ba54c5b,c0143906-9aed-447e-9436-2ae8512d1b6e,14da1725-c4c2-42b4-ab08-ee0aeb6898b3,081cab31-dccd-428e-8652-f2404cc81c47,78e0584a-4343-4727-8f37-e14e65c2a2db,871c3b6c-7379-419d-bda3-794b239ab90d,ff9b0199-ce04-4cfe-86cc-6c719f08d6e4,de1c2107-70c8-4021-8459-6399f24d01c6,cbf30902-517f-40dc-af90-a550bac27cf1,5c601d96-e4c7-4698-991b-7ee674b11079
5-16-2026 00:34:44-debug:   Number of all scenes: 2
5-16-2026 00:34:44-debug:   Number of all scripts: 17
5-16-2026 00:34:44-debug: Init bundle root assets success..., progress: 0%
5-16-2026 00:34:44-debug:   Number of other assets: 364
5-16-2026 00:34:44-debug: // ---- build task Query asset bundle ---- (16ms)
5-16-2026 00:34:44-debug: [Build Memory track]: Query asset bundle start:225.32MB, end 225.04MB, increase: -284.50KB
5-16-2026 00:34:44-debug: Query asset bundle start, progress: 5%
5-16-2026 00:34:44-debug: // ---- build task Query asset bundle ----
5-16-2026 00:34:44-log: run build task Query asset bundle success in 16 ms√, progress: 5%
5-16-2026 00:34:44-debug: // ---- build task Query asset bundle ---- (14ms)
5-16-2026 00:34:44-log: run build task Query asset bundle success in 14 ms√, progress: 10%
5-16-2026 00:34:44-debug: [Build Memory track]: Query asset bundle start:225.08MB, end 225.20MB, increase: 119.59KB
5-16-2026 00:34:44-debug: // ---- build task Sort some build options to settings.json ----
5-16-2026 00:34:44-debug: Sort some build options to settings.json start, progress: 10%
5-16-2026 00:34:44-log: run build task Sort some build options to settings.json success in 5 ms√, progress: 12%
5-16-2026 00:34:44-debug: [Build Memory track]: Sort some build options to settings.json start:225.24MB, end 225.27MB, increase: 33.30KB
5-16-2026 00:34:44-debug: Fill script data to settings start, progress: 12%
5-16-2026 00:34:44-debug: // ---- build task Sort some build options to settings.json ---- (5ms)
5-16-2026 00:34:44-debug: // ---- build task Fill script data to settings ----
5-16-2026 00:34:44-debug: // ---- build task Fill script data to settings ---- (3ms)
5-16-2026 00:34:44-log: run build task Fill script data to settings success in 3 ms√, progress: 13%
5-16-2026 00:34:44-debug: [Build Memory track]: Fill script data to settings start:225.31MB, end 225.34MB, increase: 33.30KB
5-16-2026 00:34:44-debug: Sort some build options to settings.json start, progress: 13%
5-16-2026 00:34:44-debug: // ---- build task Sort some build options to settings.json ----
5-16-2026 00:34:44-debug: // ---- build task Sort some build options to settings.json ---- (19ms)
5-16-2026 00:34:44-log: run build task Sort some build options to settings.json success in 19 ms√, progress: 15%
5-16-2026 00:34:44-debug: [Build Memory track]: Sort some build options to settings.json start:225.38MB, end 225.51MB, increase: 134.47KB
5-16-2026 02:18:30-debug: refresh db internal success
5-16-2026 02:18:30-debug: refresh db assets success
5-16-2026 02:18:30-debug: Run asset db hook engine-extends:afterRefresh success!
5-16-2026 02:18:30-debug: Run asset db hook engine-extends:afterRefresh ...
5-16-2026 02:18:30-debug: asset-db:refresh-all-database (69ms)
5-16-2026 02:18:30-debug: asset-db:worker-effect-data-processing (2ms)
5-16-2026 02:18:30-debug: asset-db-hook-engine-extends-afterRefresh (2ms)
5-16-2026 02:18:32-debug: %cImport%c: F:\Github\BattleGame\assets\Test.scenebackground: #aaff85; color: #000;color: #000;
5-16-2026 02:18:32-debug: asset-db:reimport-asset1effe86e-a401-4769-9dbc-62218c68834d (24ms)
