5-17-2026 12:18:20-log: Cannot access game frame or container.
5-17-2026 12:18:21-debug: asset-db:require-engine-code (2149ms)
5-17-2026 12:18:22-log: meshopt wasm decoder initialized
5-17-2026 12:18:22-log: [bullet]:bullet wasm lib loaded.
5-17-2026 12:18:22-log: [box2d]:box2d wasm lib loaded.
5-17-2026 12:18:22-log: Cocos Creator v3.8.8
5-17-2026 12:18:22-log: Forward render pipeline initialized.
5-17-2026 12:18:22-log: Using legacy pipeline
5-17-2026 12:18:22-debug: [Assets Memory track]: asset-db:worker-init: initEngine start:31.93MB, end 79.74MB, increase: 47.81MB
5-17-2026 12:18:26-debug: [Assets Memory track]: asset-db:worker-init: initPlugin start:79.78MB, end 244.24MB, increase: 164.46MB
5-17-2026 12:18:26-debug: asset-db:worker-init: initPlugin (3806ms)
5-17-2026 12:18:26-debug: [Assets Memory track]: asset-db:worker-init start:31.92MB, end 239.88MB, increase: 207.96MB
5-17-2026 12:18:26-debug: Run asset db hook engine-extends:beforePreStart ...
5-17-2026 12:18:26-debug: Run asset db hook engine-extends:beforePreStart success!
5-17-2026 12:18:26-debug: Run asset db hook programming:beforePreStart ...
5-17-2026 12:18:26-debug: Run asset db hook programming:beforePreStart success!
5-17-2026 12:18:31-debug: asset-db:worker-init (11533ms)
5-17-2026 12:18:31-debug: asset-db-hook-programming-beforePreStart (5099ms)
5-17-2026 12:18:31-debug: asset-db-hook-engine-extends-beforePreStart (5098ms)
5-17-2026 12:18:33-debug: Preimport db internal success
5-17-2026 12:18:33-debug: Preimport db assets success
5-17-2026 12:18:33-debug: Run asset db hook programming:afterPreStart ...
5-17-2026 12:18:33-debug: starting packer-driver...
5-17-2026 12:18:34-debug: initialize scripting environment...
5-17-2026 12:18:34-debug: [[Executor]] prepare before lock
5-17-2026 12:18:34-debug: Set detail map pack:///resolution-detail-map.json: {}
5-17-2026 12:18:34-debug: [[Executor]] prepare after unlock
5-17-2026 12:18:34-debug: Run asset db hook programming:afterPreStart success!
5-17-2026 12:18:34-debug: Run asset db hook engine-extends:afterPreStart ...
5-17-2026 12:18:34-debug: Run asset db hook engine-extends:afterPreStart success!
5-17-2026 12:18:34-debug: [Assets Memory track]: asset-db:worker-init: preStart start:239.89MB, end 244.18MB, increase: 4.29MB
5-17-2026 12:18:34-debug: Start up the 'internal' database...
5-17-2026 12:18:37-debug: asset-db-hook-programming-afterPreStart (4036ms)
5-17-2026 12:18:37-debug: asset-db:worker-effect-data-processing (2927ms)
5-17-2026 12:18:37-debug: asset-db-hook-engine-extends-afterPreStart (2928ms)
5-17-2026 12:18:38-debug: Run asset db hook engine-extends:afterStartDB ...
5-17-2026 12:18:39-debug: recompile effect.bin success
5-17-2026 12:18:39-debug: Run asset db hook engine-extends:afterStartDB success!
5-17-2026 12:18:39-debug: Start up the 'assets' database...
5-17-2026 12:18:40-debug: asset-db:worker-effect-data-processing (2197ms)
5-17-2026 12:18:40-debug: asset-db-hook-engine-extends-afterStartDB (2198ms)
5-17-2026 12:18:40-debug: %cImport%c: F:\Github\BattleGame\assets\Test.scenebackground: #aaff85; color: #000;color: #000;
5-17-2026 12:18:40-debug: Run asset db hook engine-extends:afterStartDB ...
5-17-2026 12:18:41-debug: recompile effect.bin success
5-17-2026 12:18:41-debug: Run asset db hook engine-extends:afterStartDB success!
5-17-2026 12:18:41-debug: lazy register asset handler text
5-17-2026 12:18:41-debug: lazy register asset handler directory
5-17-2026 12:18:41-debug: lazy register asset handler spine-data
5-17-2026 12:18:41-debug: lazy register asset handler *
5-17-2026 12:18:41-debug: lazy register asset handler dragonbones
5-17-2026 12:18:41-debug: lazy register asset handler terrain
5-17-2026 12:18:41-debug: lazy register asset handler javascript
5-17-2026 12:18:41-debug: lazy register asset handler typescript
5-17-2026 12:18:41-debug: lazy register asset handler json
5-17-2026 12:18:41-debug: lazy register asset handler dragonbones-atlas
5-17-2026 12:18:41-debug: lazy register asset handler sprite-frame
5-17-2026 12:18:41-debug: lazy register asset handler prefab
5-17-2026 12:18:41-debug: lazy register asset handler tiled-map
5-17-2026 12:18:41-debug: lazy register asset handler image
5-17-2026 12:18:41-debug: lazy register asset handler buffer
5-17-2026 12:18:41-debug: lazy register asset handler scene
5-17-2026 12:18:41-debug: lazy register asset handler alpha-image
5-17-2026 12:18:41-debug: lazy register asset handler texture-cube
5-17-2026 12:18:41-debug: lazy register asset handler sign-image
5-17-2026 12:18:41-debug: lazy register asset handler erp-texture-cube
5-17-2026 12:18:41-debug: lazy register asset handler texture
5-17-2026 12:18:41-debug: lazy register asset handler texture-cube-face
5-17-2026 12:18:41-debug: lazy register asset handler render-texture
5-17-2026 12:18:41-debug: lazy register asset handler gltf
5-17-2026 12:18:41-debug: lazy register asset handler rt-sprite-frame
5-17-2026 12:18:41-debug: lazy register asset handler gltf-skeleton
5-17-2026 12:18:41-debug: lazy register asset handler gltf-animation
5-17-2026 12:18:41-debug: lazy register asset handler gltf-scene
5-17-2026 12:18:41-debug: lazy register asset handler gltf-mesh
5-17-2026 12:18:41-debug: lazy register asset handler gltf-material
5-17-2026 12:18:41-debug: lazy register asset handler gltf-embeded-image
5-17-2026 12:18:41-debug: lazy register asset handler fbx
5-17-2026 12:18:41-debug: lazy register asset handler physics-material
5-17-2026 12:18:41-debug: lazy register asset handler effect-header
5-17-2026 12:18:41-debug: lazy register asset handler effect
5-17-2026 12:18:41-debug: lazy register asset handler audio-clip
5-17-2026 12:18:41-debug: lazy register asset handler animation-clip
5-17-2026 12:18:41-debug: lazy register asset handler animation-graph
5-17-2026 12:18:41-debug: lazy register asset handler animation-graph-variant
5-17-2026 12:18:41-debug: lazy register asset handler animation-mask
5-17-2026 12:18:41-debug: lazy register asset handler ttf-font
5-17-2026 12:18:41-debug: lazy register asset handler bitmap-font
5-17-2026 12:18:41-debug: lazy register asset handler material
5-17-2026 12:18:41-debug: lazy register asset handler auto-atlas
5-17-2026 12:18:41-debug: lazy register asset handler sprite-atlas
5-17-2026 12:18:41-debug: lazy register asset handler render-stage
5-17-2026 12:18:41-debug: lazy register asset handler label-atlas
5-17-2026 12:18:41-debug: lazy register asset handler render-pipeline
5-17-2026 12:18:41-debug: lazy register asset handler render-flow
5-17-2026 12:18:41-debug: lazy register asset handler instantiation-material
5-17-2026 12:18:41-debug: lazy register asset handler video-clip
5-17-2026 12:18:41-debug: lazy register asset handler particle
5-17-2026 12:18:41-debug: lazy register asset handler instantiation-animation
5-17-2026 12:18:41-debug: lazy register asset handler instantiation-skeleton
5-17-2026 12:18:41-debug: lazy register asset handler instantiation-mesh
5-17-2026 12:18:41-debug: asset-db-hook-engine-extends-afterStartDB (897ms)
5-17-2026 12:18:41-debug: asset-db:start-database (15071ms)
5-17-2026 12:18:41-debug: asset-db:worker-effect-data-processing (896ms)
5-17-2026 12:18:41-debug: asset-db:ready (28575ms)
5-17-2026 12:18:41-debug: init worker message success
5-17-2026 12:18:41-debug: programming:execute-script (21ms)
5-17-2026 12:18:42-debug: [Build Memory track]: builder:worker-init start:218.82MB, end 226.60MB, increase: 7.78MB
5-17-2026 12:18:42-debug: builder:worker-init (895ms)
5-17-2026 12:22:02-debug: Query all assets info in project
5-17-2026 12:22:02-debug: init custom config: keepNodeUuid: false, useCache: true
5-17-2026 12:22:02-debug: Skip compress image, progress: 0%
5-17-2026 12:22:02-debug: Num of bundles: 2..., progress: 0%
5-17-2026 12:22:02-debug: Init all bundles start..., progress: 0%
5-17-2026 12:22:02-debug: // ---- build task Query asset bundle ----
5-17-2026 12:22:02-debug: Query asset bundle start, progress: 0%
5-17-2026 12:22:02-debug: Init bundle root assets start..., progress: 0%
5-17-2026 12:22:02-debug: Query preload assets/scripts from cc.config.json: 60f7195c-ec2a-45eb-ba94-8955f60e81d0,1c02ae6f-4492-4915-b8f8-7492a3b1e4cd,810e96e4-e456-4468-9b59-f4e8f39732c0,efe8e2a3-eace-427b-b4f1-cb8a937ec77d,e9aa9a3e-5b2b-4ac7-a2c7-073de2b2b24f,8bbdbcdd-5cd4-4100-b6d5-b7c9625b6107,50f4348b-c883-4e2f-8f11-ce233b859fa1,fda095cb-831d-4601-ad94-846013963de8,f92806d7-1768-443f-afe8-12bcde84d0f0,dd3a144d-ab7f-41f0-82b8-2e43a090d496,f0416e68-0200-4b77-a926-4f9d16e494da,511d2633-09a7-4bdd-ac42-f778032124b3,5d45aa00-e064-4938-b314-4265f0c2258c,9361fd90-ba52-4f84-aa93-6e878fd576ca,970b0598-bcb0-4714-91fb-2e81440dccd8,bcd64cc6-2dd9-43f6-abbe-66318d332032,d930590d-bb92-4cc8-8bd1-23cd027f9edf,a3cd009f-0ab0-420d-9278-b9fdab939bbc,6a2d0734-bd9e-4ddf-946e-caa52498cb75,d1346436-ac96-4271-b863-1f4fdead95b0,971bdb23-3ff6-43eb-b422-1c30165a3663,17debcc3-0a6b-4b8a-b00b-dc58b885581e,711ebe11-f673-4cd9-9a83-63c60ba54c5b,c0143906-9aed-447e-9436-2ae8512d1b6e,14da1725-c4c2-42b4-ab08-ee0aeb6898b3,081cab31-dccd-428e-8652-f2404cc81c47,78e0584a-4343-4727-8f37-e14e65c2a2db,871c3b6c-7379-419d-bda3-794b239ab90d,ff9b0199-ce04-4cfe-86cc-6c719f08d6e4,de1c2107-70c8-4021-8459-6399f24d01c6,cbf30902-517f-40dc-af90-a550bac27cf1,5c601d96-e4c7-4698-991b-7ee674b11079
5-17-2026 12:22:02-debug:   Number of other assets: 364
5-17-2026 12:22:02-debug: Init bundle root assets success..., progress: 0%
5-17-2026 12:22:02-debug:   Number of all scripts: 17
5-17-2026 12:22:02-debug: // ---- build task Query asset bundle ---- (7ms)
5-17-2026 12:22:02-log: run build task Query asset bundle success in 7 ms√, progress: 5%
5-17-2026 12:22:02-debug: [Build Memory track]: Query asset bundle start:221.14MB, end 221.07MB, increase: -71.13KB
5-17-2026 12:22:02-debug: Query asset bundle start, progress: 5%
5-17-2026 12:22:02-debug: // ---- build task Query asset bundle ----
5-17-2026 12:22:02-debug:   Number of all scenes: 2
5-17-2026 12:22:02-debug: // ---- build task Query asset bundle ---- (6ms)
5-17-2026 12:22:02-debug: Sort some build options to settings.json start, progress: 10%
5-17-2026 12:22:02-log: run build task Query asset bundle success in 6 ms√, progress: 10%
5-17-2026 12:22:02-debug: [Build Memory track]: Query asset bundle start:221.11MB, end 221.25MB, increase: 144.44KB
5-17-2026 12:22:02-debug: // ---- build task Sort some build options to settings.json ----
5-17-2026 12:22:02-debug: // ---- build task Sort some build options to settings.json ---- (4ms)
5-17-2026 12:22:02-debug: [Build Memory track]: Sort some build options to settings.json start:221.30MB, end 221.33MB, increase: 34.24KB
5-17-2026 12:22:02-debug: Fill script data to settings start, progress: 12%
5-17-2026 12:22:02-log: run build task Sort some build options to settings.json success in 4 ms√, progress: 12%
5-17-2026 12:22:02-debug: // ---- build task Fill script data to settings ----
5-17-2026 12:22:02-debug: // ---- build task Fill script data to settings ---- (1ms)
5-17-2026 12:22:02-log: run build task Fill script data to settings success in 1 ms√, progress: 13%
5-17-2026 12:22:02-debug: [Build Memory track]: Fill script data to settings start:221.37MB, end 221.40MB, increase: 33.64KB
5-17-2026 12:22:02-debug: // ---- build task Sort some build options to settings.json ----
5-17-2026 12:22:02-debug: Sort some build options to settings.json start, progress: 13%
5-17-2026 12:22:02-debug: // ---- build task Sort some build options to settings.json ---- (4ms)
5-17-2026 12:22:02-log: run build task Sort some build options to settings.json success in 4 ms√, progress: 15%
5-17-2026 12:22:02-debug: [Build Memory track]: Sort some build options to settings.json start:221.44MB, end 221.59MB, increase: 148.49KB
5-17-2026 12:32:22-debug: %cImport%c: F:\Github\BattleGame\assets\Test.scenebackground: #aaff85; color: #000;color: #000;
5-17-2026 12:32:22-debug: asset-db:reimport-asset1effe86e-a401-4769-9dbc-62218c68834d (22ms)
5-17-2026 12:32:25-debug: Query all assets info in project
5-17-2026 12:32:25-debug: init custom config: keepNodeUuid: false, useCache: true
5-17-2026 12:32:25-debug: Skip compress image, progress: 0%
5-17-2026 12:32:25-debug: Init all bundles start..., progress: 0%
5-17-2026 12:32:25-debug: Num of bundles: 2..., progress: 0%
5-17-2026 12:32:25-debug: Query asset bundle start, progress: 0%
5-17-2026 12:32:25-debug: // ---- build task Query asset bundle ----
5-17-2026 12:32:25-debug: Init bundle root assets start..., progress: 0%
5-17-2026 12:32:25-debug: Query preload assets/scripts from cc.config.json: 60f7195c-ec2a-45eb-ba94-8955f60e81d0,1c02ae6f-4492-4915-b8f8-7492a3b1e4cd,810e96e4-e456-4468-9b59-f4e8f39732c0,efe8e2a3-eace-427b-b4f1-cb8a937ec77d,e9aa9a3e-5b2b-4ac7-a2c7-073de2b2b24f,8bbdbcdd-5cd4-4100-b6d5-b7c9625b6107,50f4348b-c883-4e2f-8f11-ce233b859fa1,fda095cb-831d-4601-ad94-846013963de8,f92806d7-1768-443f-afe8-12bcde84d0f0,dd3a144d-ab7f-41f0-82b8-2e43a090d496,f0416e68-0200-4b77-a926-4f9d16e494da,511d2633-09a7-4bdd-ac42-f778032124b3,5d45aa00-e064-4938-b314-4265f0c2258c,9361fd90-ba52-4f84-aa93-6e878fd576ca,970b0598-bcb0-4714-91fb-2e81440dccd8,bcd64cc6-2dd9-43f6-abbe-66318d332032,d930590d-bb92-4cc8-8bd1-23cd027f9edf,a3cd009f-0ab0-420d-9278-b9fdab939bbc,6a2d0734-bd9e-4ddf-946e-caa52498cb75,d1346436-ac96-4271-b863-1f4fdead95b0,971bdb23-3ff6-43eb-b422-1c30165a3663,17debcc3-0a6b-4b8a-b00b-dc58b885581e,711ebe11-f673-4cd9-9a83-63c60ba54c5b,c0143906-9aed-447e-9436-2ae8512d1b6e,14da1725-c4c2-42b4-ab08-ee0aeb6898b3,081cab31-dccd-428e-8652-f2404cc81c47,78e0584a-4343-4727-8f37-e14e65c2a2db,871c3b6c-7379-419d-bda3-794b239ab90d,ff9b0199-ce04-4cfe-86cc-6c719f08d6e4,de1c2107-70c8-4021-8459-6399f24d01c6,cbf30902-517f-40dc-af90-a550bac27cf1,5c601d96-e4c7-4698-991b-7ee674b11079
5-17-2026 12:32:25-debug:   Number of all scenes: 2
5-17-2026 12:32:25-debug:   Number of other assets: 364
5-17-2026 12:32:25-debug: Init bundle root assets success..., progress: 0%
5-17-2026 12:32:25-debug:   Number of all scripts: 17
5-17-2026 12:32:25-debug: // ---- build task Query asset bundle ---- (8ms)
5-17-2026 12:32:25-log: run build task Query asset bundle success in 8 ms√, progress: 5%
5-17-2026 12:32:25-debug: [Build Memory track]: Query asset bundle start:221.76MB, end 221.58MB, increase: -180.13KB
5-17-2026 12:32:25-debug: Query asset bundle start, progress: 5%
5-17-2026 12:32:25-debug: // ---- build task Query asset bundle ----
5-17-2026 12:32:25-debug: // ---- build task Query asset bundle ---- (4ms)
5-17-2026 12:32:25-log: run build task Query asset bundle success in 4 ms√, progress: 10%
5-17-2026 12:32:25-debug: // ---- build task Sort some build options to settings.json ----
5-17-2026 12:32:25-debug: [Build Memory track]: Query asset bundle start:221.79MB, end 221.74MB, increase: -45.11KB
5-17-2026 12:32:25-debug: Sort some build options to settings.json start, progress: 10%
5-17-2026 12:32:25-log: run build task Sort some build options to settings.json success in 1 ms√, progress: 12%
5-17-2026 12:32:25-debug: [Build Memory track]: Sort some build options to settings.json start:221.79MB, end 221.83MB, increase: 33.93KB
5-17-2026 12:32:25-debug: Fill script data to settings start, progress: 12%
5-17-2026 12:32:25-debug: // ---- build task Fill script data to settings ----
5-17-2026 12:32:25-debug: // ---- build task Sort some build options to settings.json ---- (1ms)
5-17-2026 12:32:25-debug: // ---- build task Fill script data to settings ---- (1ms)
5-17-2026 12:32:25-log: run build task Fill script data to settings success in 1 ms√, progress: 13%
5-17-2026 12:32:25-debug: [Build Memory track]: Fill script data to settings start:221.87MB, end 221.90MB, increase: 38.25KB
5-17-2026 12:32:25-debug: Sort some build options to settings.json start, progress: 13%
5-17-2026 12:32:25-debug: // ---- build task Sort some build options to settings.json ----
5-17-2026 12:32:25-debug: // ---- build task Sort some build options to settings.json ---- (3ms)
5-17-2026 12:32:25-log: run build task Sort some build options to settings.json success in 3 ms√, progress: 15%
5-17-2026 12:32:25-debug: [Build Memory track]: Sort some build options to settings.json start:221.95MB, end 222.09MB, increase: 140.93KB
5-17-2026 12:36:20-debug: refresh db internal success
5-17-2026 12:36:20-debug: refresh db assets success
5-17-2026 12:36:20-debug: Run asset db hook engine-extends:afterRefresh success!
5-17-2026 12:36:20-debug: Run asset db hook engine-extends:afterRefresh ...
5-17-2026 12:36:20-debug: asset-db:refresh-all-database (61ms)
5-17-2026 12:36:20-debug: asset-db:worker-effect-data-processing (1ms)
5-17-2026 12:36:20-debug: asset-db-hook-engine-extends-afterRefresh (1ms)
5-17-2026 12:37:18-debug: %cImport%c: F:\Github\BattleGame\assets\Test.scenebackground: #aaff85; color: #000;color: #000;
5-17-2026 12:37:18-debug: asset-db:reimport-asset1effe86e-a401-4769-9dbc-62218c68834d (24ms)
5-17-2026 12:37:45-debug: %cImport%c: F:\Github\BattleGame\assets\Test.scenebackground: #aaff85; color: #000;color: #000;
5-17-2026 12:37:45-debug: asset-db:reimport-asset1effe86e-a401-4769-9dbc-62218c68834d (21ms)
5-17-2026 12:37:51-debug: Query all assets info in project
5-17-2026 12:37:51-debug: init custom config: keepNodeUuid: false, useCache: true
5-17-2026 12:37:51-debug: Skip compress image, progress: 0%
5-17-2026 12:37:51-debug: Init all bundles start..., progress: 0%
5-17-2026 12:37:51-debug: Query asset bundle start, progress: 0%
5-17-2026 12:37:51-debug: // ---- build task Query asset bundle ----
5-17-2026 12:37:51-debug: Init bundle root assets start..., progress: 0%
5-17-2026 12:37:51-debug: Num of bundles: 2..., progress: 0%
5-17-2026 12:37:51-debug: Query preload assets/scripts from cc.config.json: 60f7195c-ec2a-45eb-ba94-8955f60e81d0,1c02ae6f-4492-4915-b8f8-7492a3b1e4cd,810e96e4-e456-4468-9b59-f4e8f39732c0,efe8e2a3-eace-427b-b4f1-cb8a937ec77d,e9aa9a3e-5b2b-4ac7-a2c7-073de2b2b24f,8bbdbcdd-5cd4-4100-b6d5-b7c9625b6107,50f4348b-c883-4e2f-8f11-ce233b859fa1,fda095cb-831d-4601-ad94-846013963de8,f92806d7-1768-443f-afe8-12bcde84d0f0,dd3a144d-ab7f-41f0-82b8-2e43a090d496,f0416e68-0200-4b77-a926-4f9d16e494da,511d2633-09a7-4bdd-ac42-f778032124b3,5d45aa00-e064-4938-b314-4265f0c2258c,9361fd90-ba52-4f84-aa93-6e878fd576ca,970b0598-bcb0-4714-91fb-2e81440dccd8,bcd64cc6-2dd9-43f6-abbe-66318d332032,d930590d-bb92-4cc8-8bd1-23cd027f9edf,a3cd009f-0ab0-420d-9278-b9fdab939bbc,6a2d0734-bd9e-4ddf-946e-caa52498cb75,d1346436-ac96-4271-b863-1f4fdead95b0,971bdb23-3ff6-43eb-b422-1c30165a3663,17debcc3-0a6b-4b8a-b00b-dc58b885581e,711ebe11-f673-4cd9-9a83-63c60ba54c5b,c0143906-9aed-447e-9436-2ae8512d1b6e,14da1725-c4c2-42b4-ab08-ee0aeb6898b3,081cab31-dccd-428e-8652-f2404cc81c47,78e0584a-4343-4727-8f37-e14e65c2a2db,871c3b6c-7379-419d-bda3-794b239ab90d,ff9b0199-ce04-4cfe-86cc-6c719f08d6e4,de1c2107-70c8-4021-8459-6399f24d01c6,cbf30902-517f-40dc-af90-a550bac27cf1,5c601d96-e4c7-4698-991b-7ee674b11079
5-17-2026 12:37:51-debug:   Number of other assets: 364
5-17-2026 12:37:51-debug:   Number of all scenes: 2
5-17-2026 12:37:51-debug: Init bundle root assets success..., progress: 0%
5-17-2026 12:37:51-debug:   Number of all scripts: 17
5-17-2026 12:37:51-debug: // ---- build task Query asset bundle ---- (7ms)
5-17-2026 12:37:51-debug: Query asset bundle start, progress: 5%
5-17-2026 12:37:51-debug: [Build Memory track]: Query asset bundle start:223.62MB, end 223.44MB, increase: -186.42KB
5-17-2026 12:37:51-debug: // ---- build task Query asset bundle ----
5-17-2026 12:37:51-log: run build task Query asset bundle success in 7 ms√, progress: 5%
5-17-2026 12:37:51-debug: // ---- build task Query asset bundle ---- (3ms)
5-17-2026 12:37:51-log: run build task Query asset bundle success in 3 ms√, progress: 10%
5-17-2026 12:37:51-debug: Sort some build options to settings.json start, progress: 10%
5-17-2026 12:37:51-debug: [Build Memory track]: Query asset bundle start:223.48MB, end 223.60MB, increase: 120.61KB
5-17-2026 12:37:51-debug: // ---- build task Sort some build options to settings.json ----
5-17-2026 12:37:51-debug: // ---- build task Sort some build options to settings.json ---- (1ms)
5-17-2026 12:37:51-log: run build task Sort some build options to settings.json success in 1 ms√, progress: 12%
5-17-2026 12:37:51-debug: [Build Memory track]: Sort some build options to settings.json start:223.64MB, end 223.67MB, increase: 33.20KB
5-17-2026 12:37:51-debug: Fill script data to settings start, progress: 12%
5-17-2026 12:37:51-debug: // ---- build task Fill script data to settings ----
5-17-2026 12:37:51-debug: // ---- build task Fill script data to settings ---- (1ms)
5-17-2026 12:37:51-log: run build task Fill script data to settings success in 1 ms√, progress: 13%
5-17-2026 12:37:51-debug: Sort some build options to settings.json start, progress: 13%
5-17-2026 12:37:51-debug: [Build Memory track]: Fill script data to settings start:223.71MB, end 223.74MB, increase: 32.85KB
5-17-2026 12:37:51-debug: // ---- build task Sort some build options to settings.json ----
5-17-2026 12:37:51-debug: // ---- build task Sort some build options to settings.json ---- (5ms)
5-17-2026 12:37:51-debug: [Build Memory track]: Sort some build options to settings.json start:223.78MB, end 223.91MB, increase: 133.41KB
5-17-2026 12:37:51-log: run build task Sort some build options to settings.json success in 5 ms√, progress: 15%
5-17-2026 12:44:40-debug: %cImport%c: F:\Github\BattleGame\assets\Test.scenebackground: #aaff85; color: #000;color: #000;
5-17-2026 12:44:40-debug: asset-db:reimport-asset1effe86e-a401-4769-9dbc-62218c68834d (23ms)
5-17-2026 12:44:41-debug: Query all assets info in project
5-17-2026 12:44:41-debug: init custom config: keepNodeUuid: false, useCache: true
5-17-2026 12:44:41-debug: Skip compress image, progress: 0%
5-17-2026 12:44:41-debug: Init all bundles start..., progress: 0%
5-17-2026 12:44:41-debug: Num of bundles: 2..., progress: 0%
5-17-2026 12:44:41-debug: Init bundle root assets start..., progress: 0%
5-17-2026 12:44:41-debug: // ---- build task Query asset bundle ----
5-17-2026 12:44:41-debug: Query asset bundle start, progress: 0%
5-17-2026 12:44:41-debug: Query preload assets/scripts from cc.config.json: 60f7195c-ec2a-45eb-ba94-8955f60e81d0,1c02ae6f-4492-4915-b8f8-7492a3b1e4cd,810e96e4-e456-4468-9b59-f4e8f39732c0,efe8e2a3-eace-427b-b4f1-cb8a937ec77d,e9aa9a3e-5b2b-4ac7-a2c7-073de2b2b24f,8bbdbcdd-5cd4-4100-b6d5-b7c9625b6107,50f4348b-c883-4e2f-8f11-ce233b859fa1,fda095cb-831d-4601-ad94-846013963de8,f92806d7-1768-443f-afe8-12bcde84d0f0,dd3a144d-ab7f-41f0-82b8-2e43a090d496,f0416e68-0200-4b77-a926-4f9d16e494da,511d2633-09a7-4bdd-ac42-f778032124b3,5d45aa00-e064-4938-b314-4265f0c2258c,9361fd90-ba52-4f84-aa93-6e878fd576ca,970b0598-bcb0-4714-91fb-2e81440dccd8,bcd64cc6-2dd9-43f6-abbe-66318d332032,d930590d-bb92-4cc8-8bd1-23cd027f9edf,a3cd009f-0ab0-420d-9278-b9fdab939bbc,6a2d0734-bd9e-4ddf-946e-caa52498cb75,d1346436-ac96-4271-b863-1f4fdead95b0,971bdb23-3ff6-43eb-b422-1c30165a3663,17debcc3-0a6b-4b8a-b00b-dc58b885581e,711ebe11-f673-4cd9-9a83-63c60ba54c5b,c0143906-9aed-447e-9436-2ae8512d1b6e,14da1725-c4c2-42b4-ab08-ee0aeb6898b3,081cab31-dccd-428e-8652-f2404cc81c47,78e0584a-4343-4727-8f37-e14e65c2a2db,871c3b6c-7379-419d-bda3-794b239ab90d,ff9b0199-ce04-4cfe-86cc-6c719f08d6e4,de1c2107-70c8-4021-8459-6399f24d01c6,cbf30902-517f-40dc-af90-a550bac27cf1,5c601d96-e4c7-4698-991b-7ee674b11079
5-17-2026 12:44:41-debug:   Number of all scenes: 2
5-17-2026 12:44:41-debug:   Number of all scripts: 17
5-17-2026 12:44:41-debug:   Number of other assets: 364
5-17-2026 12:44:41-debug: Init bundle root assets success..., progress: 0%
5-17-2026 12:44:41-log: run build task Query asset bundle success in 6 ms√, progress: 5%
5-17-2026 12:44:41-debug: // ---- build task Query asset bundle ---- (6ms)
5-17-2026 12:44:41-debug: Query asset bundle start, progress: 5%
5-17-2026 12:44:41-debug: [Build Memory track]: Query asset bundle start:223.76MB, end 223.61MB, increase: -146.11KB
5-17-2026 12:44:41-debug: // ---- build task Query asset bundle ----
5-17-2026 12:44:41-log: run build task Query asset bundle success in 3 ms√, progress: 10%
5-17-2026 12:44:41-debug: // ---- build task Query asset bundle ---- (3ms)
5-17-2026 12:44:41-debug: [Build Memory track]: Query asset bundle start:223.66MB, end 223.78MB, increase: 120.56KB
5-17-2026 12:44:41-debug: Sort some build options to settings.json start, progress: 10%
5-17-2026 12:44:41-debug: // ---- build task Sort some build options to settings.json ----
5-17-2026 12:44:41-log: run build task Sort some build options to settings.json success in 1 ms√, progress: 12%
5-17-2026 12:44:41-debug: [Build Memory track]: Sort some build options to settings.json start:223.82MB, end 223.85MB, increase: 32.39KB
5-17-2026 12:44:41-debug: Fill script data to settings start, progress: 12%
5-17-2026 12:44:41-debug: // ---- build task Fill script data to settings ----
5-17-2026 12:44:41-debug: // ---- build task Sort some build options to settings.json ---- (1ms)
5-17-2026 12:44:41-debug: // ---- build task Fill script data to settings ---- (4ms)
5-17-2026 12:44:41-debug: [Build Memory track]: Fill script data to settings start:223.89MB, end 223.92MB, increase: 33.66KB
5-17-2026 12:44:41-log: run build task Fill script data to settings success in 4 ms√, progress: 13%
5-17-2026 12:44:41-debug: Sort some build options to settings.json start, progress: 13%
5-17-2026 12:44:41-debug: // ---- build task Sort some build options to settings.json ----
5-17-2026 12:44:41-debug: // ---- build task Sort some build options to settings.json ---- (4ms)
5-17-2026 12:44:41-log: run build task Sort some build options to settings.json success in 4 ms√, progress: 15%
5-17-2026 12:44:41-debug: [Build Memory track]: Sort some build options to settings.json start:223.96MB, end 224.09MB, increase: 136.56KB
5-17-2026 16:10:20-debug: refresh db internal success
5-17-2026 16:10:20-debug: refresh db assets success
5-17-2026 16:10:20-debug: Run asset db hook engine-extends:afterRefresh success!
5-17-2026 16:10:20-debug: Run asset db hook engine-extends:afterRefresh ...
5-17-2026 16:10:20-debug: asset-db:refresh-all-database (77ms)
5-17-2026 16:10:20-debug: asset-db:worker-effect-data-processing (8ms)
5-17-2026 16:10:20-debug: asset-db-hook-engine-extends-afterRefresh (8ms)
5-17-2026 16:10:24-debug: Query all assets info in project
5-17-2026 16:10:24-debug: init custom config: keepNodeUuid: false, useCache: true
5-17-2026 16:10:24-debug: Skip compress image, progress: 0%
5-17-2026 16:10:24-debug: Init all bundles start..., progress: 0%
5-17-2026 16:10:24-debug: Init bundle root assets start..., progress: 0%
5-17-2026 16:10:24-debug: // ---- build task Query asset bundle ----
5-17-2026 16:10:24-debug: Num of bundles: 2..., progress: 0%
5-17-2026 16:10:24-debug: Query asset bundle start, progress: 0%
5-17-2026 16:10:24-debug: Query preload assets/scripts from cc.config.json: 60f7195c-ec2a-45eb-ba94-8955f60e81d0,1c02ae6f-4492-4915-b8f8-7492a3b1e4cd,810e96e4-e456-4468-9b59-f4e8f39732c0,efe8e2a3-eace-427b-b4f1-cb8a937ec77d,e9aa9a3e-5b2b-4ac7-a2c7-073de2b2b24f,8bbdbcdd-5cd4-4100-b6d5-b7c9625b6107,50f4348b-c883-4e2f-8f11-ce233b859fa1,fda095cb-831d-4601-ad94-846013963de8,f92806d7-1768-443f-afe8-12bcde84d0f0,dd3a144d-ab7f-41f0-82b8-2e43a090d496,f0416e68-0200-4b77-a926-4f9d16e494da,511d2633-09a7-4bdd-ac42-f778032124b3,5d45aa00-e064-4938-b314-4265f0c2258c,9361fd90-ba52-4f84-aa93-6e878fd576ca,970b0598-bcb0-4714-91fb-2e81440dccd8,bcd64cc6-2dd9-43f6-abbe-66318d332032,d930590d-bb92-4cc8-8bd1-23cd027f9edf,a3cd009f-0ab0-420d-9278-b9fdab939bbc,6a2d0734-bd9e-4ddf-946e-caa52498cb75,d1346436-ac96-4271-b863-1f4fdead95b0,971bdb23-3ff6-43eb-b422-1c30165a3663,17debcc3-0a6b-4b8a-b00b-dc58b885581e,711ebe11-f673-4cd9-9a83-63c60ba54c5b,c0143906-9aed-447e-9436-2ae8512d1b6e,14da1725-c4c2-42b4-ab08-ee0aeb6898b3,081cab31-dccd-428e-8652-f2404cc81c47,78e0584a-4343-4727-8f37-e14e65c2a2db,871c3b6c-7379-419d-bda3-794b239ab90d,ff9b0199-ce04-4cfe-86cc-6c719f08d6e4,de1c2107-70c8-4021-8459-6399f24d01c6,cbf30902-517f-40dc-af90-a550bac27cf1,5c601d96-e4c7-4698-991b-7ee674b11079
5-17-2026 16:10:24-debug:   Number of all scenes: 2
5-17-2026 16:10:24-debug:   Number of all scripts: 17
5-17-2026 16:10:24-debug: Init bundle root assets success..., progress: 0%
5-17-2026 16:10:24-debug:   Number of other assets: 364
5-17-2026 16:10:24-debug: // ---- build task Query asset bundle ---- (7ms)
5-17-2026 16:10:24-log: run build task Query asset bundle success in 7 ms√, progress: 5%
5-17-2026 16:10:24-debug: [Build Memory track]: Query asset bundle start:225.84MB, end 225.74MB, increase: -110.04KB
5-17-2026 16:10:24-debug: Query asset bundle start, progress: 5%
5-17-2026 16:10:24-debug: // ---- build task Query asset bundle ----
5-17-2026 16:10:24-debug: // ---- build task Query asset bundle ---- (3ms)
5-17-2026 16:10:24-log: run build task Query asset bundle success in 3 ms√, progress: 10%
5-17-2026 16:10:24-debug: [Build Memory track]: Query asset bundle start:225.78MB, end 225.90MB, increase: 119.67KB
5-17-2026 16:10:24-debug: Sort some build options to settings.json start, progress: 10%
5-17-2026 16:10:24-debug: // ---- build task Sort some build options to settings.json ----
5-17-2026 16:10:24-debug: // ---- build task Sort some build options to settings.json ---- (2ms)
5-17-2026 16:10:24-log: run build task Sort some build options to settings.json success in 2 ms√, progress: 12%
5-17-2026 16:10:24-debug: // ---- build task Fill script data to settings ----
5-17-2026 16:10:24-debug: Fill script data to settings start, progress: 12%
5-17-2026 16:10:24-debug: [Build Memory track]: Sort some build options to settings.json start:225.94MB, end 225.20MB, increase: -758.96KB
5-17-2026 16:10:24-debug: // ---- build task Fill script data to settings ---- (1ms)
5-17-2026 16:10:24-log: run build task Fill script data to settings success in 1 ms√, progress: 13%
5-17-2026 16:10:24-debug: [Build Memory track]: Fill script data to settings start:225.23MB, end 225.27MB, increase: 32.89KB
5-17-2026 16:10:24-debug: // ---- build task Sort some build options to settings.json ----
5-17-2026 16:10:24-debug: Sort some build options to settings.json start, progress: 13%
5-17-2026 16:10:24-debug: // ---- build task Sort some build options to settings.json ---- (4ms)
5-17-2026 16:10:24-log: run build task Sort some build options to settings.json success in 4 ms√, progress: 15%
5-17-2026 16:10:24-debug: [Build Memory track]: Sort some build options to settings.json start:225.30MB, end 225.44MB, increase: 133.67KB
5-17-2026 16:28:14-debug: refresh db internal success
5-17-2026 16:28:14-debug: refresh db assets success
5-17-2026 16:28:14-debug: Run asset db hook engine-extends:afterRefresh success!
5-17-2026 16:28:14-debug: Run asset db hook engine-extends:afterRefresh ...
5-17-2026 16:28:14-debug: asset-db:refresh-all-database (71ms)
5-17-2026 16:28:14-debug: asset-db:worker-effect-data-processing (3ms)
5-17-2026 16:28:14-debug: asset-db-hook-engine-extends-afterRefresh (3ms)
5-17-2026 16:46:04-debug: refresh db internal success
5-17-2026 16:46:04-debug: refresh db assets success
5-17-2026 16:46:04-debug: Run asset db hook engine-extends:afterRefresh ...
5-17-2026 16:46:04-debug: Run asset db hook engine-extends:afterRefresh success!
5-17-2026 16:46:04-debug: asset-db:refresh-all-database (66ms)
5-17-2026 16:46:04-debug: asset-db:worker-effect-data-processing (1ms)
5-17-2026 16:46:04-debug: asset-db-hook-engine-extends-afterRefresh (2ms)
5-18-2026 01:04:49-debug: refresh db internal success
5-18-2026 01:04:49-debug: refresh db assets success
5-18-2026 01:04:49-debug: Run asset db hook engine-extends:afterRefresh ...
5-18-2026 01:04:49-debug: Run asset db hook engine-extends:afterRefresh success!
5-18-2026 01:04:49-debug: asset-db:refresh-all-database (90ms)
5-18-2026 01:04:49-debug: asset-db:worker-effect-data-processing (10ms)
5-18-2026 01:04:49-debug: asset-db-hook-engine-extends-afterRefresh (10ms)
5-18-2026 01:04:51-debug: Query all assets info in project
5-18-2026 01:04:51-debug: init custom config: keepNodeUuid: false, useCache: true
5-18-2026 01:04:51-debug: Skip compress image, progress: 0%
5-18-2026 01:04:51-debug: Init all bundles start..., progress: 0%
5-18-2026 01:04:51-debug: // ---- build task Query asset bundle ----
5-18-2026 01:04:51-debug: Init bundle root assets start..., progress: 0%
5-18-2026 01:04:51-debug: Query asset bundle start, progress: 0%
5-18-2026 01:04:51-debug: Num of bundles: 2..., progress: 0%
5-18-2026 01:04:51-debug: Query preload assets/scripts from cc.config.json: 60f7195c-ec2a-45eb-ba94-8955f60e81d0,1c02ae6f-4492-4915-b8f8-7492a3b1e4cd,810e96e4-e456-4468-9b59-f4e8f39732c0,efe8e2a3-eace-427b-b4f1-cb8a937ec77d,e9aa9a3e-5b2b-4ac7-a2c7-073de2b2b24f,8bbdbcdd-5cd4-4100-b6d5-b7c9625b6107,50f4348b-c883-4e2f-8f11-ce233b859fa1,fda095cb-831d-4601-ad94-846013963de8,f92806d7-1768-443f-afe8-12bcde84d0f0,dd3a144d-ab7f-41f0-82b8-2e43a090d496,f0416e68-0200-4b77-a926-4f9d16e494da,511d2633-09a7-4bdd-ac42-f778032124b3,5d45aa00-e064-4938-b314-4265f0c2258c,9361fd90-ba52-4f84-aa93-6e878fd576ca,970b0598-bcb0-4714-91fb-2e81440dccd8,bcd64cc6-2dd9-43f6-abbe-66318d332032,d930590d-bb92-4cc8-8bd1-23cd027f9edf,a3cd009f-0ab0-420d-9278-b9fdab939bbc,6a2d0734-bd9e-4ddf-946e-caa52498cb75,d1346436-ac96-4271-b863-1f4fdead95b0,971bdb23-3ff6-43eb-b422-1c30165a3663,17debcc3-0a6b-4b8a-b00b-dc58b885581e,711ebe11-f673-4cd9-9a83-63c60ba54c5b,c0143906-9aed-447e-9436-2ae8512d1b6e,14da1725-c4c2-42b4-ab08-ee0aeb6898b3,081cab31-dccd-428e-8652-f2404cc81c47,78e0584a-4343-4727-8f37-e14e65c2a2db,871c3b6c-7379-419d-bda3-794b239ab90d,ff9b0199-ce04-4cfe-86cc-6c719f08d6e4,de1c2107-70c8-4021-8459-6399f24d01c6,cbf30902-517f-40dc-af90-a550bac27cf1,5c601d96-e4c7-4698-991b-7ee674b11079
5-18-2026 01:04:51-debug:   Number of all scenes: 2
5-18-2026 01:04:51-debug:   Number of other assets: 364
5-18-2026 01:04:51-debug: Init bundle root assets success..., progress: 0%
5-18-2026 01:04:51-debug:   Number of all scripts: 17
5-18-2026 01:04:51-debug: // ---- build task Query asset bundle ---- (7ms)
5-18-2026 01:04:51-log: run build task Query asset bundle success in 7 ms√, progress: 5%
5-18-2026 01:04:51-debug: [Build Memory track]: Query asset bundle start:229.87MB, end 229.66MB, increase: -218.80KB
5-18-2026 01:04:51-debug: Query asset bundle start, progress: 5%
5-18-2026 01:04:51-debug: // ---- build task Query asset bundle ----
5-18-2026 01:04:51-debug: // ---- build task Query asset bundle ---- (3ms)
5-18-2026 01:04:51-log: run build task Query asset bundle success in 3 ms√, progress: 10%
5-18-2026 01:04:51-debug: [Build Memory track]: Query asset bundle start:229.70MB, end 229.81MB, increase: 119.56KB
5-18-2026 01:04:51-debug: // ---- build task Sort some build options to settings.json ----
5-18-2026 01:04:51-debug: Sort some build options to settings.json start, progress: 10%
5-18-2026 01:04:51-debug: // ---- build task Sort some build options to settings.json ---- (1ms)
5-18-2026 01:04:51-log: run build task Sort some build options to settings.json success in 1 ms√, progress: 12%
5-18-2026 01:04:51-debug: [Build Memory track]: Sort some build options to settings.json start:229.85MB, end 229.88MB, increase: 33.24KB
5-18-2026 01:04:51-debug: Fill script data to settings start, progress: 12%
5-18-2026 01:04:51-debug: // ---- build task Fill script data to settings ----
5-18-2026 01:04:51-debug: // ---- build task Fill script data to settings ---- (2ms)
5-18-2026 01:04:51-debug: [Build Memory track]: Fill script data to settings start:229.92MB, end 229.95MB, increase: 32.68KB
5-18-2026 01:04:51-debug: Sort some build options to settings.json start, progress: 13%
5-18-2026 01:04:51-debug: // ---- build task Sort some build options to settings.json ----
5-18-2026 01:04:51-log: run build task Fill script data to settings success in 2 ms√, progress: 13%
5-18-2026 01:04:51-debug: // ---- build task Sort some build options to settings.json ---- (4ms)
5-18-2026 01:04:51-log: run build task Sort some build options to settings.json success in 4 ms√, progress: 15%
5-18-2026 01:04:51-debug: [Build Memory track]: Sort some build options to settings.json start:229.99MB, end 230.12MB, increase: 134.45KB
5-18-2026 01:15:34-debug: refresh db internal success
5-18-2026 01:15:34-debug: refresh db assets success
5-18-2026 01:15:34-debug: Run asset db hook engine-extends:afterRefresh success!
5-18-2026 01:15:34-debug: Run asset db hook engine-extends:afterRefresh ...
5-18-2026 01:15:34-debug: asset-db:refresh-all-database (90ms)
5-18-2026 01:15:34-debug: asset-db:worker-effect-data-processing (6ms)
5-18-2026 01:15:34-debug: asset-db-hook-engine-extends-afterRefresh (6ms)
5-18-2026 01:15:36-debug: Query all assets info in project
5-18-2026 01:15:36-debug: init custom config: keepNodeUuid: false, useCache: true
5-18-2026 01:15:36-debug: Skip compress image, progress: 0%
5-18-2026 01:15:36-debug: Init all bundles start..., progress: 0%
5-18-2026 01:15:36-debug: Query asset bundle start, progress: 0%
5-18-2026 01:15:36-debug: // ---- build task Query asset bundle ----
5-18-2026 01:15:36-debug: Num of bundles: 2..., progress: 0%
5-18-2026 01:15:36-debug: Init bundle root assets start..., progress: 0%
5-18-2026 01:15:36-debug: Query preload assets/scripts from cc.config.json: 60f7195c-ec2a-45eb-ba94-8955f60e81d0,1c02ae6f-4492-4915-b8f8-7492a3b1e4cd,810e96e4-e456-4468-9b59-f4e8f39732c0,efe8e2a3-eace-427b-b4f1-cb8a937ec77d,e9aa9a3e-5b2b-4ac7-a2c7-073de2b2b24f,8bbdbcdd-5cd4-4100-b6d5-b7c9625b6107,50f4348b-c883-4e2f-8f11-ce233b859fa1,fda095cb-831d-4601-ad94-846013963de8,f92806d7-1768-443f-afe8-12bcde84d0f0,dd3a144d-ab7f-41f0-82b8-2e43a090d496,f0416e68-0200-4b77-a926-4f9d16e494da,511d2633-09a7-4bdd-ac42-f778032124b3,5d45aa00-e064-4938-b314-4265f0c2258c,9361fd90-ba52-4f84-aa93-6e878fd576ca,970b0598-bcb0-4714-91fb-2e81440dccd8,bcd64cc6-2dd9-43f6-abbe-66318d332032,d930590d-bb92-4cc8-8bd1-23cd027f9edf,a3cd009f-0ab0-420d-9278-b9fdab939bbc,6a2d0734-bd9e-4ddf-946e-caa52498cb75,d1346436-ac96-4271-b863-1f4fdead95b0,971bdb23-3ff6-43eb-b422-1c30165a3663,17debcc3-0a6b-4b8a-b00b-dc58b885581e,711ebe11-f673-4cd9-9a83-63c60ba54c5b,c0143906-9aed-447e-9436-2ae8512d1b6e,14da1725-c4c2-42b4-ab08-ee0aeb6898b3,081cab31-dccd-428e-8652-f2404cc81c47,78e0584a-4343-4727-8f37-e14e65c2a2db,871c3b6c-7379-419d-bda3-794b239ab90d,ff9b0199-ce04-4cfe-86cc-6c719f08d6e4,de1c2107-70c8-4021-8459-6399f24d01c6,cbf30902-517f-40dc-af90-a550bac27cf1,5c601d96-e4c7-4698-991b-7ee674b11079
5-18-2026 01:15:36-debug:   Number of all scenes: 2
5-18-2026 01:15:36-debug:   Number of all scripts: 17
5-18-2026 01:15:36-debug:   Number of other assets: 364
5-18-2026 01:15:36-debug: Init bundle root assets success..., progress: 0%
5-18-2026 01:15:36-debug: // ---- build task Query asset bundle ---- (5ms)
5-18-2026 01:15:36-debug: [Build Memory track]: Query asset bundle start:231.43MB, end 232.04MB, increase: 630.66KB
5-18-2026 01:15:36-log: run build task Query asset bundle success in 5 ms√, progress: 5%
5-18-2026 01:15:36-debug: // ---- build task Query asset bundle ----
5-18-2026 01:15:36-debug: Query asset bundle start, progress: 5%
5-18-2026 01:15:36-debug: // ---- build task Query asset bundle ---- (3ms)
5-18-2026 01:15:36-log: run build task Query asset bundle success in 3 ms√, progress: 10%
5-18-2026 01:15:36-debug: // ---- build task Sort some build options to settings.json ----
5-18-2026 01:15:36-debug: Sort some build options to settings.json start, progress: 10%
5-18-2026 01:15:36-debug: [Build Memory track]: Query asset bundle start:232.07MB, end 232.18MB, increase: 112.58KB
5-18-2026 01:15:36-debug: // ---- build task Sort some build options to settings.json ---- (1ms)
5-18-2026 01:15:36-log: run build task Sort some build options to settings.json success in 1 ms√, progress: 12%
5-18-2026 01:15:36-debug: Fill script data to settings start, progress: 12%
5-18-2026 01:15:36-debug: [Build Memory track]: Sort some build options to settings.json start:232.21MB, end 232.24MB, increase: 26.74KB
5-18-2026 01:15:36-debug: // ---- build task Fill script data to settings ----
5-18-2026 01:15:36-debug: // ---- build task Fill script data to settings ---- (3ms)
5-18-2026 01:15:36-log: run build task Fill script data to settings success in 3 ms√, progress: 13%
5-18-2026 01:15:36-debug: [Build Memory track]: Fill script data to settings start:232.27MB, end 232.29MB, increase: 29.27KB
5-18-2026 01:15:36-debug: // ---- build task Sort some build options to settings.json ----
5-18-2026 01:15:36-debug: Sort some build options to settings.json start, progress: 13%
5-18-2026 01:15:36-log: run build task Sort some build options to settings.json success in 3 ms√, progress: 15%
5-18-2026 01:15:36-debug: [Build Memory track]: Sort some build options to settings.json start:232.79MB, end 232.45MB, increase: -341.71KB
5-18-2026 01:15:36-debug: // ---- build task Sort some build options to settings.json ---- (3ms)
5-18-2026 01:22:51-debug: %cImport%c: F:\Github\BattleGame\assets\Test.scenebackground: #aaff85; color: #000;color: #000;
5-18-2026 01:22:51-debug: asset-db:reimport-asset1effe86e-a401-4769-9dbc-62218c68834d (19ms)
5-18-2026 01:22:52-debug: Query all assets info in project
5-18-2026 01:22:52-debug: init custom config: keepNodeUuid: false, useCache: true
5-18-2026 01:22:52-debug: Skip compress image, progress: 0%
5-18-2026 01:22:52-debug: Init all bundles start..., progress: 0%
5-18-2026 01:22:52-debug: // ---- build task Query asset bundle ----
5-18-2026 01:22:52-debug: Query asset bundle start, progress: 0%
5-18-2026 01:22:52-debug: Num of bundles: 2..., progress: 0%
5-18-2026 01:22:52-debug: Init bundle root assets start..., progress: 0%
5-18-2026 01:22:52-debug: Query preload assets/scripts from cc.config.json: 60f7195c-ec2a-45eb-ba94-8955f60e81d0,1c02ae6f-4492-4915-b8f8-7492a3b1e4cd,810e96e4-e456-4468-9b59-f4e8f39732c0,efe8e2a3-eace-427b-b4f1-cb8a937ec77d,e9aa9a3e-5b2b-4ac7-a2c7-073de2b2b24f,8bbdbcdd-5cd4-4100-b6d5-b7c9625b6107,50f4348b-c883-4e2f-8f11-ce233b859fa1,fda095cb-831d-4601-ad94-846013963de8,f92806d7-1768-443f-afe8-12bcde84d0f0,dd3a144d-ab7f-41f0-82b8-2e43a090d496,f0416e68-0200-4b77-a926-4f9d16e494da,511d2633-09a7-4bdd-ac42-f778032124b3,5d45aa00-e064-4938-b314-4265f0c2258c,9361fd90-ba52-4f84-aa93-6e878fd576ca,970b0598-bcb0-4714-91fb-2e81440dccd8,bcd64cc6-2dd9-43f6-abbe-66318d332032,d930590d-bb92-4cc8-8bd1-23cd027f9edf,a3cd009f-0ab0-420d-9278-b9fdab939bbc,6a2d0734-bd9e-4ddf-946e-caa52498cb75,d1346436-ac96-4271-b863-1f4fdead95b0,971bdb23-3ff6-43eb-b422-1c30165a3663,17debcc3-0a6b-4b8a-b00b-dc58b885581e,711ebe11-f673-4cd9-9a83-63c60ba54c5b,c0143906-9aed-447e-9436-2ae8512d1b6e,14da1725-c4c2-42b4-ab08-ee0aeb6898b3,081cab31-dccd-428e-8652-f2404cc81c47,78e0584a-4343-4727-8f37-e14e65c2a2db,871c3b6c-7379-419d-bda3-794b239ab90d,ff9b0199-ce04-4cfe-86cc-6c719f08d6e4,de1c2107-70c8-4021-8459-6399f24d01c6,cbf30902-517f-40dc-af90-a550bac27cf1,5c601d96-e4c7-4698-991b-7ee674b11079
5-18-2026 01:22:52-debug:   Number of all scripts: 17
5-18-2026 01:22:52-debug:   Number of other assets: 364
5-18-2026 01:22:52-debug: Init bundle root assets success..., progress: 0%
5-18-2026 01:22:52-debug:   Number of all scenes: 2
5-18-2026 01:22:52-debug: // ---- build task Query asset bundle ---- (5ms)
5-18-2026 01:22:52-log: run build task Query asset bundle success in 5 ms√, progress: 5%
5-18-2026 01:22:52-debug: [Build Memory track]: Query asset bundle start:231.52MB, end 231.27MB, increase: -263.96KB
5-18-2026 01:22:52-debug: Query asset bundle start, progress: 5%
5-18-2026 01:22:52-debug: // ---- build task Query asset bundle ----
5-18-2026 01:22:52-debug: // ---- build task Query asset bundle ---- (3ms)
5-18-2026 01:22:52-log: run build task Query asset bundle success in 3 ms√, progress: 10%
5-18-2026 01:22:52-debug: [Build Memory track]: Query asset bundle start:231.29MB, end 231.40MB, increase: 112.67KB
5-18-2026 01:22:52-debug: Sort some build options to settings.json start, progress: 10%
5-18-2026 01:22:52-debug: // ---- build task Sort some build options to settings.json ----
5-18-2026 01:22:52-debug: [Build Memory track]: Sort some build options to settings.json start:231.43MB, end 231.45MB, increase: 18.52KB
5-18-2026 01:22:52-debug: Fill script data to settings start, progress: 12%
5-18-2026 01:22:52-log: run build task Sort some build options to settings.json success in √, progress: 12%
5-18-2026 01:22:52-debug: // ---- build task Fill script data to settings ----
5-18-2026 01:22:52-debug: // ---- build task Fill script data to settings ---- (2ms)
5-18-2026 01:22:52-log: run build task Fill script data to settings success in 2 ms√, progress: 13%
5-18-2026 01:22:52-debug: [Build Memory track]: Fill script data to settings start:231.48MB, end 231.50MB, increase: 25.03KB
5-18-2026 01:22:52-debug: Sort some build options to settings.json start, progress: 13%
5-18-2026 01:22:52-debug: // ---- build task Sort some build options to settings.json ----
5-18-2026 01:22:52-log: run build task Sort some build options to settings.json success in 5 ms√, progress: 15%
5-18-2026 01:22:52-debug: [Build Memory track]: Sort some build options to settings.json start:231.53MB, end 231.66MB, increase: 131.16KB
5-18-2026 01:22:52-debug: // ---- build task Sort some build options to settings.json ---- (5ms)
5-18-2026 01:33:40-debug: %cImport%c: F:\Github\BattleGame\assets\Test.scenebackground: #aaff85; color: #000;color: #000;
5-18-2026 01:33:40-debug: asset-db:reimport-asset1effe86e-a401-4769-9dbc-62218c68834d (25ms)
5-18-2026 01:33:43-debug: Query all assets info in project
5-18-2026 01:33:43-debug: init custom config: keepNodeUuid: false, useCache: true
5-18-2026 01:33:43-debug: Skip compress image, progress: 0%
5-18-2026 01:33:43-debug: Init all bundles start..., progress: 0%
5-18-2026 01:33:43-debug: Num of bundles: 2..., progress: 0%
5-18-2026 01:33:43-debug: Query asset bundle start, progress: 0%
5-18-2026 01:33:43-debug: // ---- build task Query asset bundle ----
5-18-2026 01:33:43-debug: Init bundle root assets start..., progress: 0%
5-18-2026 01:33:43-debug: Query preload assets/scripts from cc.config.json: 60f7195c-ec2a-45eb-ba94-8955f60e81d0,1c02ae6f-4492-4915-b8f8-7492a3b1e4cd,810e96e4-e456-4468-9b59-f4e8f39732c0,efe8e2a3-eace-427b-b4f1-cb8a937ec77d,e9aa9a3e-5b2b-4ac7-a2c7-073de2b2b24f,8bbdbcdd-5cd4-4100-b6d5-b7c9625b6107,50f4348b-c883-4e2f-8f11-ce233b859fa1,fda095cb-831d-4601-ad94-846013963de8,f92806d7-1768-443f-afe8-12bcde84d0f0,dd3a144d-ab7f-41f0-82b8-2e43a090d496,f0416e68-0200-4b77-a926-4f9d16e494da,511d2633-09a7-4bdd-ac42-f778032124b3,5d45aa00-e064-4938-b314-4265f0c2258c,9361fd90-ba52-4f84-aa93-6e878fd576ca,970b0598-bcb0-4714-91fb-2e81440dccd8,bcd64cc6-2dd9-43f6-abbe-66318d332032,d930590d-bb92-4cc8-8bd1-23cd027f9edf,a3cd009f-0ab0-420d-9278-b9fdab939bbc,6a2d0734-bd9e-4ddf-946e-caa52498cb75,d1346436-ac96-4271-b863-1f4fdead95b0,971bdb23-3ff6-43eb-b422-1c30165a3663,17debcc3-0a6b-4b8a-b00b-dc58b885581e,711ebe11-f673-4cd9-9a83-63c60ba54c5b,c0143906-9aed-447e-9436-2ae8512d1b6e,14da1725-c4c2-42b4-ab08-ee0aeb6898b3,081cab31-dccd-428e-8652-f2404cc81c47,78e0584a-4343-4727-8f37-e14e65c2a2db,871c3b6c-7379-419d-bda3-794b239ab90d,ff9b0199-ce04-4cfe-86cc-6c719f08d6e4,de1c2107-70c8-4021-8459-6399f24d01c6,cbf30902-517f-40dc-af90-a550bac27cf1,5c601d96-e4c7-4698-991b-7ee674b11079
5-18-2026 01:33:43-debug:   Number of all scenes: 2
5-18-2026 01:33:43-debug:   Number of all scripts: 17
5-18-2026 01:33:43-debug:   Number of other assets: 364
5-18-2026 01:33:43-debug: Init bundle root assets success..., progress: 0%
5-18-2026 01:33:43-debug: // ---- build task Query asset bundle ---- (8ms)
5-18-2026 01:33:43-log: run build task Query asset bundle success in 8 ms√, progress: 5%
5-18-2026 01:33:43-debug: Query asset bundle start, progress: 5%
5-18-2026 01:33:43-debug: // ---- build task Query asset bundle ----
5-18-2026 01:33:43-debug: [Build Memory track]: Query asset bundle start:232.13MB, end 231.90MB, increase: -234.73KB
5-18-2026 01:33:43-debug: // ---- build task Query asset bundle ---- (4ms)
5-18-2026 01:33:43-log: run build task Query asset bundle success in 4 ms√, progress: 10%
5-18-2026 01:33:43-debug: [Build Memory track]: Query asset bundle start:231.93MB, end 232.05MB, increase: 120.53KB
5-18-2026 01:33:43-debug: // ---- build task Sort some build options to settings.json ----
5-18-2026 01:33:43-debug: Sort some build options to settings.json start, progress: 10%
5-18-2026 01:33:43-debug: // ---- build task Sort some build options to settings.json ---- (3ms)
5-18-2026 01:33:43-log: run build task Sort some build options to settings.json success in 3 ms√, progress: 12%
5-18-2026 01:33:43-debug: [Build Memory track]: Sort some build options to settings.json start:232.08MB, end 231.40MB, increase: -690.59KB
5-18-2026 01:33:43-debug: Fill script data to settings start, progress: 12%
5-18-2026 01:33:43-debug: // ---- build task Fill script data to settings ----
5-18-2026 01:33:43-debug: // ---- build task Fill script data to settings ---- (1ms)
5-18-2026 01:33:43-log: run build task Fill script data to settings success in 1 ms√, progress: 13%
5-18-2026 01:33:43-debug: Sort some build options to settings.json start, progress: 13%
5-18-2026 01:33:43-debug: [Build Memory track]: Fill script data to settings start:231.43MB, end 231.47MB, increase: 32.75KB
5-18-2026 01:33:43-debug: // ---- build task Sort some build options to settings.json ----
5-18-2026 01:33:43-debug: // ---- build task Sort some build options to settings.json ---- (5ms)
5-18-2026 01:33:43-log: run build task Sort some build options to settings.json success in 5 ms√, progress: 15%
5-18-2026 01:33:43-debug: [Build Memory track]: Sort some build options to settings.json start:231.49MB, end 231.64MB, increase: 148.72KB
5-18-2026 01:38:57-debug: %cImport%c: F:\Github\BattleGame\assets\Test.scenebackground: #aaff85; color: #000;color: #000;
5-18-2026 01:38:57-debug: asset-db:reimport-asset1effe86e-a401-4769-9dbc-62218c68834d (22ms)
5-18-2026 01:38:58-debug: Query all assets info in project
5-18-2026 01:38:58-debug: init custom config: keepNodeUuid: false, useCache: true
5-18-2026 01:38:58-debug: Skip compress image, progress: 0%
5-18-2026 01:38:58-debug: Init all bundles start..., progress: 0%
5-18-2026 01:38:58-debug: Num of bundles: 2..., progress: 0%
5-18-2026 01:38:58-debug: Query asset bundle start, progress: 0%
5-18-2026 01:38:58-debug: // ---- build task Query asset bundle ----
5-18-2026 01:38:58-debug: Init bundle root assets start..., progress: 0%
5-18-2026 01:38:58-debug:   Number of all scenes: 2
5-18-2026 01:38:58-debug:   Number of all scripts: 17
5-18-2026 01:38:58-debug: Init bundle root assets success..., progress: 0%
5-18-2026 01:38:58-debug: Query preload assets/scripts from cc.config.json: 60f7195c-ec2a-45eb-ba94-8955f60e81d0,1c02ae6f-4492-4915-b8f8-7492a3b1e4cd,810e96e4-e456-4468-9b59-f4e8f39732c0,efe8e2a3-eace-427b-b4f1-cb8a937ec77d,e9aa9a3e-5b2b-4ac7-a2c7-073de2b2b24f,8bbdbcdd-5cd4-4100-b6d5-b7c9625b6107,50f4348b-c883-4e2f-8f11-ce233b859fa1,fda095cb-831d-4601-ad94-846013963de8,f92806d7-1768-443f-afe8-12bcde84d0f0,dd3a144d-ab7f-41f0-82b8-2e43a090d496,f0416e68-0200-4b77-a926-4f9d16e494da,511d2633-09a7-4bdd-ac42-f778032124b3,5d45aa00-e064-4938-b314-4265f0c2258c,9361fd90-ba52-4f84-aa93-6e878fd576ca,970b0598-bcb0-4714-91fb-2e81440dccd8,bcd64cc6-2dd9-43f6-abbe-66318d332032,d930590d-bb92-4cc8-8bd1-23cd027f9edf,a3cd009f-0ab0-420d-9278-b9fdab939bbc,6a2d0734-bd9e-4ddf-946e-caa52498cb75,d1346436-ac96-4271-b863-1f4fdead95b0,971bdb23-3ff6-43eb-b422-1c30165a3663,17debcc3-0a6b-4b8a-b00b-dc58b885581e,711ebe11-f673-4cd9-9a83-63c60ba54c5b,c0143906-9aed-447e-9436-2ae8512d1b6e,14da1725-c4c2-42b4-ab08-ee0aeb6898b3,081cab31-dccd-428e-8652-f2404cc81c47,78e0584a-4343-4727-8f37-e14e65c2a2db,871c3b6c-7379-419d-bda3-794b239ab90d,ff9b0199-ce04-4cfe-86cc-6c719f08d6e4,de1c2107-70c8-4021-8459-6399f24d01c6,cbf30902-517f-40dc-af90-a550bac27cf1,5c601d96-e4c7-4698-991b-7ee674b11079
5-18-2026 01:38:58-debug:   Number of other assets: 364
5-18-2026 01:38:58-debug: // ---- build task Query asset bundle ---- (5ms)
5-18-2026 01:38:58-log: run build task Query asset bundle success in 5 ms√, progress: 5%
5-18-2026 01:38:58-debug: [Build Memory track]: Query asset bundle start:231.97MB, end 231.70MB, increase: -272.00KB
5-18-2026 01:38:58-debug: Query asset bundle start, progress: 5%
5-18-2026 01:38:58-debug: // ---- build task Query asset bundle ----
5-18-2026 01:38:58-debug: // ---- build task Query asset bundle ---- (3ms)
5-18-2026 01:38:58-debug: Sort some build options to settings.json start, progress: 10%
5-18-2026 01:38:58-log: run build task Query asset bundle success in 3 ms√, progress: 10%
5-18-2026 01:38:58-debug: [Build Memory track]: Query asset bundle start:231.73MB, end 231.85MB, increase: 124.98KB
5-18-2026 01:38:58-debug: // ---- build task Sort some build options to settings.json ----
5-18-2026 01:38:58-debug: // ---- build task Sort some build options to settings.json ---- (1ms)
5-18-2026 01:38:58-log: run build task Sort some build options to settings.json success in 1 ms√, progress: 12%
5-18-2026 01:38:58-debug: [Build Memory track]: Sort some build options to settings.json start:232.27MB, end 231.91MB, increase: -367.08KB
5-18-2026 01:38:58-debug: // ---- build task Fill script data to settings ----
5-18-2026 01:38:58-debug: Fill script data to settings start, progress: 12%
5-18-2026 01:38:58-log: run build task Fill script data to settings success in √, progress: 13%
5-18-2026 01:38:58-debug: [Build Memory track]: Fill script data to settings start:231.95MB, end 231.96MB, increase: 16.64KB
5-18-2026 01:38:58-debug: Sort some build options to settings.json start, progress: 13%
5-18-2026 01:38:58-debug: // ---- build task Sort some build options to settings.json ----
5-18-2026 01:38:58-debug: // ---- build task Sort some build options to settings.json ---- (6ms)
5-18-2026 01:38:58-debug: [Build Memory track]: Sort some build options to settings.json start:231.99MB, end 232.12MB, increase: 131.84KB
5-18-2026 01:38:58-log: run build task Sort some build options to settings.json success in 6 ms√, progress: 15%
5-18-2026 01:43:42-debug: %cImport%c: F:\Github\BattleGame\assets\Test.scenebackground: #aaff85; color: #000;color: #000;
5-18-2026 01:43:42-debug: asset-db:reimport-asset1effe86e-a401-4769-9dbc-62218c68834d (30ms)
5-18-2026 01:43:43-debug: Query all assets info in project
5-18-2026 01:43:43-debug: init custom config: keepNodeUuid: false, useCache: true
5-18-2026 01:43:43-debug: Skip compress image, progress: 0%
5-18-2026 01:43:43-debug: Init all bundles start..., progress: 0%
5-18-2026 01:43:43-debug: Query asset bundle start, progress: 0%
5-18-2026 01:43:43-debug: // ---- build task Query asset bundle ----
5-18-2026 01:43:43-debug: Init bundle root assets start..., progress: 0%
5-18-2026 01:43:43-debug: Num of bundles: 2..., progress: 0%
5-18-2026 01:43:43-debug: Query preload assets/scripts from cc.config.json: 60f7195c-ec2a-45eb-ba94-8955f60e81d0,1c02ae6f-4492-4915-b8f8-7492a3b1e4cd,810e96e4-e456-4468-9b59-f4e8f39732c0,efe8e2a3-eace-427b-b4f1-cb8a937ec77d,e9aa9a3e-5b2b-4ac7-a2c7-073de2b2b24f,8bbdbcdd-5cd4-4100-b6d5-b7c9625b6107,50f4348b-c883-4e2f-8f11-ce233b859fa1,fda095cb-831d-4601-ad94-846013963de8,f92806d7-1768-443f-afe8-12bcde84d0f0,dd3a144d-ab7f-41f0-82b8-2e43a090d496,f0416e68-0200-4b77-a926-4f9d16e494da,511d2633-09a7-4bdd-ac42-f778032124b3,5d45aa00-e064-4938-b314-4265f0c2258c,9361fd90-ba52-4f84-aa93-6e878fd576ca,970b0598-bcb0-4714-91fb-2e81440dccd8,bcd64cc6-2dd9-43f6-abbe-66318d332032,d930590d-bb92-4cc8-8bd1-23cd027f9edf,a3cd009f-0ab0-420d-9278-b9fdab939bbc,6a2d0734-bd9e-4ddf-946e-caa52498cb75,d1346436-ac96-4271-b863-1f4fdead95b0,971bdb23-3ff6-43eb-b422-1c30165a3663,17debcc3-0a6b-4b8a-b00b-dc58b885581e,711ebe11-f673-4cd9-9a83-63c60ba54c5b,c0143906-9aed-447e-9436-2ae8512d1b6e,14da1725-c4c2-42b4-ab08-ee0aeb6898b3,081cab31-dccd-428e-8652-f2404cc81c47,78e0584a-4343-4727-8f37-e14e65c2a2db,871c3b6c-7379-419d-bda3-794b239ab90d,ff9b0199-ce04-4cfe-86cc-6c719f08d6e4,de1c2107-70c8-4021-8459-6399f24d01c6,cbf30902-517f-40dc-af90-a550bac27cf1,5c601d96-e4c7-4698-991b-7ee674b11079
5-18-2026 01:43:43-debug:   Number of other assets: 364
5-18-2026 01:43:43-debug:   Number of all scripts: 17
5-18-2026 01:43:43-debug: Init bundle root assets success..., progress: 0%
5-18-2026 01:43:43-debug:   Number of all scenes: 2
5-18-2026 01:43:43-debug: // ---- build task Query asset bundle ---- (5ms)
5-18-2026 01:43:43-log: run build task Query asset bundle success in 5 ms√, progress: 5%
5-18-2026 01:43:43-debug: [Build Memory track]: Query asset bundle start:232.52MB, end 232.34MB, increase: -183.53KB
5-18-2026 01:43:43-debug: Query asset bundle start, progress: 5%
5-18-2026 01:43:43-debug: // ---- build task Query asset bundle ----
5-18-2026 01:43:43-debug: // ---- build task Query asset bundle ---- (2ms)
5-18-2026 01:43:43-log: run build task Query asset bundle success in 2 ms√, progress: 10%
5-18-2026 01:43:43-debug: [Build Memory track]: Query asset bundle start:232.37MB, end 232.48MB, increase: 112.63KB
5-18-2026 01:43:43-debug: // ---- build task Sort some build options to settings.json ----
5-18-2026 01:43:43-debug: Sort some build options to settings.json start, progress: 10%
5-18-2026 01:43:43-log: run build task Sort some build options to settings.json success in √, progress: 12%
5-18-2026 01:43:43-debug: Fill script data to settings start, progress: 12%
5-18-2026 01:43:43-debug: [Build Memory track]: Sort some build options to settings.json start:232.51MB, end 231.79MB, increase: -734.23KB
5-18-2026 01:43:43-debug: // ---- build task Fill script data to settings ----
5-18-2026 01:43:43-debug: // ---- build task Fill script data to settings ---- (1ms)
5-18-2026 01:43:43-log: run build task Fill script data to settings success in 1 ms√, progress: 13%
5-18-2026 01:43:43-debug: [Build Memory track]: Fill script data to settings start:231.82MB, end 231.84MB, increase: 25.00KB
5-18-2026 01:43:43-debug: // ---- build task Sort some build options to settings.json ----
5-18-2026 01:43:43-debug: Sort some build options to settings.json start, progress: 13%
5-18-2026 01:43:43-debug: // ---- build task Sort some build options to settings.json ---- (3ms)
5-18-2026 01:43:43-debug: [Build Memory track]: Sort some build options to settings.json start:231.87MB, end 232.00MB, increase: 131.09KB
5-18-2026 01:43:43-log: run build task Sort some build options to settings.json success in 3 ms√, progress: 15%
5-18-2026 01:56:07-debug: %cImport%c: F:\Github\BattleGame\assets\Test.scenebackground: #aaff85; color: #000;color: #000;
5-18-2026 01:56:07-debug: asset-db:reimport-asset1effe86e-a401-4769-9dbc-62218c68834d (27ms)
5-18-2026 02:15:49-debug: refresh db internal success
5-18-2026 02:15:49-debug: refresh db assets success
5-18-2026 02:15:49-debug: Run asset db hook engine-extends:afterRefresh success!
5-18-2026 02:15:49-debug: Run asset db hook engine-extends:afterRefresh ...
5-18-2026 02:15:49-debug: asset-db:refresh-all-database (90ms)
5-18-2026 02:15:49-debug: asset-db:worker-effect-data-processing (3ms)
5-18-2026 02:15:49-debug: asset-db-hook-engine-extends-afterRefresh (3ms)
