5-28-2026 01:42:53-log: Cannot access game frame or container.
5-28-2026 01:42:53-debug: asset-db:require-engine-code (1040ms)
5-28-2026 01:42:54-log: meshopt wasm decoder initialized
5-28-2026 01:42:54-log: [bullet]:bullet wasm lib loaded.
5-28-2026 01:42:54-log: [box2d]:box2d wasm lib loaded.
5-28-2026 01:42:54-log: Cocos Creator v3.8.8
5-28-2026 01:42:54-log: Using legacy pipeline
5-28-2026 01:42:54-log: Forward render pipeline initialized.
5-28-2026 01:42:54-debug: [Assets Memory track]: asset-db:worker-init: initEngine start:28.00MB, end 79.58MB, increase: 51.58MB
5-28-2026 01:42:56-debug: [Assets Memory track]: asset-db:worker-init: initPlugin start:79.64MB, end 320.07MB, increase: 240.43MB
5-28-2026 01:42:56-debug: run package(placeholder) handler(enable) start
5-28-2026 01:42:56-debug: run package(placeholder) handler(enable) success!
5-28-2026 01:42:56-debug: asset-db:worker-init: initPlugin (1897ms)
5-28-2026 01:42:56-debug: Run asset db hook programming:beforePreStart success!
5-28-2026 01:42:56-debug: Run asset db hook programming:beforePreStart ...
5-28-2026 01:42:56-debug: Run asset db hook engine-extends:beforePreStart ...
5-28-2026 01:42:56-debug: Run asset db hook engine-extends:beforePreStart success!
5-28-2026 01:42:56-debug: [Assets Memory track]: asset-db:worker-init start:27.99MB, end 320.22MB, increase: 292.23MB
5-28-2026 01:42:59-debug: asset-db:worker-init (6525ms)
5-28-2026 01:42:59-debug: asset-db-hook-programming-beforePreStart (3005ms)
5-28-2026 01:42:59-debug: asset-db-hook-engine-extends-beforePreStart (3004ms)
5-28-2026 01:43:00-debug: Preimport db internal success
5-28-2026 01:43:01-debug: Preimport db assets success
5-28-2026 01:43:01-debug: Run asset db hook programming:afterPreStart ...
5-28-2026 01:43:01-debug: starting packer-driver...
5-28-2026 01:43:02-debug: initialize scripting environment...
5-28-2026 01:43:02-debug: [[Executor]] prepare before lock
5-28-2026 01:43:02-debug: Set detail map pack:///resolution-detail-map.json: {}
5-28-2026 01:43:02-debug: [[Executor]] prepare after unlock
5-28-2026 01:43:02-debug: Run asset db hook programming:afterPreStart success!
5-28-2026 01:43:02-debug: Run asset db hook engine-extends:afterPreStart ...
5-28-2026 01:43:02-debug: Run asset db hook engine-extends:afterPreStart success!
5-28-2026 01:43:02-debug: Start up the 'internal' database...
5-28-2026 01:43:03-debug: asset-db-hook-programming-afterPreStart (2540ms)
5-28-2026 01:43:03-debug: asset-db:worker-effect-data-processing (1576ms)
5-28-2026 01:43:03-debug: asset-db-hook-engine-extends-afterPreStart (1577ms)
5-28-2026 01:43:03-debug: Run asset db hook engine-extends:afterStartDB ...
5-28-2026 01:43:03-debug: recompile effect.bin success
5-28-2026 01:43:03-debug: Run asset db hook engine-extends:afterStartDB success!
5-28-2026 01:43:03-debug: Start up the 'assets' database...
5-28-2026 01:43:04-debug: asset-db:worker-effect-data-processing (429ms)
5-28-2026 01:43:04-debug: asset-db-hook-engine-extends-afterStartDB (430ms)
5-28-2026 01:43:04-debug: Run asset db hook engine-extends:afterStartDB ...
5-28-2026 01:43:04-debug: recompile effect.bin success
5-28-2026 01:43:04-debug: Run asset db hook engine-extends:afterStartDB success!
5-28-2026 01:43:04-debug: [Assets Memory track]: asset-db:worker-init: startup start:200.92MB, end 214.76MB, increase: 13.84MB
5-28-2026 01:43:04-debug: lazy register asset handler text
5-28-2026 01:43:04-debug: lazy register asset handler *
5-28-2026 01:43:04-debug: lazy register asset handler directory
5-28-2026 01:43:04-debug: lazy register asset handler spine-data
5-28-2026 01:43:04-debug: lazy register asset handler dragonbones
5-28-2026 01:43:04-debug: lazy register asset handler dragonbones-atlas
5-28-2026 01:43:04-debug: lazy register asset handler json
5-28-2026 01:43:04-debug: lazy register asset handler terrain
5-28-2026 01:43:04-debug: lazy register asset handler typescript
5-28-2026 01:43:04-debug: lazy register asset handler javascript
5-28-2026 01:43:04-debug: lazy register asset handler sprite-frame
5-28-2026 01:43:04-debug: lazy register asset handler scene
5-28-2026 01:43:04-debug: lazy register asset handler buffer
5-28-2026 01:43:04-debug: lazy register asset handler prefab
5-28-2026 01:43:04-debug: lazy register asset handler tiled-map
5-28-2026 01:43:04-debug: lazy register asset handler image
5-28-2026 01:43:04-debug: lazy register asset handler sign-image
5-28-2026 01:43:04-debug: lazy register asset handler alpha-image
5-28-2026 01:43:04-debug: lazy register asset handler texture-cube
5-28-2026 01:43:04-debug: lazy register asset handler render-texture
5-28-2026 01:43:04-debug: lazy register asset handler erp-texture-cube
5-28-2026 01:43:04-debug: lazy register asset handler texture-cube-face
5-28-2026 01:43:04-debug: lazy register asset handler texture
5-28-2026 01:43:04-debug: lazy register asset handler rt-sprite-frame
5-28-2026 01:43:04-debug: lazy register asset handler gltf
5-28-2026 01:43:04-debug: lazy register asset handler gltf-mesh
5-28-2026 01:43:04-debug: lazy register asset handler gltf-material
5-28-2026 01:43:04-debug: lazy register asset handler gltf-animation
5-28-2026 01:43:04-debug: lazy register asset handler gltf-skeleton
5-28-2026 01:43:04-debug: lazy register asset handler gltf-embeded-image
5-28-2026 01:43:04-debug: lazy register asset handler material
5-28-2026 01:43:04-debug: lazy register asset handler fbx
5-28-2026 01:43:04-debug: lazy register asset handler physics-material
5-28-2026 01:43:04-debug: lazy register asset handler gltf-scene
5-28-2026 01:43:04-debug: lazy register asset handler effect-header
5-28-2026 01:43:04-debug: lazy register asset handler animation-clip
5-28-2026 01:43:04-debug: lazy register asset handler audio-clip
5-28-2026 01:43:04-debug: lazy register asset handler animation-graph
5-28-2026 01:43:04-debug: lazy register asset handler animation-graph-variant
5-28-2026 01:43:04-debug: lazy register asset handler effect
5-28-2026 01:43:04-debug: lazy register asset handler animation-mask
5-28-2026 01:43:04-debug: lazy register asset handler particle
5-28-2026 01:43:04-debug: lazy register asset handler bitmap-font
5-28-2026 01:43:04-debug: lazy register asset handler sprite-atlas
5-28-2026 01:43:04-debug: lazy register asset handler ttf-font
5-28-2026 01:43:04-debug: lazy register asset handler auto-atlas
5-28-2026 01:43:04-debug: lazy register asset handler label-atlas
5-28-2026 01:43:04-debug: lazy register asset handler render-pipeline
5-28-2026 01:43:04-debug: lazy register asset handler render-flow
5-28-2026 01:43:04-debug: lazy register asset handler render-stage
5-28-2026 01:43:04-debug: lazy register asset handler instantiation-mesh
5-28-2026 01:43:04-debug: lazy register asset handler instantiation-skeleton
5-28-2026 01:43:04-debug: lazy register asset handler instantiation-animation
5-28-2026 01:43:04-debug: lazy register asset handler instantiation-material
5-28-2026 01:43:04-debug: lazy register asset handler video-clip
5-28-2026 01:43:04-debug: asset-db-hook-engine-extends-afterStartDB (321ms)
5-28-2026 01:43:04-debug: asset-db:worker-effect-data-processing (320ms)
5-28-2026 01:43:04-debug: asset-db:start-database (8072ms)
5-28-2026 01:43:04-debug: init worker message success
5-28-2026 01:43:04-debug: asset-db:ready (14142ms)
5-28-2026 01:43:04-debug: programming:execute-script (7ms)
5-28-2026 01:43:04-debug: [Build Memory track]: builder:worker-init start:218.81MB, end 226.99MB, increase: 8.18MB
5-28-2026 01:43:04-debug: builder:worker-init (361ms)
5-28-2026 01:43:13-debug: %cImport%c: F:\Github\BattleGame\assets\Test.scenebackground: #aaff85; color: #000;color: #000;
5-28-2026 01:43:13-debug: asset-db:reimport-asset1effe86e-a401-4769-9dbc-62218c68834d (26ms)
