6-20-2026 16:14:24-log: Cannot access game frame or container.
6-20-2026 16:14:25-debug: asset-db:require-engine-code (1296ms)
6-20-2026 16:14:25-log: meshopt wasm decoder initialized
6-20-2026 16:14:25-log: [bullet]:bullet wasm lib loaded.
6-20-2026 16:14:25-log: [box2d]:box2d wasm lib loaded.
6-20-2026 16:14:26-log: Using legacy pipeline
6-20-2026 16:14:26-log: Forward render pipeline initialized.
6-20-2026 16:14:25-log: Cocos Creator v3.8.8
6-20-2026 16:14:26-debug: [Assets Memory track]: asset-db:worker-init: initEngine start:28.43MB, end 79.07MB, increase: 50.64MB
6-20-2026 16:14:27-debug: [Assets Memory track]: asset-db:worker-init: initPlugin start:79.11MB, end 221.33MB, increase: 142.22MB
6-20-2026 16:14:27-debug: asset-db:worker-init: initPlugin (1983ms)
6-20-2026 16:14:27-debug: [Assets Memory track]: asset-db:worker-init start:28.42MB, end 221.44MB, increase: 193.02MB
6-20-2026 16:14:27-debug: Run asset db hook programming:beforePreStart ...
6-20-2026 16:14:27-debug: Run asset db hook programming:beforePreStart success!
6-20-2026 16:14:27-debug: Run asset db hook engine-extends:beforePreStart ...
6-20-2026 16:14:27-debug: Run asset db hook engine-extends:beforePreStart success!
6-20-2026 16:14:32-debug: asset-db:worker-init (8290ms)
6-20-2026 16:14:32-debug: asset-db-hook-programming-beforePreStart (4747ms)
6-20-2026 16:14:32-debug: asset-db-hook-engine-extends-beforePreStart (4746ms)
6-20-2026 16:14:34-debug: Preimport db internal success
6-20-2026 16:14:34-debug: Preimport db assets success
6-20-2026 16:14:34-debug: Run asset db hook programming:afterPreStart ...
6-20-2026 16:14:34-debug: starting packer-driver...
6-20-2026 16:14:36-debug: initialize scripting environment...
6-20-2026 16:14:36-debug: [[Executor]] prepare before lock
6-20-2026 16:14:36-debug: Set detail map pack:///resolution-detail-map.json: {}
6-20-2026 16:14:36-debug: Run asset db hook programming:afterPreStart success!
6-20-2026 16:14:36-debug: Run asset db hook engine-extends:afterPreStart ...
6-20-2026 16:14:36-debug: Run asset db hook engine-extends:afterPreStart success!
6-20-2026 16:14:36-debug: Start up the 'internal' database...
6-20-2026 16:14:36-debug: [[Executor]] prepare after unlock
6-20-2026 16:14:38-debug: asset-db-hook-programming-afterPreStart (4009ms)
6-20-2026 16:14:38-debug: asset-db-hook-engine-extends-afterPreStart (2550ms)
6-20-2026 16:14:38-debug: asset-db:worker-effect-data-processing (2550ms)
6-20-2026 16:14:39-debug: Run asset db hook engine-extends:afterStartDB ...
6-20-2026 16:14:40-debug: recompile effect.bin success
6-20-2026 16:14:40-debug: Run asset db hook engine-extends:afterStartDB success!
6-20-2026 16:14:40-debug: Start up the 'assets' database...
6-20-2026 16:14:40-debug: asset-db:worker-effect-data-processing (1606ms)
6-20-2026 16:14:40-debug: asset-db-hook-engine-extends-afterStartDB (1608ms)
6-20-2026 16:14:40-debug: Run asset db hook engine-extends:afterStartDB ...
6-20-2026 16:14:41-debug: recompile effect.bin success
6-20-2026 16:14:41-debug: lazy register asset handler *
6-20-2026 16:14:41-debug: Run asset db hook engine-extends:afterStartDB success!
6-20-2026 16:14:41-debug: lazy register asset handler text
6-20-2026 16:14:41-debug: lazy register asset handler directory
6-20-2026 16:14:41-debug: lazy register asset handler dragonbones
6-20-2026 16:14:41-debug: lazy register asset handler spine-data
6-20-2026 16:14:41-debug: lazy register asset handler dragonbones-atlas
6-20-2026 16:14:41-debug: lazy register asset handler json
6-20-2026 16:14:41-debug: lazy register asset handler terrain
6-20-2026 16:14:41-debug: lazy register asset handler typescript
6-20-2026 16:14:41-debug: lazy register asset handler prefab
6-20-2026 16:14:41-debug: lazy register asset handler javascript
6-20-2026 16:14:41-debug: lazy register asset handler sprite-frame
6-20-2026 16:14:41-debug: lazy register asset handler tiled-map
6-20-2026 16:14:41-debug: lazy register asset handler scene
6-20-2026 16:14:41-debug: lazy register asset handler sign-image
6-20-2026 16:14:41-debug: lazy register asset handler buffer
6-20-2026 16:14:41-debug: lazy register asset handler texture
6-20-2026 16:14:41-debug: lazy register asset handler alpha-image
6-20-2026 16:14:41-debug: lazy register asset handler texture-cube
6-20-2026 16:14:41-debug: lazy register asset handler erp-texture-cube
6-20-2026 16:14:41-debug: lazy register asset handler texture-cube-face
6-20-2026 16:14:41-debug: lazy register asset handler render-texture
6-20-2026 16:14:41-debug: lazy register asset handler gltf
6-20-2026 16:14:41-debug: lazy register asset handler image
6-20-2026 16:14:41-debug: lazy register asset handler rt-sprite-frame
6-20-2026 16:14:41-debug: lazy register asset handler gltf-animation
6-20-2026 16:14:41-debug: lazy register asset handler gltf-skeleton
6-20-2026 16:14:41-debug: lazy register asset handler gltf-mesh
6-20-2026 16:14:41-debug: lazy register asset handler gltf-material
6-20-2026 16:14:41-debug: lazy register asset handler gltf-scene
6-20-2026 16:14:41-debug: lazy register asset handler gltf-embeded-image
6-20-2026 16:14:41-debug: lazy register asset handler effect
6-20-2026 16:14:41-debug: lazy register asset handler material
6-20-2026 16:14:41-debug: lazy register asset handler physics-material
6-20-2026 16:14:41-debug: lazy register asset handler effect-header
6-20-2026 16:14:41-debug: lazy register asset handler fbx
6-20-2026 16:14:41-debug: lazy register asset handler audio-clip
6-20-2026 16:14:41-debug: lazy register asset handler animation-clip
6-20-2026 16:14:41-debug: lazy register asset handler animation-mask
6-20-2026 16:14:41-debug: lazy register asset handler animation-graph-variant
6-20-2026 16:14:41-debug: lazy register asset handler animation-graph
6-20-2026 16:14:41-debug: lazy register asset handler ttf-font
6-20-2026 16:14:41-debug: lazy register asset handler bitmap-font
6-20-2026 16:14:41-debug: lazy register asset handler sprite-atlas
6-20-2026 16:14:41-debug: lazy register asset handler particle
6-20-2026 16:14:41-debug: lazy register asset handler auto-atlas
6-20-2026 16:14:41-debug: lazy register asset handler render-pipeline
6-20-2026 16:14:41-debug: lazy register asset handler render-flow
6-20-2026 16:14:41-debug: lazy register asset handler instantiation-material
6-20-2026 16:14:41-debug: lazy register asset handler label-atlas
6-20-2026 16:14:41-debug: lazy register asset handler instantiation-mesh
6-20-2026 16:14:41-debug: lazy register asset handler instantiation-animation
6-20-2026 16:14:41-debug: lazy register asset handler render-stage
6-20-2026 16:14:41-debug: lazy register asset handler instantiation-skeleton
6-20-2026 16:14:41-debug: lazy register asset handler video-clip
6-20-2026 16:14:41-debug: asset-db-hook-engine-extends-afterStartDB (357ms)
6-20-2026 16:14:41-debug: asset-db:ready (20932ms)
6-20-2026 16:14:41-debug: asset-db:worker-effect-data-processing (357ms)
6-20-2026 16:14:41-debug: asset-db:start-database (13090ms)
6-20-2026 16:14:41-debug: init worker message success
6-20-2026 16:14:41-debug: programming:execute-script (5ms)
6-20-2026 16:14:41-debug: [Build Memory track]: builder:worker-init start:220.69MB, end 228.96MB, increase: 8.27MB
6-20-2026 16:14:41-debug: builder:worker-init (385ms)
6-20-2026 16:15:30-debug: Query all assets info in project
6-20-2026 16:15:30-debug: init custom config: keepNodeUuid: false, useCache: true
6-20-2026 16:15:30-debug: Skip compress image, progress: 0%
6-20-2026 16:15:30-debug: Init all bundles start..., progress: 0%
6-20-2026 16:15:30-debug: // ---- build task Query asset bundle ----
6-20-2026 16:15:30-debug: Query asset bundle start, progress: 0%
6-20-2026 16:15:30-debug: Num of bundles: 2..., progress: 0%
6-20-2026 16:15:30-debug: Init bundle root assets start..., progress: 0%
6-20-2026 16:15:30-debug: Query preload assets/scripts from cc.config.json: 60f7195c-ec2a-45eb-ba94-8955f60e81d0,1c02ae6f-4492-4915-b8f8-7492a3b1e4cd,810e96e4-e456-4468-9b59-f4e8f39732c0,efe8e2a3-eace-427b-b4f1-cb8a937ec77d,e9aa9a3e-5b2b-4ac7-a2c7-073de2b2b24f,8bbdbcdd-5cd4-4100-b6d5-b7c9625b6107,50f4348b-c883-4e2f-8f11-ce233b859fa1,fda095cb-831d-4601-ad94-846013963de8,f92806d7-1768-443f-afe8-12bcde84d0f0,dd3a144d-ab7f-41f0-82b8-2e43a090d496,f0416e68-0200-4b77-a926-4f9d16e494da,511d2633-09a7-4bdd-ac42-f778032124b3,5d45aa00-e064-4938-b314-4265f0c2258c,9361fd90-ba52-4f84-aa93-6e878fd576ca,970b0598-bcb0-4714-91fb-2e81440dccd8,bcd64cc6-2dd9-43f6-abbe-66318d332032,d930590d-bb92-4cc8-8bd1-23cd027f9edf,a3cd009f-0ab0-420d-9278-b9fdab939bbc,6a2d0734-bd9e-4ddf-946e-caa52498cb75,d9937e59-61fe-4ec6-92ab-7ac5a19c89b0,d1346436-ac96-4271-b863-1f4fdead95b0,971bdb23-3ff6-43eb-b422-1c30165a3663,17debcc3-0a6b-4b8a-b00b-dc58b885581e,711ebe11-f673-4cd9-9a83-63c60ba54c5b,c0143906-9aed-447e-9436-2ae8512d1b6e,14da1725-c4c2-42b4-ab08-ee0aeb6898b3,081cab31-dccd-428e-8652-f2404cc81c47,78e0584a-4343-4727-8f37-e14e65c2a2db,871c3b6c-7379-419d-bda3-794b239ab90d,ff9b0199-ce04-4cfe-86cc-6c719f08d6e4,de1c2107-70c8-4021-8459-6399f24d01c6,cbf30902-517f-40dc-af90-a550bac27cf1,5c601d96-e4c7-4698-991b-7ee674b11079
6-20-2026 16:15:30-debug:   Number of all scenes: 2
6-20-2026 16:15:30-debug:   Number of other assets: 409
6-20-2026 16:15:30-debug:   Number of all scripts: 31
6-20-2026 16:15:30-debug: Init bundle root assets success..., progress: 0%
6-20-2026 16:15:30-debug: // ---- build task Query asset bundle ---- (15ms)
6-20-2026 16:15:30-debug: [Build Memory track]: Query asset bundle start:221.23MB, end 221.22MB, increase: -10.66KB
6-20-2026 16:15:30-log: run build task Query asset bundle success in 15 ms√, progress: 5%
6-20-2026 16:15:30-debug: // ---- build task Query asset bundle ----
6-20-2026 16:15:30-debug: Query asset bundle start, progress: 5%
6-20-2026 16:15:30-debug: // ---- build task Query asset bundle ---- (7ms)
6-20-2026 16:15:30-log: run build task Query asset bundle success in 7 ms√, progress: 10%
6-20-2026 16:15:30-debug: [Build Memory track]: Query asset bundle start:221.25MB, end 221.41MB, increase: 154.37KB
6-20-2026 16:15:30-debug: // ---- build task Sort some build options to settings.json ----
6-20-2026 16:15:30-debug: Sort some build options to settings.json start, progress: 10%
6-20-2026 16:15:30-debug: // ---- build task Sort some build options to settings.json ---- (3ms)
6-20-2026 16:15:30-debug: Fill script data to settings start, progress: 12%
6-20-2026 16:15:30-debug: [Build Memory track]: Sort some build options to settings.json start:221.45MB, end 221.48MB, increase: 34.11KB
6-20-2026 16:15:30-debug: // ---- build task Fill script data to settings ----
6-20-2026 16:15:30-log: run build task Sort some build options to settings.json success in 3 ms√, progress: 12%
6-20-2026 16:15:30-debug: // ---- build task Fill script data to settings ---- (4ms)
6-20-2026 16:15:30-log: run build task Fill script data to settings success in 4 ms√, progress: 13%
6-20-2026 16:15:30-debug: [Build Memory track]: Fill script data to settings start:221.52MB, end 221.56MB, increase: 33.54KB
6-20-2026 16:15:30-debug: // ---- build task Sort some build options to settings.json ----
6-20-2026 16:15:30-debug: Sort some build options to settings.json start, progress: 13%
6-20-2026 16:15:30-debug: // ---- build task Sort some build options to settings.json ---- (9ms)
6-20-2026 16:15:30-debug: [Build Memory track]: Sort some build options to settings.json start:221.60MB, end 221.75MB, increase: 159.57KB
6-20-2026 16:15:30-log: run build task Sort some build options to settings.json success in 9 ms√, progress: 15%
6-20-2026 16:15:34-debug: Query all assets info in project
6-20-2026 16:15:34-debug: init custom config: keepNodeUuid: false, useCache: true
6-20-2026 16:15:34-debug: Skip compress image, progress: 0%
6-20-2026 16:15:34-debug: Init all bundles start..., progress: 0%
6-20-2026 16:15:34-debug: Query asset bundle start, progress: 0%
6-20-2026 16:15:34-debug: // ---- build task Query asset bundle ----
6-20-2026 16:15:34-debug: Init bundle root assets start..., progress: 0%
6-20-2026 16:15:34-debug: Num of bundles: 2..., progress: 0%
6-20-2026 16:15:34-debug: Query preload assets/scripts from cc.config.json: 60f7195c-ec2a-45eb-ba94-8955f60e81d0,1c02ae6f-4492-4915-b8f8-7492a3b1e4cd,810e96e4-e456-4468-9b59-f4e8f39732c0,efe8e2a3-eace-427b-b4f1-cb8a937ec77d,e9aa9a3e-5b2b-4ac7-a2c7-073de2b2b24f,8bbdbcdd-5cd4-4100-b6d5-b7c9625b6107,50f4348b-c883-4e2f-8f11-ce233b859fa1,fda095cb-831d-4601-ad94-846013963de8,f92806d7-1768-443f-afe8-12bcde84d0f0,dd3a144d-ab7f-41f0-82b8-2e43a090d496,f0416e68-0200-4b77-a926-4f9d16e494da,511d2633-09a7-4bdd-ac42-f778032124b3,5d45aa00-e064-4938-b314-4265f0c2258c,9361fd90-ba52-4f84-aa93-6e878fd576ca,970b0598-bcb0-4714-91fb-2e81440dccd8,bcd64cc6-2dd9-43f6-abbe-66318d332032,d930590d-bb92-4cc8-8bd1-23cd027f9edf,a3cd009f-0ab0-420d-9278-b9fdab939bbc,6a2d0734-bd9e-4ddf-946e-caa52498cb75,d9937e59-61fe-4ec6-92ab-7ac5a19c89b0,d1346436-ac96-4271-b863-1f4fdead95b0,971bdb23-3ff6-43eb-b422-1c30165a3663,17debcc3-0a6b-4b8a-b00b-dc58b885581e,711ebe11-f673-4cd9-9a83-63c60ba54c5b,c0143906-9aed-447e-9436-2ae8512d1b6e,14da1725-c4c2-42b4-ab08-ee0aeb6898b3,081cab31-dccd-428e-8652-f2404cc81c47,78e0584a-4343-4727-8f37-e14e65c2a2db,871c3b6c-7379-419d-bda3-794b239ab90d,ff9b0199-ce04-4cfe-86cc-6c719f08d6e4,de1c2107-70c8-4021-8459-6399f24d01c6,cbf30902-517f-40dc-af90-a550bac27cf1,5c601d96-e4c7-4698-991b-7ee674b11079
6-20-2026 16:15:34-debug:   Number of all scenes: 2
6-20-2026 16:15:34-debug:   Number of other assets: 409
6-20-2026 16:15:34-debug: Init bundle root assets success..., progress: 0%
6-20-2026 16:15:34-debug:   Number of all scripts: 31
6-20-2026 16:15:34-debug: // ---- build task Query asset bundle ---- (14ms)
6-20-2026 16:15:34-log: run build task Query asset bundle success in 14 ms√, progress: 5%
6-20-2026 16:15:34-debug: Query asset bundle start, progress: 5%
6-20-2026 16:15:34-debug: // ---- build task Query asset bundle ----
6-20-2026 16:15:34-debug: [Build Memory track]: Query asset bundle start:222.18MB, end 222.03MB, increase: -154.49KB
6-20-2026 16:15:34-debug: // ---- build task Query asset bundle ---- (7ms)
6-20-2026 16:15:34-log: run build task Query asset bundle success in 7 ms√, progress: 10%
6-20-2026 16:15:34-debug: [Build Memory track]: Query asset bundle start:222.07MB, end 221.41MB, increase: -670.38KB
6-20-2026 16:15:34-debug: Sort some build options to settings.json start, progress: 10%
6-20-2026 16:15:34-debug: // ---- build task Sort some build options to settings.json ----
6-20-2026 16:15:34-debug: // ---- build task Sort some build options to settings.json ---- (5ms)
6-20-2026 16:15:34-log: run build task Sort some build options to settings.json success in 5 ms√, progress: 12%
6-20-2026 16:15:34-debug: [Build Memory track]: Sort some build options to settings.json start:221.47MB, end 221.50MB, increase: 36.80KB
6-20-2026 16:15:34-debug: Fill script data to settings start, progress: 12%
6-20-2026 16:15:34-debug: // ---- build task Fill script data to settings ----
6-20-2026 16:15:34-debug: // ---- build task Fill script data to settings ---- (4ms)
6-20-2026 16:15:34-log: run build task Fill script data to settings success in 4 ms√, progress: 13%
6-20-2026 16:15:34-debug: [Build Memory track]: Fill script data to settings start:221.54MB, end 221.58MB, increase: 37.62KB
6-20-2026 16:15:34-debug: // ---- build task Sort some build options to settings.json ----
6-20-2026 16:15:34-debug: Sort some build options to settings.json start, progress: 13%
6-20-2026 16:15:34-debug: // ---- build task Sort some build options to settings.json ---- (21ms)
6-20-2026 16:15:34-log: run build task Sort some build options to settings.json success in 21 ms√, progress: 15%
6-20-2026 16:15:34-debug: [Build Memory track]: Sort some build options to settings.json start:221.62MB, end 221.75MB, increase: 135.19KB
6-20-2026 16:16:11-debug: refresh db internal success
6-20-2026 16:16:11-debug: refresh db assets success
6-20-2026 16:16:11-debug: Run asset db hook engine-extends:afterRefresh ...
6-20-2026 16:16:11-debug: Run asset db hook engine-extends:afterRefresh success!
6-20-2026 16:16:11-debug: asset-db:refresh-all-database (91ms)
6-20-2026 16:16:11-debug: asset-db:worker-effect-data-processing (1ms)
6-20-2026 16:16:11-debug: asset-db-hook-engine-extends-afterRefresh (2ms)
6-20-2026 16:16:24-debug: start refresh asset from F:\Github\BattleGame\assets\prefabs\RedUnit.prefab...
6-20-2026 16:16:24-debug: %cImport%c: F:\Github\BattleGame\assets\prefabs\RedUnit.prefabbackground: #aaff85; color: #000;color: #000;
6-20-2026 16:16:24-debug: refresh asset F:\Github\BattleGame\assets\prefabs success
6-20-2026 16:16:24-debug: start refresh asset from F:\Github\BattleGame\assets\prefabs\BlueUnit.prefab...
6-20-2026 16:16:24-debug: %cImport%c: F:\Github\BattleGame\assets\prefabs\BlueUnit.prefabbackground: #aaff85; color: #000;color: #000;
6-20-2026 16:16:24-debug: refresh asset F:\Github\BattleGame\assets\prefabs success
6-20-2026 16:16:27-debug: %cImport%c: F:\Github\BattleGame\assets\Test.scenebackground: #aaff85; color: #000;color: #000;
6-20-2026 16:16:27-debug: asset-db:reimport-asset1effe86e-a401-4769-9dbc-62218c68834d (33ms)
6-20-2026 16:16:28-debug: Query all assets info in project
6-20-2026 16:16:28-debug: init custom config: keepNodeUuid: false, useCache: true
6-20-2026 16:16:28-debug: Skip compress image, progress: 0%
6-20-2026 16:16:28-debug: Init all bundles start..., progress: 0%
6-20-2026 16:16:28-debug: // ---- build task Query asset bundle ----
6-20-2026 16:16:28-debug: Query asset bundle start, progress: 0%
6-20-2026 16:16:28-debug: Num of bundles: 2..., progress: 0%
6-20-2026 16:16:28-debug: Init bundle root assets start..., progress: 0%
6-20-2026 16:16:28-debug: Query preload assets/scripts from cc.config.json: 60f7195c-ec2a-45eb-ba94-8955f60e81d0,1c02ae6f-4492-4915-b8f8-7492a3b1e4cd,810e96e4-e456-4468-9b59-f4e8f39732c0,efe8e2a3-eace-427b-b4f1-cb8a937ec77d,e9aa9a3e-5b2b-4ac7-a2c7-073de2b2b24f,8bbdbcdd-5cd4-4100-b6d5-b7c9625b6107,50f4348b-c883-4e2f-8f11-ce233b859fa1,fda095cb-831d-4601-ad94-846013963de8,f92806d7-1768-443f-afe8-12bcde84d0f0,dd3a144d-ab7f-41f0-82b8-2e43a090d496,f0416e68-0200-4b77-a926-4f9d16e494da,511d2633-09a7-4bdd-ac42-f778032124b3,5d45aa00-e064-4938-b314-4265f0c2258c,9361fd90-ba52-4f84-aa93-6e878fd576ca,970b0598-bcb0-4714-91fb-2e81440dccd8,bcd64cc6-2dd9-43f6-abbe-66318d332032,d930590d-bb92-4cc8-8bd1-23cd027f9edf,a3cd009f-0ab0-420d-9278-b9fdab939bbc,6a2d0734-bd9e-4ddf-946e-caa52498cb75,d9937e59-61fe-4ec6-92ab-7ac5a19c89b0,d1346436-ac96-4271-b863-1f4fdead95b0,971bdb23-3ff6-43eb-b422-1c30165a3663,17debcc3-0a6b-4b8a-b00b-dc58b885581e,711ebe11-f673-4cd9-9a83-63c60ba54c5b,c0143906-9aed-447e-9436-2ae8512d1b6e,14da1725-c4c2-42b4-ab08-ee0aeb6898b3,081cab31-dccd-428e-8652-f2404cc81c47,78e0584a-4343-4727-8f37-e14e65c2a2db,871c3b6c-7379-419d-bda3-794b239ab90d,ff9b0199-ce04-4cfe-86cc-6c719f08d6e4,de1c2107-70c8-4021-8459-6399f24d01c6,cbf30902-517f-40dc-af90-a550bac27cf1,5c601d96-e4c7-4698-991b-7ee674b11079
6-20-2026 16:16:28-debug:   Number of all scenes: 2
6-20-2026 16:16:28-debug:   Number of other assets: 409
6-20-2026 16:16:28-debug:   Number of all scripts: 31
6-20-2026 16:16:28-debug: Init bundle root assets success..., progress: 0%
6-20-2026 16:16:28-debug: // ---- build task Query asset bundle ---- (9ms)
6-20-2026 16:16:28-log: run build task Query asset bundle success in 9 ms√, progress: 5%
6-20-2026 16:16:28-debug: [Build Memory track]: Query asset bundle start:224.07MB, end 224.01MB, increase: -60.30KB
6-20-2026 16:16:28-debug: Query asset bundle start, progress: 5%
6-20-2026 16:16:28-debug: // ---- build task Query asset bundle ----
6-20-2026 16:16:28-debug: // ---- build task Query asset bundle ---- (6ms)
6-20-2026 16:16:28-log: run build task Query asset bundle success in 6 ms√, progress: 10%
6-20-2026 16:16:28-debug: [Build Memory track]: Query asset bundle start:224.05MB, end 224.18MB, increase: 130.39KB
6-20-2026 16:16:28-debug: Sort some build options to settings.json start, progress: 10%
6-20-2026 16:16:28-debug: // ---- build task Sort some build options to settings.json ----
6-20-2026 16:16:28-debug: // ---- build task Sort some build options to settings.json ---- (1ms)
6-20-2026 16:16:28-log: run build task Sort some build options to settings.json success in 1 ms√, progress: 12%
6-20-2026 16:16:28-debug: [Build Memory track]: Sort some build options to settings.json start:224.21MB, end 224.25MB, increase: 37.94KB
6-20-2026 16:16:28-debug: Fill script data to settings start, progress: 12%
6-20-2026 16:16:28-debug: // ---- build task Fill script data to settings ----
6-20-2026 16:16:28-debug: // ---- build task Fill script data to settings ---- (2ms)
6-20-2026 16:16:28-log: run build task Fill script data to settings success in 2 ms√, progress: 13%
6-20-2026 16:16:28-debug: [Build Memory track]: Fill script data to settings start:224.29MB, end 224.32MB, increase: 32.64KB
6-20-2026 16:16:28-debug: Sort some build options to settings.json start, progress: 13%
6-20-2026 16:16:28-debug: // ---- build task Sort some build options to settings.json ----
6-20-2026 16:16:28-debug: // ---- build task Sort some build options to settings.json ---- (6ms)
6-20-2026 16:16:28-debug: [Build Memory track]: Sort some build options to settings.json start:224.36MB, end 223.79MB, increase: -578.73KB
6-20-2026 16:16:28-log: run build task Sort some build options to settings.json success in 6 ms√, progress: 15%
6-20-2026 16:18:15-debug: Query all assets info in project
6-20-2026 16:18:15-debug: init custom config: keepNodeUuid: false, useCache: true
6-20-2026 16:18:15-debug: Skip compress image, progress: 0%
6-20-2026 16:18:15-debug: Init all bundles start..., progress: 0%
6-20-2026 16:18:15-debug: Num of bundles: 2..., progress: 0%
6-20-2026 16:18:15-debug: // ---- build task Query asset bundle ----
6-20-2026 16:18:15-debug: Query asset bundle start, progress: 0%
6-20-2026 16:18:15-debug: Init bundle root assets start..., progress: 0%
6-20-2026 16:18:15-debug:   Number of all scenes: 2
6-20-2026 16:18:15-debug:   Number of all scripts: 31
6-20-2026 16:18:15-debug: Query preload assets/scripts from cc.config.json: 60f7195c-ec2a-45eb-ba94-8955f60e81d0,1c02ae6f-4492-4915-b8f8-7492a3b1e4cd,810e96e4-e456-4468-9b59-f4e8f39732c0,efe8e2a3-eace-427b-b4f1-cb8a937ec77d,e9aa9a3e-5b2b-4ac7-a2c7-073de2b2b24f,8bbdbcdd-5cd4-4100-b6d5-b7c9625b6107,50f4348b-c883-4e2f-8f11-ce233b859fa1,fda095cb-831d-4601-ad94-846013963de8,f92806d7-1768-443f-afe8-12bcde84d0f0,dd3a144d-ab7f-41f0-82b8-2e43a090d496,f0416e68-0200-4b77-a926-4f9d16e494da,511d2633-09a7-4bdd-ac42-f778032124b3,5d45aa00-e064-4938-b314-4265f0c2258c,9361fd90-ba52-4f84-aa93-6e878fd576ca,970b0598-bcb0-4714-91fb-2e81440dccd8,bcd64cc6-2dd9-43f6-abbe-66318d332032,d930590d-bb92-4cc8-8bd1-23cd027f9edf,a3cd009f-0ab0-420d-9278-b9fdab939bbc,6a2d0734-bd9e-4ddf-946e-caa52498cb75,d9937e59-61fe-4ec6-92ab-7ac5a19c89b0,d1346436-ac96-4271-b863-1f4fdead95b0,971bdb23-3ff6-43eb-b422-1c30165a3663,17debcc3-0a6b-4b8a-b00b-dc58b885581e,711ebe11-f673-4cd9-9a83-63c60ba54c5b,c0143906-9aed-447e-9436-2ae8512d1b6e,14da1725-c4c2-42b4-ab08-ee0aeb6898b3,081cab31-dccd-428e-8652-f2404cc81c47,78e0584a-4343-4727-8f37-e14e65c2a2db,871c3b6c-7379-419d-bda3-794b239ab90d,ff9b0199-ce04-4cfe-86cc-6c719f08d6e4,de1c2107-70c8-4021-8459-6399f24d01c6,cbf30902-517f-40dc-af90-a550bac27cf1,5c601d96-e4c7-4698-991b-7ee674b11079
6-20-2026 16:18:15-debug: Init bundle root assets success..., progress: 0%
6-20-2026 16:18:15-debug:   Number of other assets: 409
6-20-2026 16:18:15-debug: // ---- build task Query asset bundle ---- (13ms)
6-20-2026 16:18:15-log: run build task Query asset bundle success in 13 ms√, progress: 5%
6-20-2026 16:18:15-debug: [Build Memory track]: Query asset bundle start:224.18MB, end 223.99MB, increase: -194.62KB
6-20-2026 16:18:15-debug: // ---- build task Query asset bundle ----
6-20-2026 16:18:15-debug: Query asset bundle start, progress: 5%
6-20-2026 16:18:15-debug: // ---- build task Query asset bundle ---- (6ms)
6-20-2026 16:18:15-log: run build task Query asset bundle success in 6 ms√, progress: 10%
6-20-2026 16:18:15-debug: [Build Memory track]: Query asset bundle start:224.04MB, end 224.18MB, increase: 140.62KB
6-20-2026 16:18:15-debug: // ---- build task Sort some build options to settings.json ----
6-20-2026 16:18:15-debug: Sort some build options to settings.json start, progress: 10%
6-20-2026 16:18:15-debug: // ---- build task Sort some build options to settings.json ---- (2ms)
6-20-2026 16:18:15-log: run build task Sort some build options to settings.json success in 2 ms√, progress: 12%
6-20-2026 16:18:15-debug: [Build Memory track]: Sort some build options to settings.json start:224.21MB, end 224.25MB, increase: 36.28KB
6-20-2026 16:18:15-debug: Fill script data to settings start, progress: 12%
6-20-2026 16:18:15-debug: // ---- build task Fill script data to settings ----
6-20-2026 16:18:15-debug: // ---- build task Fill script data to settings ---- (6ms)
6-20-2026 16:18:15-log: run build task Fill script data to settings success in 6 ms√, progress: 13%
6-20-2026 16:18:15-debug: [Build Memory track]: Fill script data to settings start:224.29MB, end 224.32MB, increase: 32.82KB
6-20-2026 16:18:15-debug: // ---- build task Sort some build options to settings.json ----
6-20-2026 16:18:15-debug: Sort some build options to settings.json start, progress: 13%
6-20-2026 16:18:15-debug: // ---- build task Sort some build options to settings.json ---- (20ms)
6-20-2026 16:18:15-debug: [Build Memory track]: Sort some build options to settings.json start:224.36MB, end 224.49MB, increase: 138.40KB
6-20-2026 16:18:15-log: run build task Sort some build options to settings.json success in 20 ms√, progress: 15%
6-20-2026 16:20:11-debug: Query all assets info in project
6-20-2026 16:20:11-debug: init custom config: keepNodeUuid: false, useCache: true
6-20-2026 16:20:11-debug: Skip compress image, progress: 0%
6-20-2026 16:20:11-debug: Init all bundles start..., progress: 0%
6-20-2026 16:20:11-debug: Num of bundles: 2..., progress: 0%
6-20-2026 16:20:11-debug: // ---- build task Query asset bundle ----
6-20-2026 16:20:11-debug: Query asset bundle start, progress: 0%
6-20-2026 16:20:11-debug: Init bundle root assets start..., progress: 0%
6-20-2026 16:20:11-debug:   Number of all scenes: 2
6-20-2026 16:20:11-debug:   Number of other assets: 409
6-20-2026 16:20:11-debug: Query preload assets/scripts from cc.config.json: 60f7195c-ec2a-45eb-ba94-8955f60e81d0,1c02ae6f-4492-4915-b8f8-7492a3b1e4cd,810e96e4-e456-4468-9b59-f4e8f39732c0,efe8e2a3-eace-427b-b4f1-cb8a937ec77d,e9aa9a3e-5b2b-4ac7-a2c7-073de2b2b24f,8bbdbcdd-5cd4-4100-b6d5-b7c9625b6107,50f4348b-c883-4e2f-8f11-ce233b859fa1,fda095cb-831d-4601-ad94-846013963de8,f92806d7-1768-443f-afe8-12bcde84d0f0,dd3a144d-ab7f-41f0-82b8-2e43a090d496,f0416e68-0200-4b77-a926-4f9d16e494da,511d2633-09a7-4bdd-ac42-f778032124b3,5d45aa00-e064-4938-b314-4265f0c2258c,9361fd90-ba52-4f84-aa93-6e878fd576ca,970b0598-bcb0-4714-91fb-2e81440dccd8,bcd64cc6-2dd9-43f6-abbe-66318d332032,d930590d-bb92-4cc8-8bd1-23cd027f9edf,a3cd009f-0ab0-420d-9278-b9fdab939bbc,6a2d0734-bd9e-4ddf-946e-caa52498cb75,d9937e59-61fe-4ec6-92ab-7ac5a19c89b0,d1346436-ac96-4271-b863-1f4fdead95b0,971bdb23-3ff6-43eb-b422-1c30165a3663,17debcc3-0a6b-4b8a-b00b-dc58b885581e,711ebe11-f673-4cd9-9a83-63c60ba54c5b,c0143906-9aed-447e-9436-2ae8512d1b6e,14da1725-c4c2-42b4-ab08-ee0aeb6898b3,081cab31-dccd-428e-8652-f2404cc81c47,78e0584a-4343-4727-8f37-e14e65c2a2db,871c3b6c-7379-419d-bda3-794b239ab90d,ff9b0199-ce04-4cfe-86cc-6c719f08d6e4,de1c2107-70c8-4021-8459-6399f24d01c6,cbf30902-517f-40dc-af90-a550bac27cf1,5c601d96-e4c7-4698-991b-7ee674b11079
6-20-2026 16:20:11-debug:   Number of all scripts: 31
6-20-2026 16:20:11-debug: Init bundle root assets success..., progress: 0%
6-20-2026 16:20:11-debug: // ---- build task Query asset bundle ---- (15ms)
6-20-2026 16:20:11-log: run build task Query asset bundle success in 15 ms√, progress: 5%
6-20-2026 16:20:11-debug: Query asset bundle start, progress: 5%
6-20-2026 16:20:11-debug: [Build Memory track]: Query asset bundle start:224.15MB, end 224.02MB, increase: -133.62KB
6-20-2026 16:20:11-debug: // ---- build task Query asset bundle ----
6-20-2026 16:20:11-debug: // ---- build task Query asset bundle ---- (10ms)
6-20-2026 16:20:11-log: run build task Query asset bundle success in 10 ms√, progress: 10%
6-20-2026 16:20:11-debug: [Build Memory track]: Query asset bundle start:224.05MB, end 224.18MB, increase: 130.42KB
6-20-2026 16:20:11-debug: // ---- build task Sort some build options to settings.json ----
6-20-2026 16:20:11-debug: Sort some build options to settings.json start, progress: 10%
6-20-2026 16:20:11-debug: // ---- build task Sort some build options to settings.json ---- (2ms)
6-20-2026 16:20:11-log: run build task Sort some build options to settings.json success in 2 ms√, progress: 12%
6-20-2026 16:20:11-debug: [Build Memory track]: Sort some build options to settings.json start:224.22MB, end 224.26MB, increase: 42.14KB
6-20-2026 16:20:11-debug: Fill script data to settings start, progress: 12%
6-20-2026 16:20:11-debug: // ---- build task Fill script data to settings ----
6-20-2026 16:20:11-debug: // ---- build task Fill script data to settings ---- (5ms)
6-20-2026 16:20:11-log: run build task Fill script data to settings success in 5 ms√, progress: 13%
6-20-2026 16:20:11-debug: // ---- build task Sort some build options to settings.json ----
6-20-2026 16:20:11-debug: [Build Memory track]: Fill script data to settings start:224.30MB, end 224.33MB, increase: 32.73KB
6-20-2026 16:20:11-debug: Sort some build options to settings.json start, progress: 13%
6-20-2026 16:20:11-debug: // ---- build task Sort some build options to settings.json ---- (23ms)
6-20-2026 16:20:11-log: run build task Sort some build options to settings.json success in 23 ms√, progress: 15%
6-20-2026 16:20:11-debug: [Build Memory track]: Sort some build options to settings.json start:224.39MB, end 224.53MB, increase: 141.97KB
6-20-2026 16:20:15-debug: refresh db internal success
6-20-2026 16:20:15-debug: refresh db assets success
6-20-2026 16:20:15-debug: Run asset db hook engine-extends:afterRefresh ...
6-20-2026 16:20:15-debug: Run asset db hook engine-extends:afterRefresh success!
6-20-2026 16:20:15-debug: asset-db:worker-effect-data-processing (7ms)
6-20-2026 16:20:15-debug: asset-db:refresh-all-database (105ms)
6-20-2026 16:20:15-debug: asset-db-hook-engine-extends-afterRefresh (7ms)
6-20-2026 16:20:23-debug: %cImport%c: F:\Github\BattleGame\assets\Test.scenebackground: #aaff85; color: #000;color: #000;
6-20-2026 16:20:23-debug: asset-db:reimport-asset1effe86e-a401-4769-9dbc-62218c68834d (31ms)
6-20-2026 16:20:23-debug: Query all assets info in project
6-20-2026 16:20:23-debug: init custom config: keepNodeUuid: false, useCache: true
6-20-2026 16:20:23-debug: Skip compress image, progress: 0%
6-20-2026 16:20:23-debug: Init all bundles start..., progress: 0%
6-20-2026 16:20:23-debug: Num of bundles: 2..., progress: 0%
6-20-2026 16:20:23-debug: // ---- build task Query asset bundle ----
6-20-2026 16:20:23-debug: Query asset bundle start, progress: 0%
6-20-2026 16:20:23-debug: Init bundle root assets start..., progress: 0%
6-20-2026 16:20:23-debug: Query preload assets/scripts from cc.config.json: 60f7195c-ec2a-45eb-ba94-8955f60e81d0,1c02ae6f-4492-4915-b8f8-7492a3b1e4cd,810e96e4-e456-4468-9b59-f4e8f39732c0,efe8e2a3-eace-427b-b4f1-cb8a937ec77d,e9aa9a3e-5b2b-4ac7-a2c7-073de2b2b24f,8bbdbcdd-5cd4-4100-b6d5-b7c9625b6107,50f4348b-c883-4e2f-8f11-ce233b859fa1,fda095cb-831d-4601-ad94-846013963de8,f92806d7-1768-443f-afe8-12bcde84d0f0,dd3a144d-ab7f-41f0-82b8-2e43a090d496,f0416e68-0200-4b77-a926-4f9d16e494da,511d2633-09a7-4bdd-ac42-f778032124b3,5d45aa00-e064-4938-b314-4265f0c2258c,9361fd90-ba52-4f84-aa93-6e878fd576ca,970b0598-bcb0-4714-91fb-2e81440dccd8,bcd64cc6-2dd9-43f6-abbe-66318d332032,d930590d-bb92-4cc8-8bd1-23cd027f9edf,a3cd009f-0ab0-420d-9278-b9fdab939bbc,6a2d0734-bd9e-4ddf-946e-caa52498cb75,d9937e59-61fe-4ec6-92ab-7ac5a19c89b0,d1346436-ac96-4271-b863-1f4fdead95b0,971bdb23-3ff6-43eb-b422-1c30165a3663,17debcc3-0a6b-4b8a-b00b-dc58b885581e,711ebe11-f673-4cd9-9a83-63c60ba54c5b,c0143906-9aed-447e-9436-2ae8512d1b6e,14da1725-c4c2-42b4-ab08-ee0aeb6898b3,081cab31-dccd-428e-8652-f2404cc81c47,78e0584a-4343-4727-8f37-e14e65c2a2db,871c3b6c-7379-419d-bda3-794b239ab90d,ff9b0199-ce04-4cfe-86cc-6c719f08d6e4,de1c2107-70c8-4021-8459-6399f24d01c6,cbf30902-517f-40dc-af90-a550bac27cf1,5c601d96-e4c7-4698-991b-7ee674b11079
6-20-2026 16:20:23-debug:   Number of all scenes: 2
6-20-2026 16:20:23-debug:   Number of all scripts: 31
6-20-2026 16:20:23-debug: Init bundle root assets success..., progress: 0%
6-20-2026 16:20:23-debug:   Number of other assets: 409
6-20-2026 16:20:23-debug: // ---- build task Query asset bundle ---- (7ms)
6-20-2026 16:20:23-debug: // ---- build task Query asset bundle ----
6-20-2026 16:20:23-log: run build task Query asset bundle success in 7 ms√, progress: 5%
6-20-2026 16:20:23-debug: [Build Memory track]: Query asset bundle start:226.53MB, end 226.54MB, increase: 5.88KB
6-20-2026 16:20:23-debug: Query asset bundle start, progress: 5%
6-20-2026 16:20:23-debug: // ---- build task Query asset bundle ---- (3ms)
6-20-2026 16:20:23-log: run build task Query asset bundle success in 3 ms√, progress: 10%
6-20-2026 16:20:23-debug: [Build Memory track]: Query asset bundle start:226.57MB, end 225.92MB, increase: -669.04KB
6-20-2026 16:20:23-debug: Sort some build options to settings.json start, progress: 10%
6-20-2026 16:20:23-debug: // ---- build task Sort some build options to settings.json ----
6-20-2026 16:20:23-debug: // ---- build task Sort some build options to settings.json ---- (1ms)
6-20-2026 16:20:23-debug: Fill script data to settings start, progress: 12%
6-20-2026 16:20:23-log: run build task Sort some build options to settings.json success in 1 ms√, progress: 12%
6-20-2026 16:20:23-debug: [Build Memory track]: Sort some build options to settings.json start:225.96MB, end 225.99MB, increase: 33.39KB
6-20-2026 16:20:23-debug: // ---- build task Fill script data to settings ----
6-20-2026 16:20:23-log: run build task Fill script data to settings success in √, progress: 13%
6-20-2026 16:20:23-debug: [Build Memory track]: Fill script data to settings start:226.03MB, end 226.05MB, increase: 20.15KB
6-20-2026 16:20:23-debug: Sort some build options to settings.json start, progress: 13%
6-20-2026 16:20:23-debug: // ---- build task Sort some build options to settings.json ----
6-20-2026 16:20:23-debug: // ---- build task Sort some build options to settings.json ---- (7ms)
6-20-2026 16:20:23-log: run build task Sort some build options to settings.json success in 7 ms√, progress: 15%
6-20-2026 16:20:23-debug: [Build Memory track]: Sort some build options to settings.json start:226.09MB, end 226.22MB, increase: 132.62KB
6-20-2026 16:24:23-debug: refresh db internal success
6-20-2026 16:24:23-debug: refresh db assets success
6-20-2026 16:24:23-debug: Run asset db hook engine-extends:afterRefresh ...
6-20-2026 16:24:23-debug: Run asset db hook engine-extends:afterRefresh success!
6-20-2026 16:24:23-debug: asset-db:refresh-all-database (88ms)
6-20-2026 16:24:23-debug: asset-db:worker-effect-data-processing (2ms)
6-20-2026 16:24:23-debug: asset-db-hook-engine-extends-afterRefresh (2ms)
