6-21-2026 21:34:36-log: Cannot access game frame or container.
6-21-2026 21:34:37-debug: asset-db:require-engine-code (1336ms)
6-21-2026 21:34:37-log: meshopt wasm decoder initialized
6-21-2026 21:34:37-log: [bullet]:bullet wasm lib loaded.
6-21-2026 21:34:37-log: [box2d]:box2d wasm lib loaded.
6-21-2026 21:34:37-log: Cocos Creator v3.8.8
6-21-2026 21:34:37-log: Using legacy pipeline
6-21-2026 21:34:37-log: Forward render pipeline initialized.
6-21-2026 21:34:37-debug: [Assets Memory track]: asset-db:worker-init: initEngine start:28.62MB, end 79.39MB, increase: 50.77MB
6-21-2026 21:34:39-debug: [Assets Memory track]: asset-db:worker-init: initPlugin start:79.43MB, end 198.64MB, increase: 119.21MB
6-21-2026 21:34:39-debug: asset-db:worker-init: initPlugin (2189ms)
6-21-2026 21:34:39-debug: [Assets Memory track]: asset-db:worker-init start:28.61MB, end 198.75MB, increase: 170.14MB
6-21-2026 21:34:39-debug: Run asset db hook engine-extends:beforePreStart ...
6-21-2026 21:34:39-debug: Run asset db hook engine-extends:beforePreStart success!
6-21-2026 21:34:39-debug: Run asset db hook programming:beforePreStart success!
6-21-2026 21:34:39-debug: Run asset db hook programming:beforePreStart ...
6-21-2026 21:34:43-debug: asset-db:worker-init (7260ms)
6-21-2026 21:34:43-debug: asset-db-hook-programming-beforePreStart (3423ms)
6-21-2026 21:34:43-debug: asset-db-hook-engine-extends-beforePreStart (3422ms)
6-21-2026 21:34:45-debug: Preimport db internal success
6-21-2026 21:34:45-debug: Preimport db assets success
6-21-2026 21:34:45-debug: Run asset db hook programming:afterPreStart ...
6-21-2026 21:34:45-debug: starting packer-driver...
6-21-2026 21:34:46-debug: initialize scripting environment...
6-21-2026 21:34:46-debug: [[Executor]] prepare before lock
6-21-2026 21:34:46-debug: Set detail map pack:///resolution-detail-map.json: {}
6-21-2026 21:34:46-debug: [[Executor]] prepare after unlock
6-21-2026 21:34:46-debug: [Assets Memory track]: asset-db:worker-init: preStart start:198.77MB, end 203.47MB, increase: 4.71MB
6-21-2026 21:34:46-debug: Run asset db hook programming:afterPreStart success!
6-21-2026 21:34:46-debug: Run asset db hook engine-extends:afterPreStart success!
6-21-2026 21:34:46-debug: Run asset db hook engine-extends:afterPreStart ...
6-21-2026 21:34:46-debug: Start up the 'internal' database...
6-21-2026 21:34:48-debug: asset-db-hook-programming-afterPreStart (3049ms)
6-21-2026 21:34:48-debug: asset-db:worker-effect-data-processing (1790ms)
6-21-2026 21:34:48-debug: asset-db-hook-engine-extends-afterPreStart (1791ms)
6-21-2026 21:34:48-debug: Run asset db hook engine-extends:afterStartDB ...
6-21-2026 21:34:50-debug: recompile effect.bin success
6-21-2026 21:34:50-debug: Run asset db hook engine-extends:afterStartDB success!
6-21-2026 21:34:50-debug: Start up the 'assets' database...
6-21-2026 21:34:50-debug: asset-db:worker-effect-data-processing (2324ms)
6-21-2026 21:34:50-debug: asset-db-hook-engine-extends-afterStartDB (2324ms)
6-21-2026 21:34:50-debug: Run asset db hook engine-extends:afterStartDB ...
6-21-2026 21:34:51-debug: recompile effect.bin success
6-21-2026 21:34:51-debug: Run asset db hook engine-extends:afterStartDB success!
6-21-2026 21:34:51-debug: [Assets Memory track]: asset-db:worker-init: startup start:203.48MB, end 216.32MB, increase: 12.83MB
6-21-2026 21:34:51-debug: lazy register asset handler *
6-21-2026 21:34:51-debug: lazy register asset handler directory
6-21-2026 21:34:51-debug: lazy register asset handler text
6-21-2026 21:34:51-debug: lazy register asset handler spine-data
6-21-2026 21:34:51-debug: lazy register asset handler json
6-21-2026 21:34:51-debug: lazy register asset handler dragonbones
6-21-2026 21:34:51-debug: lazy register asset handler dragonbones-atlas
6-21-2026 21:34:51-debug: lazy register asset handler javascript
6-21-2026 21:34:51-debug: lazy register asset handler scene
6-21-2026 21:34:51-debug: lazy register asset handler typescript
6-21-2026 21:34:51-debug: lazy register asset handler prefab
6-21-2026 21:34:51-debug: lazy register asset handler terrain
6-21-2026 21:34:51-debug: lazy register asset handler sprite-frame
6-21-2026 21:34:51-debug: lazy register asset handler image
6-21-2026 21:34:51-debug: lazy register asset handler buffer
6-21-2026 21:34:51-debug: lazy register asset handler tiled-map
6-21-2026 21:34:51-debug: lazy register asset handler sign-image
6-21-2026 21:34:51-debug: lazy register asset handler alpha-image
6-21-2026 21:34:51-debug: lazy register asset handler texture
6-21-2026 21:34:51-debug: lazy register asset handler texture-cube
6-21-2026 21:34:51-debug: lazy register asset handler erp-texture-cube
6-21-2026 21:34:51-debug: lazy register asset handler texture-cube-face
6-21-2026 21:34:51-debug: lazy register asset handler rt-sprite-frame
6-21-2026 21:34:51-debug: lazy register asset handler gltf-mesh
6-21-2026 21:34:51-debug: lazy register asset handler render-texture
6-21-2026 21:34:51-debug: lazy register asset handler gltf-animation
6-21-2026 21:34:51-debug: lazy register asset handler gltf
6-21-2026 21:34:51-debug: lazy register asset handler gltf-skeleton
6-21-2026 21:34:51-debug: lazy register asset handler gltf-material
6-21-2026 21:34:51-debug: lazy register asset handler gltf-embeded-image
6-21-2026 21:34:51-debug: lazy register asset handler gltf-scene
6-21-2026 21:34:51-debug: lazy register asset handler physics-material
6-21-2026 21:34:51-debug: lazy register asset handler effect
6-21-2026 21:34:51-debug: lazy register asset handler material
6-21-2026 21:34:51-debug: lazy register asset handler fbx
6-21-2026 21:34:51-debug: lazy register asset handler audio-clip
6-21-2026 21:34:51-debug: lazy register asset handler animation-clip
6-21-2026 21:34:51-debug: lazy register asset handler animation-graph
6-21-2026 21:34:51-debug: lazy register asset handler animation-graph-variant
6-21-2026 21:34:51-debug: lazy register asset handler animation-mask
6-21-2026 21:34:51-debug: lazy register asset handler effect-header
6-21-2026 21:34:51-debug: lazy register asset handler particle
6-21-2026 21:34:51-debug: lazy register asset handler bitmap-font
6-21-2026 21:34:51-debug: lazy register asset handler auto-atlas
6-21-2026 21:34:51-debug: lazy register asset handler ttf-font
6-21-2026 21:34:51-debug: lazy register asset handler label-atlas
6-21-2026 21:34:51-debug: lazy register asset handler sprite-atlas
6-21-2026 21:34:51-debug: lazy register asset handler render-stage
6-21-2026 21:34:51-debug: lazy register asset handler render-pipeline
6-21-2026 21:34:51-debug: lazy register asset handler instantiation-material
6-21-2026 21:34:51-debug: lazy register asset handler instantiation-mesh
6-21-2026 21:34:51-debug: lazy register asset handler instantiation-skeleton
6-21-2026 21:34:51-debug: lazy register asset handler instantiation-animation
6-21-2026 21:34:51-debug: lazy register asset handler video-clip
6-21-2026 21:34:51-debug: lazy register asset handler render-flow
6-21-2026 21:34:51-debug: asset-db:worker-effect-data-processing (404ms)
6-21-2026 21:34:51-debug: asset-db-hook-engine-extends-afterStartDB (405ms)
6-21-2026 21:34:51-debug: asset-db:start-database (11789ms)
6-21-2026 21:34:51-debug: asset-db:ready (20134ms)
6-21-2026 21:34:51-debug: init worker message success
6-21-2026 21:34:51-debug: programming:execute-script (8ms)
6-21-2026 21:34:51-debug: [Build Memory track]: builder:worker-init start:220.39MB, end 228.55MB, increase: 8.16MB
6-21-2026 21:34:51-debug: builder:worker-init (428ms)
6-21-2026 21:35:00-debug: Query all assets info in project
6-21-2026 21:35:00-debug: init custom config: keepNodeUuid: false, useCache: true
6-21-2026 21:35:00-debug: Skip compress image, progress: 0%
6-21-2026 21:35:00-debug: Num of bundles: 2..., progress: 0%
6-21-2026 21:35:00-debug: Init all bundles start..., progress: 0%
6-21-2026 21:35:00-debug: // ---- build task Query asset bundle ----
6-21-2026 21:35:00-debug: Query asset bundle start, progress: 0%
6-21-2026 21:35:00-debug: Init bundle root assets start..., progress: 0%
6-21-2026 21:35:00-debug: Query preload assets/scripts from cc.config.json: 60f7195c-ec2a-45eb-ba94-8955f60e81d0,1c02ae6f-4492-4915-b8f8-7492a3b1e4cd,810e96e4-e456-4468-9b59-f4e8f39732c0,efe8e2a3-eace-427b-b4f1-cb8a937ec77d,e9aa9a3e-5b2b-4ac7-a2c7-073de2b2b24f,8bbdbcdd-5cd4-4100-b6d5-b7c9625b6107,50f4348b-c883-4e2f-8f11-ce233b859fa1,fda095cb-831d-4601-ad94-846013963de8,f92806d7-1768-443f-afe8-12bcde84d0f0,dd3a144d-ab7f-41f0-82b8-2e43a090d496,f0416e68-0200-4b77-a926-4f9d16e494da,511d2633-09a7-4bdd-ac42-f778032124b3,5d45aa00-e064-4938-b314-4265f0c2258c,9361fd90-ba52-4f84-aa93-6e878fd576ca,970b0598-bcb0-4714-91fb-2e81440dccd8,bcd64cc6-2dd9-43f6-abbe-66318d332032,d930590d-bb92-4cc8-8bd1-23cd027f9edf,a3cd009f-0ab0-420d-9278-b9fdab939bbc,6a2d0734-bd9e-4ddf-946e-caa52498cb75,d9937e59-61fe-4ec6-92ab-7ac5a19c89b0,d1346436-ac96-4271-b863-1f4fdead95b0,971bdb23-3ff6-43eb-b422-1c30165a3663,17debcc3-0a6b-4b8a-b00b-dc58b885581e,711ebe11-f673-4cd9-9a83-63c60ba54c5b,c0143906-9aed-447e-9436-2ae8512d1b6e,14da1725-c4c2-42b4-ab08-ee0aeb6898b3,081cab31-dccd-428e-8652-f2404cc81c47,78e0584a-4343-4727-8f37-e14e65c2a2db,871c3b6c-7379-419d-bda3-794b239ab90d,ff9b0199-ce04-4cfe-86cc-6c719f08d6e4,de1c2107-70c8-4021-8459-6399f24d01c6,cbf30902-517f-40dc-af90-a550bac27cf1,5c601d96-e4c7-4698-991b-7ee674b11079
6-21-2026 21:35:00-debug:   Number of all scenes: 2
6-21-2026 21:35:00-debug:   Number of all scripts: 31
6-21-2026 21:35:00-debug: Init bundle root assets success..., progress: 0%
6-21-2026 21:35:00-debug:   Number of other assets: 409
6-21-2026 21:35:00-debug: // ---- build task Query asset bundle ---- (16ms)
6-21-2026 21:35:00-log: run build task Query asset bundle success in 16 ms√, progress: 5%
6-21-2026 21:35:00-debug: [Build Memory track]: Query asset bundle start:229.52MB, end 230.32MB, increase: 818.05KB
6-21-2026 21:35:00-debug: Query asset bundle start, progress: 5%
6-21-2026 21:35:00-debug: // ---- build task Query asset bundle ----
6-21-2026 21:35:00-debug: // ---- build task Query asset bundle ---- (6ms)
6-21-2026 21:35:00-debug: [Build Memory track]: Query asset bundle start:230.36MB, end 230.50MB, increase: 153.04KB
6-21-2026 21:35:00-debug: Sort some build options to settings.json start, progress: 10%
6-21-2026 21:35:00-debug: // ---- build task Sort some build options to settings.json ----
6-21-2026 21:35:00-log: run build task Query asset bundle success in 6 ms√, progress: 10%
6-21-2026 21:35:00-debug: // ---- build task Sort some build options to settings.json ---- (3ms)
6-21-2026 21:35:00-log: run build task Sort some build options to settings.json success in 3 ms√, progress: 12%
6-21-2026 21:35:00-debug: [Build Memory track]: Sort some build options to settings.json start:230.55MB, end 230.58MB, increase: 34.14KB
6-21-2026 21:35:00-debug: // ---- build task Fill script data to settings ----
6-21-2026 21:35:00-debug: Fill script data to settings start, progress: 12%
6-21-2026 21:35:00-debug: // ---- build task Fill script data to settings ---- (2ms)
6-21-2026 21:35:00-log: run build task Fill script data to settings success in 2 ms√, progress: 13%
6-21-2026 21:35:00-debug: [Build Memory track]: Fill script data to settings start:230.62MB, end 230.66MB, increase: 33.57KB
6-21-2026 21:35:00-debug: Sort some build options to settings.json start, progress: 13%
6-21-2026 21:35:00-debug: // ---- build task Sort some build options to settings.json ----
6-21-2026 21:35:00-debug: // ---- build task Sort some build options to settings.json ---- (14ms)
6-21-2026 21:35:00-log: run build task Sort some build options to settings.json success in 14 ms√, progress: 15%
6-21-2026 21:35:00-debug: [Build Memory track]: Sort some build options to settings.json start:230.70MB, end 230.86MB, increase: 166.20KB
6-21-2026 21:35:04-debug: Query all assets info in project
6-21-2026 21:35:04-debug: init custom config: keepNodeUuid: false, useCache: true
6-21-2026 21:35:04-debug: Skip compress image, progress: 0%
6-21-2026 21:35:04-debug: Init all bundles start..., progress: 0%
6-21-2026 21:35:04-debug: Query asset bundle start, progress: 0%
6-21-2026 21:35:04-debug: // ---- build task Query asset bundle ----
6-21-2026 21:35:04-debug: Num of bundles: 2..., progress: 0%
6-21-2026 21:35:04-debug: Init bundle root assets start..., progress: 0%
6-21-2026 21:35:04-debug: Query preload assets/scripts from cc.config.json: 60f7195c-ec2a-45eb-ba94-8955f60e81d0,1c02ae6f-4492-4915-b8f8-7492a3b1e4cd,810e96e4-e456-4468-9b59-f4e8f39732c0,efe8e2a3-eace-427b-b4f1-cb8a937ec77d,e9aa9a3e-5b2b-4ac7-a2c7-073de2b2b24f,8bbdbcdd-5cd4-4100-b6d5-b7c9625b6107,50f4348b-c883-4e2f-8f11-ce233b859fa1,fda095cb-831d-4601-ad94-846013963de8,f92806d7-1768-443f-afe8-12bcde84d0f0,dd3a144d-ab7f-41f0-82b8-2e43a090d496,f0416e68-0200-4b77-a926-4f9d16e494da,511d2633-09a7-4bdd-ac42-f778032124b3,5d45aa00-e064-4938-b314-4265f0c2258c,9361fd90-ba52-4f84-aa93-6e878fd576ca,970b0598-bcb0-4714-91fb-2e81440dccd8,bcd64cc6-2dd9-43f6-abbe-66318d332032,d930590d-bb92-4cc8-8bd1-23cd027f9edf,a3cd009f-0ab0-420d-9278-b9fdab939bbc,6a2d0734-bd9e-4ddf-946e-caa52498cb75,d9937e59-61fe-4ec6-92ab-7ac5a19c89b0,d1346436-ac96-4271-b863-1f4fdead95b0,971bdb23-3ff6-43eb-b422-1c30165a3663,17debcc3-0a6b-4b8a-b00b-dc58b885581e,711ebe11-f673-4cd9-9a83-63c60ba54c5b,c0143906-9aed-447e-9436-2ae8512d1b6e,14da1725-c4c2-42b4-ab08-ee0aeb6898b3,081cab31-dccd-428e-8652-f2404cc81c47,78e0584a-4343-4727-8f37-e14e65c2a2db,871c3b6c-7379-419d-bda3-794b239ab90d,ff9b0199-ce04-4cfe-86cc-6c719f08d6e4,de1c2107-70c8-4021-8459-6399f24d01c6,cbf30902-517f-40dc-af90-a550bac27cf1,5c601d96-e4c7-4698-991b-7ee674b11079
6-21-2026 21:35:04-debug:   Number of all scenes: 2
6-21-2026 21:35:04-debug:   Number of other assets: 409
6-21-2026 21:35:04-debug:   Number of all scripts: 31
6-21-2026 21:35:04-debug: Init bundle root assets success..., progress: 0%
6-21-2026 21:35:04-debug: // ---- build task Query asset bundle ---- (16ms)
6-21-2026 21:35:04-log: run build task Query asset bundle success in 16 ms√, progress: 5%
6-21-2026 21:35:04-debug: [Build Memory track]: Query asset bundle start:221.66MB, end 221.47MB, increase: -197.11KB
6-21-2026 21:35:04-debug: Query asset bundle start, progress: 5%
6-21-2026 21:35:04-debug: // ---- build task Query asset bundle ----
6-21-2026 21:35:04-debug: // ---- build task Query asset bundle ---- (10ms)
6-21-2026 21:35:04-log: run build task Query asset bundle success in 10 ms√, progress: 10%
6-21-2026 21:35:04-debug: [Build Memory track]: Query asset bundle start:221.51MB, end 221.64MB, increase: 135.03KB
6-21-2026 21:35:04-debug: // ---- build task Sort some build options to settings.json ----
6-21-2026 21:35:04-debug: Sort some build options to settings.json start, progress: 10%
6-21-2026 21:35:04-debug: // ---- build task Sort some build options to settings.json ---- (3ms)
6-21-2026 21:35:04-log: run build task Sort some build options to settings.json success in 3 ms√, progress: 12%
6-21-2026 21:35:04-debug: [Build Memory track]: Sort some build options to settings.json start:221.70MB, end 221.73MB, increase: 34.12KB
6-21-2026 21:35:04-debug: Fill script data to settings start, progress: 12%
6-21-2026 21:35:04-debug: // ---- build task Fill script data to settings ----
6-21-2026 21:35:04-debug: // ---- build task Fill script data to settings ---- (4ms)
6-21-2026 21:35:04-log: run build task Fill script data to settings success in 4 ms√, progress: 13%
6-21-2026 21:35:04-debug: [Build Memory track]: Fill script data to settings start:221.77MB, end 221.81MB, increase: 37.73KB
6-21-2026 21:35:04-debug: Sort some build options to settings.json start, progress: 13%
6-21-2026 21:35:04-debug: // ---- build task Sort some build options to settings.json ----
6-21-2026 21:35:04-debug: // ---- build task Sort some build options to settings.json ---- (15ms)
6-21-2026 21:35:04-log: run build task Sort some build options to settings.json success in 15 ms√, progress: 15%
6-21-2026 21:35:04-debug: [Build Memory track]: Sort some build options to settings.json start:221.85MB, end 221.26MB, increase: -602.01KB
6-21-2026 21:36:47-debug: Query all assets info in project
6-21-2026 21:36:47-debug: init custom config: keepNodeUuid: false, useCache: true
6-21-2026 21:36:47-debug: Skip compress image, progress: 0%
6-21-2026 21:36:47-debug: Init all bundles start..., progress: 0%
6-21-2026 21:36:47-debug: Query asset bundle start, progress: 0%
6-21-2026 21:36:47-debug: // ---- build task Query asset bundle ----
6-21-2026 21:36:47-debug: Num of bundles: 2..., progress: 0%
6-21-2026 21:36:47-debug: Init bundle root assets start..., progress: 0%
6-21-2026 21:36:47-debug: Query preload assets/scripts from cc.config.json: 60f7195c-ec2a-45eb-ba94-8955f60e81d0,1c02ae6f-4492-4915-b8f8-7492a3b1e4cd,810e96e4-e456-4468-9b59-f4e8f39732c0,efe8e2a3-eace-427b-b4f1-cb8a937ec77d,e9aa9a3e-5b2b-4ac7-a2c7-073de2b2b24f,8bbdbcdd-5cd4-4100-b6d5-b7c9625b6107,50f4348b-c883-4e2f-8f11-ce233b859fa1,fda095cb-831d-4601-ad94-846013963de8,f92806d7-1768-443f-afe8-12bcde84d0f0,dd3a144d-ab7f-41f0-82b8-2e43a090d496,f0416e68-0200-4b77-a926-4f9d16e494da,511d2633-09a7-4bdd-ac42-f778032124b3,5d45aa00-e064-4938-b314-4265f0c2258c,9361fd90-ba52-4f84-aa93-6e878fd576ca,970b0598-bcb0-4714-91fb-2e81440dccd8,bcd64cc6-2dd9-43f6-abbe-66318d332032,d930590d-bb92-4cc8-8bd1-23cd027f9edf,a3cd009f-0ab0-420d-9278-b9fdab939bbc,6a2d0734-bd9e-4ddf-946e-caa52498cb75,d9937e59-61fe-4ec6-92ab-7ac5a19c89b0,d1346436-ac96-4271-b863-1f4fdead95b0,971bdb23-3ff6-43eb-b422-1c30165a3663,17debcc3-0a6b-4b8a-b00b-dc58b885581e,711ebe11-f673-4cd9-9a83-63c60ba54c5b,c0143906-9aed-447e-9436-2ae8512d1b6e,14da1725-c4c2-42b4-ab08-ee0aeb6898b3,081cab31-dccd-428e-8652-f2404cc81c47,78e0584a-4343-4727-8f37-e14e65c2a2db,871c3b6c-7379-419d-bda3-794b239ab90d,ff9b0199-ce04-4cfe-86cc-6c719f08d6e4,de1c2107-70c8-4021-8459-6399f24d01c6,cbf30902-517f-40dc-af90-a550bac27cf1,5c601d96-e4c7-4698-991b-7ee674b11079
6-21-2026 21:36:47-debug:   Number of all scenes: 2
6-21-2026 21:36:47-debug:   Number of all scripts: 31
6-21-2026 21:36:47-debug: Init bundle root assets success..., progress: 0%
6-21-2026 21:36:47-debug:   Number of other assets: 409
6-21-2026 21:36:47-debug: // ---- build task Query asset bundle ---- (17ms)
6-21-2026 21:36:47-debug: [Build Memory track]: Query asset bundle start:221.67MB, end 221.50MB, increase: -179.05KB
6-21-2026 21:36:47-debug: Query asset bundle start, progress: 5%
6-21-2026 21:36:47-log: run build task Query asset bundle success in 17 ms√, progress: 5%
6-21-2026 21:36:47-debug: // ---- build task Query asset bundle ----
6-21-2026 21:36:47-debug: // ---- build task Query asset bundle ---- (15ms)
6-21-2026 21:36:47-log: run build task Query asset bundle success in 15 ms√, progress: 10%
6-21-2026 21:36:47-debug: [Build Memory track]: Query asset bundle start:221.55MB, end 221.68MB, increase: 134.17KB
6-21-2026 21:36:47-debug: Sort some build options to settings.json start, progress: 10%
6-21-2026 21:36:47-debug: // ---- build task Sort some build options to settings.json ----
6-21-2026 21:36:47-debug: // ---- build task Sort some build options to settings.json ---- (4ms)
6-21-2026 21:36:47-log: run build task Sort some build options to settings.json success in 4 ms√, progress: 12%
6-21-2026 21:36:47-debug: [Build Memory track]: Sort some build options to settings.json start:221.72MB, end 221.75MB, increase: 33.59KB
6-21-2026 21:36:47-debug: Fill script data to settings start, progress: 12%
6-21-2026 21:36:47-debug: // ---- build task Fill script data to settings ----
6-21-2026 21:36:47-debug: // ---- build task Fill script data to settings ---- (4ms)
6-21-2026 21:36:47-log: run build task Fill script data to settings success in 4 ms√, progress: 13%
6-21-2026 21:36:47-debug: // ---- build task Sort some build options to settings.json ----
6-21-2026 21:36:47-debug: [Build Memory track]: Fill script data to settings start:221.79MB, end 221.82MB, increase: 32.96KB
6-21-2026 21:36:47-debug: Sort some build options to settings.json start, progress: 13%
6-21-2026 21:36:47-debug: // ---- build task Sort some build options to settings.json ---- (15ms)
6-21-2026 21:36:47-log: run build task Sort some build options to settings.json success in 15 ms√, progress: 15%
6-21-2026 21:36:47-debug: [Build Memory track]: Sort some build options to settings.json start:221.86MB, end 221.99MB, increase: 138.66KB
6-21-2026 21:39:05-debug: Query all assets info in project
6-21-2026 21:39:05-debug: init custom config: keepNodeUuid: false, useCache: true
6-21-2026 21:39:05-debug: Skip compress image, progress: 0%
6-21-2026 21:39:05-debug: Init all bundles start..., progress: 0%
6-21-2026 21:39:05-debug: Query asset bundle start, progress: 0%
6-21-2026 21:39:05-debug: // ---- build task Query asset bundle ----
6-21-2026 21:39:05-debug: Num of bundles: 2..., progress: 0%
6-21-2026 21:39:05-debug: Init bundle root assets start..., progress: 0%
6-21-2026 21:39:05-debug: Query preload assets/scripts from cc.config.json: 60f7195c-ec2a-45eb-ba94-8955f60e81d0,1c02ae6f-4492-4915-b8f8-7492a3b1e4cd,810e96e4-e456-4468-9b59-f4e8f39732c0,efe8e2a3-eace-427b-b4f1-cb8a937ec77d,e9aa9a3e-5b2b-4ac7-a2c7-073de2b2b24f,8bbdbcdd-5cd4-4100-b6d5-b7c9625b6107,50f4348b-c883-4e2f-8f11-ce233b859fa1,fda095cb-831d-4601-ad94-846013963de8,f92806d7-1768-443f-afe8-12bcde84d0f0,dd3a144d-ab7f-41f0-82b8-2e43a090d496,f0416e68-0200-4b77-a926-4f9d16e494da,511d2633-09a7-4bdd-ac42-f778032124b3,5d45aa00-e064-4938-b314-4265f0c2258c,9361fd90-ba52-4f84-aa93-6e878fd576ca,970b0598-bcb0-4714-91fb-2e81440dccd8,bcd64cc6-2dd9-43f6-abbe-66318d332032,d930590d-bb92-4cc8-8bd1-23cd027f9edf,a3cd009f-0ab0-420d-9278-b9fdab939bbc,6a2d0734-bd9e-4ddf-946e-caa52498cb75,d9937e59-61fe-4ec6-92ab-7ac5a19c89b0,d1346436-ac96-4271-b863-1f4fdead95b0,971bdb23-3ff6-43eb-b422-1c30165a3663,17debcc3-0a6b-4b8a-b00b-dc58b885581e,711ebe11-f673-4cd9-9a83-63c60ba54c5b,c0143906-9aed-447e-9436-2ae8512d1b6e,14da1725-c4c2-42b4-ab08-ee0aeb6898b3,081cab31-dccd-428e-8652-f2404cc81c47,78e0584a-4343-4727-8f37-e14e65c2a2db,871c3b6c-7379-419d-bda3-794b239ab90d,ff9b0199-ce04-4cfe-86cc-6c719f08d6e4,de1c2107-70c8-4021-8459-6399f24d01c6,cbf30902-517f-40dc-af90-a550bac27cf1,5c601d96-e4c7-4698-991b-7ee674b11079
6-21-2026 21:39:05-debug:   Number of all scripts: 31
6-21-2026 21:39:05-debug:   Number of other assets: 409
6-21-2026 21:39:05-debug: Init bundle root assets success..., progress: 0%
6-21-2026 21:39:05-debug:   Number of all scenes: 2
6-21-2026 21:39:05-debug: // ---- build task Query asset bundle ---- (17ms)
6-21-2026 21:39:05-log: run build task Query asset bundle success in 17 ms√, progress: 5%
6-21-2026 21:39:05-debug: [Build Memory track]: Query asset bundle start:221.59MB, end 221.49MB, increase: -107.50KB
6-21-2026 21:39:05-debug: Query asset bundle start, progress: 5%
6-21-2026 21:39:05-debug: // ---- build task Query asset bundle ----
6-21-2026 21:39:05-debug: // ---- build task Query asset bundle ---- (15ms)
6-21-2026 21:39:05-debug: [Build Memory track]: Query asset bundle start:221.53MB, end 221.66MB, increase: 131.47KB
6-21-2026 21:39:05-debug: Sort some build options to settings.json start, progress: 10%
6-21-2026 21:39:05-log: run build task Query asset bundle success in 15 ms√, progress: 10%
6-21-2026 21:39:05-debug: // ---- build task Sort some build options to settings.json ----
6-21-2026 21:39:05-debug: // ---- build task Sort some build options to settings.json ---- (6ms)
6-21-2026 21:39:05-log: run build task Sort some build options to settings.json success in 6 ms√, progress: 12%
6-21-2026 21:39:05-debug: [Build Memory track]: Sort some build options to settings.json start:221.69MB, end 221.73MB, increase: 33.54KB
6-21-2026 21:39:05-debug: Fill script data to settings start, progress: 12%
6-21-2026 21:39:05-debug: // ---- build task Fill script data to settings ----
6-21-2026 21:39:05-debug: // ---- build task Fill script data to settings ---- (2ms)
6-21-2026 21:39:05-debug: Sort some build options to settings.json start, progress: 13%
6-21-2026 21:39:05-log: run build task Fill script data to settings success in 2 ms√, progress: 13%
6-21-2026 21:39:05-debug: [Build Memory track]: Fill script data to settings start:221.77MB, end 221.81MB, increase: 40.42KB
6-21-2026 21:39:05-debug: // ---- build task Sort some build options to settings.json ----
6-21-2026 21:39:05-debug: // ---- build task Sort some build options to settings.json ---- (15ms)
6-21-2026 21:39:05-debug: [Build Memory track]: Sort some build options to settings.json start:221.85MB, end 221.99MB, increase: 143.69KB
6-21-2026 21:39:05-log: run build task Sort some build options to settings.json success in 15 ms√, progress: 15%
6-21-2026 21:39:14-debug: Query all assets info in project
6-21-2026 21:39:14-debug: init custom config: keepNodeUuid: false, useCache: true
6-21-2026 21:39:14-debug: Skip compress image, progress: 0%
6-21-2026 21:39:14-debug: Init all bundles start..., progress: 0%
6-21-2026 21:39:14-debug: Num of bundles: 2..., progress: 0%
6-21-2026 21:39:14-debug: // ---- build task Query asset bundle ----
6-21-2026 21:39:14-debug: Init bundle root assets start..., progress: 0%
6-21-2026 21:39:14-debug: Query asset bundle start, progress: 0%
6-21-2026 21:39:14-debug: Query preload assets/scripts from cc.config.json: 60f7195c-ec2a-45eb-ba94-8955f60e81d0,1c02ae6f-4492-4915-b8f8-7492a3b1e4cd,810e96e4-e456-4468-9b59-f4e8f39732c0,efe8e2a3-eace-427b-b4f1-cb8a937ec77d,e9aa9a3e-5b2b-4ac7-a2c7-073de2b2b24f,8bbdbcdd-5cd4-4100-b6d5-b7c9625b6107,50f4348b-c883-4e2f-8f11-ce233b859fa1,fda095cb-831d-4601-ad94-846013963de8,f92806d7-1768-443f-afe8-12bcde84d0f0,dd3a144d-ab7f-41f0-82b8-2e43a090d496,f0416e68-0200-4b77-a926-4f9d16e494da,511d2633-09a7-4bdd-ac42-f778032124b3,5d45aa00-e064-4938-b314-4265f0c2258c,9361fd90-ba52-4f84-aa93-6e878fd576ca,970b0598-bcb0-4714-91fb-2e81440dccd8,bcd64cc6-2dd9-43f6-abbe-66318d332032,d930590d-bb92-4cc8-8bd1-23cd027f9edf,a3cd009f-0ab0-420d-9278-b9fdab939bbc,6a2d0734-bd9e-4ddf-946e-caa52498cb75,d9937e59-61fe-4ec6-92ab-7ac5a19c89b0,d1346436-ac96-4271-b863-1f4fdead95b0,971bdb23-3ff6-43eb-b422-1c30165a3663,17debcc3-0a6b-4b8a-b00b-dc58b885581e,711ebe11-f673-4cd9-9a83-63c60ba54c5b,c0143906-9aed-447e-9436-2ae8512d1b6e,14da1725-c4c2-42b4-ab08-ee0aeb6898b3,081cab31-dccd-428e-8652-f2404cc81c47,78e0584a-4343-4727-8f37-e14e65c2a2db,871c3b6c-7379-419d-bda3-794b239ab90d,ff9b0199-ce04-4cfe-86cc-6c719f08d6e4,de1c2107-70c8-4021-8459-6399f24d01c6,cbf30902-517f-40dc-af90-a550bac27cf1,5c601d96-e4c7-4698-991b-7ee674b11079
6-21-2026 21:39:14-debug:   Number of all scenes: 2
6-21-2026 21:39:14-debug:   Number of all scripts: 31
6-21-2026 21:39:14-debug: Init bundle root assets success..., progress: 0%
6-21-2026 21:39:14-debug:   Number of other assets: 409
6-21-2026 21:39:14-debug: // ---- build task Query asset bundle ---- (19ms)
6-21-2026 21:39:14-log: run build task Query asset bundle success in 19 ms√, progress: 5%
6-21-2026 21:39:14-debug: [Build Memory track]: Query asset bundle start:222.40MB, end 222.32MB, increase: -82.45KB
6-21-2026 21:39:14-debug: Query asset bundle start, progress: 5%
6-21-2026 21:39:14-debug: // ---- build task Query asset bundle ----
6-21-2026 21:39:14-debug: // ---- build task Query asset bundle ---- (13ms)
6-21-2026 21:39:14-log: run build task Query asset bundle success in 13 ms√, progress: 10%
6-21-2026 21:39:14-debug: [Build Memory track]: Query asset bundle start:222.36MB, end 221.71MB, increase: -665.53KB
6-21-2026 21:39:14-debug: // ---- build task Sort some build options to settings.json ----
6-21-2026 21:39:14-debug: Sort some build options to settings.json start, progress: 10%
6-21-2026 21:39:14-debug: // ---- build task Sort some build options to settings.json ---- (10ms)
6-21-2026 21:39:14-log: run build task Sort some build options to settings.json success in 10 ms√, progress: 12%
6-21-2026 21:39:14-debug: [Build Memory track]: Sort some build options to settings.json start:221.75MB, end 221.79MB, increase: 46.93KB
6-21-2026 21:39:14-debug: Fill script data to settings start, progress: 12%
6-21-2026 21:39:14-debug: // ---- build task Fill script data to settings ----
6-21-2026 21:39:14-debug: // ---- build task Fill script data to settings ---- (3ms)
6-21-2026 21:39:14-log: run build task Fill script data to settings success in 3 ms√, progress: 13%
6-21-2026 21:39:14-debug: [Build Memory track]: Fill script data to settings start:221.83MB, end 221.86MB, increase: 32.94KB
6-21-2026 21:39:14-debug: Sort some build options to settings.json start, progress: 13%
6-21-2026 21:39:14-debug: // ---- build task Sort some build options to settings.json ----
6-21-2026 21:39:14-debug: // ---- build task Sort some build options to settings.json ---- (22ms)
6-21-2026 21:39:14-debug: [Build Memory track]: Sort some build options to settings.json start:221.90MB, end 222.03MB, increase: 134.87KB
6-21-2026 21:39:14-log: run build task Sort some build options to settings.json success in 22 ms√, progress: 15%
6-21-2026 21:41:40-debug: Query all assets info in project
6-21-2026 21:41:40-debug: init custom config: keepNodeUuid: false, useCache: true
6-21-2026 21:41:40-debug: Skip compress image, progress: 0%
6-21-2026 21:41:40-debug: Init all bundles start..., progress: 0%
6-21-2026 21:41:40-debug: Query asset bundle start, progress: 0%
6-21-2026 21:41:40-debug: // ---- build task Query asset bundle ----
6-21-2026 21:41:40-debug: Num of bundles: 2..., progress: 0%
6-21-2026 21:41:40-debug: Init bundle root assets start..., progress: 0%
6-21-2026 21:41:41-debug: Query preload assets/scripts from cc.config.json: 60f7195c-ec2a-45eb-ba94-8955f60e81d0,1c02ae6f-4492-4915-b8f8-7492a3b1e4cd,810e96e4-e456-4468-9b59-f4e8f39732c0,efe8e2a3-eace-427b-b4f1-cb8a937ec77d,e9aa9a3e-5b2b-4ac7-a2c7-073de2b2b24f,8bbdbcdd-5cd4-4100-b6d5-b7c9625b6107,50f4348b-c883-4e2f-8f11-ce233b859fa1,fda095cb-831d-4601-ad94-846013963de8,f92806d7-1768-443f-afe8-12bcde84d0f0,dd3a144d-ab7f-41f0-82b8-2e43a090d496,f0416e68-0200-4b77-a926-4f9d16e494da,511d2633-09a7-4bdd-ac42-f778032124b3,5d45aa00-e064-4938-b314-4265f0c2258c,9361fd90-ba52-4f84-aa93-6e878fd576ca,970b0598-bcb0-4714-91fb-2e81440dccd8,bcd64cc6-2dd9-43f6-abbe-66318d332032,d930590d-bb92-4cc8-8bd1-23cd027f9edf,a3cd009f-0ab0-420d-9278-b9fdab939bbc,6a2d0734-bd9e-4ddf-946e-caa52498cb75,d9937e59-61fe-4ec6-92ab-7ac5a19c89b0,d1346436-ac96-4271-b863-1f4fdead95b0,971bdb23-3ff6-43eb-b422-1c30165a3663,17debcc3-0a6b-4b8a-b00b-dc58b885581e,711ebe11-f673-4cd9-9a83-63c60ba54c5b,c0143906-9aed-447e-9436-2ae8512d1b6e,14da1725-c4c2-42b4-ab08-ee0aeb6898b3,081cab31-dccd-428e-8652-f2404cc81c47,78e0584a-4343-4727-8f37-e14e65c2a2db,871c3b6c-7379-419d-bda3-794b239ab90d,ff9b0199-ce04-4cfe-86cc-6c719f08d6e4,de1c2107-70c8-4021-8459-6399f24d01c6,cbf30902-517f-40dc-af90-a550bac27cf1,5c601d96-e4c7-4698-991b-7ee674b11079
6-21-2026 21:41:41-debug:   Number of other assets: 409
6-21-2026 21:41:41-debug:   Number of all scripts: 31
6-21-2026 21:41:41-debug: Init bundle root assets success..., progress: 0%
6-21-2026 21:41:41-debug:   Number of all scenes: 2
6-21-2026 21:41:41-debug: // ---- build task Query asset bundle ---- (13ms)
6-21-2026 21:41:41-log: run build task Query asset bundle success in 13 ms√, progress: 5%
6-21-2026 21:41:41-debug: [Build Memory track]: Query asset bundle start:222.40MB, end 222.20MB, increase: -208.32KB
6-21-2026 21:41:41-debug: // ---- build task Query asset bundle ----
6-21-2026 21:41:41-debug: Query asset bundle start, progress: 5%
6-21-2026 21:41:41-debug: // ---- build task Query asset bundle ---- (11ms)
6-21-2026 21:41:41-log: run build task Query asset bundle success in 11 ms√, progress: 10%
6-21-2026 21:41:41-debug: [Build Memory track]: Query asset bundle start:222.24MB, end 222.37MB, increase: 131.98KB
6-21-2026 21:41:41-debug: // ---- build task Sort some build options to settings.json ----
6-21-2026 21:41:41-debug: Sort some build options to settings.json start, progress: 10%
6-21-2026 21:41:41-debug: // ---- build task Sort some build options to settings.json ---- (5ms)
6-21-2026 21:41:41-log: run build task Sort some build options to settings.json success in 5 ms√, progress: 12%
6-21-2026 21:41:41-debug: [Build Memory track]: Sort some build options to settings.json start:222.40MB, end 222.44MB, increase: 36.17KB
6-21-2026 21:41:41-debug: // ---- build task Fill script data to settings ----
6-21-2026 21:41:41-debug: Fill script data to settings start, progress: 12%
6-21-2026 21:41:41-debug: // ---- build task Fill script data to settings ---- (6ms)
6-21-2026 21:41:41-log: run build task Fill script data to settings success in 6 ms√, progress: 13%
6-21-2026 21:41:41-debug: [Build Memory track]: Fill script data to settings start:222.48MB, end 222.51MB, increase: 35.13KB
6-21-2026 21:41:41-debug: Sort some build options to settings.json start, progress: 13%
6-21-2026 21:41:41-debug: // ---- build task Sort some build options to settings.json ----
6-21-2026 21:41:41-debug: // ---- build task Sort some build options to settings.json ---- (13ms)
6-21-2026 21:41:41-log: run build task Sort some build options to settings.json success in 13 ms√, progress: 15%
6-21-2026 21:41:41-debug: [Build Memory track]: Sort some build options to settings.json start:222.55MB, end 221.98MB, increase: -583.48KB
6-21-2026 21:56:09-debug: refresh db internal success
6-21-2026 21:56:09-debug: refresh db assets success
6-21-2026 21:56:09-debug: Run asset db hook engine-extends:afterRefresh ...
6-21-2026 21:56:09-debug: Run asset db hook engine-extends:afterRefresh success!
6-21-2026 21:56:09-debug: asset-db:refresh-all-database (91ms)
6-21-2026 21:56:09-debug: asset-db:worker-effect-data-processing (2ms)
6-21-2026 21:56:09-debug: asset-db-hook-engine-extends-afterRefresh (2ms)
6-21-2026 21:59:42-debug: refresh db internal success
6-21-2026 21:59:42-debug: refresh db assets success
6-21-2026 21:59:42-debug: Run asset db hook engine-extends:afterRefresh success!
6-21-2026 21:59:42-debug: Run asset db hook engine-extends:afterRefresh ...
6-21-2026 21:59:42-debug: asset-db:refresh-all-database (80ms)
6-21-2026 21:59:42-debug: asset-db:worker-effect-data-processing (2ms)
6-21-2026 21:59:42-debug: asset-db-hook-engine-extends-afterRefresh (2ms)
6-21-2026 22:01:56-debug: refresh db internal success
6-21-2026 22:01:56-debug: refresh db assets success
6-21-2026 22:01:56-debug: Run asset db hook engine-extends:afterRefresh ...
6-21-2026 22:01:56-debug: Run asset db hook engine-extends:afterRefresh success!
6-21-2026 22:01:56-debug: asset-db:refresh-all-database (87ms)
6-21-2026 22:01:56-debug: asset-db:worker-effect-data-processing (1ms)
6-21-2026 22:01:56-debug: asset-db-hook-engine-extends-afterRefresh (1ms)
6-21-2026 22:02:13-debug: %cImport%c: F:\Github\BattleGame\assets\Test.scenebackground: #aaff85; color: #000;color: #000;
6-21-2026 22:02:13-debug: asset-db:reimport-asset1effe86e-a401-4769-9dbc-62218c68834d (33ms)
6-21-2026 22:02:13-debug: Query all assets info in project
6-21-2026 22:02:13-debug: init custom config: keepNodeUuid: false, useCache: true
6-21-2026 22:02:13-debug: Skip compress image, progress: 0%
6-21-2026 22:02:13-debug: Init all bundles start..., progress: 0%
6-21-2026 22:02:13-debug: Query asset bundle start, progress: 0%
6-21-2026 22:02:13-debug: // ---- build task Query asset bundle ----
6-21-2026 22:02:13-debug: Num of bundles: 2..., progress: 0%
6-21-2026 22:02:13-debug: Init bundle root assets start..., progress: 0%
6-21-2026 22:02:13-debug: Query preload assets/scripts from cc.config.json: 60f7195c-ec2a-45eb-ba94-8955f60e81d0,1c02ae6f-4492-4915-b8f8-7492a3b1e4cd,810e96e4-e456-4468-9b59-f4e8f39732c0,efe8e2a3-eace-427b-b4f1-cb8a937ec77d,e9aa9a3e-5b2b-4ac7-a2c7-073de2b2b24f,8bbdbcdd-5cd4-4100-b6d5-b7c9625b6107,50f4348b-c883-4e2f-8f11-ce233b859fa1,fda095cb-831d-4601-ad94-846013963de8,f92806d7-1768-443f-afe8-12bcde84d0f0,dd3a144d-ab7f-41f0-82b8-2e43a090d496,f0416e68-0200-4b77-a926-4f9d16e494da,511d2633-09a7-4bdd-ac42-f778032124b3,5d45aa00-e064-4938-b314-4265f0c2258c,9361fd90-ba52-4f84-aa93-6e878fd576ca,970b0598-bcb0-4714-91fb-2e81440dccd8,bcd64cc6-2dd9-43f6-abbe-66318d332032,d930590d-bb92-4cc8-8bd1-23cd027f9edf,a3cd009f-0ab0-420d-9278-b9fdab939bbc,6a2d0734-bd9e-4ddf-946e-caa52498cb75,d9937e59-61fe-4ec6-92ab-7ac5a19c89b0,d1346436-ac96-4271-b863-1f4fdead95b0,971bdb23-3ff6-43eb-b422-1c30165a3663,17debcc3-0a6b-4b8a-b00b-dc58b885581e,711ebe11-f673-4cd9-9a83-63c60ba54c5b,c0143906-9aed-447e-9436-2ae8512d1b6e,14da1725-c4c2-42b4-ab08-ee0aeb6898b3,081cab31-dccd-428e-8652-f2404cc81c47,78e0584a-4343-4727-8f37-e14e65c2a2db,871c3b6c-7379-419d-bda3-794b239ab90d,ff9b0199-ce04-4cfe-86cc-6c719f08d6e4,de1c2107-70c8-4021-8459-6399f24d01c6,cbf30902-517f-40dc-af90-a550bac27cf1,5c601d96-e4c7-4698-991b-7ee674b11079
6-21-2026 22:02:13-debug:   Number of all scenes: 2
6-21-2026 22:02:13-debug:   Number of all scripts: 31
6-21-2026 22:02:13-debug: Init bundle root assets success..., progress: 0%
6-21-2026 22:02:13-debug:   Number of other assets: 409
6-21-2026 22:02:13-log: run build task Query asset bundle success in 11 ms√, progress: 5%
6-21-2026 22:02:13-debug: [Build Memory track]: Query asset bundle start:226.89MB, end 226.67MB, increase: -223.13KB
6-21-2026 22:02:13-debug: Query asset bundle start, progress: 5%
6-21-2026 22:02:13-debug: // ---- build task Query asset bundle ---- (11ms)
6-21-2026 22:02:13-debug: // ---- build task Query asset bundle ----
6-21-2026 22:02:13-debug: // ---- build task Query asset bundle ---- (4ms)
6-21-2026 22:02:13-log: run build task Query asset bundle success in 4 ms√, progress: 10%
6-21-2026 22:02:13-debug: [Build Memory track]: Query asset bundle start:226.71MB, end 227.05MB, increase: 345.84KB
6-21-2026 22:02:13-debug: Sort some build options to settings.json start, progress: 10%
6-21-2026 22:02:13-debug: // ---- build task Sort some build options to settings.json ----
6-21-2026 22:02:13-debug: // ---- build task Sort some build options to settings.json ---- (3ms)
6-21-2026 22:02:13-debug: [Build Memory track]: Sort some build options to settings.json start:226.88MB, end 226.91MB, increase: 36.29KB
6-21-2026 22:02:13-log: run build task Sort some build options to settings.json success in 3 ms√, progress: 12%
6-21-2026 22:02:13-debug: Fill script data to settings start, progress: 12%
6-21-2026 22:02:13-debug: // ---- build task Fill script data to settings ----
6-21-2026 22:02:13-log: run build task Fill script data to settings success in √, progress: 13%
6-21-2026 22:02:13-debug: [Build Memory track]: Fill script data to settings start:226.95MB, end 227.10MB, increase: 152.54KB
6-21-2026 22:02:13-debug: Sort some build options to settings.json start, progress: 13%
6-21-2026 22:02:13-debug: // ---- build task Sort some build options to settings.json ----
6-21-2026 22:02:14-debug: // ---- build task Sort some build options to settings.json ---- (9ms)
6-21-2026 22:02:14-log: run build task Sort some build options to settings.json success in 9 ms√, progress: 15%
6-21-2026 22:02:14-debug: [Build Memory track]: Sort some build options to settings.json start:227.14MB, end 227.27MB, increase: 134.52KB
6-21-2026 22:06:01-debug: refresh db internal success
6-21-2026 22:06:01-debug: refresh db assets success
6-21-2026 22:06:01-debug: Run asset db hook engine-extends:afterRefresh ...
6-21-2026 22:06:01-debug: Run asset db hook engine-extends:afterRefresh success!
6-21-2026 22:06:01-debug: asset-db:worker-effect-data-processing (1ms)
6-21-2026 22:06:01-debug: asset-db:refresh-all-database (70ms)
6-21-2026 22:06:01-debug: asset-db-hook-engine-extends-afterRefresh (2ms)
6-21-2026 22:08:44-debug: %cImport%c: F:\Github\BattleGame\assets\Test.scenebackground: #aaff85; color: #000;color: #000;
6-21-2026 22:08:44-debug: asset-db:reimport-asset1effe86e-a401-4769-9dbc-62218c68834d (33ms)
6-21-2026 22:08:45-debug: Query all assets info in project
6-21-2026 22:08:45-debug: init custom config: keepNodeUuid: false, useCache: true
6-21-2026 22:08:45-debug: Skip compress image, progress: 0%
6-21-2026 22:08:45-debug: Init all bundles start..., progress: 0%
6-21-2026 22:08:45-debug: Num of bundles: 2..., progress: 0%
6-21-2026 22:08:45-debug: Query asset bundle start, progress: 0%
6-21-2026 22:08:45-debug: // ---- build task Query asset bundle ----
6-21-2026 22:08:45-debug: Init bundle root assets start..., progress: 0%
6-21-2026 22:08:45-debug: Query preload assets/scripts from cc.config.json: 60f7195c-ec2a-45eb-ba94-8955f60e81d0,1c02ae6f-4492-4915-b8f8-7492a3b1e4cd,810e96e4-e456-4468-9b59-f4e8f39732c0,efe8e2a3-eace-427b-b4f1-cb8a937ec77d,e9aa9a3e-5b2b-4ac7-a2c7-073de2b2b24f,8bbdbcdd-5cd4-4100-b6d5-b7c9625b6107,50f4348b-c883-4e2f-8f11-ce233b859fa1,fda095cb-831d-4601-ad94-846013963de8,f92806d7-1768-443f-afe8-12bcde84d0f0,dd3a144d-ab7f-41f0-82b8-2e43a090d496,f0416e68-0200-4b77-a926-4f9d16e494da,511d2633-09a7-4bdd-ac42-f778032124b3,5d45aa00-e064-4938-b314-4265f0c2258c,9361fd90-ba52-4f84-aa93-6e878fd576ca,970b0598-bcb0-4714-91fb-2e81440dccd8,bcd64cc6-2dd9-43f6-abbe-66318d332032,d930590d-bb92-4cc8-8bd1-23cd027f9edf,a3cd009f-0ab0-420d-9278-b9fdab939bbc,6a2d0734-bd9e-4ddf-946e-caa52498cb75,d9937e59-61fe-4ec6-92ab-7ac5a19c89b0,d1346436-ac96-4271-b863-1f4fdead95b0,971bdb23-3ff6-43eb-b422-1c30165a3663,17debcc3-0a6b-4b8a-b00b-dc58b885581e,711ebe11-f673-4cd9-9a83-63c60ba54c5b,c0143906-9aed-447e-9436-2ae8512d1b6e,14da1725-c4c2-42b4-ab08-ee0aeb6898b3,081cab31-dccd-428e-8652-f2404cc81c47,78e0584a-4343-4727-8f37-e14e65c2a2db,871c3b6c-7379-419d-bda3-794b239ab90d,ff9b0199-ce04-4cfe-86cc-6c719f08d6e4,de1c2107-70c8-4021-8459-6399f24d01c6,cbf30902-517f-40dc-af90-a550bac27cf1,5c601d96-e4c7-4698-991b-7ee674b11079
6-21-2026 22:08:45-debug:   Number of all scenes: 2
6-21-2026 22:08:45-debug:   Number of all scripts: 31
6-21-2026 22:08:45-debug: Init bundle root assets success..., progress: 0%
6-21-2026 22:08:45-debug:   Number of other assets: 409
6-21-2026 22:08:45-debug: // ---- build task Query asset bundle ---- (10ms)
6-21-2026 22:08:45-log: run build task Query asset bundle success in 10 ms√, progress: 5%
6-21-2026 22:08:45-debug: [Build Memory track]: Query asset bundle start:228.75MB, end 228.51MB, increase: -243.56KB
6-21-2026 22:08:45-debug: Query asset bundle start, progress: 5%
6-21-2026 22:08:45-debug: // ---- build task Query asset bundle ----
6-21-2026 22:08:45-debug: // ---- build task Query asset bundle ---- (4ms)
6-21-2026 22:08:45-log: run build task Query asset bundle success in 4 ms√, progress: 10%
6-21-2026 22:08:45-debug: [Build Memory track]: Query asset bundle start:228.55MB, end 228.67MB, increase: 124.24KB
6-21-2026 22:08:45-debug: Sort some build options to settings.json start, progress: 10%
6-21-2026 22:08:45-debug: // ---- build task Sort some build options to settings.json ----
6-21-2026 22:08:45-debug: // ---- build task Sort some build options to settings.json ---- (1ms)
6-21-2026 22:08:45-log: run build task Sort some build options to settings.json success in 1 ms√, progress: 12%
6-21-2026 22:08:45-debug: Fill script data to settings start, progress: 12%
6-21-2026 22:08:45-debug: [Build Memory track]: Sort some build options to settings.json start:228.70MB, end 228.73MB, increase: 26.26KB
6-21-2026 22:08:45-debug: // ---- build task Fill script data to settings ----
6-21-2026 22:08:45-debug: // ---- build task Fill script data to settings ---- (1ms)
6-21-2026 22:08:45-log: run build task Fill script data to settings success in 1 ms√, progress: 13%
6-21-2026 22:08:45-debug: [Build Memory track]: Fill script data to settings start:228.75MB, end 228.78MB, increase: 25.42KB
6-21-2026 22:08:45-debug: Sort some build options to settings.json start, progress: 13%
6-21-2026 22:08:45-debug: // ---- build task Sort some build options to settings.json ----
6-21-2026 22:08:45-debug: // ---- build task Sort some build options to settings.json ---- (8ms)
6-21-2026 22:08:45-debug: [Build Memory track]: Sort some build options to settings.json start:228.81MB, end 228.93MB, increase: 126.33KB
6-21-2026 22:08:45-log: run build task Sort some build options to settings.json success in 8 ms√, progress: 15%
6-21-2026 22:10:08-debug: refresh db internal success
6-21-2026 22:10:08-debug: refresh db assets success
6-21-2026 22:10:08-debug: Run asset db hook engine-extends:afterRefresh ...
6-21-2026 22:10:08-debug: Run asset db hook engine-extends:afterRefresh success!
6-21-2026 22:10:08-debug: asset-db:refresh-all-database (87ms)
6-21-2026 22:10:08-debug: asset-db:worker-effect-data-processing (4ms)
6-21-2026 22:10:08-debug: asset-db-hook-engine-extends-afterRefresh (4ms)
6-21-2026 22:10:20-debug: %cImport%c: F:\Github\BattleGame\assets\Test.scenebackground: #aaff85; color: #000;color: #000;
6-21-2026 22:10:20-debug: asset-db:reimport-asset1effe86e-a401-4769-9dbc-62218c68834d (30ms)
6-21-2026 22:10:21-debug: Query all assets info in project
6-21-2026 22:10:21-debug: init custom config: keepNodeUuid: false, useCache: true
6-21-2026 22:10:21-debug: Skip compress image, progress: 0%
6-21-2026 22:10:21-debug: Init all bundles start..., progress: 0%
6-21-2026 22:10:21-debug: Num of bundles: 2..., progress: 0%
6-21-2026 22:10:21-debug: // ---- build task Query asset bundle ----
6-21-2026 22:10:21-debug: Query asset bundle start, progress: 0%
6-21-2026 22:10:21-debug: Init bundle root assets start..., progress: 0%
6-21-2026 22:10:21-debug: Query preload assets/scripts from cc.config.json: 60f7195c-ec2a-45eb-ba94-8955f60e81d0,1c02ae6f-4492-4915-b8f8-7492a3b1e4cd,810e96e4-e456-4468-9b59-f4e8f39732c0,efe8e2a3-eace-427b-b4f1-cb8a937ec77d,e9aa9a3e-5b2b-4ac7-a2c7-073de2b2b24f,8bbdbcdd-5cd4-4100-b6d5-b7c9625b6107,50f4348b-c883-4e2f-8f11-ce233b859fa1,fda095cb-831d-4601-ad94-846013963de8,f92806d7-1768-443f-afe8-12bcde84d0f0,dd3a144d-ab7f-41f0-82b8-2e43a090d496,f0416e68-0200-4b77-a926-4f9d16e494da,511d2633-09a7-4bdd-ac42-f778032124b3,5d45aa00-e064-4938-b314-4265f0c2258c,9361fd90-ba52-4f84-aa93-6e878fd576ca,970b0598-bcb0-4714-91fb-2e81440dccd8,bcd64cc6-2dd9-43f6-abbe-66318d332032,d930590d-bb92-4cc8-8bd1-23cd027f9edf,a3cd009f-0ab0-420d-9278-b9fdab939bbc,6a2d0734-bd9e-4ddf-946e-caa52498cb75,d9937e59-61fe-4ec6-92ab-7ac5a19c89b0,d1346436-ac96-4271-b863-1f4fdead95b0,971bdb23-3ff6-43eb-b422-1c30165a3663,17debcc3-0a6b-4b8a-b00b-dc58b885581e,711ebe11-f673-4cd9-9a83-63c60ba54c5b,c0143906-9aed-447e-9436-2ae8512d1b6e,14da1725-c4c2-42b4-ab08-ee0aeb6898b3,081cab31-dccd-428e-8652-f2404cc81c47,78e0584a-4343-4727-8f37-e14e65c2a2db,871c3b6c-7379-419d-bda3-794b239ab90d,ff9b0199-ce04-4cfe-86cc-6c719f08d6e4,de1c2107-70c8-4021-8459-6399f24d01c6,cbf30902-517f-40dc-af90-a550bac27cf1,5c601d96-e4c7-4698-991b-7ee674b11079
6-21-2026 22:10:21-debug:   Number of all scenes: 2
6-21-2026 22:10:21-debug: Init bundle root assets success..., progress: 0%
6-21-2026 22:10:21-debug:   Number of other assets: 409
6-21-2026 22:10:21-debug:   Number of all scripts: 31
6-21-2026 22:10:21-debug: // ---- build task Query asset bundle ---- (9ms)
6-21-2026 22:10:21-log: run build task Query asset bundle success in 9 ms√, progress: 5%
6-21-2026 22:10:21-debug: // ---- build task Query asset bundle ----
6-21-2026 22:10:21-debug: Query asset bundle start, progress: 5%
6-21-2026 22:10:21-debug: [Build Memory track]: Query asset bundle start:230.52MB, end 230.28MB, increase: -248.32KB
6-21-2026 22:10:21-debug: // ---- build task Query asset bundle ---- (4ms)
6-21-2026 22:10:21-log: run build task Query asset bundle success in 4 ms√, progress: 10%
6-21-2026 22:10:21-debug: [Build Memory track]: Query asset bundle start:230.30MB, end 230.43MB, increase: 131.09KB
6-21-2026 22:10:21-debug: Sort some build options to settings.json start, progress: 10%
6-21-2026 22:10:21-debug: // ---- build task Sort some build options to settings.json ----
6-21-2026 22:10:21-log: run build task Sort some build options to settings.json success in 1 ms√, progress: 12%
6-21-2026 22:10:21-debug: // ---- build task Sort some build options to settings.json ---- (1ms)
6-21-2026 22:10:21-debug: [Build Memory track]: Sort some build options to settings.json start:230.46MB, end 230.49MB, increase: 26.29KB
6-21-2026 22:10:21-debug: Fill script data to settings start, progress: 12%
6-21-2026 22:10:21-debug: // ---- build task Fill script data to settings ----
6-21-2026 22:10:21-log: run build task Fill script data to settings success in 1 ms√, progress: 13%
6-21-2026 22:10:21-debug: Sort some build options to settings.json start, progress: 13%
6-21-2026 22:10:21-debug: [Build Memory track]: Fill script data to settings start:230.51MB, end 230.54MB, increase: 26.47KB
6-21-2026 22:10:21-debug: // ---- build task Fill script data to settings ---- (1ms)
6-21-2026 22:10:21-debug: // ---- build task Sort some build options to settings.json ----
6-21-2026 22:10:21-debug: // ---- build task Sort some build options to settings.json ---- (7ms)
6-21-2026 22:10:21-log: run build task Sort some build options to settings.json success in 7 ms√, progress: 15%
6-21-2026 22:10:21-debug: [Build Memory track]: Sort some build options to settings.json start:230.57MB, end 230.70MB, increase: 131.18KB
6-21-2026 22:11:49-debug: refresh db internal success
6-21-2026 22:11:49-debug: refresh db assets success
6-21-2026 22:11:49-debug: Run asset db hook engine-extends:afterRefresh ...
6-21-2026 22:11:49-debug: Run asset db hook engine-extends:afterRefresh success!
6-21-2026 22:11:49-debug: asset-db:refresh-all-database (169ms)
6-21-2026 22:11:49-debug: asset-db:worker-effect-data-processing (77ms)
6-21-2026 22:11:49-debug: asset-db-hook-engine-extends-afterRefresh (77ms)
6-21-2026 22:12:17-debug: %cImport%c: F:\Github\BattleGame\assets\Test.scenebackground: #aaff85; color: #000;color: #000;
6-21-2026 22:12:17-debug: asset-db:reimport-asset1effe86e-a401-4769-9dbc-62218c68834d (25ms)
6-21-2026 22:12:18-debug: Query all assets info in project
6-21-2026 22:12:18-debug: Skip compress image, progress: 0%
6-21-2026 22:12:18-debug: init custom config: keepNodeUuid: false, useCache: true
6-21-2026 22:12:18-debug: Init all bundles start..., progress: 0%
6-21-2026 22:12:18-debug: Num of bundles: 2..., progress: 0%
6-21-2026 22:12:18-debug: Query asset bundle start, progress: 0%
6-21-2026 22:12:18-debug: // ---- build task Query asset bundle ----
6-21-2026 22:12:18-debug: Init bundle root assets start..., progress: 0%
6-21-2026 22:12:18-debug: Query preload assets/scripts from cc.config.json: 60f7195c-ec2a-45eb-ba94-8955f60e81d0,1c02ae6f-4492-4915-b8f8-7492a3b1e4cd,810e96e4-e456-4468-9b59-f4e8f39732c0,efe8e2a3-eace-427b-b4f1-cb8a937ec77d,e9aa9a3e-5b2b-4ac7-a2c7-073de2b2b24f,8bbdbcdd-5cd4-4100-b6d5-b7c9625b6107,50f4348b-c883-4e2f-8f11-ce233b859fa1,fda095cb-831d-4601-ad94-846013963de8,f92806d7-1768-443f-afe8-12bcde84d0f0,dd3a144d-ab7f-41f0-82b8-2e43a090d496,f0416e68-0200-4b77-a926-4f9d16e494da,511d2633-09a7-4bdd-ac42-f778032124b3,5d45aa00-e064-4938-b314-4265f0c2258c,9361fd90-ba52-4f84-aa93-6e878fd576ca,970b0598-bcb0-4714-91fb-2e81440dccd8,bcd64cc6-2dd9-43f6-abbe-66318d332032,d930590d-bb92-4cc8-8bd1-23cd027f9edf,a3cd009f-0ab0-420d-9278-b9fdab939bbc,6a2d0734-bd9e-4ddf-946e-caa52498cb75,d9937e59-61fe-4ec6-92ab-7ac5a19c89b0,d1346436-ac96-4271-b863-1f4fdead95b0,971bdb23-3ff6-43eb-b422-1c30165a3663,17debcc3-0a6b-4b8a-b00b-dc58b885581e,711ebe11-f673-4cd9-9a83-63c60ba54c5b,c0143906-9aed-447e-9436-2ae8512d1b6e,14da1725-c4c2-42b4-ab08-ee0aeb6898b3,081cab31-dccd-428e-8652-f2404cc81c47,78e0584a-4343-4727-8f37-e14e65c2a2db,871c3b6c-7379-419d-bda3-794b239ab90d,ff9b0199-ce04-4cfe-86cc-6c719f08d6e4,de1c2107-70c8-4021-8459-6399f24d01c6,cbf30902-517f-40dc-af90-a550bac27cf1,5c601d96-e4c7-4698-991b-7ee674b11079
6-21-2026 22:12:18-debug:   Number of all scripts: 31
6-21-2026 22:12:18-debug: Init bundle root assets success..., progress: 0%
6-21-2026 22:12:18-debug:   Number of all scenes: 2
6-21-2026 22:12:18-debug:   Number of other assets: 409
6-21-2026 22:12:18-debug: // ---- build task Query asset bundle ---- (14ms)
6-21-2026 22:12:18-debug: [Build Memory track]: Query asset bundle start:232.03MB, end 231.89MB, increase: -137.00KB
6-21-2026 22:12:18-debug: // ---- build task Query asset bundle ----
6-21-2026 22:12:18-log: run build task Query asset bundle success in 14 ms√, progress: 5%
6-21-2026 22:12:18-debug: Query asset bundle start, progress: 5%
6-21-2026 22:12:18-log: run build task Query asset bundle success in 6 ms√, progress: 10%
6-21-2026 22:12:18-debug: [Build Memory track]: Query asset bundle start:231.92MB, end 232.04MB, increase: 123.38KB
6-21-2026 22:12:18-debug: Sort some build options to settings.json start, progress: 10%
6-21-2026 22:12:18-debug: // ---- build task Query asset bundle ---- (6ms)
6-21-2026 22:12:18-debug: // ---- build task Sort some build options to settings.json ----
6-21-2026 22:12:18-debug: // ---- build task Sort some build options to settings.json ---- (1ms)
6-21-2026 22:12:18-log: run build task Sort some build options to settings.json success in 1 ms√, progress: 12%
6-21-2026 22:12:18-debug: Fill script data to settings start, progress: 12%
6-21-2026 22:12:18-debug: [Build Memory track]: Sort some build options to settings.json start:232.07MB, end 232.09MB, increase: 26.29KB
6-21-2026 22:12:18-debug: // ---- build task Fill script data to settings ----
6-21-2026 22:12:18-debug: // ---- build task Fill script data to settings ---- (2ms)
6-21-2026 22:12:18-log: run build task Fill script data to settings success in 2 ms√, progress: 13%
6-21-2026 22:12:18-debug: [Build Memory track]: Fill script data to settings start:232.13MB, end 232.17MB, increase: 32.43KB
6-21-2026 22:12:18-debug: Sort some build options to settings.json start, progress: 13%
6-21-2026 22:12:18-debug: // ---- build task Sort some build options to settings.json ----
6-21-2026 22:12:18-debug: // ---- build task Sort some build options to settings.json ---- (6ms)
6-21-2026 22:12:18-log: run build task Sort some build options to settings.json success in 6 ms√, progress: 15%
6-21-2026 22:12:18-debug: [Build Memory track]: Sort some build options to settings.json start:232.20MB, end 232.32MB, increase: 126.38KB
6-21-2026 22:50:59-debug: refresh db internal success
6-21-2026 22:50:59-debug: refresh db assets success
6-21-2026 22:50:59-debug: Run asset db hook engine-extends:afterRefresh success!
6-21-2026 22:50:59-debug: Run asset db hook engine-extends:afterRefresh ...
6-21-2026 22:50:59-debug: asset-db:worker-effect-data-processing (76ms)
6-21-2026 22:50:59-debug: asset-db-hook-engine-extends-afterRefresh (76ms)
6-21-2026 22:50:59-debug: asset-db:refresh-all-database (139ms)
6-21-2026 22:51:03-debug: refresh db internal success
6-21-2026 22:51:03-debug: Run asset db hook engine-extends:afterRefresh ...
6-21-2026 22:51:03-debug: Run asset db hook engine-extends:afterRefresh success!
6-21-2026 22:51:03-debug: refresh db assets success
6-21-2026 22:51:03-debug: asset-db:worker-effect-data-processing (101ms)
6-21-2026 22:51:03-debug: asset-db:refresh-all-database (184ms)
6-21-2026 22:51:03-debug: asset-db-hook-engine-extends-afterRefresh (101ms)
6-21-2026 22:52:12-debug: refresh db internal success
6-21-2026 22:52:12-debug: refresh db assets success
6-21-2026 22:52:12-debug: Run asset db hook engine-extends:afterRefresh ...
6-21-2026 22:52:12-debug: Run asset db hook engine-extends:afterRefresh success!
6-21-2026 22:52:12-debug: asset-db:refresh-all-database (133ms)
6-21-2026 22:52:12-debug: asset-db:worker-effect-data-processing (74ms)
6-21-2026 22:52:12-debug: asset-db-hook-engine-extends-afterRefresh (75ms)
