6-22-2026 00:47:13-log: Cannot access game frame or container.
6-22-2026 00:47:14-debug: asset-db:require-engine-code (1136ms)
6-22-2026 00:47:14-log: meshopt wasm decoder initialized
6-22-2026 00:47:14-log: [box2d]:box2d wasm lib loaded.
6-22-2026 00:47:14-log: [bullet]:bullet wasm lib loaded.
6-22-2026 00:47:14-log: Cocos Creator v3.8.8
6-22-2026 00:47:14-log: Forward render pipeline initialized.
6-22-2026 00:47:14-log: Using legacy pipeline
6-22-2026 00:47:14-debug: [Assets Memory track]: asset-db:worker-init: initEngine start:31.66MB, end 79.20MB, increase: 47.54MB
6-22-2026 00:47:16-debug: [Assets Memory track]: asset-db:worker-init: initPlugin start:79.24MB, end 274.25MB, increase: 195.01MB
6-22-2026 00:47:16-debug: asset-db:worker-init: initPlugin (2048ms)
6-22-2026 00:47:16-debug: [Assets Memory track]: asset-db:worker-init start:31.66MB, end 274.35MB, increase: 242.70MB
6-22-2026 00:47:16-debug: Run asset db hook programming:beforePreStart success!
6-22-2026 00:47:16-debug: Run asset db hook engine-extends:beforePreStart ...
6-22-2026 00:47:16-debug: Run asset db hook engine-extends:beforePreStart success!
6-22-2026 00:47:16-debug: Run asset db hook programming:beforePreStart ...
6-22-2026 00:47:16-debug: asset-db:worker-init (3615ms)
6-22-2026 00:47:16-debug: asset-db-hook-programming-beforePreStart (108ms)
6-22-2026 00:47:16-debug: asset-db-hook-engine-extends-beforePreStart (107ms)
6-22-2026 00:47:16-debug: Preimport db internal success
6-22-2026 00:47:16-debug: Preimport db assets success
6-22-2026 00:47:16-debug: Run asset db hook programming:afterPreStart ...
6-22-2026 00:47:16-debug: starting packer-driver...
6-22-2026 00:47:19-debug: initialize scripting environment...
6-22-2026 00:47:19-debug: [[Executor]] prepare before lock
6-22-2026 00:47:19-debug: Set detail map pack:///resolution-detail-map.json: {}
6-22-2026 00:47:19-debug: [[Executor]] prepare after unlock
6-22-2026 00:47:19-debug: Run asset db hook programming:afterPreStart success!
6-22-2026 00:47:19-debug: Run asset db hook engine-extends:afterPreStart success!
6-22-2026 00:47:19-debug: Start up the 'internal' database...
6-22-2026 00:47:19-debug: Run asset db hook engine-extends:afterPreStart ...
6-22-2026 00:47:20-debug: asset-db-hook-programming-afterPreStart (3627ms)
6-22-2026 00:47:20-debug: asset-db:worker-effect-data-processing (353ms)
6-22-2026 00:47:20-debug: asset-db-hook-engine-extends-afterPreStart (354ms)
6-22-2026 00:47:20-debug: Run asset db hook engine-extends:afterStartDB ...
6-22-2026 00:47:20-debug: recompile effect.bin success
6-22-2026 00:47:20-debug: Run asset db hook engine-extends:afterStartDB success!
6-22-2026 00:47:20-debug: Start up the 'assets' database...
6-22-2026 00:47:20-debug: asset-db:worker-effect-data-processing (381ms)
6-22-2026 00:47:20-debug: asset-db-hook-engine-extends-afterStartDB (382ms)
6-22-2026 00:47:20-debug: Run asset db hook engine-extends:afterStartDB ...
6-22-2026 00:47:21-debug: recompile effect.bin success
6-22-2026 00:47:21-debug: Run asset db hook engine-extends:afterStartDB success!
6-22-2026 00:47:21-debug: lazy register asset handler directory
6-22-2026 00:47:21-debug: lazy register asset handler json
6-22-2026 00:47:21-debug: lazy register asset handler text
6-22-2026 00:47:21-debug: lazy register asset handler dragonbones
6-22-2026 00:47:21-debug: lazy register asset handler dragonbones-atlas
6-22-2026 00:47:21-debug: lazy register asset handler terrain
6-22-2026 00:47:21-debug: lazy register asset handler javascript
6-22-2026 00:47:21-debug: lazy register asset handler spine-data
6-22-2026 00:47:21-debug: lazy register asset handler typescript
6-22-2026 00:47:21-debug: lazy register asset handler *
6-22-2026 00:47:21-debug: lazy register asset handler prefab
6-22-2026 00:47:21-debug: lazy register asset handler scene
6-22-2026 00:47:21-debug: lazy register asset handler sprite-frame
6-22-2026 00:47:21-debug: lazy register asset handler buffer
6-22-2026 00:47:21-debug: lazy register asset handler tiled-map
6-22-2026 00:47:21-debug: lazy register asset handler alpha-image
6-22-2026 00:47:21-debug: lazy register asset handler sign-image
6-22-2026 00:47:21-debug: lazy register asset handler texture-cube
6-22-2026 00:47:21-debug: lazy register asset handler erp-texture-cube
6-22-2026 00:47:21-debug: lazy register asset handler image
6-22-2026 00:47:21-debug: lazy register asset handler render-texture
6-22-2026 00:47:21-debug: lazy register asset handler texture
6-22-2026 00:47:21-debug: lazy register asset handler texture-cube-face
6-22-2026 00:47:21-debug: lazy register asset handler gltf-mesh
6-22-2026 00:47:21-debug: lazy register asset handler rt-sprite-frame
6-22-2026 00:47:21-debug: lazy register asset handler gltf
6-22-2026 00:47:21-debug: lazy register asset handler gltf-skeleton
6-22-2026 00:47:21-debug: lazy register asset handler gltf-animation
6-22-2026 00:47:21-debug: lazy register asset handler gltf-scene
6-22-2026 00:47:21-debug: lazy register asset handler gltf-material
6-22-2026 00:47:21-debug: lazy register asset handler fbx
6-22-2026 00:47:21-debug: lazy register asset handler material
6-22-2026 00:47:21-debug: lazy register asset handler physics-material
6-22-2026 00:47:21-debug: lazy register asset handler gltf-embeded-image
6-22-2026 00:47:21-debug: lazy register asset handler audio-clip
6-22-2026 00:47:21-debug: lazy register asset handler effect-header
6-22-2026 00:47:21-debug: lazy register asset handler effect
6-22-2026 00:47:21-debug: lazy register asset handler animation-graph
6-22-2026 00:47:21-debug: lazy register asset handler animation-clip
6-22-2026 00:47:21-debug: lazy register asset handler animation-graph-variant
6-22-2026 00:47:21-debug: lazy register asset handler bitmap-font
6-22-2026 00:47:21-debug: lazy register asset handler ttf-font
6-22-2026 00:47:21-debug: lazy register asset handler animation-mask
6-22-2026 00:47:21-debug: lazy register asset handler auto-atlas
6-22-2026 00:47:21-debug: lazy register asset handler particle
6-22-2026 00:47:21-debug: lazy register asset handler render-pipeline
6-22-2026 00:47:21-debug: lazy register asset handler sprite-atlas
6-22-2026 00:47:21-debug: lazy register asset handler label-atlas
6-22-2026 00:47:21-debug: lazy register asset handler render-stage
6-22-2026 00:47:21-debug: lazy register asset handler instantiation-material
6-22-2026 00:47:21-debug: lazy register asset handler instantiation-skeleton
6-22-2026 00:47:21-debug: lazy register asset handler instantiation-mesh
6-22-2026 00:47:21-debug: lazy register asset handler instantiation-animation
6-22-2026 00:47:21-debug: lazy register asset handler render-flow
6-22-2026 00:47:21-debug: lazy register asset handler video-clip
6-22-2026 00:47:21-debug: asset-db:worker-effect-data-processing (341ms)
6-22-2026 00:47:21-debug: asset-db-hook-engine-extends-afterStartDB (342ms)
6-22-2026 00:47:21-debug: asset-db:start-database (4620ms)
6-22-2026 00:47:21-debug: asset-db:ready (10945ms)
6-22-2026 00:47:21-debug: init worker message success
6-22-2026 00:47:21-debug: programming:execute-script (5ms)
6-22-2026 00:47:21-debug: [Build Memory track]: builder:worker-init start:221.01MB, end 228.82MB, increase: 7.81MB
6-22-2026 00:47:21-debug: builder:worker-init (356ms)
6-22-2026 00:47:31-debug: Query all assets info in project
6-22-2026 00:47:31-debug: init custom config: keepNodeUuid: false, useCache: true
6-22-2026 00:47:31-debug: Skip compress image, progress: 0%
6-22-2026 00:47:31-debug: Init all bundles start..., progress: 0%
6-22-2026 00:47:31-debug: Query asset bundle start, progress: 0%
6-22-2026 00:47:31-debug: // ---- build task Query asset bundle ----
6-22-2026 00:47:31-debug: Num of bundles: 2..., progress: 0%
6-22-2026 00:47:31-debug: Init bundle root assets start..., progress: 0%
6-22-2026 00:47:31-debug:   Number of all scenes: 2
6-22-2026 00:47:31-debug: Query preload assets/scripts from cc.config.json: 60f7195c-ec2a-45eb-ba94-8955f60e81d0,1c02ae6f-4492-4915-b8f8-7492a3b1e4cd,810e96e4-e456-4468-9b59-f4e8f39732c0,efe8e2a3-eace-427b-b4f1-cb8a937ec77d,e9aa9a3e-5b2b-4ac7-a2c7-073de2b2b24f,8bbdbcdd-5cd4-4100-b6d5-b7c9625b6107,50f4348b-c883-4e2f-8f11-ce233b859fa1,fda095cb-831d-4601-ad94-846013963de8,f92806d7-1768-443f-afe8-12bcde84d0f0,dd3a144d-ab7f-41f0-82b8-2e43a090d496,f0416e68-0200-4b77-a926-4f9d16e494da,511d2633-09a7-4bdd-ac42-f778032124b3,5d45aa00-e064-4938-b314-4265f0c2258c,9361fd90-ba52-4f84-aa93-6e878fd576ca,970b0598-bcb0-4714-91fb-2e81440dccd8,bcd64cc6-2dd9-43f6-abbe-66318d332032,d930590d-bb92-4cc8-8bd1-23cd027f9edf,a3cd009f-0ab0-420d-9278-b9fdab939bbc,6a2d0734-bd9e-4ddf-946e-caa52498cb75,d9937e59-61fe-4ec6-92ab-7ac5a19c89b0,d1346436-ac96-4271-b863-1f4fdead95b0,971bdb23-3ff6-43eb-b422-1c30165a3663,17debcc3-0a6b-4b8a-b00b-dc58b885581e,711ebe11-f673-4cd9-9a83-63c60ba54c5b,c0143906-9aed-447e-9436-2ae8512d1b6e,14da1725-c4c2-42b4-ab08-ee0aeb6898b3,081cab31-dccd-428e-8652-f2404cc81c47,78e0584a-4343-4727-8f37-e14e65c2a2db,871c3b6c-7379-419d-bda3-794b239ab90d,ff9b0199-ce04-4cfe-86cc-6c719f08d6e4,de1c2107-70c8-4021-8459-6399f24d01c6,cbf30902-517f-40dc-af90-a550bac27cf1,5c601d96-e4c7-4698-991b-7ee674b11079
6-22-2026 00:47:31-debug:   Number of other assets: 409
6-22-2026 00:47:31-debug:   Number of all scripts: 31
6-22-2026 00:47:31-debug: Init bundle root assets success..., progress: 0%
6-22-2026 00:47:31-debug: [Build Memory track]: Query asset bundle start:229.85MB, end 230.63MB, increase: 807.73KB
6-22-2026 00:47:31-debug: // ---- build task Query asset bundle ---- (9ms)
6-22-2026 00:47:31-log: run build task Query asset bundle success in 9 ms√, progress: 5%
6-22-2026 00:47:31-debug: Query asset bundle start, progress: 5%
6-22-2026 00:47:31-debug: // ---- build task Query asset bundle ----
6-22-2026 00:47:31-debug: // ---- build task Query asset bundle ---- (6ms)
6-22-2026 00:47:31-log: run build task Query asset bundle success in 6 ms√, progress: 10%
6-22-2026 00:47:31-debug: [Build Memory track]: Query asset bundle start:230.67MB, end 230.83MB, increase: 158.80KB
6-22-2026 00:47:31-debug: Sort some build options to settings.json start, progress: 10%
6-22-2026 00:47:31-debug: // ---- build task Sort some build options to settings.json ----
6-22-2026 00:47:31-debug: // ---- build task Sort some build options to settings.json ---- (2ms)
6-22-2026 00:47:31-log: run build task Sort some build options to settings.json success in 2 ms√, progress: 12%
6-22-2026 00:47:31-debug: [Build Memory track]: Sort some build options to settings.json start:230.87MB, end 230.90MB, increase: 34.14KB
6-22-2026 00:47:31-debug: Fill script data to settings start, progress: 12%
6-22-2026 00:47:31-debug: // ---- build task Fill script data to settings ----
6-22-2026 00:47:31-debug: // ---- build task Fill script data to settings ---- (2ms)
6-22-2026 00:47:31-log: run build task Fill script data to settings success in 2 ms√, progress: 13%
6-22-2026 00:47:31-debug: [Build Memory track]: Fill script data to settings start:230.94MB, end 230.98MB, increase: 33.55KB
6-22-2026 00:47:31-debug: Sort some build options to settings.json start, progress: 13%
6-22-2026 00:47:31-debug: // ---- build task Sort some build options to settings.json ----
6-22-2026 00:47:31-debug: // ---- build task Sort some build options to settings.json ---- (8ms)
6-22-2026 00:47:31-log: run build task Sort some build options to settings.json success in 8 ms√, progress: 15%
6-22-2026 00:47:31-debug: [Build Memory track]: Sort some build options to settings.json start:231.02MB, end 231.17MB, increase: 151.54KB
