6-22-2026 00:00:38-log: Cannot access game frame or container.
6-22-2026 00:00:39-debug: asset-db:require-engine-code (810ms)
6-22-2026 00:00:39-log: meshopt wasm decoder initialized
6-22-2026 00:00:39-log: [bullet]:bullet wasm lib loaded.
6-22-2026 00:00:39-log: [box2d]:box2d wasm lib loaded.
6-22-2026 00:00:39-log: Cocos Creator v3.8.8
6-22-2026 00:00:39-log: Using legacy pipeline
6-22-2026 00:00:39-debug: [Assets Memory track]: asset-db:worker-init: initEngine start:28.04MB, end 79.20MB, increase: 51.16MB
6-22-2026 00:00:39-log: Forward render pipeline initialized.
6-22-2026 00:00:41-debug: [Assets Memory track]: asset-db:worker-init: initPlugin start:79.26MB, end 275.64MB, increase: 196.38MB
6-22-2026 00:00:41-debug: run package(wechatgame) handler(enable) success!
6-22-2026 00:00:41-debug: run package(wechatgame) handler(enable) start
6-22-2026 00:00:41-debug: run package(wechatprogram) handler(enable) start
6-22-2026 00:00:41-debug: run package(wechatprogram) handler(enable) success!
6-22-2026 00:00:41-debug: run package(windows) handler(enable) success!
6-22-2026 00:00:41-debug: run package(xiaomi-quick-game) handler(enable) start
6-22-2026 00:00:41-debug: run package(xiaomi-quick-game) handler(enable) success!
6-22-2026 00:00:41-debug: run package(windows) handler(enable) start
6-22-2026 00:00:41-debug: run package(cocos-service) handler(enable) start
6-22-2026 00:00:41-debug: run package(cocos-service) handler(enable) success!
6-22-2026 00:00:41-debug: run package(im-plugin) handler(enable) success!
6-22-2026 00:00:41-debug: run package(placeholder) handler(enable) start
6-22-2026 00:00:41-debug: run package(placeholder) handler(enable) success!
6-22-2026 00:00:41-debug: run package(im-plugin) handler(enable) start
6-22-2026 00:00:41-debug: asset-db:worker-init: initPlugin (2008ms)
6-22-2026 00:00:41-debug: [Assets Memory track]: asset-db:worker-init start:28.03MB, end 273.00MB, increase: 244.97MB
6-22-2026 00:00:41-debug: Run asset db hook programming:beforePreStart success!
6-22-2026 00:00:41-debug: Run asset db hook engine-extends:beforePreStart success!
6-22-2026 00:00:41-debug: Run asset db hook programming:beforePreStart ...
6-22-2026 00:00:41-debug: Run asset db hook engine-extends:beforePreStart ...
6-22-2026 00:00:41-debug: asset-db:worker-init (3018ms)
6-22-2026 00:00:41-debug: asset-db-hook-programming-beforePreStart (88ms)
6-22-2026 00:00:41-debug: asset-db-hook-engine-extends-beforePreStart (88ms)
6-22-2026 00:00:41-debug: Preimport db internal success
6-22-2026 00:00:41-debug: Preimport db assets success
6-22-2026 00:00:41-debug: Run asset db hook programming:afterPreStart ...
6-22-2026 00:00:41-debug: starting packer-driver...
6-22-2026 00:00:45-debug: initialize scripting environment...
6-22-2026 00:00:45-debug: [[Executor]] prepare before lock
6-22-2026 00:00:45-debug: Set detail map pack:///resolution-detail-map.json: {}
6-22-2026 00:00:45-debug: [[Executor]] prepare after unlock
6-22-2026 00:00:45-debug: Run asset db hook programming:afterPreStart success!
6-22-2026 00:00:45-debug: [Assets Memory track]: asset-db:worker-init: preStart start:273.02MB, end 278.59MB, increase: 5.57MB
6-22-2026 00:00:45-debug: Run asset db hook engine-extends:afterPreStart success!
6-22-2026 00:00:45-debug: Run asset db hook engine-extends:afterPreStart ...
6-22-2026 00:00:45-debug: Start up the 'internal' database...
6-22-2026 00:00:46-debug: asset-db-hook-programming-afterPreStart (4673ms)
6-22-2026 00:00:46-debug: asset-db-hook-engine-extends-afterPreStart (394ms)
6-22-2026 00:00:46-debug: asset-db:worker-effect-data-processing (393ms)
6-22-2026 00:00:46-debug: Run asset db hook engine-extends:afterStartDB ...
6-22-2026 00:00:46-debug: recompile effect.bin success
6-22-2026 00:00:46-debug: Run asset db hook engine-extends:afterStartDB success!
6-22-2026 00:00:46-debug: Start up the 'assets' database...
6-22-2026 00:00:46-debug: asset-db:worker-effect-data-processing (320ms)
6-22-2026 00:00:46-debug: asset-db-hook-engine-extends-afterStartDB (321ms)
6-22-2026 00:00:46-debug: Run asset db hook engine-extends:afterStartDB ...
6-22-2026 00:00:46-debug: recompile effect.bin success
6-22-2026 00:00:46-debug: Run asset db hook engine-extends:afterStartDB success!
6-22-2026 00:00:46-debug: lazy register asset handler *
6-22-2026 00:00:46-debug: lazy register asset handler text
6-22-2026 00:00:46-debug: lazy register asset handler directory
6-22-2026 00:00:46-debug: lazy register asset handler dragonbones
6-22-2026 00:00:46-debug: lazy register asset handler dragonbones-atlas
6-22-2026 00:00:46-debug: lazy register asset handler spine-data
6-22-2026 00:00:46-debug: lazy register asset handler terrain
6-22-2026 00:00:46-debug: lazy register asset handler javascript
6-22-2026 00:00:46-debug: lazy register asset handler json
6-22-2026 00:00:46-debug: lazy register asset handler scene
6-22-2026 00:00:46-debug: lazy register asset handler typescript
6-22-2026 00:00:46-debug: lazy register asset handler sprite-frame
6-22-2026 00:00:46-debug: lazy register asset handler tiled-map
6-22-2026 00:00:46-debug: lazy register asset handler buffer
6-22-2026 00:00:46-debug: lazy register asset handler image
6-22-2026 00:00:46-debug: lazy register asset handler prefab
6-22-2026 00:00:46-debug: lazy register asset handler sign-image
6-22-2026 00:00:46-debug: lazy register asset handler alpha-image
6-22-2026 00:00:46-debug: lazy register asset handler texture-cube
6-22-2026 00:00:46-debug: lazy register asset handler erp-texture-cube
6-22-2026 00:00:46-debug: lazy register asset handler texture-cube-face
6-22-2026 00:00:46-debug: lazy register asset handler render-texture
6-22-2026 00:00:46-debug: lazy register asset handler texture
6-22-2026 00:00:46-debug: lazy register asset handler rt-sprite-frame
6-22-2026 00:00:46-debug: lazy register asset handler gltf
6-22-2026 00:00:46-debug: lazy register asset handler gltf-mesh
6-22-2026 00:00:46-debug: lazy register asset handler gltf-animation
6-22-2026 00:00:46-debug: lazy register asset handler gltf-material
6-22-2026 00:00:46-debug: lazy register asset handler gltf-embeded-image
6-22-2026 00:00:46-debug: lazy register asset handler fbx
6-22-2026 00:00:46-debug: lazy register asset handler gltf-skeleton
6-22-2026 00:00:46-debug: lazy register asset handler physics-material
6-22-2026 00:00:46-debug: lazy register asset handler material
6-22-2026 00:00:46-debug: lazy register asset handler gltf-scene
6-22-2026 00:00:46-debug: lazy register asset handler audio-clip
6-22-2026 00:00:46-debug: lazy register asset handler effect-header
6-22-2026 00:00:46-debug: lazy register asset handler animation-graph
6-22-2026 00:00:46-debug: lazy register asset handler animation-clip
6-22-2026 00:00:46-debug: lazy register asset handler animation-graph-variant
6-22-2026 00:00:46-debug: lazy register asset handler animation-mask
6-22-2026 00:00:46-debug: lazy register asset handler bitmap-font
6-22-2026 00:00:46-debug: lazy register asset handler particle
6-22-2026 00:00:46-debug: lazy register asset handler ttf-font
6-22-2026 00:00:46-debug: lazy register asset handler sprite-atlas
6-22-2026 00:00:46-debug: lazy register asset handler auto-atlas
6-22-2026 00:00:46-debug: lazy register asset handler label-atlas
6-22-2026 00:00:46-debug: lazy register asset handler effect
6-22-2026 00:00:46-debug: lazy register asset handler render-stage
6-22-2026 00:00:46-debug: lazy register asset handler render-pipeline
6-22-2026 00:00:46-debug: lazy register asset handler instantiation-material
6-22-2026 00:00:46-debug: lazy register asset handler render-flow
6-22-2026 00:00:46-debug: lazy register asset handler instantiation-mesh
6-22-2026 00:00:46-debug: lazy register asset handler instantiation-animation
6-22-2026 00:00:46-debug: lazy register asset handler instantiation-skeleton
6-22-2026 00:00:46-debug: lazy register asset handler video-clip
6-22-2026 00:00:46-debug: asset-db-hook-engine-extends-afterStartDB (326ms)
6-22-2026 00:00:46-debug: asset-db:worker-effect-data-processing (325ms)
6-22-2026 00:00:46-debug: asset-db:ready (11077ms)
6-22-2026 00:00:46-debug: asset-db:start-database (5555ms)
6-22-2026 00:00:46-debug: init worker message success
6-22-2026 00:00:46-debug: programming:execute-script (10ms)
6-22-2026 00:00:47-debug: [Build Memory track]: builder:worker-init start:222.38MB, end 230.26MB, increase: 7.88MB
6-22-2026 00:00:47-debug: builder:worker-init (353ms)
6-22-2026 00:02:10-debug: Start record console... {file(F:\Github\BattleGame\temp\builder\log\web-mobile5-14-2026 23-41.log)}
6-22-2026 00:02:10-debug: =================================== build Task (web-mobile) Start ================================
6-22-2026 00:02:10-debug: Start build task, options:{"name":"BattleGame","server":"","engineModulesConfigKey":"defaultConfig","platform":"web-mobile","buildPath":"project://build","debug":false,"buildMode":"normal","mangleProperties":false,"md5Cache":false,"skipCompressTexture":false,"sourceMaps":false,"overwriteProjectSettings":{"includeModules":{"gfx-webgl2":"on","physics":"inherit-project-setting","physics-2d":"inherit-project-setting"},"macroConfig":{"cleanupImageCache":"inherit-project-setting"}},"nativeCodeBundleMode":"both","polyfills":{"asyncFunctions":true},"experimentalEraseModules":false,"startSceneAssetBundle":false,"bundleConfigs":[],"inlineEnum":true,"useBuiltinServer":false,"md5CacheOptions":{"excludes":[],"includes":[],"replaceOnly":[],"handleTemplateMd5Link":true},"mainBundleIsRemote":false,"mainBundleCompressionType":"merge_dep","useSplashScreen":true,"bundleCommonChunk":false,"packAutoAtlas":true,"startScene":"1effe86e-a401-4769-9dbc-62218c68834d","outputName":"web-mobile","taskName":"web-mobile","scenes":[{"url":"db://assets/Test.scene","uuid":"1effe86e-a401-4769-9dbc-62218c68834d"}],"wasmCompressionMode":false,"binGroupConfig":{"threshold":16,"enable":false},"packages":{"adsense-h5g-plugin":{"enableAdsense":false,"enableTestAd":false,"__version__":"1.0.1","AFPHostPropertyCode":"ca-host-pub-5396158963872751","AFPHostDomain":"douyougame.com","otherAFPHostPropertyCode":"","otherAFPDomain":""},"web-mobile":{"useWebGPU":false,"orientation":"portrait","embedWebDebugger":false,"__version__":"1.0.1"},"cocos-service":{"configID":"b9c7b2","services":[]}},"__version__":"1.3.9","logDest":"project://temp/builder/log/web-mobile5-14-2026 23-41.log"}
6-22-2026 00:02:10-debug: Build with Cocos Creator 3.8.8
6-22-2026 00:02:10-debug: cocos-service:(onBeforeBuild) start..., progress: 0%
6-22-2026 00:02:10-debug: // ---- build task cocos-service：onBeforeBuild ----
6-22-2026 00:02:10-debug: // ---- build task cocos-service：onBeforeBuild ---- (212ms)
6-22-2026 00:02:10-debug: scene:(onBeforeBuild) start..., progress: 2%
6-22-2026 00:02:10-debug: cocos-service:(onBeforeBuild) in 212 ms ✓, progress: 2%
6-22-2026 00:02:10-debug: // ---- build task scene：onBeforeBuild ----
6-22-2026 00:02:10-debug: // ---- build task scene：onBeforeBuild ---- (63ms)
6-22-2026 00:02:10-debug: scene:(onBeforeBuild) in 63 ms ✓, progress: 4%
6-22-2026 00:02:10-log: Asset DB is paused with build!
6-22-2026 00:02:10-debug: Start lock asset db..., progress: 4%
6-22-2026 00:02:10-debug: Query all assets info in project
6-22-2026 00:02:10-debug: web-mobile:(onAfterInit) start..., progress: 4%
6-22-2026 00:02:10-debug: init custom config: keepNodeUuid: false, useCache: true
6-22-2026 00:02:10-debug: // ---- build task web-mobile：onAfterInit ----
6-22-2026 00:02:10-debug: // ---- build task web-mobile：onAfterInit ---- (8ms)
6-22-2026 00:02:10-debug: web-mobile:(onAfterInit) in 8 ms ✓, progress: 5%
6-22-2026 00:02:10-debug: // ---- build task cocos-service：onAfterInit ----
6-22-2026 00:02:10-debug: cocos-service:(onAfterInit) start..., progress: 5%
6-22-2026 00:02:10-debug: // ---- build task cocos-service：onAfterInit ---- (136ms)
6-22-2026 00:02:10-debug: cocos-service:(onAfterInit) in 136 ms ✓, progress: 7%
6-22-2026 00:02:10-debug: adsense-h5g-plugin:(onBeforeBundleInit) start..., progress: 7%
6-22-2026 00:02:10-debug: adsense-h5g-plugin:(onBeforeBundleInit) start..., progress: 0%
6-22-2026 00:02:10-debug: // ---- build task adsense-h5g-plugin：onBeforeBundleInit ----
6-22-2026 00:02:10-debug: Skip compress image, progress: 0%
6-22-2026 00:02:10-debug: [adsense-h5g-plugin] remove script success
6-22-2026 00:02:10-debug: // ---- build task adsense-h5g-plugin：onBeforeBundleInit ---- (47ms)
6-22-2026 00:02:10-debug: adsense-h5g-plugin:(onBeforeBundleInit) in 47 ms ✓, progress: 7%
6-22-2026 00:02:10-debug: adsense-h5g-plugin:(onBeforeBundleInit) in 47 ms ✓, progress: 7%
6-22-2026 00:02:10-debug: Init all bundles start..., progress: 7%
6-22-2026 00:02:10-debug: Init all bundles start..., progress: 7%
6-22-2026 00:02:10-debug: web-mobile:(onAfterBundleInit) start..., progress: 7%
6-22-2026 00:02:10-debug: Num of bundles: 2..., progress: 7%
6-22-2026 00:02:10-debug: web-mobile:(onAfterBundleInit) start..., progress: 7%
6-22-2026 00:02:10-debug: // ---- build task web-mobile：onAfterBundleInit ----
6-22-2026 00:02:10-debug: Num of bundles: 2..., progress: 7%
6-22-2026 00:02:10-debug: // ---- build task web-mobile：onAfterBundleInit ---- (43ms)
6-22-2026 00:02:10-debug: web-mobile:(onAfterBundleInit) in 43 ms ✓, progress: 7%
6-22-2026 00:02:10-debug: web-mobile:(onAfterBundleInit) in 43 ms ✓, progress: 13%
6-22-2026 00:02:10-debug: // ---- build task Query asset bundle ----
6-22-2026 00:02:10-debug: Query asset bundle start, progress: 7%
6-22-2026 00:02:10-debug: Init bundle root assets start..., progress: 7%
6-22-2026 00:02:10-debug: Init bundle root assets start..., progress: 13%
6-22-2026 00:02:11-debug: Query preload assets/scripts from cc.config.json: 60f7195c-ec2a-45eb-ba94-8955f60e81d0,1c02ae6f-4492-4915-b8f8-7492a3b1e4cd,810e96e4-e456-4468-9b59-f4e8f39732c0,efe8e2a3-eace-427b-b4f1-cb8a937ec77d,e9aa9a3e-5b2b-4ac7-a2c7-073de2b2b24f,8bbdbcdd-5cd4-4100-b6d5-b7c9625b6107,50f4348b-c883-4e2f-8f11-ce233b859fa1,fda095cb-831d-4601-ad94-846013963de8,f92806d7-1768-443f-afe8-12bcde84d0f0,dd3a144d-ab7f-41f0-82b8-2e43a090d496,f0416e68-0200-4b77-a926-4f9d16e494da,511d2633-09a7-4bdd-ac42-f778032124b3,5d45aa00-e064-4938-b314-4265f0c2258c,9361fd90-ba52-4f84-aa93-6e878fd576ca,970b0598-bcb0-4714-91fb-2e81440dccd8,bcd64cc6-2dd9-43f6-abbe-66318d332032,d930590d-bb92-4cc8-8bd1-23cd027f9edf,a3cd009f-0ab0-420d-9278-b9fdab939bbc,6a2d0734-bd9e-4ddf-946e-caa52498cb75,d9937e59-61fe-4ec6-92ab-7ac5a19c89b0,d1346436-ac96-4271-b863-1f4fdead95b0,971bdb23-3ff6-43eb-b422-1c30165a3663,17debcc3-0a6b-4b8a-b00b-dc58b885581e,711ebe11-f673-4cd9-9a83-63c60ba54c5b,c0143906-9aed-447e-9436-2ae8512d1b6e,14da1725-c4c2-42b4-ab08-ee0aeb6898b3,081cab31-dccd-428e-8652-f2404cc81c47,78e0584a-4343-4727-8f37-e14e65c2a2db,871c3b6c-7379-419d-bda3-794b239ab90d,ff9b0199-ce04-4cfe-86cc-6c719f08d6e4,de1c2107-70c8-4021-8459-6399f24d01c6,cbf30902-517f-40dc-af90-a550bac27cf1,5c601d96-e4c7-4698-991b-7ee674b11079
6-22-2026 00:02:11-debug:   Number of all scenes: 2
6-22-2026 00:02:11-debug:   Number of other assets: 409
6-22-2026 00:02:11-debug: Init bundle root assets success..., progress: 7%
6-22-2026 00:02:11-debug: reload all scripts.
6-22-2026 00:02:11-debug:   Number of all scripts: 31
6-22-2026 00:02:11-debug: Init bundle root assets success..., progress: 13%
6-22-2026 00:02:11-log: creating executor ...
6-22-2026 00:02:11-debug: [[Executor]] reload before lock
6-22-2026 00:02:11-debug: Set detail map pack:///resolution-detail-map.json: {}
6-22-2026 00:02:11-debug: F:\Github\BattleGame\temp\programming\packer-driver\targets\editor\chunks\93\93ba276ea7b26ffcdc433fab14afc1ed6f05647b.js resolved to F:\Github\BattleGame\temp\programming\packer-driver\targets\editor\chunks\93\93ba276ea7b26ffcdc433fab14afc1ed6f05647b.js is not in module cache!
6-22-2026 00:02:11-debug: [[Executor]] Module "cce:/internal/x/cc-fu/gfx-webgl2" loaded.
6-22-2026 00:02:11-debug: [[Executor]] Module "cce:/internal/x/cc-fu/gfx-empty" loaded.
6-22-2026 00:02:11-debug: [[Executor]] Module "cce:/internal/x/cc-fu/gfx-webgpu" loaded.
6-22-2026 00:02:11-debug: [[Executor]] Module "cce:/internal/x/cc-fu/gfx-webgl" loaded.
6-22-2026 00:02:11-debug: [[Executor]] Module "cce:/internal/x/cc-fu/base" loaded.
6-22-2026 00:02:11-debug: [[Executor]] Module "cce:/internal/x/cc-fu/animation" loaded.
6-22-2026 00:02:11-debug: [[Executor]] Module "cce:/internal/x/cc-fu/skeletal-animation" loaded.
6-22-2026 00:02:11-debug: [[Executor]] Module "cce:/internal/x/cc-fu/sorting" loaded.
6-22-2026 00:02:11-debug: [[Executor]] Module "cce:/internal/x/cc-fu/3d" loaded.
6-22-2026 00:02:11-debug: [[Executor]] Module "cce:/internal/x/cc-fu/rich-text" loaded.
6-22-2026 00:02:11-debug: [[Executor]] Module "cce:/internal/x/cc-fu/graphics" loaded.
6-22-2026 00:02:11-debug: [[Executor]] Module "cce:/internal/x/cc-fu/mask" loaded.
6-22-2026 00:02:11-debug: [[Executor]] Module "cce:/internal/x/cc-fu/ui-skew" loaded.
6-22-2026 00:02:11-debug: [[Executor]] Module "cce:/internal/x/cc-fu/ui" loaded.
6-22-2026 00:02:11-debug: [[Executor]] Module "cce:/internal/x/cc-fu/affine-transform" loaded.
6-22-2026 00:02:11-debug: [[Executor]] Module "cce:/internal/x/cc-fu/2d" loaded.
6-22-2026 00:02:11-debug: [[Executor]] Module "cce:/internal/x/cc-fu/particle" loaded.
6-22-2026 00:02:11-debug: [[Executor]] Module "cce:/internal/x/cc-fu/physics-framework" loaded.
6-22-2026 00:02:11-debug: [[Executor]] Module "cce:/internal/x/cc-fu/sorting-2d" loaded.
6-22-2026 00:02:11-debug: [[Executor]] Module "cce:/internal/x/cc-fu/particle-2d" loaded.
6-22-2026 00:02:11-debug: [[Executor]] Module "cce:/internal/x/cc-fu/physics-physx" loaded.
6-22-2026 00:02:11-debug: [[Executor]] Module "cce:/internal/x/cc-fu/physics-builtin" loaded.
6-22-2026 00:02:11-debug: [[Executor]] Module "cce:/internal/x/cc-fu/physics-cannon" loaded.
6-22-2026 00:02:11-debug: [[Executor]] Module "cce:/internal/x/cc-fu/physics-2d-box2d-jsb" loaded.
6-22-2026 00:02:11-debug: [[Executor]] Module "cce:/internal/x/cc-fu/physics-2d-box2d" loaded.
6-22-2026 00:02:11-debug: [[Executor]] Module "cce:/internal/x/cc-fu/physics-2d-framework" loaded.
6-22-2026 00:02:11-debug: [[Executor]] Module "cce:/internal/x/cc-fu/physics-2d-box2d-wasm" loaded.
6-22-2026 00:02:11-debug: [[Executor]] Module "cce:/internal/x/cc-fu/physics-2d-builtin" loaded.
6-22-2026 00:02:11-debug: [[Executor]] Module "cce:/internal/x/cc-fu/primitive" loaded.
6-22-2026 00:02:11-debug: [[Executor]] Module "cce:/internal/x/cc-fu/profiler" loaded.
6-22-2026 00:02:11-debug: [[Executor]] Module "cce:/internal/x/cc-fu/physics-ammo" loaded.
6-22-2026 00:02:11-debug: [[Executor]] Module "cce:/internal/x/cc-fu/intersection-2d" loaded.
6-22-2026 00:02:11-debug: [[Executor]] Module "cce:/internal/x/cc-fu/audio" loaded.
6-22-2026 00:02:11-debug: [[Executor]] Module "cce:/internal/x/cc-fu/geometry-renderer" loaded.
6-22-2026 00:02:11-debug: [[Executor]] Module "cce:/internal/x/cc-fu/xr" loaded.
6-22-2026 00:02:11-debug: [[Executor]] Module "cce:/internal/x/cc-fu/video" loaded.
6-22-2026 00:02:11-debug: [[Executor]] Module "cce:/internal/x/cc-fu/webview" loaded.
6-22-2026 00:02:11-debug: [[Executor]] Module "cce:/internal/x/cc-fu/tween" loaded.
6-22-2026 00:02:11-debug: [[Executor]] Module "cce:/internal/x/cc-fu/vendor-google" loaded.
6-22-2026 00:02:11-debug: [[Executor]] Module "cce:/internal/x/cc-fu/terrain" loaded.
6-22-2026 00:02:11-debug: [[Executor]] Module "cce:/internal/x/cc-fu/tiled-map" loaded.
6-22-2026 00:02:11-debug: [[Executor]] Module "cce:/internal/x/cc-fu/dragon-bones" loaded.
6-22-2026 00:02:11-debug: [[Executor]] Module "cce:/internal/x/cc-fu/spine" loaded.
6-22-2026 00:02:11-debug: [[Executor]] Module "cce:/internal/x/cc-fu/light-probe" loaded.
6-22-2026 00:02:11-debug: [[Executor]] Module "cce:/internal/x/cc-fu/custom-pipeline" loaded.
6-22-2026 00:02:11-debug: [[Executor]] Module "cce:/internal/x/cc-fu/legacy-pipeline" loaded.
6-22-2026 00:02:11-debug: [[Executor]] Module "cce:/internal/x/cc-fu/gfx-webgl2" loaded.
6-22-2026 00:02:11-debug: [[Executor]] Module "cce:/internal/x/cc-fu/gfx-empty" loaded.
6-22-2026 00:02:11-debug: [[Executor]] Module "cce:/internal/x/cc-fu/custom-pipeline-post-process" loaded.
6-22-2026 00:02:11-debug: [[Executor]] Module "cce:/internal/x/cc-fu/gfx-webgpu" loaded.
6-22-2026 00:02:11-debug: [[Executor]] Module "cce:/internal/x/cc-fu/gfx-webgl" loaded.
6-22-2026 00:02:11-debug: [[Executor]] Module "cce:/internal/x/cc-fu/animation" loaded.
6-22-2026 00:02:11-debug: [[Executor]] Module "cce:/internal/x/cc-fu/3d" loaded.
6-22-2026 00:02:11-debug: [[Executor]] Module "cce:/internal/x/cc-fu/skeletal-animation" loaded.
6-22-2026 00:02:11-debug: [[Executor]] Module "cce:/internal/x/cc-fu/base" loaded.
6-22-2026 00:02:11-debug: [[Executor]] Module "cce:/internal/x/cc-fu/2d" loaded.
6-22-2026 00:02:11-debug: [[Executor]] Module "cce:/internal/x/cc-fu/sorting" loaded.
6-22-2026 00:02:11-debug: [[Executor]] Module "cce:/internal/x/cc-fu/graphics" loaded.
6-22-2026 00:02:11-debug: [[Executor]] Module "cce:/internal/x/cc-fu/rich-text" loaded.
6-22-2026 00:02:11-debug: [[Executor]] Module "cce:/internal/x/cc-fu/ui-skew" loaded.
6-22-2026 00:02:11-debug: [[Executor]] Module "cce:/internal/x/cc-fu/mask" loaded.
6-22-2026 00:02:11-debug: [[Executor]] Module "cce:/internal/x/cc-fu/affine-transform" loaded.
6-22-2026 00:02:11-debug: [[Executor]] Module "cce:/internal/x/cc-fu/ui" loaded.
6-22-2026 00:02:11-debug: [[Executor]] Module "cce:/internal/x/cc-fu/sorting-2d" loaded.
6-22-2026 00:02:11-debug: [[Executor]] Module "cce:/internal/x/cc-fu/physics-framework" loaded.
6-22-2026 00:02:11-debug: [[Executor]] Module "cce:/internal/x/cc-fu/particle-2d" loaded.
6-22-2026 00:02:11-debug: [[Executor]] Module "cce:/internal/x/cc-fu/physics-cannon" loaded.
6-22-2026 00:02:11-debug: [[Executor]] Module "cce:/internal/x/cc-fu/physics-ammo" loaded.
6-22-2026 00:02:11-debug: [[Executor]] Module "cce:/internal/x/cc-fu/physics-physx" loaded.
6-22-2026 00:02:11-debug: [[Executor]] Module "cce:/internal/x/cc-fu/physics-2d-framework" loaded.
6-22-2026 00:02:11-debug: [[Executor]] Module "cce:/internal/x/cc-fu/particle" loaded.
6-22-2026 00:02:11-debug: [[Executor]] Module "cce:/internal/x/cc-fu/physics-builtin" loaded.
6-22-2026 00:02:11-debug: [[Executor]] Module "cce:/internal/x/cc-fu/physics-2d-box2d" loaded.
6-22-2026 00:02:11-debug: [[Executor]] Module "cce:/internal/x/cc-fu/physics-2d-box2d-wasm" loaded.
6-22-2026 00:02:11-debug: [[Executor]] Module "cce:/internal/x/cc-fu/primitive" loaded.
6-22-2026 00:02:11-debug: [[Executor]] Module "cce:/internal/x/cc-fu/intersection-2d" loaded.
6-22-2026 00:02:11-debug: [[Executor]] Module "cce:/internal/x/cc-fu/physics-2d-builtin" loaded.
6-22-2026 00:02:11-debug: [[Executor]] Module "cce:/internal/x/cc-fu/profiler" loaded.
6-22-2026 00:02:11-debug: [[Executor]] Module "cce:/internal/x/cc-fu/geometry-renderer" loaded.
6-22-2026 00:02:11-debug: [[Executor]] Module "cce:/internal/x/cc-fu/xr" loaded.
6-22-2026 00:02:11-debug: [[Executor]] Module "cce:/internal/x/cc-fu/audio" loaded.
6-22-2026 00:02:11-debug: [[Executor]] Module "cce:/internal/x/cc-fu/light-probe" loaded.
6-22-2026 00:02:11-debug: [[Executor]] Module "cce:/internal/x/cc-fu/terrain" loaded.
6-22-2026 00:02:11-debug: [[Executor]] Module "cce:/internal/x/cc-fu/webview" loaded.
6-22-2026 00:02:11-debug: [[Executor]] Module "cce:/internal/x/cc-fu/tween" loaded.
6-22-2026 00:02:11-debug: [[Executor]] Module "cce:/internal/x/cc-fu/video" loaded.
6-22-2026 00:02:11-debug: [[Executor]] Module "cce:/internal/x/cc-fu/tiled-map" loaded.
6-22-2026 00:02:11-debug: [[Executor]] Module "cce:/internal/x/cc-fu/dragon-bones" loaded.
6-22-2026 00:02:11-debug: [[Executor]] Module "cce:/internal/x/cc-fu/custom-pipeline-post-process" loaded.
6-22-2026 00:02:11-debug: [[Executor]] Module "cce:/internal/x/cc-fu/custom-pipeline" loaded.
6-22-2026 00:02:11-debug: [[Executor]] Module "cce:/internal/x/cc-fu/spine" loaded.
6-22-2026 00:02:11-debug: [[Executor]] Module "cce:/internal/x/cc-fu/legacy-pipeline" loaded.
6-22-2026 00:02:11-debug: [[Executor]] Module "cce:/internal/x/cc-fu/physics-2d-box2d-jsb" loaded.
6-22-2026 00:02:11-debug: [[Executor]] Module "pack:///chunks/93/93ba276ea7b26ffcdc433fab14afc1ed6f05647b.js" loaded.
6-22-2026 00:02:11-debug: [[Executor]] Module "pack:///chunks/93/93ba276ea7b26ffcdc433fab14afc1ed6f05647b.js" loaded.
6-22-2026 00:02:11-debug: Invalidating 'pack:///chunks/93/93ba276ea7b26ffcdc433fab14afc1ed6f05647b.js'
6-22-2026 00:02:11-debug: [[Executor]] Module "cce:/internal/x/cc-fu/vendor-google" loaded.
6-22-2026 00:02:11-debug: F:\Github\BattleGame\temp\programming\packer-driver\targets\editor\chunks\6d\6d8fd2b0177941b032ddc0733af48a561fb60657.js resolved to F:\Github\BattleGame\temp\programming\packer-driver\targets\editor\chunks\6d\6d8fd2b0177941b032ddc0733af48a561fb60657.js is not in module cache!
6-22-2026 00:02:11-debug: [[Executor]] Module "pack:///chunks/6d/6d8fd2b0177941b032ddc0733af48a561fb60657.js" loaded.
6-22-2026 00:02:11-debug: F:\Github\BattleGame\temp\programming\packer-driver\targets\editor\chunks\50\50ec684ab28702df18cf262b25c26ec6d899c3a5.js resolved to F:\Github\BattleGame\temp\programming\packer-driver\targets\editor\chunks\50\50ec684ab28702df18cf262b25c26ec6d899c3a5.js is not in module cache!
6-22-2026 00:02:11-debug: F:\Github\BattleGame\temp\programming\packer-driver\targets\editor\chunks\6a\6a5019a719a9014c047e67aa1cf34453ab8392ce.js resolved to F:\Github\BattleGame\temp\programming\packer-driver\targets\editor\chunks\6a\6a5019a719a9014c047e67aa1cf34453ab8392ce.js is not in module cache!
6-22-2026 00:02:11-debug: F:\Github\BattleGame\temp\programming\packer-driver\targets\editor\chunks\e2\e2831fde95d58c09916d0f882742b7597544b8d1.js resolved to F:\Github\BattleGame\temp\programming\packer-driver\targets\editor\chunks\e2\e2831fde95d58c09916d0f882742b7597544b8d1.js is not in module cache!
6-22-2026 00:02:11-debug: F:\Github\BattleGame\temp\programming\packer-driver\targets\editor\chunks\b1\b18130d786bcadd1d0cb653401afdf2ede79b799.js resolved to F:\Github\BattleGame\temp\programming\packer-driver\targets\editor\chunks\b1\b18130d786bcadd1d0cb653401afdf2ede79b799.js is not in module cache!
6-22-2026 00:02:11-debug: F:\Github\BattleGame\temp\programming\packer-driver\targets\editor\chunks\fd\fd74c742a972dbbcd3691d204a338b19a4515b62.js resolved to F:\Github\BattleGame\temp\programming\packer-driver\targets\editor\chunks\fd\fd74c742a972dbbcd3691d204a338b19a4515b62.js is not in module cache!
6-22-2026 00:02:11-debug: F:\Github\BattleGame\temp\programming\packer-driver\targets\editor\chunks\7d\7dd5f1b51da4ae6cb44c6f9d41d8fc719b109223.js resolved to F:\Github\BattleGame\temp\programming\packer-driver\targets\editor\chunks\7d\7dd5f1b51da4ae6cb44c6f9d41d8fc719b109223.js is not in module cache!
6-22-2026 00:02:11-debug: [[Executor]] Module "pack:///chunks/7d/7dd5f1b51da4ae6cb44c6f9d41d8fc719b109223.js" loaded.
6-22-2026 00:02:11-debug: [[Executor]] Module "cce:/internal/x/engine-export-to-editor/cc/editor/populate-internal-constants" loaded.
6-22-2026 00:02:11-debug: [[Executor]] Module "pack:///chunks/6a/6a5019a719a9014c047e67aa1cf34453ab8392ce.js" loaded.
6-22-2026 00:02:11-debug: [[Executor]] Module "cce:/internal/x/engine-export-to-editor/cc/editor/populate-internal-constants" loaded.
6-22-2026 00:02:11-debug: [[Executor]] Module "pack:///chunks/fd/fd74c742a972dbbcd3691d204a338b19a4515b62.js" loaded.
6-22-2026 00:02:11-debug: [[Executor]] Register BuiltinPipelinePassBuilder
6-22-2026 00:02:11-debug: [[Executor]] Module "pack:///chunks/e2/e2831fde95d58c09916d0f882742b7597544b8d1.js" loaded.
6-22-2026 00:02:11-debug: [[Executor]] Register BuiltinPipelineSettings
6-22-2026 00:02:11-debug: [[Executor]] Module "pack:///chunks/b1/b18130d786bcadd1d0cb653401afdf2ede79b799.js" loaded.
6-22-2026 00:02:11-debug: [[Executor]] Module "pack:///chunks/50/50ec684ab28702df18cf262b25c26ec6d899c3a5.js" loaded.
6-22-2026 00:02:11-debug: [[Executor]] Register BuiltinDepthOfFieldPass
6-22-2026 00:02:11-debug: F:\Github\BattleGame\temp\programming\packer-driver\targets\editor\chunks\62\621a159ce4a7bac550092546e00c97e12458f12b.js resolved to F:\Github\BattleGame\temp\programming\packer-driver\targets\editor\chunks\62\621a159ce4a7bac550092546e00c97e12458f12b.js is not in module cache!
6-22-2026 00:02:11-debug: [[Executor]] Register DebugViewRuntimeControl
6-22-2026 00:02:11-debug: [[Executor]] Module "pack:///chunks/62/621a159ce4a7bac550092546e00c97e12458f12b.js" loaded.
6-22-2026 00:02:11-debug: F:\Github\BattleGame\temp\programming\packer-driver\targets\editor\chunks\22\222aa64d7ed99730041b42d660d662a94eee6def.js resolved to F:\Github\BattleGame\temp\programming\packer-driver\targets\editor\chunks\22\222aa64d7ed99730041b42d660d662a94eee6def.js is not in module cache!
6-22-2026 00:02:11-debug: F:\Github\BattleGame\temp\programming\packer-driver\targets\editor\chunks\6b\6b612d04c5e2ccba4f032c3b3ed6a334f5994492.js resolved to F:\Github\BattleGame\temp\programming\packer-driver\targets\editor\chunks\6b\6b612d04c5e2ccba4f032c3b3ed6a334f5994492.js is not in module cache!
6-22-2026 00:02:11-debug: F:\Github\BattleGame\temp\programming\packer-driver\targets\editor\chunks\bd\bda769810ec10d2c747f2bfffa2751ede3f47ff0.js resolved to F:\Github\BattleGame\temp\programming\packer-driver\targets\editor\chunks\bd\bda769810ec10d2c747f2bfffa2751ede3f47ff0.js is not in module cache!
6-22-2026 00:02:11-debug: F:\Github\BattleGame\temp\programming\packer-driver\targets\editor\chunks\2a\2a3d48594ca107bb253a09fa8016eb25bbe98eb1.js resolved to F:\Github\BattleGame\temp\programming\packer-driver\targets\editor\chunks\2a\2a3d48594ca107bb253a09fa8016eb25bbe98eb1.js is not in module cache!
6-22-2026 00:02:11-debug: F:\Github\BattleGame\temp\programming\packer-driver\targets\editor\chunks\3e\3ec83085277e955f3413521ae624675c55f0fa18.js resolved to F:\Github\BattleGame\temp\programming\packer-driver\targets\editor\chunks\3e\3ec83085277e955f3413521ae624675c55f0fa18.js is not in module cache!
6-22-2026 00:02:11-debug: F:\Github\BattleGame\temp\programming\packer-driver\targets\editor\chunks\47\47fece3c3a2eef1f51705b50fc8a8e774f72566d.js resolved to F:\Github\BattleGame\temp\programming\packer-driver\targets\editor\chunks\47\47fece3c3a2eef1f51705b50fc8a8e774f72566d.js is not in module cache!
6-22-2026 00:02:11-debug: F:\Github\BattleGame\temp\programming\packer-driver\targets\editor\chunks\b7\b79af6dd10def61c9eb6716f874dd89431146589.js resolved to F:\Github\BattleGame\temp\programming\packer-driver\targets\editor\chunks\b7\b79af6dd10def61c9eb6716f874dd89431146589.js is not in module cache!
6-22-2026 00:02:11-debug: F:\Github\BattleGame\temp\programming\packer-driver\targets\editor\chunks\02\020073325815bf62a7d2c8cabd7d00da9e06789a.js resolved to F:\Github\BattleGame\temp\programming\packer-driver\targets\editor\chunks\02\020073325815bf62a7d2c8cabd7d00da9e06789a.js is not in module cache!
6-22-2026 00:02:11-debug: F:\Github\BattleGame\temp\programming\packer-driver\targets\editor\chunks\c4\c497b5aa3844cd12d042d27de71abf95d62f9c88.js resolved to F:\Github\BattleGame\temp\programming\packer-driver\targets\editor\chunks\c4\c497b5aa3844cd12d042d27de71abf95d62f9c88.js is not in module cache!
6-22-2026 00:02:11-debug: F:\Github\BattleGame\temp\programming\packer-driver\targets\editor\chunks\90\90776ff9ba3e834872a61a5eee0b6bcc0c8f94b4.js resolved to F:\Github\BattleGame\temp\programming\packer-driver\targets\editor\chunks\90\90776ff9ba3e834872a61a5eee0b6bcc0c8f94b4.js is not in module cache!
6-22-2026 00:02:11-debug: F:\Github\BattleGame\temp\programming\packer-driver\targets\editor\chunks\e2\e21aeeb81eed07a28ae26841a08bfd8fc9a2101d.js resolved to F:\Github\BattleGame\temp\programming\packer-driver\targets\editor\chunks\e2\e21aeeb81eed07a28ae26841a08bfd8fc9a2101d.js is not in module cache!
6-22-2026 00:02:11-debug: F:\Github\BattleGame\temp\programming\packer-driver\targets\editor\chunks\18\188da626dc7963ce445b4ca496e30fc683d92647.js resolved to F:\Github\BattleGame\temp\programming\packer-driver\targets\editor\chunks\18\188da626dc7963ce445b4ca496e30fc683d92647.js is not in module cache!
6-22-2026 00:02:11-debug: F:\Github\BattleGame\temp\programming\packer-driver\targets\editor\chunks\f1\f125de1537ef45718f2b4b4bb212c745cfd32521.js resolved to F:\Github\BattleGame\temp\programming\packer-driver\targets\editor\chunks\f1\f125de1537ef45718f2b4b4bb212c745cfd32521.js is not in module cache!
6-22-2026 00:02:11-debug: F:\Github\BattleGame\temp\programming\packer-driver\targets\editor\chunks\cd\cdc1b0e51bb50218dcf36e3677682d9c7b3915dc.js resolved to F:\Github\BattleGame\temp\programming\packer-driver\targets\editor\chunks\cd\cdc1b0e51bb50218dcf36e3677682d9c7b3915dc.js is not in module cache!
6-22-2026 00:02:11-debug: F:\Github\BattleGame\temp\programming\packer-driver\targets\editor\chunks\ef\efa2828f6dcdc7bed90a7a551c2caaf782397b64.js resolved to F:\Github\BattleGame\temp\programming\packer-driver\targets\editor\chunks\ef\efa2828f6dcdc7bed90a7a551c2caaf782397b64.js is not in module cache!
6-22-2026 00:02:11-debug: F:\Github\BattleGame\temp\programming\packer-driver\targets\editor\chunks\33\33aae120a5c53c84492eff747b653a1cd746cc7d.js resolved to F:\Github\BattleGame\temp\programming\packer-driver\targets\editor\chunks\33\33aae120a5c53c84492eff747b653a1cd746cc7d.js is not in module cache!
6-22-2026 00:02:11-debug: [[Executor]] Module "pack:///chunks/33/33aae120a5c53c84492eff747b653a1cd746cc7d.js" loaded.
6-22-2026 00:02:11-debug: [[Executor]] Register UnitProps
6-22-2026 00:02:11-debug: [[Executor]] Register HealthBar3D
6-22-2026 00:02:11-debug: [[Executor]] Module "pack:///chunks/3e/3ec83085277e955f3413521ae624675c55f0fa18.js" loaded.
6-22-2026 00:02:11-debug: [[Executor]] Register Unit
6-22-2026 00:02:11-debug: [[Executor]] Module "pack:///chunks/bd/bda769810ec10d2c747f2bfffa2751ede3f47ff0.js" loaded.
6-22-2026 00:02:11-debug: [[Executor]] Module "pack:///chunks/b7/b79af6dd10def61c9eb6716f874dd89431146589.js" loaded.
6-22-2026 00:02:11-debug: [[Executor]] Module "pack:///chunks/c4/c497b5aa3844cd12d042d27de71abf95d62f9c88.js" loaded.
6-22-2026 00:02:11-debug: [[Executor]] Module "pack:///chunks/e2/e21aeeb81eed07a28ae26841a08bfd8fc9a2101d.js" loaded.
6-22-2026 00:02:11-debug: [[Executor]] Module "pack:///chunks/47/47fece3c3a2eef1f51705b50fc8a8e774f72566d.js" loaded.
6-22-2026 00:02:11-debug: [[Executor]] Module "pack:///chunks/02/020073325815bf62a7d2c8cabd7d00da9e06789a.js" loaded.
6-22-2026 00:02:11-debug: [[Executor]] Register ObstacleCircle
6-22-2026 00:02:11-debug: [[Executor]] Register ObstacleRect
6-22-2026 00:02:11-debug: [[Executor]] Register CounterSettings
6-22-2026 00:02:11-debug: [[Executor]] Module "pack:///chunks/6b/6b612d04c5e2ccba4f032c3b3ed6a334f5994492.js" loaded.
6-22-2026 00:02:11-debug: [[Executor]] Register CounterRule
6-22-2026 00:02:11-debug: [[Executor]] Register UnitBehavior
6-22-2026 00:02:11-debug: [[Executor]] Module "pack:///chunks/18/188da626dc7963ce445b4ca496e30fc683d92647.js" loaded.
6-22-2026 00:02:11-debug: [[Executor]] Module "pack:///chunks/cd/cdc1b0e51bb50218dcf36e3677682d9c7b3915dc.js" loaded.
6-22-2026 00:02:11-debug: [[Executor]] Register UnitSpawner
6-22-2026 00:02:11-debug: [[Executor]] Module "pack:///chunks/90/90776ff9ba3e834872a61a5eee0b6bcc0c8f94b4.js" loaded.
6-22-2026 00:02:11-debug: [[Executor]] Register UnitPrefabEntry
6-22-2026 00:02:11-debug: [[Executor]] Module "pack:///chunks/f1/f125de1537ef45718f2b4b4bb212c745cfd32521.js" loaded.
6-22-2026 00:02:11-debug: [[Executor]] Register BattleUnitDatabase
6-22-2026 00:02:11-debug: [[Executor]] Module "pack:///chunks/ef/efa2828f6dcdc7bed90a7a551c2caaf782397b64.js" loaded.
6-22-2026 00:02:11-debug: [[Executor]] Register HeroEntry
6-22-2026 00:02:11-debug: [[Executor]] Module "pack:///chunks/2a/2a3d48594ca107bb253a09fa8016eb25bbe98eb1.js" loaded.
6-22-2026 00:02:11-debug: [[Executor]] Register ArmyBrain
6-22-2026 00:02:11-debug: [[Executor]] Module "pack:///chunks/22/222aa64d7ed99730041b42d660d662a94eee6def.js" loaded.
6-22-2026 00:02:11-debug: [[Executor]] Register GameManager
6-22-2026 00:02:11-debug: F:\Github\BattleGame\temp\programming\packer-driver\targets\editor\chunks\bd\bda019c071f801e39f6cab35c8d64f05ba6d0ff3.js resolved to F:\Github\BattleGame\temp\programming\packer-driver\targets\editor\chunks\bd\bda019c071f801e39f6cab35c8d64f05ba6d0ff3.js is not in module cache!
6-22-2026 00:02:11-debug: F:\Github\BattleGame\temp\programming\packer-driver\targets\editor\chunks\a2\a2fb293535f8bf50eef14233c2a29df2273e17c1.js resolved to F:\Github\BattleGame\temp\programming\packer-driver\targets\editor\chunks\a2\a2fb293535f8bf50eef14233c2a29df2273e17c1.js is not in module cache!
6-22-2026 00:02:11-debug: F:\Github\BattleGame\temp\programming\packer-driver\targets\editor\chunks\29\2939eda2b77583051771b5bbf05b284581c34539.js resolved to F:\Github\BattleGame\temp\programming\packer-driver\targets\editor\chunks\29\2939eda2b77583051771b5bbf05b284581c34539.js is not in module cache!
6-22-2026 00:02:11-debug: [[Executor]] Module "pack:///chunks/a2/a2fb293535f8bf50eef14233c2a29df2273e17c1.js" loaded.
6-22-2026 00:02:11-debug: [[Executor]] Module "pack:///chunks/29/2939eda2b77583051771b5bbf05b284581c34539.js" loaded.
6-22-2026 00:02:11-debug: [[Executor]] Register TopDownCameraDrag
6-22-2026 00:02:11-debug: [[Executor]] Register BattleCinematicCameraController
6-22-2026 00:02:11-debug: [[Executor]] Module "pack:///chunks/bd/bda019c071f801e39f6cab35c8d64f05ba6d0ff3.js" loaded.
6-22-2026 00:02:11-debug: [[Executor]] Register CinematicOrbitRig
6-22-2026 00:02:11-debug: F:\Github\BattleGame\temp\programming\packer-driver\targets\editor\chunks\a9\a970b1e476dba541220960b8add6506bc8c577a1.js resolved to F:\Github\BattleGame\temp\programming\packer-driver\targets\editor\chunks\a9\a970b1e476dba541220960b8add6506bc8c577a1.js is not in module cache!
6-22-2026 00:02:11-debug: [[Executor]] Register BattleInformationIconItem
6-22-2026 00:02:11-debug: [[Executor]] Module "pack:///chunks/a9/a970b1e476dba541220960b8add6506bc8c577a1.js" loaded.
6-22-2026 00:02:11-debug: F:\Github\BattleGame\temp\programming\packer-driver\targets\editor\chunks\d2\d2da6150c21b0b99c973b2a8e6f3d102d3207169.js resolved to F:\Github\BattleGame\temp\programming\packer-driver\targets\editor\chunks\d2\d2da6150c21b0b99c973b2a8e6f3d102d3207169.js is not in module cache!
6-22-2026 00:02:11-debug: F:\Github\BattleGame\temp\programming\packer-driver\targets\editor\chunks\b6\b6812f685fac5fa0c8875e619d529c78b86ad0d4.js resolved to F:\Github\BattleGame\temp\programming\packer-driver\targets\editor\chunks\b6\b6812f685fac5fa0c8875e619d529c78b86ad0d4.js is not in module cache!
6-22-2026 00:02:11-debug: F:\Github\BattleGame\temp\programming\packer-driver\targets\editor\chunks\1c\1c66552dd300b0266b865e006a1764ad5320f986.js resolved to F:\Github\BattleGame\temp\programming\packer-driver\targets\editor\chunks\1c\1c66552dd300b0266b865e006a1764ad5320f986.js is not in module cache!
6-22-2026 00:02:11-debug: [[Executor]] Module "pack:///chunks/b6/b6812f685fac5fa0c8875e619d529c78b86ad0d4.js" loaded.
6-22-2026 00:02:11-debug: [[Executor]] Register DebugStats
6-22-2026 00:02:11-debug: [[Executor]] Module "pack:///chunks/d2/d2da6150c21b0b99c973b2a8e6f3d102d3207169.js" loaded.
6-22-2026 00:02:11-debug: [[Executor]] Module "pack:///chunks/1c/1c66552dd300b0266b865e006a1764ad5320f986.js" loaded.
6-22-2026 00:02:11-debug: F:\Github\BattleGame\temp\programming\packer-driver\targets\editor\chunks\a0\a0d063530de23ddade53e1a935bf64c81277c061.js resolved to F:\Github\BattleGame\temp\programming\packer-driver\targets\editor\chunks\a0\a0d063530de23ddade53e1a935bf64c81277c061.js is not in module cache!
6-22-2026 00:02:11-debug: [[Executor]] Module "pack:///chunks/a0/a0d063530de23ddade53e1a935bf64c81277c061.js" loaded.
6-22-2026 00:02:11-debug: F:\Github\BattleGame\temp\programming\packer-driver\targets\editor\chunks\37\374f192c4cd5a584bd16239f1b29d7df85b928e6.js resolved to F:\Github\BattleGame\temp\programming\packer-driver\targets\editor\chunks\37\374f192c4cd5a584bd16239f1b29d7df85b928e6.js is not in module cache!
6-22-2026 00:02:11-debug: [[Executor]] Register Obstacle
6-22-2026 00:02:11-debug: [[Executor]] Module "pack:///chunks/37/374f192c4cd5a584bd16239f1b29d7df85b928e6.js" loaded.
6-22-2026 00:02:11-debug: [[Executor]] Register RandomAnimOffset
6-22-2026 00:02:11-debug: F:\Github\BattleGame\temp\programming\packer-driver\targets\editor\chunks\1e\1e0c9c10ff19c1802c01c09d2357ef9f28a9ce91.js resolved to F:\Github\BattleGame\temp\programming\packer-driver\targets\editor\chunks\1e\1e0c9c10ff19c1802c01c09d2357ef9f28a9ce91.js is not in module cache!
6-22-2026 00:02:11-debug: [[Executor]] Module "pack:///chunks/1e/1e0c9c10ff19c1802c01c09d2357ef9f28a9ce91.js" loaded.
6-22-2026 00:02:11-debug: [[Executor]] Register SpawnBackPressureGate
6-22-2026 00:02:11-debug: F:\Github\BattleGame\temp\programming\packer-driver\targets\editor\chunks\9d\9da24d053bdd469075f5d198806e802773c84da1.js resolved to F:\Github\BattleGame\temp\programming\packer-driver\targets\editor\chunks\9d\9da24d053bdd469075f5d198806e802773c84da1.js is not in module cache!
6-22-2026 00:02:11-debug: [[Executor]] Module "pack:///chunks/9d/9da24d053bdd469075f5d198806e802773c84da1.js" loaded.
6-22-2026 00:02:11-debug: [[Executor]] Register MiniMapUnitIconInfo
6-22-2026 00:02:11-debug: F:\Github\BattleGame\temp\programming\packer-driver\targets\editor\chunks\ce\ce85f72a100c6a8e39935bb038e3a3493b4e1116.js resolved to F:\Github\BattleGame\temp\programming\packer-driver\targets\editor\chunks\ce\ce85f72a100c6a8e39935bb038e3a3493b4e1116.js is not in module cache!
6-22-2026 00:02:11-debug: [[Executor]] Module "pack:///chunks/6d/6d8fd2b0177941b032ddc0733af48a561fb60657.js" loaded.
6-22-2026 00:02:11-debug: [[Executor]] Module "pack:///chunks/ce/ce85f72a100c6a8e39935bb038e3a3493b4e1116.js" loaded.
6-22-2026 00:02:11-debug: [[Executor]] Register TrueMiniMapPanel
6-22-2026 00:02:11-debug: [[Executor]] after unlock
6-22-2026 00:02:11-debug: Incremental keys: regeneratorRuntime,b2jsb
6-22-2026 00:02:11-debug: Init bundle share assets start..., progress: 7%
6-22-2026 00:02:11-debug: Init bundle share assets start..., progress: 13%
6-22-2026 00:02:11-debug: Init bundle share assets success..., progress: 7%
6-22-2026 00:02:11-debug: Init bundle share assets success..., progress: 13%
6-22-2026 00:02:11-debug: compress format (webp) will be overwritten by custom compress a5jtFjn4lN6L4UalyaUqcd(WebP)
6-22-2026 00:02:11-debug: handle json group in bundle internal success
6-22-2026 00:02:11-debug: handle json group in bundle internal
6-22-2026 00:02:11-debug: init image compress task 0 in bundle internal
6-22-2026 00:02:11-debug: compress format (webp) will be overwritten by custom compress a5jtFjn4lN6L4UalyaUqcd(WebP)
6-22-2026 00:02:11-debug: handle json group in bundle main success
6-22-2026 00:02:11-debug: init image compress task 11 in bundle main
6-22-2026 00:02:11-debug: handle json group in bundle main
6-22-2026 00:02:11-debug: // ---- build task Query asset bundle ---- (283ms)
6-22-2026 00:02:11-log: run build task Query asset bundle success in 283 ms√, progress: 12%
6-22-2026 00:02:11-debug: [Build Memory track]: Query asset bundle start:221.60MB, end 225.87MB, increase: 4.27MB
6-22-2026 00:02:11-debug: // ---- build task Query asset bundle ----
6-22-2026 00:02:11-debug: Query asset bundle start, progress: 12%
6-22-2026 00:02:11-debug: // ---- build task Query asset bundle ---- (25ms)
6-22-2026 00:02:11-debug: [Build Memory track]: Query asset bundle start:225.90MB, end 226.06MB, increase: 159.93KB
6-22-2026 00:02:11-debug: Build script start, progress: 17%
6-22-2026 00:02:11-log: run build task Query asset bundle success in 25 ms√, progress: 17%
6-22-2026 00:02:11-debug: // ---- build task Build script ----
6-22-2026 00:02:11-log: [buildPolyfillsCommand]enter sub process 24732, 9229, see: chrome://inspect/#devices
6-22-2026 00:02:15-debug: execute-script-end with buildPolyfillsCommand 3916ms
6-22-2026 00:02:15-debug: Generate systemJs..., progress: 17%
6-22-2026 00:02:17-debug: execute-script-end with buildSystemJsCommand 2669ms
6-22-2026 00:02:17-debug: Build project script start..., progress: 17%
6-22-2026 00:02:17-debug: Build project script start..., progress: 13%
6-22-2026 00:02:19-log: [buildScriptCommand]Create cjs interop url for 'file:///F:/Github/BattleGame/node_modules/stats.js/build/stats.min.js'
6-22-2026 00:02:20-warn: [buildScriptCommand][[Build.Script.Rollup]] Circular dependency: file:///F:/Github/BattleGame/assets/scripts/GameManager.ts -> file:///F:/Github/BattleGame/assets/scripts/Unit.ts -> file:///F:/Github/BattleGame/assets/scripts/GameManager.ts[warning][[Build.Script.Rollup]] Circular dependency: file:///F:/Github/BattleGame/assets/scripts/GameManager.ts -> file:///F:/Github/BattleGame/assets/scripts/UnitSpawner.ts -> file:///F:/Github/BattleGame/assets/scripts/UnitBehavior.ts -> file:///F:/Github/BattleGame/assets/scripts/GameManager.ts
6-22-2026 00:02:22-log: [buildScriptCommand]Number of non-entry chunks: 2
6-22-2026 00:02:22-debug: execute-script-end with buildScriptCommand 4650ms
6-22-2026 00:02:22-debug: Copy externalScripts success!
6-22-2026 00:02:22-debug: Build project script in (4690 ms) √, progress: 13%
6-22-2026 00:02:22-debug: Build project script in (4690 ms) √, progress: 17%
6-22-2026 00:02:22-debug: Build engine start..., progress: 17%
6-22-2026 00:02:22-debug: mangleProperties is enabled, found engine-mangle-config.json, use it
6-22-2026 00:02:22-debug: Error: Exit process with code:null, signal:SIGTERM in task build-script    at ChildProcess.<anonymous> (C:\ProgramData\cocos\editors\Creator\3.8.8\resources\app.asar\builtin\builder\dist\worker\worker-pools\sub-process-manager.ccc:1:2409)    at ChildProcess.emit (node:events:519:28)    at Process.ChildProcess._handle.onexit (node:internal/child_process:294:12)
6-22-2026 00:02:22-debug: Use cache engine: {link(C:\Users\tranl\AppData\Local\Temp\CocosCreator\3.8.8\builder\engine\4b8ee5d263d8bf0bbc7a1769ff1eb24a)}
6-22-2026 00:02:22-debug: Use cache, md5String: debug=false,sourceMaps=false,includeModules=["2d","3d","affine-transform","animation","audio","base","custom-pipeline","gfx-webgl","gfx-webgl2","graphics","light-probe","marionette","mask","occlusion-query","particle","particle-2d","primitive","procedural-animation","profiler","rich-text","skeletal-animation","tween","ui","websocket","custom-pipeline-builtin-scripts"],engineVersion="3.8.8",platformType="HTML5",split=false,nativeCodeBundleMode="both",targets=undefined,entry="C:\\ProgramData\\cocos\\editors\\Creator\\3.8.8\\resources\\resources\\3d\\engine",noDeprecatedFeatures=undefined,loose=true,assetURLFormat="runtime-resolved",flags={"DEBUG":false,"LOAD_BULLET_MANUALLY":false,"LOAD_SPINE_MANUALLY":false,"WEBGPU":false},preserveType=undefined,wasmCompressionMode=false,enableNamedRegisterForSystemJSModuleFormat=undefined,mangleProperties=false,inlineEnum=true,
6-22-2026 00:02:22-debug: Use cache, options: {  "entry": "C:\\ProgramData\\cocos\\editors\\Creator\\3.8.8\\resources\\resources\\3d\\engine",  "debug": false,  "mangleProperties": false,  "inlineEnum": true,  "sourceMaps": false,  "includeModules": [    "2d",    "3d",    "affine-transform",    "animation",    "audio",    "base",    "custom-pipeline",    "gfx-webgl",    "gfx-webgl2",    "graphics",    "light-probe",    "marionette",    "mask",    "occlusion-query",    "particle",    "particle-2d",    "primitive",    "procedural-animation",    "profiler",    "rich-text",    "skeletal-animation",    "tween",    "ui",    "websocket",    "custom-pipeline-builtin-scripts"  ],  "engineVersion": "3.8.8",  "md5Map": [],  "engineName": "cocos-js",  "output": "F:\\Github\\BattleGame\\build\\web-mobile\\cocos-js",  "platformType": "HTML5",  "useCache": true,  "nativeCodeBundleMode": "both",  "wasmCompressionMode": false,  "split": false,  "assetURLFormat": "runtime-resolved",  "flags": {    "DEBUG": false,    "LOAD_BULLET_MANUALLY": false,    "LOAD_SPINE_MANUALLY": false,    "WEBGPU": false  }}
6-22-2026 00:02:22-debug: Build engine in (190 ms) √, progress: 17%
6-22-2026 00:02:22-debug: Generate import-map..., progress: 17%
6-22-2026 00:02:22-debug: Copy plugin script ..., progress: 17%
6-22-2026 00:02:22-debug: // ---- build task Build script ---- (11534ms)
6-22-2026 00:02:22-log: run build task Build script success in 11 s√, progress: 22%
6-22-2026 00:02:22-debug: Build Assets start, progress: 22%
6-22-2026 00:02:22-debug: // ---- build task Build Assets ----
6-22-2026 00:02:22-debug: [Build Memory track]: Build script start:226.17MB, end 226.88MB, increase: 727.54KB
6-22-2026 00:02:22-debug: Build bundles..., progress: 22%
6-22-2026 00:02:22-debug: Pack Images start, progress: 22%
6-22-2026 00:02:22-debug: Number of pac assets: 2
6-22-2026 00:02:22-debug: Pack Images start, progress: 13%
6-22-2026 00:02:22-debug: Get Cache info of pac success {asset(d51bdb9f-5659-4396-986e-7e975ecf40a9)}
6-22-2026 00:02:22-debug: start sort bundle in pacd51bdb9f-5659-4396-986e-7e975ecf40a9
6-22-2026 00:02:22-debug: start collect depend assets in pacd51bdb9f-5659-4396-986e-7e975ecf40a9
6-22-2026 00:02:22-warn: The Image asset({asset(f8ea029f-b400-4410-89a7-57f8577e8acb)}) in the atlas has been directly used by other asset ({asset(1effe86e-a401-4769-9dbc-62218c68834d)}). The original asset and the new combined image asset will be generated at the same time. We recommended you to move the current image asset out of the folder of atlas.
6-22-2026 00:02:22-warn: The Image asset({asset(139f9f81-b709-415e-82f1-1f05e89438ce)}) in the atlas has been directly used by other asset ({asset(1effe86e-a401-4769-9dbc-62218c68834d)}). The original asset and the new combined image asset will be generated at the same time. We recommended you to move the current image asset out of the folder of atlas.
6-22-2026 00:02:22-warn: The Image asset({asset(23926ca3-e531-4d19-8249-ca0aa068dbc1)}) in the atlas has been directly used by other asset ({asset(1effe86e-a401-4769-9dbc-62218c68834d)}). The original asset and the new combined image asset will be generated at the same time. We recommended you to move the current image asset out of the folder of atlas.
6-22-2026 00:02:22-debug: Number of pack results: 1
6-22-2026 00:02:22-warn: The Image asset({asset(c513c3d6-bb46-4592-8efd-b8d73c099863)}) in the atlas has been directly used by other asset ({asset(1effe86e-a401-4769-9dbc-62218c68834d)}). The original asset and the new combined image asset will be generated at the same time. We recommended you to move the current image asset out of the folder of atlas.
6-22-2026 00:02:22-warn: The Image asset({asset(d07a4161-d5c6-4ff6-b539-0d0ccd38b9f5)}) in the atlas has been directly used by other asset ({asset(1effe86e-a401-4769-9dbc-62218c68834d)}). The original asset and the new combined image asset will be generated at the same time. We recommended you to move the current image asset out of the folder of atlas.
6-22-2026 00:02:22-warn: The Image asset({asset(f4904146-35a2-41bf-8f22-cd622c2f0852)}) in the atlas has been directly used by other asset ({asset(1effe86e-a401-4769-9dbc-62218c68834d)}). The original asset and the new combined image asset will be generated at the same time. We recommended you to move the current image asset out of the folder of atlas.
6-22-2026 00:02:22-warn: The Image asset({asset(b178349e-82da-4293-8dcd-3b05942bc79d)}) in the atlas has been directly used by other asset ({asset(1effe86e-a401-4769-9dbc-62218c68834d)}). The original asset and the new combined image asset will be generated at the same time. We recommended you to move the current image asset out of the folder of atlas.
6-22-2026 00:02:22-debug: end sort bundle in pacd51bdb9f-5659-4396-986e-7e975ecf40a9
6-22-2026 00:02:22-debug: builder:pack-auto-atlas-image (172ms)
6-22-2026 00:02:22-debug: Pack Images success, progress: 13%
6-22-2026 00:02:22-debug: Compress image start..., progress: 22%
6-22-2026 00:02:22-debug: Use cache compress image of {Asset(01e8d4f8-e754-4cd6-a096-8831a456fa02)} ({link(F:\Github\BattleGame\temp\builder\CompressTexture\01\01e8d4f8-e754-4cd6-a096-8831a456fa02.webp)})
6-22-2026 00:02:22-debug: Compress image start..., progress: 13%
6-22-2026 00:02:22-debug: Use cache compress image of {Asset(8e74e91d-600c-4477-82f9-11cff643e16a)} ({link(F:\Github\BattleGame\temp\builder\CompressTexture\8e\8e74e91d-600c-4477-82f9-11cff643e16a.webp)})
6-22-2026 00:02:22-debug: Pack Images success, progress: 22%
6-22-2026 00:02:22-debug: Use cache compress image of {Asset(f198fc0d-9e2c-40e3-9b56-bff96ed989f3)} ({link(F:\Github\BattleGame\temp\builder\CompressTexture\f1\f198fc0d-9e2c-40e3-9b56-bff96ed989f3.webp)})
6-22-2026 00:02:22-debug: Use cache compress image of {Asset(13afc5d2b)} ({link(F:\Github\BattleGame\temp\builder\CompressTexture\13\13afc5d2b.webp)})
6-22-2026 00:02:22-debug: Use cache compress image of {Asset(ee9b7a14-8fc0-446c-a8af-a1ab6c223a8b)} ({link(F:\Github\BattleGame\temp\builder\CompressTexture\ee\ee9b7a14-8fc0-446c-a8af-a1ab6c223a8b.webp)})
6-22-2026 00:02:22-debug: sort compress task {}
6-22-2026 00:02:22-debug: No image need to compress
6-22-2026 00:02:22-debug: Compress image success..., progress: 22%
6-22-2026 00:02:22-debug: Output asset in bundles start, progress: 22%
6-22-2026 00:02:22-debug: Compress image success..., progress: 13%
6-22-2026 00:02:22-debug: Output asset in bundles start, progress: 13%
6-22-2026 00:02:22-debug: Num of all image compress task 5, really: 0, configTasks: 0
6-22-2026 00:02:22-debug: Handle all json groups in bundle internal
6-22-2026 00:02:22-debug: handle json group
6-22-2026 00:02:22-debug: Handle all json groups in bundle main
6-22-2026 00:02:22-debug: handle json group
6-22-2026 00:02:23-debug: Json group(0ff828f49) compile success，json number: 6
6-22-2026 00:02:23-debug: handle single json
6-22-2026 00:02:23-debug: Json group(0142c623d) compile success，json number: 6
6-22-2026 00:02:23-debug: Json group(03afc5d2b) compile success，json number: 6
6-22-2026 00:02:23-debug: handle single json
6-22-2026 00:02:23-debug: Output asset in bundles success, progress: 13%
6-22-2026 00:02:23-debug: Output asset in bundles success, progress: 22%
6-22-2026 00:02:23-debug: Output asset in bundles start, progress: 22%
6-22-2026 00:02:23-debug: Output asset in bundles start, progress: 13%
6-22-2026 00:02:23-debug: compress config of bundle internal...
6-22-2026 00:02:23-debug: compress config of bundle main...
6-22-2026 00:02:23-debug: compress config of bundle main success
6-22-2026 00:02:23-debug: compress config of bundle internal success
6-22-2026 00:02:23-debug: output config of bundle internal success
6-22-2026 00:02:23-debug: output config of bundle main
6-22-2026 00:02:23-debug: output config of bundle main success
6-22-2026 00:02:23-debug: Output asset in bundles success, progress: 22%
6-22-2026 00:02:23-debug: Output asset in bundles success, progress: 13%
6-22-2026 00:02:23-debug: output config of bundle internal
6-22-2026 00:02:23-debug: // ---- build task Build Assets ---- (740ms)
6-22-2026 00:02:23-log: run build task Build Assets success in 740 ms√, progress: 27%
6-22-2026 00:02:23-debug: [Build Memory track]: Build Assets start:226.92MB, end 233.88MB, increase: 6.96MB
6-22-2026 00:02:23-debug: // ---- build task Sort some build options to settings.json ----
6-22-2026 00:02:23-debug: Sort some build options to settings.json start, progress: 27%
6-22-2026 00:02:23-debug: // ---- build task Sort some build options to settings.json ---- (41ms)
6-22-2026 00:02:23-log: run build task Sort some build options to settings.json success in 41 ms√, progress: 29%
6-22-2026 00:02:23-debug: [Build Memory track]: Sort some build options to settings.json start:233.97MB, end 234.04MB, increase: 70.47KB
6-22-2026 00:02:23-debug: Fill script data to settings start, progress: 29%
6-22-2026 00:02:23-debug: // ---- build task Fill script data to settings ----
6-22-2026 00:02:23-debug: // ---- build task Fill script data to settings ---- (25ms)
6-22-2026 00:02:23-log: run build task Fill script data to settings success in 25 ms√, progress: 31%
6-22-2026 00:02:23-debug: [Build Memory track]: Fill script data to settings start:234.08MB, end 234.15MB, increase: 67.02KB
6-22-2026 00:02:23-debug: Sort some build options to settings.json start, progress: 31%
6-22-2026 00:02:23-debug: // ---- build task Sort some build options to settings.json ----
6-22-2026 00:02:23-debug: // ---- build task Sort some build options to settings.json ---- (40ms)
6-22-2026 00:02:23-log: run build task Sort some build options to settings.json success in 40 ms√, progress: 32%
6-22-2026 00:02:23-debug: [Build Memory track]: Sort some build options to settings.json start:234.19MB, end 234.36MB, increase: 179.76KB
6-22-2026 00:02:23-debug: web-mobile:(onBeforeCompressSettings) start..., progress: 32%
6-22-2026 00:02:23-debug: // ---- build task web-mobile：onBeforeCompressSettings ----
6-22-2026 00:02:23-debug: // ---- build task web-mobile：onBeforeCompressSettings ---- (28ms)
6-22-2026 00:02:23-debug: web-mobile:(onBeforeCompressSettings) in 28 ms ✓, progress: 34%
6-22-2026 00:02:23-debug: cocos-service:(onBeforeCompressSettings) start..., progress: 34%
6-22-2026 00:02:23-debug: // ---- build task cocos-service：onBeforeCompressSettings ----
6-22-2026 00:02:24-debug: // ---- build task cocos-service：onBeforeCompressSettings ---- (1262ms)
6-22-2026 00:02:24-debug: Sort build template start, progress: 36%
6-22-2026 00:02:24-debug: cocos-service:(onBeforeCompressSettings) in 1262 ms ✓, progress: 36%
6-22-2026 00:02:24-debug: // ---- build task Sort build template ----
6-22-2026 00:02:25-debug: // ---- build task Sort build template ---- (150ms)
6-22-2026 00:02:25-log: run build task Sort build template success in 150 ms√, progress: 41%
6-22-2026 00:02:25-debug: [Build Memory track]: Sort build template start:234.67MB, end 234.91MB, increase: 252.92KB
6-22-2026 00:02:25-debug: cocos-service:(onAfterCompressSettings) start..., progress: 41%
6-22-2026 00:02:25-debug: // ---- build task cocos-service：onAfterCompressSettings ----
6-22-2026 00:02:25-debug: // ---- build task cocos-service：onAfterCompressSettings ---- (120ms)
6-22-2026 00:02:25-debug: cocos-service:(onAfterCompressSettings) in 120 ms ✓, progress: 43%
6-22-2026 00:02:25-debug: web-mobile:(onBeforeCopyBuildTemplate) start..., progress: 43%
6-22-2026 00:02:25-debug: // ---- build task web-mobile：onBeforeCopyBuildTemplate ----
6-22-2026 00:02:25-debug: web-mobile:(onBeforeCopyBuildTemplate) in 114 ms ✓, progress: 45%
6-22-2026 00:02:25-debug: // ---- build task Add md5 suffix to assets ----
6-22-2026 00:02:25-debug: Add md5 suffix to assets start, progress: 45%
6-22-2026 00:02:25-debug: // ---- build task web-mobile：onBeforeCopyBuildTemplate ---- (114ms)
6-22-2026 00:02:25-debug: // ---- build task Add md5 suffix to assets ---- (57ms)
6-22-2026 00:02:25-log: run build task Add md5 suffix to assets success in 57 ms√, progress: 55%
6-22-2026 00:02:25-debug: [Build Memory track]: Add md5 suffix to assets start:238.05MB, end 238.13MB, increase: 82.26KB
6-22-2026 00:02:25-debug: // ---- build task web-mobile：onAfterBuild ----
6-22-2026 00:02:25-debug: web-mobile:(onAfterBuild) start..., progress: 55%
6-22-2026 00:02:25-debug: // ---- build task web-mobile：onAfterBuild ---- (34ms)
6-22-2026 00:02:25-debug: web-mobile:(onAfterBuild) in 34 ms ✓, progress: 56%
6-22-2026 00:02:25-debug: cocos-service:(onAfterBuild) start..., progress: 56%
6-22-2026 00:02:25-debug: // ---- build task cocos-service：onAfterBuild ----
6-22-2026 00:02:25-debug: cocos-service:(onAfterBuild) in 134 ms ✓, progress: 58%
6-22-2026 00:02:25-debug: // ---- build task cocos-service：onAfterBuild ---- (134ms)
6-22-2026 00:02:25-debug: adsense-h5g-plugin:(onAfterBuild) start..., progress: 58%
6-22-2026 00:02:25-debug: // ---- build task adsense-h5g-plugin：onAfterBuild ----
6-22-2026 00:02:25-debug: // ---- build task adsense-h5g-plugin：onAfterBuild ---- (47ms)
6-22-2026 00:02:25-debug: adsense-h5g-plugin:(onAfterBuild) in 47 ms ✓, progress: 60%
6-22-2026 00:02:25-log: Asset DB is resume!
6-22-2026 00:02:25-debug: builder:build-project-total (15310ms)
6-22-2026 00:02:25-debug: build task(web-mobile) in 15310!
6-22-2026 00:02:25-debug: [Build Memory track]: builder:build-project-total start:221.84MB, end 235.59MB, increase: 13.75MB
6-22-2026 00:02:25-debug: ================================ build Task (web-mobile) Finished in (15 s)ms ================================
6-22-2026 00:02:25-debug: Stop record console. {file(F:\Github\BattleGame\temp\builder\log\web-mobile5-14-2026 23-41.log)}
6-22-2026 00:03:17-debug: %cImport%c: F:\Github\BattleGame\assets\Test.scenebackground: #aaff85; color: #000;color: #000;
6-22-2026 00:03:17-debug: asset-db:reimport-asset1effe86e-a401-4769-9dbc-62218c68834d (23ms)
