6-24-2026 18:24:18-log: Cannot access game frame or container.
6-24-2026 18:24:18-debug: asset-db:require-engine-code (434ms)
6-24-2026 18:24:19-log: meshopt wasm decoder initialized
6-24-2026 18:24:19-log: [box2d]:box2d wasm lib loaded.
6-24-2026 18:24:19-log: [bullet]:bullet wasm lib loaded.
6-24-2026 18:24:19-log: Cocos Creator v3.8.8
6-24-2026 18:24:19-log: Forward render pipeline initialized.
6-24-2026 18:24:19-debug: [Assets Memory track]: asset-db:worker-init: initEngine start:27.78MB, end 79.03MB, increase: 51.26MB
6-24-2026 18:24:19-log: Using legacy pipeline
6-24-2026 18:24:20-debug: [Assets Memory track]: asset-db:worker-init: initPlugin start:79.09MB, end 274.12MB, increase: 195.03MB
6-24-2026 18:24:20-debug: run package(fb-instant-games) handler(enable) start
6-24-2026 18:24:20-debug: run package(google-play) handler(enable) start
6-24-2026 18:24:20-debug: run package(google-play) handler(enable) success!
6-24-2026 18:24:20-debug: run package(fb-instant-games) handler(enable) success!
6-24-2026 18:24:20-debug: run package(harmonyos-next) handler(enable) success!
6-24-2026 18:24:20-debug: run package(honor-mini-game) handler(enable) success!
6-24-2026 18:24:20-debug: run package(honor-mini-game) handler(enable) start
6-24-2026 18:24:20-debug: run package(huawei-agc) handler(enable) start
6-24-2026 18:24:20-debug: run package(harmonyos-next) handler(enable) start
6-24-2026 18:24:20-debug: run package(huawei-quick-game) handler(enable) start
6-24-2026 18:24:20-debug: run package(huawei-quick-game) handler(enable) success!
6-24-2026 18:24:20-debug: run package(huawei-agc) handler(enable) success!
6-24-2026 18:24:20-debug: run package(ios) handler(enable) success!
6-24-2026 18:24:20-debug: run package(linux) handler(enable) start
6-24-2026 18:24:20-debug: run package(ios) handler(enable) start
6-24-2026 18:24:20-debug: run package(linux) handler(enable) success!
6-24-2026 18:24:20-debug: run package(mac) handler(enable) start
6-24-2026 18:24:20-debug: run package(mac) handler(enable) success!
6-24-2026 18:24:20-debug: run package(migu-mini-game) handler(enable) success!
6-24-2026 18:24:20-debug: run package(migu-mini-game) handler(enable) start
6-24-2026 18:24:20-debug: run package(native) handler(enable) success!
6-24-2026 18:24:20-debug: run package(native) handler(enable) start
6-24-2026 18:24:20-debug: run package(oppo-mini-game) handler(enable) start
6-24-2026 18:24:20-debug: run package(ohos) handler(enable) start
6-24-2026 18:24:20-debug: run package(ohos) handler(enable) success!
6-24-2026 18:24:20-debug: run package(runtime-dev-tools) handler(enable) start
6-24-2026 18:24:20-debug: run package(runtime-dev-tools) handler(enable) success!
6-24-2026 18:24:20-debug: run package(taobao-mini-game) handler(enable) success!
6-24-2026 18:24:20-debug: run package(oppo-mini-game) handler(enable) success!
6-24-2026 18:24:20-debug: run package(taobao-mini-game) handler(enable) start
6-24-2026 18:24:20-debug: run package(vivo-mini-game) handler(enable) success!
6-24-2026 18:24:20-debug: run package(vivo-mini-game) handler(enable) start
6-24-2026 18:24:20-debug: run package(web-desktop) handler(enable) start
6-24-2026 18:24:20-debug: run package(web-desktop) handler(enable) success!
6-24-2026 18:24:20-debug: run package(web-mobile) handler(enable) start
6-24-2026 18:24:20-debug: run package(web-mobile) handler(enable) success!
6-24-2026 18:24:20-debug: run package(wechatprogram) handler(enable) start
6-24-2026 18:24:20-debug: run package(wechatgame) handler(enable) start
6-24-2026 18:24:20-debug: run package(wechatgame) handler(enable) success!
6-24-2026 18:24:20-debug: run package(windows) handler(enable) start
6-24-2026 18:24:20-debug: run package(wechatprogram) handler(enable) success!
6-24-2026 18:24:20-debug: run package(windows) handler(enable) success!
6-24-2026 18:24:20-debug: run package(xiaomi-quick-game) handler(enable) success!
6-24-2026 18:24:20-debug: run package(xiaomi-quick-game) handler(enable) start
6-24-2026 18:24:20-debug: run package(cocos-service) handler(enable) success!
6-24-2026 18:24:20-debug: run package(cocos-service) handler(enable) start
6-24-2026 18:24:20-debug: run package(im-plugin) handler(enable) success!
6-24-2026 18:24:20-debug: run package(placeholder) handler(enable) success!
6-24-2026 18:24:20-debug: run package(im-plugin) handler(enable) start
6-24-2026 18:24:20-debug: run package(placeholder) handler(enable) start
6-24-2026 18:24:20-debug: asset-db:worker-init: initPlugin (1199ms)
6-24-2026 18:24:20-debug: [Assets Memory track]: asset-db:worker-init start:27.77MB, end 272.01MB, increase: 244.25MB
6-24-2026 18:24:20-debug: Run asset db hook engine-extends:beforePreStart ...
6-24-2026 18:24:20-debug: Run asset db hook programming:beforePreStart success!
6-24-2026 18:24:20-debug: Run asset db hook engine-extends:beforePreStart success!
6-24-2026 18:24:20-debug: Run asset db hook programming:beforePreStart ...
6-24-2026 18:24:20-debug: asset-db:worker-init (1756ms)
6-24-2026 18:24:20-debug: asset-db-hook-programming-beforePreStart (51ms)
6-24-2026 18:24:20-debug: asset-db-hook-engine-extends-beforePreStart (51ms)
6-24-2026 18:24:20-debug: Preimport db internal success
6-24-2026 18:24:20-debug: Preimport db assets success
6-24-2026 18:24:20-debug: Run asset db hook programming:afterPreStart ...
6-24-2026 18:24:20-debug: starting packer-driver...
6-24-2026 18:24:21-debug: initialize scripting environment...
6-24-2026 18:24:21-debug: [[Executor]] prepare before lock
6-24-2026 18:24:21-debug: Set detail map pack:///resolution-detail-map.json: {}
6-24-2026 18:24:21-debug: [[Executor]] prepare after unlock
6-24-2026 18:24:21-debug: Run asset db hook engine-extends:afterPreStart success!
6-24-2026 18:24:21-debug: [Assets Memory track]: asset-db:worker-init: preStart start:272.03MB, end 277.60MB, increase: 5.57MB
6-24-2026 18:24:21-debug: Start up the 'internal' database...
6-24-2026 18:24:21-debug: Run asset db hook engine-extends:afterPreStart ...
6-24-2026 18:24:21-debug: Run asset db hook programming:afterPreStart success!
6-24-2026 18:24:21-debug: asset-db-hook-programming-afterPreStart (1336ms)
6-24-2026 18:24:21-debug: asset-db:worker-effect-data-processing (200ms)
6-24-2026 18:24:21-debug: asset-db-hook-engine-extends-afterPreStart (202ms)
6-24-2026 18:24:21-debug: Run asset db hook engine-extends:afterStartDB ...
6-24-2026 18:24:21-debug: recompile effect.bin success
6-24-2026 18:24:21-debug: Run asset db hook engine-extends:afterStartDB success!
6-24-2026 18:24:21-debug: Start up the 'assets' database...
6-24-2026 18:24:21-debug: asset-db:worker-effect-data-processing (242ms)
6-24-2026 18:24:21-debug: asset-db-hook-engine-extends-afterStartDB (242ms)
6-24-2026 18:24:21-debug: %cImport%c: D:\Works\Github\BattleGame\assets\Test.scenebackground: #aaff85; color: #000;color: #000;
6-24-2026 18:24:21-debug: Run asset db hook engine-extends:afterStartDB ...
6-24-2026 18:24:22-debug: recompile effect.bin success
6-24-2026 18:24:22-debug: Run asset db hook engine-extends:afterStartDB success!
6-24-2026 18:24:22-debug: [Assets Memory track]: asset-db:worker-init: startup start:277.61MB, end 309.79MB, increase: 32.18MB
6-24-2026 18:24:22-debug: lazy register asset handler *
6-24-2026 18:24:22-debug: lazy register asset handler text
6-24-2026 18:24:22-debug: lazy register asset handler spine-data
6-24-2026 18:24:22-debug: lazy register asset handler dragonbones
6-24-2026 18:24:22-debug: lazy register asset handler json
6-24-2026 18:24:22-debug: lazy register asset handler directory
6-24-2026 18:24:22-debug: lazy register asset handler javascript
6-24-2026 18:24:22-debug: lazy register asset handler typescript
6-24-2026 18:24:22-debug: lazy register asset handler dragonbones-atlas
6-24-2026 18:24:22-debug: lazy register asset handler terrain
6-24-2026 18:24:22-debug: lazy register asset handler scene
6-24-2026 18:24:22-debug: lazy register asset handler prefab
6-24-2026 18:24:22-debug: lazy register asset handler buffer
6-24-2026 18:24:22-debug: lazy register asset handler sprite-frame
6-24-2026 18:24:22-debug: lazy register asset handler tiled-map
6-24-2026 18:24:22-debug: lazy register asset handler alpha-image
6-24-2026 18:24:22-debug: lazy register asset handler image
6-24-2026 18:24:22-debug: lazy register asset handler texture
6-24-2026 18:24:22-debug: lazy register asset handler erp-texture-cube
6-24-2026 18:24:22-debug: lazy register asset handler texture-cube
6-24-2026 18:24:22-debug: lazy register asset handler render-texture
6-24-2026 18:24:22-debug: lazy register asset handler rt-sprite-frame
6-24-2026 18:24:22-debug: lazy register asset handler texture-cube-face
6-24-2026 18:24:22-debug: lazy register asset handler gltf-mesh
6-24-2026 18:24:22-debug: lazy register asset handler sign-image
6-24-2026 18:24:22-debug: lazy register asset handler gltf-animation
6-24-2026 18:24:22-debug: lazy register asset handler gltf-material
6-24-2026 18:24:22-debug: lazy register asset handler gltf-skeleton
6-24-2026 18:24:22-debug: lazy register asset handler gltf
6-24-2026 18:24:22-debug: lazy register asset handler gltf-embeded-image
6-24-2026 18:24:22-debug: lazy register asset handler material
6-24-2026 18:24:22-debug: lazy register asset handler gltf-scene
6-24-2026 18:24:22-debug: lazy register asset handler physics-material
6-24-2026 18:24:22-debug: lazy register asset handler effect-header
6-24-2026 18:24:22-debug: lazy register asset handler audio-clip
6-24-2026 18:24:22-debug: lazy register asset handler effect
6-24-2026 18:24:22-debug: lazy register asset handler animation-clip
6-24-2026 18:24:22-debug: lazy register asset handler animation-graph
6-24-2026 18:24:22-debug: lazy register asset handler animation-graph-variant
6-24-2026 18:24:22-debug: lazy register asset handler ttf-font
6-24-2026 18:24:22-debug: lazy register asset handler animation-mask
6-24-2026 18:24:22-debug: lazy register asset handler fbx
6-24-2026 18:24:22-debug: lazy register asset handler bitmap-font
6-24-2026 18:24:22-debug: lazy register asset handler sprite-atlas
6-24-2026 18:24:22-debug: lazy register asset handler label-atlas
6-24-2026 18:24:22-debug: lazy register asset handler render-pipeline
6-24-2026 18:24:22-debug: lazy register asset handler render-stage
6-24-2026 18:24:22-debug: lazy register asset handler particle
6-24-2026 18:24:22-debug: lazy register asset handler auto-atlas
6-24-2026 18:24:22-debug: lazy register asset handler render-flow
6-24-2026 18:24:22-debug: lazy register asset handler instantiation-material
6-24-2026 18:24:22-debug: lazy register asset handler instantiation-mesh
6-24-2026 18:24:22-debug: lazy register asset handler instantiation-animation
6-24-2026 18:24:22-debug: lazy register asset handler video-clip
6-24-2026 18:24:22-debug: lazy register asset handler instantiation-skeleton
6-24-2026 18:24:22-debug: asset-db:worker-effect-data-processing (225ms)
6-24-2026 18:24:22-debug: asset-db-hook-engine-extends-afterStartDB (226ms)
6-24-2026 18:24:22-debug: asset-db:start-database (1958ms)
6-24-2026 18:24:22-debug: asset-db:ready (5234ms)
6-24-2026 18:24:22-debug: init worker message success
6-24-2026 18:24:22-debug: programming:execute-script (5ms)
6-24-2026 18:24:22-debug: [Build Memory track]: builder:worker-init start:308.46MB, end 318.57MB, increase: 10.10MB
6-24-2026 18:24:22-debug: builder:worker-init (223ms)
6-24-2026 18:24:26-debug: %cImport%c: D:\Works\Github\BattleGame\assets\Test.scenebackground: #aaff85; color: #000;color: #000;
6-24-2026 18:24:26-debug: asset-db:reimport-asset1effe86e-a401-4769-9dbc-62218c68834d (10ms)
6-24-2026 18:24:29-debug: Query all assets info in project
6-24-2026 18:24:29-debug: init custom config: keepNodeUuid: false, useCache: true
6-24-2026 18:24:29-debug: Skip compress image, progress: 0%
6-24-2026 18:24:29-debug: Init all bundles start..., progress: 0%
6-24-2026 18:24:29-debug: Num of bundles: 2..., progress: 0%
6-24-2026 18:24:29-debug: Query asset bundle start, progress: 0%
6-24-2026 18:24:29-debug: // ---- build task Query asset bundle ----
6-24-2026 18:24:29-debug: Init bundle root assets start..., progress: 0%
6-24-2026 18:24:29-debug: Query preload assets/scripts from cc.config.json: 60f7195c-ec2a-45eb-ba94-8955f60e81d0,1c02ae6f-4492-4915-b8f8-7492a3b1e4cd,810e96e4-e456-4468-9b59-f4e8f39732c0,efe8e2a3-eace-427b-b4f1-cb8a937ec77d,e9aa9a3e-5b2b-4ac7-a2c7-073de2b2b24f,8bbdbcdd-5cd4-4100-b6d5-b7c9625b6107,50f4348b-c883-4e2f-8f11-ce233b859fa1,fda095cb-831d-4601-ad94-846013963de8,f92806d7-1768-443f-afe8-12bcde84d0f0,dd3a144d-ab7f-41f0-82b8-2e43a090d496,f0416e68-0200-4b77-a926-4f9d16e494da,511d2633-09a7-4bdd-ac42-f778032124b3,5d45aa00-e064-4938-b314-4265f0c2258c,9361fd90-ba52-4f84-aa93-6e878fd576ca,970b0598-bcb0-4714-91fb-2e81440dccd8,bcd64cc6-2dd9-43f6-abbe-66318d332032,d930590d-bb92-4cc8-8bd1-23cd027f9edf,a3cd009f-0ab0-420d-9278-b9fdab939bbc,6a2d0734-bd9e-4ddf-946e-caa52498cb75,d9937e59-61fe-4ec6-92ab-7ac5a19c89b0,d1346436-ac96-4271-b863-1f4fdead95b0,971bdb23-3ff6-43eb-b422-1c30165a3663,17debcc3-0a6b-4b8a-b00b-dc58b885581e,711ebe11-f673-4cd9-9a83-63c60ba54c5b,c0143906-9aed-447e-9436-2ae8512d1b6e,14da1725-c4c2-42b4-ab08-ee0aeb6898b3,081cab31-dccd-428e-8652-f2404cc81c47,78e0584a-4343-4727-8f37-e14e65c2a2db,871c3b6c-7379-419d-bda3-794b239ab90d,ff9b0199-ce04-4cfe-86cc-6c719f08d6e4,de1c2107-70c8-4021-8459-6399f24d01c6,cbf30902-517f-40dc-af90-a550bac27cf1,5c601d96-e4c7-4698-991b-7ee674b11079
6-24-2026 18:24:29-debug:   Number of all scenes: 3
6-24-2026 18:24:29-debug:   Number of all scripts: 34
6-24-2026 18:24:29-debug: Init bundle root assets success..., progress: 0%
6-24-2026 18:24:29-debug:   Number of other assets: 438
6-24-2026 18:24:29-debug: // ---- build task Query asset bundle ---- (9ms)
6-24-2026 18:24:29-log: run build task Query asset bundle success in 9 ms√, progress: 5%
6-24-2026 18:24:29-debug: [Build Memory track]: Query asset bundle start:223.74MB, end 224.56MB, increase: 835.54KB
6-24-2026 18:24:29-debug: // ---- build task Query asset bundle ----
6-24-2026 18:24:29-debug: Query asset bundle start, progress: 5%
6-24-2026 18:24:29-debug: // ---- build task Query asset bundle ---- (2ms)
6-24-2026 18:24:29-log: run build task Query asset bundle success in 2 ms√, progress: 10%
6-24-2026 18:24:29-debug: [Build Memory track]: Query asset bundle start:224.60MB, end 224.77MB, increase: 168.93KB
6-24-2026 18:24:29-debug: // ---- build task Sort some build options to settings.json ----
6-24-2026 18:24:29-debug: Sort some build options to settings.json start, progress: 10%
6-24-2026 18:24:29-debug: // ---- build task Sort some build options to settings.json ---- (1ms)
6-24-2026 18:24:29-log: run build task Sort some build options to settings.json success in 1 ms√, progress: 12%
6-24-2026 18:24:29-debug: [Build Memory track]: Sort some build options to settings.json start:224.81MB, end 224.84MB, increase: 34.39KB
6-24-2026 18:24:29-debug: Fill script data to settings start, progress: 12%
6-24-2026 18:24:29-debug: // ---- build task Fill script data to settings ----
6-24-2026 18:24:29-debug: // ---- build task Fill script data to settings ---- (2ms)
6-24-2026 18:24:29-log: run build task Fill script data to settings success in 2 ms√, progress: 13%
6-24-2026 18:24:29-debug: [Build Memory track]: Fill script data to settings start:224.88MB, end 224.93MB, increase: 44.33KB
6-24-2026 18:24:29-debug: Sort some build options to settings.json start, progress: 13%
6-24-2026 18:24:29-debug: // ---- build task Sort some build options to settings.json ----
6-24-2026 18:24:29-debug: // ---- build task Sort some build options to settings.json ---- (5ms)
6-24-2026 18:24:29-log: run build task Sort some build options to settings.json success in 5 ms√, progress: 15%
6-24-2026 18:24:29-debug: [Build Memory track]: Sort some build options to settings.json start:224.97MB, end 225.11MB, increase: 151.92KB
6-24-2026 18:24:36-debug: Query all assets info in project
6-24-2026 18:24:36-debug: init custom config: keepNodeUuid: false, useCache: true
6-24-2026 18:24:36-debug: Skip compress image, progress: 0%
6-24-2026 18:24:36-debug: Init all bundles start..., progress: 0%
6-24-2026 18:24:36-debug: // ---- build task Query asset bundle ----
6-24-2026 18:24:36-debug: Init bundle root assets start..., progress: 0%
6-24-2026 18:24:36-debug: Num of bundles: 2..., progress: 0%
6-24-2026 18:24:36-debug: Query asset bundle start, progress: 0%
6-24-2026 18:24:36-debug: Query preload assets/scripts from cc.config.json: 60f7195c-ec2a-45eb-ba94-8955f60e81d0,1c02ae6f-4492-4915-b8f8-7492a3b1e4cd,810e96e4-e456-4468-9b59-f4e8f39732c0,efe8e2a3-eace-427b-b4f1-cb8a937ec77d,e9aa9a3e-5b2b-4ac7-a2c7-073de2b2b24f,8bbdbcdd-5cd4-4100-b6d5-b7c9625b6107,50f4348b-c883-4e2f-8f11-ce233b859fa1,fda095cb-831d-4601-ad94-846013963de8,f92806d7-1768-443f-afe8-12bcde84d0f0,dd3a144d-ab7f-41f0-82b8-2e43a090d496,f0416e68-0200-4b77-a926-4f9d16e494da,511d2633-09a7-4bdd-ac42-f778032124b3,5d45aa00-e064-4938-b314-4265f0c2258c,9361fd90-ba52-4f84-aa93-6e878fd576ca,970b0598-bcb0-4714-91fb-2e81440dccd8,bcd64cc6-2dd9-43f6-abbe-66318d332032,d930590d-bb92-4cc8-8bd1-23cd027f9edf,a3cd009f-0ab0-420d-9278-b9fdab939bbc,6a2d0734-bd9e-4ddf-946e-caa52498cb75,d9937e59-61fe-4ec6-92ab-7ac5a19c89b0,d1346436-ac96-4271-b863-1f4fdead95b0,971bdb23-3ff6-43eb-b422-1c30165a3663,17debcc3-0a6b-4b8a-b00b-dc58b885581e,711ebe11-f673-4cd9-9a83-63c60ba54c5b,c0143906-9aed-447e-9436-2ae8512d1b6e,14da1725-c4c2-42b4-ab08-ee0aeb6898b3,081cab31-dccd-428e-8652-f2404cc81c47,78e0584a-4343-4727-8f37-e14e65c2a2db,871c3b6c-7379-419d-bda3-794b239ab90d,ff9b0199-ce04-4cfe-86cc-6c719f08d6e4,de1c2107-70c8-4021-8459-6399f24d01c6,cbf30902-517f-40dc-af90-a550bac27cf1,5c601d96-e4c7-4698-991b-7ee674b11079
6-24-2026 18:24:36-debug:   Number of all scenes: 3
6-24-2026 18:24:36-debug:   Number of all scripts: 34
6-24-2026 18:24:36-debug: Init bundle root assets success..., progress: 0%
6-24-2026 18:24:36-debug:   Number of other assets: 438
6-24-2026 18:24:36-debug: // ---- build task Query asset bundle ---- (4ms)
6-24-2026 18:24:36-log: run build task Query asset bundle success in 4 ms√, progress: 5%
6-24-2026 18:24:36-debug: [Build Memory track]: Query asset bundle start:226.42MB, end 227.13MB, increase: 728.60KB
6-24-2026 18:24:36-debug: // ---- build task Query asset bundle ----
6-24-2026 18:24:36-debug: Query asset bundle start, progress: 5%
6-24-2026 18:24:36-debug: // ---- build task Query asset bundle ---- (6ms)
6-24-2026 18:24:36-log: run build task Query asset bundle success in 6 ms√, progress: 10%
6-24-2026 18:24:36-debug: [Build Memory track]: Query asset bundle start:227.17MB, end 227.33MB, increase: 158.44KB
6-24-2026 18:24:36-debug: // ---- build task Sort some build options to settings.json ----
6-24-2026 18:24:36-debug: Sort some build options to settings.json start, progress: 10%
6-24-2026 18:24:36-log: run build task Sort some build options to settings.json success in √, progress: 12%
6-24-2026 18:24:36-debug: Fill script data to settings start, progress: 12%
6-24-2026 18:24:36-debug: [Build Memory track]: Sort some build options to settings.json start:227.38MB, end 227.40MB, increase: 21.14KB
6-24-2026 18:24:36-debug: // ---- build task Fill script data to settings ----
6-24-2026 18:24:36-debug: // ---- build task Fill script data to settings ---- (1ms)
6-24-2026 18:24:36-debug: [Build Memory track]: Fill script data to settings start:227.44MB, end 227.47MB, increase: 37.68KB
6-24-2026 18:24:36-log: run build task Fill script data to settings success in 1 ms√, progress: 13%
6-24-2026 18:24:36-debug: // ---- build task Sort some build options to settings.json ----
6-24-2026 18:24:36-debug: Sort some build options to settings.json start, progress: 13%
6-24-2026 18:24:36-debug: // ---- build task Sort some build options to settings.json ---- (3ms)
6-24-2026 18:24:36-log: run build task Sort some build options to settings.json success in 3 ms√, progress: 15%
6-24-2026 18:24:36-debug: [Build Memory track]: Sort some build options to settings.json start:227.52MB, end 227.65MB, increase: 141.05KB
6-24-2026 18:24:55-debug: refresh db internal success
6-24-2026 18:24:55-debug: refresh db assets success
6-24-2026 18:24:55-debug: Run asset db hook engine-extends:afterRefresh ...
6-24-2026 18:24:55-debug: Run asset db hook engine-extends:afterRefresh success!
6-24-2026 18:24:55-debug: asset-db:refresh-all-database (62ms)
6-24-2026 18:24:55-debug: asset-db-hook-engine-extends-afterRefresh (1ms)
6-24-2026 18:26:50-debug: %cImport%c: D:\Works\Github\BattleGame\assets\Test.scenebackground: #aaff85; color: #000;color: #000;
6-24-2026 18:26:50-debug: asset-db:reimport-asset1effe86e-a401-4769-9dbc-62218c68834d (11ms)
6-24-2026 18:26:51-debug: Query all assets info in project
6-24-2026 18:26:51-debug: init custom config: keepNodeUuid: false, useCache: true
6-24-2026 18:26:51-debug: Skip compress image, progress: 0%
6-24-2026 18:26:51-debug: Init all bundles start..., progress: 0%
6-24-2026 18:26:51-debug: Query asset bundle start, progress: 0%
6-24-2026 18:26:51-debug: // ---- build task Query asset bundle ----
6-24-2026 18:26:51-debug: Init bundle root assets start..., progress: 0%
6-24-2026 18:26:51-debug: Num of bundles: 2..., progress: 0%
6-24-2026 18:26:51-debug:   Number of all scripts: 34
6-24-2026 18:26:51-debug: Query preload assets/scripts from cc.config.json: 60f7195c-ec2a-45eb-ba94-8955f60e81d0,1c02ae6f-4492-4915-b8f8-7492a3b1e4cd,810e96e4-e456-4468-9b59-f4e8f39732c0,efe8e2a3-eace-427b-b4f1-cb8a937ec77d,e9aa9a3e-5b2b-4ac7-a2c7-073de2b2b24f,8bbdbcdd-5cd4-4100-b6d5-b7c9625b6107,50f4348b-c883-4e2f-8f11-ce233b859fa1,fda095cb-831d-4601-ad94-846013963de8,f92806d7-1768-443f-afe8-12bcde84d0f0,dd3a144d-ab7f-41f0-82b8-2e43a090d496,f0416e68-0200-4b77-a926-4f9d16e494da,511d2633-09a7-4bdd-ac42-f778032124b3,5d45aa00-e064-4938-b314-4265f0c2258c,9361fd90-ba52-4f84-aa93-6e878fd576ca,970b0598-bcb0-4714-91fb-2e81440dccd8,bcd64cc6-2dd9-43f6-abbe-66318d332032,d930590d-bb92-4cc8-8bd1-23cd027f9edf,a3cd009f-0ab0-420d-9278-b9fdab939bbc,6a2d0734-bd9e-4ddf-946e-caa52498cb75,d9937e59-61fe-4ec6-92ab-7ac5a19c89b0,d1346436-ac96-4271-b863-1f4fdead95b0,971bdb23-3ff6-43eb-b422-1c30165a3663,17debcc3-0a6b-4b8a-b00b-dc58b885581e,711ebe11-f673-4cd9-9a83-63c60ba54c5b,c0143906-9aed-447e-9436-2ae8512d1b6e,14da1725-c4c2-42b4-ab08-ee0aeb6898b3,081cab31-dccd-428e-8652-f2404cc81c47,78e0584a-4343-4727-8f37-e14e65c2a2db,871c3b6c-7379-419d-bda3-794b239ab90d,ff9b0199-ce04-4cfe-86cc-6c719f08d6e4,de1c2107-70c8-4021-8459-6399f24d01c6,cbf30902-517f-40dc-af90-a550bac27cf1,5c601d96-e4c7-4698-991b-7ee674b11079
6-24-2026 18:26:51-debug:   Number of other assets: 438
6-24-2026 18:26:51-debug: Init bundle root assets success..., progress: 0%
6-24-2026 18:26:51-debug:   Number of all scenes: 3
6-24-2026 18:26:51-debug: // ---- build task Query asset bundle ---- (7ms)
6-24-2026 18:26:51-log: run build task Query asset bundle success in 7 ms√, progress: 5%
6-24-2026 18:26:51-debug: [Build Memory track]: Query asset bundle start:223.93MB, end 223.94MB, increase: 7.12KB
6-24-2026 18:26:51-debug: // ---- build task Query asset bundle ----
6-24-2026 18:26:51-debug: Query asset bundle start, progress: 5%
6-24-2026 18:26:51-debug: // ---- build task Query asset bundle ---- (2ms)
6-24-2026 18:26:51-log: run build task Query asset bundle success in 2 ms√, progress: 10%
6-24-2026 18:26:51-debug: [Build Memory track]: Query asset bundle start:223.98MB, end 223.39MB, increase: -603.27KB
6-24-2026 18:26:51-debug: // ---- build task Sort some build options to settings.json ----
6-24-2026 18:26:51-debug: Sort some build options to settings.json start, progress: 10%
6-24-2026 18:26:51-debug: // ---- build task Sort some build options to settings.json ---- (1ms)
6-24-2026 18:26:51-log: run build task Sort some build options to settings.json success in 1 ms√, progress: 12%
6-24-2026 18:26:51-debug: [Build Memory track]: Sort some build options to settings.json start:223.43MB, end 223.46MB, increase: 33.65KB
6-24-2026 18:26:51-debug: // ---- build task Fill script data to settings ----
6-24-2026 18:26:51-debug: Fill script data to settings start, progress: 12%
6-24-2026 18:26:51-debug: // ---- build task Fill script data to settings ---- (1ms)
6-24-2026 18:26:51-log: run build task Fill script data to settings success in 1 ms√, progress: 13%
6-24-2026 18:26:51-debug: [Build Memory track]: Fill script data to settings start:223.50MB, end 223.53MB, increase: 32.98KB
6-24-2026 18:26:51-debug: Sort some build options to settings.json start, progress: 13%
6-24-2026 18:26:51-debug: // ---- build task Sort some build options to settings.json ----
6-24-2026 18:26:51-debug: // ---- build task Sort some build options to settings.json ---- (6ms)
6-24-2026 18:26:51-log: run build task Sort some build options to settings.json success in 6 ms√, progress: 15%
6-24-2026 18:26:51-debug: [Build Memory track]: Sort some build options to settings.json start:223.57MB, end 223.71MB, increase: 142.52KB
6-24-2026 18:27:01-debug: refresh db internal success
6-24-2026 18:27:01-debug: refresh db assets success
6-24-2026 18:27:01-debug: Run asset db hook engine-extends:afterRefresh ...
6-24-2026 18:27:01-debug: Run asset db hook engine-extends:afterRefresh success!
6-24-2026 18:27:01-debug: asset-db:refresh-all-database (69ms)
6-24-2026 18:27:01-debug: asset-db:worker-effect-data-processing (1ms)
6-24-2026 18:27:01-debug: asset-db-hook-engine-extends-afterRefresh (1ms)
6-24-2026 18:29:54-debug: %cImport%c: D:\Works\Github\BattleGame\assets\Test.scenebackground: #aaff85; color: #000;color: #000;
6-24-2026 18:29:54-debug: asset-db:reimport-asset1effe86e-a401-4769-9dbc-62218c68834d (10ms)
6-24-2026 18:29:55-debug: Query all assets info in project
6-24-2026 18:29:55-debug: init custom config: keepNodeUuid: false, useCache: true
6-24-2026 18:29:55-debug: Skip compress image, progress: 0%
6-24-2026 18:29:55-debug: Init all bundles start..., progress: 0%
6-24-2026 18:29:55-debug: Num of bundles: 2..., progress: 0%
6-24-2026 18:29:55-debug: Query asset bundle start, progress: 0%
6-24-2026 18:29:55-debug: // ---- build task Query asset bundle ----
6-24-2026 18:29:55-debug: Init bundle root assets start..., progress: 0%
6-24-2026 18:29:55-debug: Query preload assets/scripts from cc.config.json: 60f7195c-ec2a-45eb-ba94-8955f60e81d0,1c02ae6f-4492-4915-b8f8-7492a3b1e4cd,810e96e4-e456-4468-9b59-f4e8f39732c0,efe8e2a3-eace-427b-b4f1-cb8a937ec77d,e9aa9a3e-5b2b-4ac7-a2c7-073de2b2b24f,8bbdbcdd-5cd4-4100-b6d5-b7c9625b6107,50f4348b-c883-4e2f-8f11-ce233b859fa1,fda095cb-831d-4601-ad94-846013963de8,f92806d7-1768-443f-afe8-12bcde84d0f0,dd3a144d-ab7f-41f0-82b8-2e43a090d496,f0416e68-0200-4b77-a926-4f9d16e494da,511d2633-09a7-4bdd-ac42-f778032124b3,5d45aa00-e064-4938-b314-4265f0c2258c,9361fd90-ba52-4f84-aa93-6e878fd576ca,970b0598-bcb0-4714-91fb-2e81440dccd8,bcd64cc6-2dd9-43f6-abbe-66318d332032,d930590d-bb92-4cc8-8bd1-23cd027f9edf,a3cd009f-0ab0-420d-9278-b9fdab939bbc,6a2d0734-bd9e-4ddf-946e-caa52498cb75,d9937e59-61fe-4ec6-92ab-7ac5a19c89b0,d1346436-ac96-4271-b863-1f4fdead95b0,971bdb23-3ff6-43eb-b422-1c30165a3663,17debcc3-0a6b-4b8a-b00b-dc58b885581e,711ebe11-f673-4cd9-9a83-63c60ba54c5b,c0143906-9aed-447e-9436-2ae8512d1b6e,14da1725-c4c2-42b4-ab08-ee0aeb6898b3,081cab31-dccd-428e-8652-f2404cc81c47,78e0584a-4343-4727-8f37-e14e65c2a2db,871c3b6c-7379-419d-bda3-794b239ab90d,ff9b0199-ce04-4cfe-86cc-6c719f08d6e4,de1c2107-70c8-4021-8459-6399f24d01c6,cbf30902-517f-40dc-af90-a550bac27cf1,5c601d96-e4c7-4698-991b-7ee674b11079
6-24-2026 18:29:55-debug:   Number of other assets: 438
6-24-2026 18:29:55-debug:   Number of all scripts: 34
6-24-2026 18:29:55-debug: Init bundle root assets success..., progress: 0%
6-24-2026 18:29:55-debug:   Number of all scenes: 3
6-24-2026 18:29:55-debug: // ---- build task Query asset bundle ---- (5ms)
6-24-2026 18:29:55-log: run build task Query asset bundle success in 5 ms√, progress: 5%
6-24-2026 18:29:55-debug: [Build Memory track]: Query asset bundle start:225.81MB, end 225.94MB, increase: 130.79KB
6-24-2026 18:29:55-debug: Query asset bundle start, progress: 5%
6-24-2026 18:29:55-debug: // ---- build task Query asset bundle ----
6-24-2026 18:29:55-debug: // ---- build task Query asset bundle ---- (3ms)
6-24-2026 18:29:55-log: run build task Query asset bundle success in 3 ms√, progress: 10%
6-24-2026 18:29:55-debug: [Build Memory track]: Query asset bundle start:225.98MB, end 225.29MB, increase: -703.57KB
6-24-2026 18:29:55-debug: Sort some build options to settings.json start, progress: 10%
6-24-2026 18:29:55-debug: // ---- build task Sort some build options to settings.json ----
6-24-2026 18:29:55-debug: // ---- build task Sort some build options to settings.json ---- (1ms)
6-24-2026 18:29:55-log: run build task Sort some build options to settings.json success in 1 ms√, progress: 12%
6-24-2026 18:29:55-debug: [Build Memory track]: Sort some build options to settings.json start:225.33MB, end 225.37MB, increase: 35.77KB
6-24-2026 18:29:55-debug: // ---- build task Fill script data to settings ----
6-24-2026 18:29:55-debug: Fill script data to settings start, progress: 12%
6-24-2026 18:29:55-debug: // ---- build task Fill script data to settings ---- (2ms)
6-24-2026 18:29:55-debug: Sort some build options to settings.json start, progress: 13%
6-24-2026 18:29:55-log: run build task Fill script data to settings success in 2 ms√, progress: 13%
6-24-2026 18:29:55-debug: [Build Memory track]: Fill script data to settings start:225.40MB, end 225.44MB, increase: 32.90KB
6-24-2026 18:29:55-debug: // ---- build task Sort some build options to settings.json ----
6-24-2026 18:29:55-debug: // ---- build task Sort some build options to settings.json ---- (8ms)
6-24-2026 18:29:55-log: run build task Sort some build options to settings.json success in 8 ms√, progress: 15%
6-24-2026 18:29:55-debug: [Build Memory track]: Sort some build options to settings.json start:225.48MB, end 225.61MB, increase: 141.88KB
6-24-2026 18:30:15-debug: refresh db internal success
6-24-2026 18:30:15-debug: refresh db assets success
6-24-2026 18:30:15-debug: Run asset db hook engine-extends:afterRefresh success!
6-24-2026 18:30:15-debug: Run asset db hook engine-extends:afterRefresh ...
6-24-2026 18:30:15-debug: asset-db:refresh-all-database (51ms)
6-24-2026 18:31:57-debug: %cImport%c: D:\Works\Github\BattleGame\assets\Test.scenebackground: #aaff85; color: #000;color: #000;
6-24-2026 18:31:57-debug: asset-db:reimport-asset1effe86e-a401-4769-9dbc-62218c68834d (11ms)
6-24-2026 18:31:58-debug: Query all assets info in project
6-24-2026 18:31:58-debug: init custom config: keepNodeUuid: false, useCache: true
6-24-2026 18:31:58-debug: Skip compress image, progress: 0%
6-24-2026 18:31:58-debug: Init all bundles start..., progress: 0%
6-24-2026 18:31:58-debug: Query asset bundle start, progress: 0%
6-24-2026 18:31:58-debug: // ---- build task Query asset bundle ----
6-24-2026 18:31:58-debug: Init bundle root assets start..., progress: 0%
6-24-2026 18:31:58-debug: Num of bundles: 2..., progress: 0%
6-24-2026 18:31:58-debug: Query preload assets/scripts from cc.config.json: 60f7195c-ec2a-45eb-ba94-8955f60e81d0,1c02ae6f-4492-4915-b8f8-7492a3b1e4cd,810e96e4-e456-4468-9b59-f4e8f39732c0,efe8e2a3-eace-427b-b4f1-cb8a937ec77d,e9aa9a3e-5b2b-4ac7-a2c7-073de2b2b24f,8bbdbcdd-5cd4-4100-b6d5-b7c9625b6107,50f4348b-c883-4e2f-8f11-ce233b859fa1,fda095cb-831d-4601-ad94-846013963de8,f92806d7-1768-443f-afe8-12bcde84d0f0,dd3a144d-ab7f-41f0-82b8-2e43a090d496,f0416e68-0200-4b77-a926-4f9d16e494da,511d2633-09a7-4bdd-ac42-f778032124b3,5d45aa00-e064-4938-b314-4265f0c2258c,9361fd90-ba52-4f84-aa93-6e878fd576ca,970b0598-bcb0-4714-91fb-2e81440dccd8,bcd64cc6-2dd9-43f6-abbe-66318d332032,d930590d-bb92-4cc8-8bd1-23cd027f9edf,a3cd009f-0ab0-420d-9278-b9fdab939bbc,6a2d0734-bd9e-4ddf-946e-caa52498cb75,d9937e59-61fe-4ec6-92ab-7ac5a19c89b0,d1346436-ac96-4271-b863-1f4fdead95b0,971bdb23-3ff6-43eb-b422-1c30165a3663,17debcc3-0a6b-4b8a-b00b-dc58b885581e,711ebe11-f673-4cd9-9a83-63c60ba54c5b,c0143906-9aed-447e-9436-2ae8512d1b6e,14da1725-c4c2-42b4-ab08-ee0aeb6898b3,081cab31-dccd-428e-8652-f2404cc81c47,78e0584a-4343-4727-8f37-e14e65c2a2db,871c3b6c-7379-419d-bda3-794b239ab90d,ff9b0199-ce04-4cfe-86cc-6c719f08d6e4,de1c2107-70c8-4021-8459-6399f24d01c6,cbf30902-517f-40dc-af90-a550bac27cf1,5c601d96-e4c7-4698-991b-7ee674b11079
6-24-2026 18:31:58-debug:   Number of all scenes: 3
6-24-2026 18:31:58-debug:   Number of all scripts: 34
6-24-2026 18:31:58-debug: Init bundle root assets success..., progress: 0%
6-24-2026 18:31:58-debug:   Number of other assets: 438
6-24-2026 18:31:58-debug: // ---- build task Query asset bundle ---- (5ms)
6-24-2026 18:31:58-log: run build task Query asset bundle success in 5 ms√, progress: 5%
6-24-2026 18:31:58-debug: [Build Memory track]: Query asset bundle start:227.58MB, end 227.40MB, increase: -186.91KB
6-24-2026 18:31:58-debug: // ---- build task Query asset bundle ----
6-24-2026 18:31:58-debug: Query asset bundle start, progress: 5%
6-24-2026 18:31:58-debug: // ---- build task Query asset bundle ---- (3ms)
6-24-2026 18:31:58-debug: [Build Memory track]: Query asset bundle start:227.44MB, end 227.57MB, increase: 138.62KB
6-24-2026 18:31:58-log: run build task Query asset bundle success in 3 ms√, progress: 10%
6-24-2026 18:31:58-debug: Sort some build options to settings.json start, progress: 10%
6-24-2026 18:31:58-debug: // ---- build task Sort some build options to settings.json ----
6-24-2026 18:31:58-debug: [Build Memory track]: Sort some build options to settings.json start:227.61MB, end 227.64MB, increase: 28.83KB
6-24-2026 18:31:58-log: run build task Sort some build options to settings.json success in √, progress: 12%
6-24-2026 18:31:58-debug: Fill script data to settings start, progress: 12%
6-24-2026 18:31:58-debug: // ---- build task Fill script data to settings ----
6-24-2026 18:31:58-log: run build task Fill script data to settings success in √, progress: 13%
6-24-2026 18:31:58-debug: [Build Memory track]: Fill script data to settings start:227.68MB, end 227.70MB, increase: 20.39KB
6-24-2026 18:31:58-debug: Sort some build options to settings.json start, progress: 13%
6-24-2026 18:31:58-debug: // ---- build task Sort some build options to settings.json ----
6-24-2026 18:31:58-debug: // ---- build task Sort some build options to settings.json ---- (3ms)
6-24-2026 18:31:58-log: run build task Sort some build options to settings.json success in 3 ms√, progress: 15%
6-24-2026 18:31:58-debug: [Build Memory track]: Sort some build options to settings.json start:227.74MB, end 227.87MB, increase: 134.55KB
6-24-2026 18:33:30-debug: refresh db internal success
6-24-2026 18:33:30-debug: refresh db assets success
6-24-2026 18:33:30-debug: Run asset db hook engine-extends:afterRefresh ...
6-24-2026 18:33:30-debug: Run asset db hook engine-extends:afterRefresh success!
6-24-2026 18:33:30-debug: asset-db:refresh-all-database (47ms)
6-24-2026 18:33:30-debug: asset-db-hook-engine-extends-afterRefresh (1ms)
6-24-2026 18:33:49-debug: %cImport%c: D:\Works\Github\BattleGame\assets\Test.scenebackground: #aaff85; color: #000;color: #000;
6-24-2026 18:33:49-debug: asset-db:reimport-asset1effe86e-a401-4769-9dbc-62218c68834d (20ms)
6-24-2026 18:33:49-debug: Query all assets info in project
6-24-2026 18:33:49-debug: init custom config: keepNodeUuid: false, useCache: true
6-24-2026 18:33:49-debug: Skip compress image, progress: 0%
6-24-2026 18:33:49-debug: Num of bundles: 2..., progress: 0%
6-24-2026 18:33:49-debug: Init all bundles start..., progress: 0%
6-24-2026 18:33:49-debug: // ---- build task Query asset bundle ----
6-24-2026 18:33:49-debug: Init bundle root assets start..., progress: 0%
6-24-2026 18:33:49-debug: Query asset bundle start, progress: 0%
6-24-2026 18:33:49-debug: Query preload assets/scripts from cc.config.json: 60f7195c-ec2a-45eb-ba94-8955f60e81d0,1c02ae6f-4492-4915-b8f8-7492a3b1e4cd,810e96e4-e456-4468-9b59-f4e8f39732c0,efe8e2a3-eace-427b-b4f1-cb8a937ec77d,e9aa9a3e-5b2b-4ac7-a2c7-073de2b2b24f,8bbdbcdd-5cd4-4100-b6d5-b7c9625b6107,50f4348b-c883-4e2f-8f11-ce233b859fa1,fda095cb-831d-4601-ad94-846013963de8,f92806d7-1768-443f-afe8-12bcde84d0f0,dd3a144d-ab7f-41f0-82b8-2e43a090d496,f0416e68-0200-4b77-a926-4f9d16e494da,511d2633-09a7-4bdd-ac42-f778032124b3,5d45aa00-e064-4938-b314-4265f0c2258c,9361fd90-ba52-4f84-aa93-6e878fd576ca,970b0598-bcb0-4714-91fb-2e81440dccd8,bcd64cc6-2dd9-43f6-abbe-66318d332032,d930590d-bb92-4cc8-8bd1-23cd027f9edf,a3cd009f-0ab0-420d-9278-b9fdab939bbc,6a2d0734-bd9e-4ddf-946e-caa52498cb75,d9937e59-61fe-4ec6-92ab-7ac5a19c89b0,d1346436-ac96-4271-b863-1f4fdead95b0,971bdb23-3ff6-43eb-b422-1c30165a3663,17debcc3-0a6b-4b8a-b00b-dc58b885581e,711ebe11-f673-4cd9-9a83-63c60ba54c5b,c0143906-9aed-447e-9436-2ae8512d1b6e,14da1725-c4c2-42b4-ab08-ee0aeb6898b3,081cab31-dccd-428e-8652-f2404cc81c47,78e0584a-4343-4727-8f37-e14e65c2a2db,871c3b6c-7379-419d-bda3-794b239ab90d,ff9b0199-ce04-4cfe-86cc-6c719f08d6e4,de1c2107-70c8-4021-8459-6399f24d01c6,cbf30902-517f-40dc-af90-a550bac27cf1,5c601d96-e4c7-4698-991b-7ee674b11079
6-24-2026 18:33:49-debug:   Number of all scenes: 3
6-24-2026 18:33:49-debug:   Number of all scripts: 34
6-24-2026 18:33:49-debug: Init bundle root assets success..., progress: 0%
6-24-2026 18:33:49-debug:   Number of other assets: 438
6-24-2026 18:33:49-debug: // ---- build task Query asset bundle ---- (4ms)
6-24-2026 18:33:49-log: run build task Query asset bundle success in 4 ms√, progress: 5%
6-24-2026 18:33:49-debug: [Build Memory track]: Query asset bundle start:229.71MB, end 229.59MB, increase: -114.20KB
6-24-2026 18:33:49-debug: // ---- build task Query asset bundle ----
6-24-2026 18:33:49-debug: Query asset bundle start, progress: 5%
6-24-2026 18:33:49-debug: // ---- build task Query asset bundle ---- (2ms)
6-24-2026 18:33:49-log: run build task Query asset bundle success in 2 ms√, progress: 10%
6-24-2026 18:33:49-debug: Sort some build options to settings.json start, progress: 10%
6-24-2026 18:33:49-debug: // ---- build task Sort some build options to settings.json ----
6-24-2026 18:33:49-debug: [Build Memory track]: Query asset bundle start:229.62MB, end 229.75MB, increase: 129.92KB
6-24-2026 18:33:49-debug: // ---- build task Sort some build options to settings.json ---- (3ms)
6-24-2026 18:33:49-log: run build task Sort some build options to settings.json success in 3 ms√, progress: 12%
6-24-2026 18:33:49-debug: [Build Memory track]: Sort some build options to settings.json start:229.78MB, end 229.80MB, increase: 26.68KB
6-24-2026 18:33:49-debug: Fill script data to settings start, progress: 12%
6-24-2026 18:33:49-debug: // ---- build task Fill script data to settings ----
6-24-2026 18:33:49-debug: // ---- build task Fill script data to settings ---- (2ms)
6-24-2026 18:33:49-log: run build task Fill script data to settings success in 2 ms√, progress: 13%
6-24-2026 18:33:49-debug: [Build Memory track]: Fill script data to settings start:229.83MB, end 229.86MB, increase: 27.22KB
6-24-2026 18:33:49-debug: // ---- build task Sort some build options to settings.json ----
6-24-2026 18:33:49-debug: Sort some build options to settings.json start, progress: 13%
6-24-2026 18:33:49-debug: // ---- build task Sort some build options to settings.json ---- (4ms)
6-24-2026 18:33:49-log: run build task Sort some build options to settings.json success in 4 ms√, progress: 15%
6-24-2026 18:33:49-debug: [Build Memory track]: Sort some build options to settings.json start:229.89MB, end 229.29MB, increase: -611.65KB
6-24-2026 18:34:50-debug: %cImport%c: D:\Works\Github\BattleGame\assets\Test.scenebackground: #aaff85; color: #000;color: #000;
6-24-2026 18:34:50-debug: asset-db:reimport-asset1effe86e-a401-4769-9dbc-62218c68834d (17ms)
6-24-2026 18:34:50-debug: Query all assets info in project
6-24-2026 18:34:50-debug: init custom config: keepNodeUuid: false, useCache: true
6-24-2026 18:34:50-debug: Skip compress image, progress: 0%
6-24-2026 18:34:50-debug: Init all bundles start..., progress: 0%
6-24-2026 18:34:50-debug: Num of bundles: 2..., progress: 0%
6-24-2026 18:34:50-debug: Query asset bundle start, progress: 0%
6-24-2026 18:34:50-debug: // ---- build task Query asset bundle ----
6-24-2026 18:34:50-debug: Init bundle root assets start..., progress: 0%
6-24-2026 18:34:50-debug: Query preload assets/scripts from cc.config.json: 60f7195c-ec2a-45eb-ba94-8955f60e81d0,1c02ae6f-4492-4915-b8f8-7492a3b1e4cd,810e96e4-e456-4468-9b59-f4e8f39732c0,efe8e2a3-eace-427b-b4f1-cb8a937ec77d,e9aa9a3e-5b2b-4ac7-a2c7-073de2b2b24f,8bbdbcdd-5cd4-4100-b6d5-b7c9625b6107,50f4348b-c883-4e2f-8f11-ce233b859fa1,fda095cb-831d-4601-ad94-846013963de8,f92806d7-1768-443f-afe8-12bcde84d0f0,dd3a144d-ab7f-41f0-82b8-2e43a090d496,f0416e68-0200-4b77-a926-4f9d16e494da,511d2633-09a7-4bdd-ac42-f778032124b3,5d45aa00-e064-4938-b314-4265f0c2258c,9361fd90-ba52-4f84-aa93-6e878fd576ca,970b0598-bcb0-4714-91fb-2e81440dccd8,bcd64cc6-2dd9-43f6-abbe-66318d332032,d930590d-bb92-4cc8-8bd1-23cd027f9edf,a3cd009f-0ab0-420d-9278-b9fdab939bbc,6a2d0734-bd9e-4ddf-946e-caa52498cb75,d9937e59-61fe-4ec6-92ab-7ac5a19c89b0,d1346436-ac96-4271-b863-1f4fdead95b0,971bdb23-3ff6-43eb-b422-1c30165a3663,17debcc3-0a6b-4b8a-b00b-dc58b885581e,711ebe11-f673-4cd9-9a83-63c60ba54c5b,c0143906-9aed-447e-9436-2ae8512d1b6e,14da1725-c4c2-42b4-ab08-ee0aeb6898b3,081cab31-dccd-428e-8652-f2404cc81c47,78e0584a-4343-4727-8f37-e14e65c2a2db,871c3b6c-7379-419d-bda3-794b239ab90d,ff9b0199-ce04-4cfe-86cc-6c719f08d6e4,de1c2107-70c8-4021-8459-6399f24d01c6,cbf30902-517f-40dc-af90-a550bac27cf1,5c601d96-e4c7-4698-991b-7ee674b11079
6-24-2026 18:34:50-debug:   Number of all scripts: 34
6-24-2026 18:34:50-debug:   Number of other assets: 438
6-24-2026 18:34:50-debug: Init bundle root assets success..., progress: 0%
6-24-2026 18:34:50-debug:   Number of all scenes: 3
6-24-2026 18:34:50-debug: // ---- build task Query asset bundle ---- (6ms)
6-24-2026 18:34:50-log: run build task Query asset bundle success in 6 ms√, progress: 5%
6-24-2026 18:34:50-debug: [Build Memory track]: Query asset bundle start:229.98MB, end 229.74MB, increase: -245.16KB
6-24-2026 18:34:50-debug: Query asset bundle start, progress: 5%
6-24-2026 18:34:50-debug: // ---- build task Query asset bundle ----
6-24-2026 18:34:50-debug: // ---- build task Query asset bundle ---- (3ms)
6-24-2026 18:34:50-log: run build task Query asset bundle success in 3 ms√, progress: 10%
6-24-2026 18:34:50-debug: Sort some build options to settings.json start, progress: 10%
6-24-2026 18:34:50-debug: [Build Memory track]: Query asset bundle start:229.77MB, end 229.90MB, increase: 134.74KB
6-24-2026 18:34:50-debug: // ---- build task Sort some build options to settings.json ----
6-24-2026 18:34:50-log: run build task Sort some build options to settings.json success in 2 ms√, progress: 12%
6-24-2026 18:34:50-debug: Fill script data to settings start, progress: 12%
6-24-2026 18:34:50-debug: // ---- build task Sort some build options to settings.json ---- (2ms)
6-24-2026 18:34:50-debug: [Build Memory track]: Sort some build options to settings.json start:229.93MB, end 229.96MB, increase: 31.26KB
6-24-2026 18:34:50-debug: // ---- build task Fill script data to settings ----
6-24-2026 18:34:50-log: run build task Fill script data to settings success in 1 ms√, progress: 13%
6-24-2026 18:34:50-debug: Sort some build options to settings.json start, progress: 13%
6-24-2026 18:34:50-debug: [Build Memory track]: Fill script data to settings start:229.99MB, end 230.01MB, increase: 27.07KB
6-24-2026 18:34:50-debug: // ---- build task Sort some build options to settings.json ----
6-24-2026 18:34:50-debug: // ---- build task Fill script data to settings ---- (1ms)
6-24-2026 18:34:50-debug: // ---- build task Sort some build options to settings.json ---- (5ms)
6-24-2026 18:34:50-debug: [Build Memory track]: Sort some build options to settings.json start:230.04MB, end 230.16MB, increase: 126.39KB
6-24-2026 18:34:50-log: run build task Sort some build options to settings.json success in 5 ms√, progress: 15%
