7-7-2026 02:35:13-log: Cannot access game frame or container.
7-7-2026 02:35:14-debug: asset-db:require-engine-code (744ms)
7-7-2026 02:35:14-log: meshopt wasm decoder initialized
7-7-2026 02:35:14-log: [bullet]:bullet wasm lib loaded.
7-7-2026 02:35:14-log: [box2d]:box2d wasm lib loaded.
7-7-2026 02:35:14-log: Cocos Creator v3.8.8
7-7-2026 02:35:14-log: Using legacy pipeline
7-7-2026 02:35:14-log: Forward render pipeline initialized.
7-7-2026 02:35:14-debug: [Assets Memory track]: asset-db:worker-init: initEngine start:31.24MB, end 79.11MB, increase: 47.87MB
7-7-2026 02:35:16-debug: [Assets Memory track]: asset-db:worker-init: initPlugin start:79.18MB, end 274.14MB, increase: 194.97MB
7-7-2026 02:35:16-debug: run package(wechatprogram) handler(enable) start
7-7-2026 02:35:16-debug: run package(windows) handler(enable) success!
7-7-2026 02:35:16-debug: run package(wechatprogram) handler(enable) success!
7-7-2026 02:35:16-debug: run package(windows) handler(enable) start
7-7-2026 02:35:16-debug: run package(xiaomi-quick-game) handler(enable) start
7-7-2026 02:35:16-debug: run package(cocos-service) handler(enable) success!
7-7-2026 02:35:16-debug: run package(cocos-service) handler(enable) start
7-7-2026 02:35:16-debug: run package(xiaomi-quick-game) handler(enable) success!
7-7-2026 02:35:16-debug: run package(im-plugin) handler(enable) start
7-7-2026 02:35:16-debug: run package(im-plugin) handler(enable) success!
7-7-2026 02:35:16-debug: run package(placeholder) handler(enable) start
7-7-2026 02:35:16-debug: run package(placeholder) handler(enable) success!
7-7-2026 02:35:16-debug: asset-db:worker-init: initPlugin (2020ms)
7-7-2026 02:35:16-debug: [Assets Memory track]: asset-db:worker-init start:31.23MB, end 274.90MB, increase: 243.67MB
7-7-2026 02:35:16-debug: Run asset db hook engine-extends:beforePreStart ...
7-7-2026 02:35:16-debug: Run asset db hook engine-extends:beforePreStart success!
7-7-2026 02:35:16-debug: Run asset db hook programming:beforePreStart success!
7-7-2026 02:35:16-debug: Run asset db hook programming:beforePreStart ...
7-7-2026 02:35:16-debug: asset-db:worker-init (2997ms)
7-7-2026 02:35:16-debug: asset-db-hook-programming-beforePreStart (101ms)
7-7-2026 02:35:16-debug: asset-db-hook-engine-extends-beforePreStart (100ms)
7-7-2026 02:35:16-debug: Preimport db internal success
7-7-2026 02:35:16-debug: %cImport%c: F:\Github\BattleGame\assets\scripts\GameManager.tsbackground: #aaff85; color: #000;color: #000;
7-7-2026 02:35:16-debug: Preimport db assets success
7-7-2026 02:35:16-debug: Run asset db hook programming:afterPreStart ...
7-7-2026 02:35:16-debug: starting packer-driver...
7-7-2026 02:35:23-debug: initialize scripting environment...
7-7-2026 02:35:23-debug: [[Executor]] prepare before lock
7-7-2026 02:35:23-debug: Set detail map pack:///resolution-detail-map.json: {}
7-7-2026 02:35:23-debug: [[Executor]] prepare after unlock
7-7-2026 02:35:23-debug: Run asset db hook programming:afterPreStart success!
7-7-2026 02:35:23-debug: Run asset db hook engine-extends:afterPreStart success!
7-7-2026 02:35:23-debug: [Assets Memory track]: asset-db:worker-init: preStart start:274.92MB, end 277.90MB, increase: 2.98MB
7-7-2026 02:35:23-debug: Start up the 'internal' database...
7-7-2026 02:35:23-debug: Run asset db hook engine-extends:afterPreStart ...
7-7-2026 02:35:23-debug: asset-db:worker-effect-data-processing (420ms)
7-7-2026 02:35:23-debug: asset-db-hook-programming-afterPreStart (7197ms)
7-7-2026 02:35:23-debug: asset-db-hook-engine-extends-afterPreStart (420ms)
7-7-2026 02:35:23-debug: Run asset db hook engine-extends:afterStartDB ...
7-7-2026 02:35:24-debug: recompile effect.bin success
7-7-2026 02:35:24-debug: Start up the 'assets' database...
7-7-2026 02:35:24-debug: Run asset db hook engine-extends:afterStartDB success!
7-7-2026 02:35:24-debug: asset-db:worker-effect-data-processing (391ms)
7-7-2026 02:35:24-debug: asset-db-hook-engine-extends-afterStartDB (393ms)
7-7-2026 02:35:24-debug: Run asset db hook engine-extends:afterStartDB ...
7-7-2026 02:35:24-debug: recompile effect.bin success
7-7-2026 02:35:24-debug: lazy register asset handler *
7-7-2026 02:35:24-debug: lazy register asset handler directory
7-7-2026 02:35:24-debug: Run asset db hook engine-extends:afterStartDB success!
7-7-2026 02:35:24-debug: lazy register asset handler spine-data
7-7-2026 02:35:24-debug: lazy register asset handler text
7-7-2026 02:35:24-debug: lazy register asset handler dragonbones
7-7-2026 02:35:24-debug: lazy register asset handler dragonbones-atlas
7-7-2026 02:35:24-debug: lazy register asset handler json
7-7-2026 02:35:24-debug: lazy register asset handler terrain
7-7-2026 02:35:24-debug: lazy register asset handler typescript
7-7-2026 02:35:24-debug: lazy register asset handler javascript
7-7-2026 02:35:24-debug: lazy register asset handler scene
7-7-2026 02:35:24-debug: lazy register asset handler prefab
7-7-2026 02:35:24-debug: lazy register asset handler sprite-frame
7-7-2026 02:35:24-debug: lazy register asset handler image
7-7-2026 02:35:24-debug: lazy register asset handler tiled-map
7-7-2026 02:35:24-debug: lazy register asset handler alpha-image
7-7-2026 02:35:24-debug: lazy register asset handler sign-image
7-7-2026 02:35:24-debug: lazy register asset handler texture-cube
7-7-2026 02:35:24-debug: lazy register asset handler texture
7-7-2026 02:35:24-debug: lazy register asset handler erp-texture-cube
7-7-2026 02:35:24-debug: lazy register asset handler render-texture
7-7-2026 02:35:24-debug: lazy register asset handler texture-cube-face
7-7-2026 02:35:24-debug: lazy register asset handler rt-sprite-frame
7-7-2026 02:35:24-debug: lazy register asset handler gltf-mesh
7-7-2026 02:35:24-debug: lazy register asset handler gltf
7-7-2026 02:35:24-debug: lazy register asset handler gltf-animation
7-7-2026 02:35:24-debug: lazy register asset handler gltf-material
7-7-2026 02:35:24-debug: lazy register asset handler gltf-scene
7-7-2026 02:35:24-debug: lazy register asset handler gltf-skeleton
7-7-2026 02:35:24-debug: lazy register asset handler gltf-embeded-image
7-7-2026 02:35:24-debug: lazy register asset handler material
7-7-2026 02:35:24-debug: lazy register asset handler fbx
7-7-2026 02:35:24-debug: lazy register asset handler buffer
7-7-2026 02:35:24-debug: lazy register asset handler physics-material
7-7-2026 02:35:24-debug: lazy register asset handler audio-clip
7-7-2026 02:35:24-debug: lazy register asset handler effect
7-7-2026 02:35:24-debug: lazy register asset handler effect-header
7-7-2026 02:35:24-debug: lazy register asset handler animation-clip
7-7-2026 02:35:24-debug: lazy register asset handler animation-graph-variant
7-7-2026 02:35:24-debug: lazy register asset handler ttf-font
7-7-2026 02:35:24-debug: lazy register asset handler animation-mask
7-7-2026 02:35:24-debug: lazy register asset handler animation-graph
7-7-2026 02:35:24-debug: lazy register asset handler particle
7-7-2026 02:35:24-debug: lazy register asset handler sprite-atlas
7-7-2026 02:35:24-debug: lazy register asset handler bitmap-font
7-7-2026 02:35:24-debug: lazy register asset handler render-pipeline
7-7-2026 02:35:24-debug: lazy register asset handler auto-atlas
7-7-2026 02:35:24-debug: lazy register asset handler label-atlas
7-7-2026 02:35:24-debug: lazy register asset handler instantiation-material
7-7-2026 02:35:24-debug: lazy register asset handler instantiation-mesh
7-7-2026 02:35:24-debug: lazy register asset handler render-flow
7-7-2026 02:35:24-debug: lazy register asset handler render-stage
7-7-2026 02:35:24-debug: lazy register asset handler instantiation-animation
7-7-2026 02:35:24-debug: lazy register asset handler video-clip
7-7-2026 02:35:24-debug: lazy register asset handler instantiation-skeleton
7-7-2026 02:35:24-debug: asset-db:worker-effect-data-processing (370ms)
7-7-2026 02:35:24-debug: asset-db:ready (13891ms)
7-7-2026 02:35:24-debug: asset-db-hook-engine-extends-afterStartDB (371ms)
7-7-2026 02:35:24-debug: asset-db:start-database (8235ms)
7-7-2026 02:35:24-debug: init worker message success
7-7-2026 02:35:24-debug: programming:execute-script (11ms)
7-7-2026 02:35:24-debug: [Build Memory track]: builder:worker-init start:222.86MB, end 230.96MB, increase: 8.10MB
7-7-2026 02:35:24-debug: builder:worker-init (389ms)
7-7-2026 02:35:31-debug: %cImport%c: F:\Github\BattleGame\assets\Test.scenebackground: #aaff85; color: #000;color: #000;
7-7-2026 02:35:31-debug: asset-db:reimport-asset1effe86e-a401-4769-9dbc-62218c68834d (25ms)
7-7-2026 02:35:34-debug: Query all assets info in project
7-7-2026 02:35:34-debug: init custom config: keepNodeUuid: false, useCache: true
7-7-2026 02:35:34-debug: Skip compress image, progress: 0%
7-7-2026 02:35:34-debug: Init all bundles start..., progress: 0%
7-7-2026 02:35:34-debug: Num of bundles: 2..., progress: 0%
7-7-2026 02:35:34-debug: Query asset bundle start, progress: 0%
7-7-2026 02:35:34-debug: // ---- build task Query asset bundle ----
7-7-2026 02:35:34-debug: Init bundle root assets start..., progress: 0%
7-7-2026 02:35:34-debug: Query preload assets/scripts from cc.config.json: 60f7195c-ec2a-45eb-ba94-8955f60e81d0,1c02ae6f-4492-4915-b8f8-7492a3b1e4cd,810e96e4-e456-4468-9b59-f4e8f39732c0,efe8e2a3-eace-427b-b4f1-cb8a937ec77d,e9aa9a3e-5b2b-4ac7-a2c7-073de2b2b24f,8bbdbcdd-5cd4-4100-b6d5-b7c9625b6107,50f4348b-c883-4e2f-8f11-ce233b859fa1,fda095cb-831d-4601-ad94-846013963de8,f92806d7-1768-443f-afe8-12bcde84d0f0,dd3a144d-ab7f-41f0-82b8-2e43a090d496,f0416e68-0200-4b77-a926-4f9d16e494da,511d2633-09a7-4bdd-ac42-f778032124b3,5d45aa00-e064-4938-b314-4265f0c2258c,9361fd90-ba52-4f84-aa93-6e878fd576ca,970b0598-bcb0-4714-91fb-2e81440dccd8,bcd64cc6-2dd9-43f6-abbe-66318d332032,d930590d-bb92-4cc8-8bd1-23cd027f9edf,a3cd009f-0ab0-420d-9278-b9fdab939bbc,6a2d0734-bd9e-4ddf-946e-caa52498cb75,d9937e59-61fe-4ec6-92ab-7ac5a19c89b0,d1346436-ac96-4271-b863-1f4fdead95b0,971bdb23-3ff6-43eb-b422-1c30165a3663,17debcc3-0a6b-4b8a-b00b-dc58b885581e,711ebe11-f673-4cd9-9a83-63c60ba54c5b,c0143906-9aed-447e-9436-2ae8512d1b6e,14da1725-c4c2-42b4-ab08-ee0aeb6898b3,081cab31-dccd-428e-8652-f2404cc81c47,78e0584a-4343-4727-8f37-e14e65c2a2db,871c3b6c-7379-419d-bda3-794b239ab90d,ff9b0199-ce04-4cfe-86cc-6c719f08d6e4,de1c2107-70c8-4021-8459-6399f24d01c6,cbf30902-517f-40dc-af90-a550bac27cf1,5c601d96-e4c7-4698-991b-7ee674b11079
7-7-2026 02:35:34-debug:   Number of other assets: 468
7-7-2026 02:35:34-debug:   Number of all scenes: 3
7-7-2026 02:35:34-debug:   Number of all scripts: 36
7-7-2026 02:35:34-debug: Init bundle root assets success..., progress: 0%
7-7-2026 02:35:34-debug: // ---- build task Query asset bundle ---- (14ms)
7-7-2026 02:35:34-debug: Query asset bundle start, progress: 5%
7-7-2026 02:35:34-debug: [Build Memory track]: Query asset bundle start:233.88MB, end 234.75MB, increase: 885.32KB
7-7-2026 02:35:34-log: run build task Query asset bundle success in 14 ms√, progress: 5%
7-7-2026 02:35:34-debug: // ---- build task Query asset bundle ----
7-7-2026 02:35:34-debug: // ---- build task Query asset bundle ---- (6ms)
7-7-2026 02:35:34-log: run build task Query asset bundle success in 6 ms√, progress: 10%
7-7-2026 02:35:34-debug: [Build Memory track]: Query asset bundle start:234.79MB, end 234.96MB, increase: 171.12KB
7-7-2026 02:35:34-debug: Sort some build options to settings.json start, progress: 10%
7-7-2026 02:35:34-debug: // ---- build task Sort some build options to settings.json ----
7-7-2026 02:35:34-debug: // ---- build task Sort some build options to settings.json ---- (2ms)
7-7-2026 02:35:34-log: run build task Sort some build options to settings.json success in 2 ms√, progress: 12%
7-7-2026 02:35:34-debug: [Build Memory track]: Sort some build options to settings.json start:235.00MB, end 235.03MB, increase: 34.04KB
7-7-2026 02:35:34-debug: // ---- build task Fill script data to settings ----
7-7-2026 02:35:34-debug: Fill script data to settings start, progress: 12%
7-7-2026 02:35:34-debug: // ---- build task Fill script data to settings ---- (3ms)
7-7-2026 02:35:34-log: run build task Fill script data to settings success in 3 ms√, progress: 13%
7-7-2026 02:35:34-debug: [Build Memory track]: Fill script data to settings start:235.07MB, end 235.10MB, increase: 33.70KB
7-7-2026 02:35:34-debug: Sort some build options to settings.json start, progress: 13%
7-7-2026 02:35:34-debug: // ---- build task Sort some build options to settings.json ----
7-7-2026 02:35:34-debug: // ---- build task Sort some build options to settings.json ---- (8ms)
7-7-2026 02:35:34-log: run build task Sort some build options to settings.json success in 8 ms√, progress: 15%
7-7-2026 02:35:34-debug: [Build Memory track]: Sort some build options to settings.json start:235.14MB, end 235.30MB, increase: 157.90KB
7-7-2026 02:35:42-debug: Query all assets info in project
7-7-2026 02:35:42-debug: init custom config: keepNodeUuid: false, useCache: true
7-7-2026 02:35:42-debug: Skip compress image, progress: 0%
7-7-2026 02:35:42-debug: Num of bundles: 2..., progress: 0%
7-7-2026 02:35:42-debug: Init all bundles start..., progress: 0%
7-7-2026 02:35:42-debug: // ---- build task Query asset bundle ----
7-7-2026 02:35:42-debug: Query asset bundle start, progress: 0%
7-7-2026 02:35:42-debug: Init bundle root assets start..., progress: 0%
7-7-2026 02:35:42-debug: Query preload assets/scripts from cc.config.json: 60f7195c-ec2a-45eb-ba94-8955f60e81d0,1c02ae6f-4492-4915-b8f8-7492a3b1e4cd,810e96e4-e456-4468-9b59-f4e8f39732c0,efe8e2a3-eace-427b-b4f1-cb8a937ec77d,e9aa9a3e-5b2b-4ac7-a2c7-073de2b2b24f,8bbdbcdd-5cd4-4100-b6d5-b7c9625b6107,50f4348b-c883-4e2f-8f11-ce233b859fa1,fda095cb-831d-4601-ad94-846013963de8,f92806d7-1768-443f-afe8-12bcde84d0f0,dd3a144d-ab7f-41f0-82b8-2e43a090d496,f0416e68-0200-4b77-a926-4f9d16e494da,511d2633-09a7-4bdd-ac42-f778032124b3,5d45aa00-e064-4938-b314-4265f0c2258c,9361fd90-ba52-4f84-aa93-6e878fd576ca,970b0598-bcb0-4714-91fb-2e81440dccd8,bcd64cc6-2dd9-43f6-abbe-66318d332032,d930590d-bb92-4cc8-8bd1-23cd027f9edf,a3cd009f-0ab0-420d-9278-b9fdab939bbc,6a2d0734-bd9e-4ddf-946e-caa52498cb75,d9937e59-61fe-4ec6-92ab-7ac5a19c89b0,d1346436-ac96-4271-b863-1f4fdead95b0,971bdb23-3ff6-43eb-b422-1c30165a3663,17debcc3-0a6b-4b8a-b00b-dc58b885581e,711ebe11-f673-4cd9-9a83-63c60ba54c5b,c0143906-9aed-447e-9436-2ae8512d1b6e,14da1725-c4c2-42b4-ab08-ee0aeb6898b3,081cab31-dccd-428e-8652-f2404cc81c47,78e0584a-4343-4727-8f37-e14e65c2a2db,871c3b6c-7379-419d-bda3-794b239ab90d,ff9b0199-ce04-4cfe-86cc-6c719f08d6e4,de1c2107-70c8-4021-8459-6399f24d01c6,cbf30902-517f-40dc-af90-a550bac27cf1,5c601d96-e4c7-4698-991b-7ee674b11079
7-7-2026 02:35:42-debug:   Number of all scenes: 3
7-7-2026 02:35:42-debug:   Number of other assets: 468
7-7-2026 02:35:42-debug: Init bundle root assets success..., progress: 0%
7-7-2026 02:35:42-debug:   Number of all scripts: 36
7-7-2026 02:35:42-debug: // ---- build task Query asset bundle ---- (15ms)
7-7-2026 02:35:42-log: run build task Query asset bundle success in 15 ms√, progress: 5%
7-7-2026 02:35:42-debug: [Build Memory track]: Query asset bundle start:221.65MB, end 221.52MB, increase: -137.00KB
7-7-2026 02:35:42-debug: Query asset bundle start, progress: 5%
7-7-2026 02:35:42-debug: // ---- build task Query asset bundle ----
7-7-2026 02:35:42-debug: // ---- build task Query asset bundle ---- (11ms)
7-7-2026 02:35:42-log: run build task Query asset bundle success in 11 ms√, progress: 10%
7-7-2026 02:35:42-debug: [Build Memory track]: Query asset bundle start:221.56MB, end 221.70MB, increase: 145.53KB
7-7-2026 02:35:42-debug: Sort some build options to settings.json start, progress: 10%
7-7-2026 02:35:42-debug: // ---- build task Sort some build options to settings.json ----
7-7-2026 02:35:42-debug: // ---- build task Sort some build options to settings.json ---- (4ms)
7-7-2026 02:35:42-log: run build task Sort some build options to settings.json success in 4 ms√, progress: 12%
7-7-2026 02:35:42-debug: [Build Memory track]: Sort some build options to settings.json start:221.75MB, end 221.78MB, increase: 36.41KB
7-7-2026 02:35:42-debug: // ---- build task Fill script data to settings ----
7-7-2026 02:35:42-debug: Fill script data to settings start, progress: 12%
7-7-2026 02:35:42-debug: // ---- build task Fill script data to settings ---- (6ms)
7-7-2026 02:35:42-log: run build task Fill script data to settings success in 6 ms√, progress: 13%
7-7-2026 02:35:42-debug: [Build Memory track]: Fill script data to settings start:221.82MB, end 221.86MB, increase: 37.71KB
7-7-2026 02:35:42-debug: Sort some build options to settings.json start, progress: 13%
7-7-2026 02:35:42-debug: // ---- build task Sort some build options to settings.json ----
7-7-2026 02:35:42-debug: // ---- build task Sort some build options to settings.json ---- (14ms)
7-7-2026 02:35:42-log: run build task Sort some build options to settings.json success in 14 ms√, progress: 15%
7-7-2026 02:35:42-debug: [Build Memory track]: Sort some build options to settings.json start:221.90MB, end 222.04MB, increase: 146.61KB
7-7-2026 02:35:52-debug: Query all assets info in project
7-7-2026 02:35:52-debug: init custom config: keepNodeUuid: false, useCache: true
7-7-2026 02:35:52-debug: Skip compress image, progress: 0%
7-7-2026 02:35:52-debug: Init all bundles start..., progress: 0%
7-7-2026 02:35:52-debug: Num of bundles: 2..., progress: 0%
7-7-2026 02:35:52-debug: Query asset bundle start, progress: 0%
7-7-2026 02:35:52-debug: // ---- build task Query asset bundle ----
7-7-2026 02:35:52-debug: Init bundle root assets start..., progress: 0%
7-7-2026 02:35:52-debug: Query preload assets/scripts from cc.config.json: 60f7195c-ec2a-45eb-ba94-8955f60e81d0,1c02ae6f-4492-4915-b8f8-7492a3b1e4cd,810e96e4-e456-4468-9b59-f4e8f39732c0,efe8e2a3-eace-427b-b4f1-cb8a937ec77d,e9aa9a3e-5b2b-4ac7-a2c7-073de2b2b24f,8bbdbcdd-5cd4-4100-b6d5-b7c9625b6107,50f4348b-c883-4e2f-8f11-ce233b859fa1,fda095cb-831d-4601-ad94-846013963de8,f92806d7-1768-443f-afe8-12bcde84d0f0,dd3a144d-ab7f-41f0-82b8-2e43a090d496,f0416e68-0200-4b77-a926-4f9d16e494da,511d2633-09a7-4bdd-ac42-f778032124b3,5d45aa00-e064-4938-b314-4265f0c2258c,9361fd90-ba52-4f84-aa93-6e878fd576ca,970b0598-bcb0-4714-91fb-2e81440dccd8,bcd64cc6-2dd9-43f6-abbe-66318d332032,d930590d-bb92-4cc8-8bd1-23cd027f9edf,a3cd009f-0ab0-420d-9278-b9fdab939bbc,6a2d0734-bd9e-4ddf-946e-caa52498cb75,d9937e59-61fe-4ec6-92ab-7ac5a19c89b0,d1346436-ac96-4271-b863-1f4fdead95b0,971bdb23-3ff6-43eb-b422-1c30165a3663,17debcc3-0a6b-4b8a-b00b-dc58b885581e,711ebe11-f673-4cd9-9a83-63c60ba54c5b,c0143906-9aed-447e-9436-2ae8512d1b6e,14da1725-c4c2-42b4-ab08-ee0aeb6898b3,081cab31-dccd-428e-8652-f2404cc81c47,78e0584a-4343-4727-8f37-e14e65c2a2db,871c3b6c-7379-419d-bda3-794b239ab90d,ff9b0199-ce04-4cfe-86cc-6c719f08d6e4,de1c2107-70c8-4021-8459-6399f24d01c6,cbf30902-517f-40dc-af90-a550bac27cf1,5c601d96-e4c7-4698-991b-7ee674b11079
7-7-2026 02:35:52-debug:   Number of all scenes: 3
7-7-2026 02:35:52-debug:   Number of all scripts: 36
7-7-2026 02:35:52-debug:   Number of other assets: 468
7-7-2026 02:35:52-debug: Init bundle root assets success..., progress: 0%
7-7-2026 02:35:52-debug: // ---- build task Query asset bundle ---- (14ms)
7-7-2026 02:35:52-log: run build task Query asset bundle success in 14 ms√, progress: 5%
7-7-2026 02:35:52-debug: [Build Memory track]: Query asset bundle start:221.93MB, end 221.81MB, increase: -123.86KB
7-7-2026 02:35:52-debug: Query asset bundle start, progress: 5%
7-7-2026 02:35:52-debug: // ---- build task Query asset bundle ----
7-7-2026 02:35:52-debug: // ---- build task Query asset bundle ---- (7ms)
7-7-2026 02:35:52-log: run build task Query asset bundle success in 7 ms√, progress: 10%
7-7-2026 02:35:52-debug: [Build Memory track]: Query asset bundle start:221.84MB, end 221.98MB, increase: 142.46KB
7-7-2026 02:35:52-debug: Sort some build options to settings.json start, progress: 10%
7-7-2026 02:35:52-debug: // ---- build task Sort some build options to settings.json ----
7-7-2026 02:35:52-debug: // ---- build task Sort some build options to settings.json ---- (4ms)
7-7-2026 02:35:52-debug: Fill script data to settings start, progress: 12%
7-7-2026 02:35:52-debug: [Build Memory track]: Sort some build options to settings.json start:222.02MB, end 222.07MB, increase: 53.66KB
7-7-2026 02:35:52-log: run build task Sort some build options to settings.json success in 4 ms√, progress: 12%
7-7-2026 02:35:52-debug: // ---- build task Fill script data to settings ----
7-7-2026 02:35:52-debug: // ---- build task Fill script data to settings ---- (4ms)
7-7-2026 02:35:52-log: run build task Fill script data to settings success in 4 ms√, progress: 13%
7-7-2026 02:35:52-debug: [Build Memory track]: Fill script data to settings start:222.11MB, end 222.14MB, increase: 32.97KB
7-7-2026 02:35:52-debug: // ---- build task Sort some build options to settings.json ----
7-7-2026 02:35:52-debug: Sort some build options to settings.json start, progress: 13%
7-7-2026 02:35:52-debug: // ---- build task Sort some build options to settings.json ---- (15ms)
7-7-2026 02:35:52-log: run build task Sort some build options to settings.json success in 15 ms√, progress: 15%
7-7-2026 02:35:52-debug: [Build Memory track]: Sort some build options to settings.json start:222.18MB, end 221.63MB, increase: -563.25KB
7-7-2026 02:39:19-debug: refresh db internal success
7-7-2026 02:39:19-debug: refresh db assets success
7-7-2026 02:39:19-debug: Run asset db hook engine-extends:afterRefresh success!
7-7-2026 02:39:19-debug: Run asset db hook engine-extends:afterRefresh ...
7-7-2026 02:39:19-debug: asset-db:refresh-all-database (96ms)
7-7-2026 02:39:19-debug: asset-db:worker-effect-data-processing (4ms)
7-7-2026 02:39:19-debug: asset-db-hook-engine-extends-afterRefresh (4ms)
7-7-2026 02:39:36-debug: Start record console... {file(F:\Github\BattleGame\temp\builder\log\web-mobile5-14-2026 23-41.log)}
7-7-2026 02:39:36-debug: =================================== build Task (web-mobile) Start ================================
7-7-2026 02:39:36-debug: Start build task, options:{"name":"BattleGame","server":"","engineModulesConfigKey":"defaultConfig","platform":"web-mobile","buildPath":"project://build","debug":false,"buildMode":"normal","mangleProperties":false,"md5Cache":false,"skipCompressTexture":false,"sourceMaps":false,"overwriteProjectSettings":{"includeModules":{"gfx-webgl2":"on","physics":"inherit-project-setting","physics-2d":"inherit-project-setting"},"macroConfig":{"cleanupImageCache":"inherit-project-setting"}},"nativeCodeBundleMode":"both","polyfills":{"asyncFunctions":true},"experimentalEraseModules":false,"startSceneAssetBundle":false,"bundleConfigs":[],"inlineEnum":true,"useBuiltinServer":false,"md5CacheOptions":{"excludes":[],"includes":[],"replaceOnly":[],"handleTemplateMd5Link":true},"mainBundleIsRemote":false,"mainBundleCompressionType":"merge_dep","useSplashScreen":true,"bundleCommonChunk":false,"packAutoAtlas":true,"startScene":"1effe86e-a401-4769-9dbc-62218c68834d","outputName":"web-mobile","taskName":"web-mobile","scenes":[{"url":"db://assets/Test.scene","uuid":"1effe86e-a401-4769-9dbc-62218c68834d"}],"wasmCompressionMode":false,"binGroupConfig":{"threshold":16,"enable":false},"packages":{"adsense-h5g-plugin":{"enableAdsense":false,"enableTestAd":false,"__version__":"1.0.1","AFPHostPropertyCode":"ca-host-pub-5396158963872751","AFPHostDomain":"douyougame.com","otherAFPHostPropertyCode":"","otherAFPDomain":""},"web-mobile":{"useWebGPU":false,"orientation":"portrait","embedWebDebugger":false,"__version__":"1.0.1"},"cocos-service":{"configID":"b9c7b2","services":[]}},"__version__":"1.3.9","logDest":"project://temp/builder/log/web-mobile5-14-2026 23-41.log"}
7-7-2026 02:39:36-debug: Build with Cocos Creator 3.8.8
7-7-2026 02:39:36-debug: cocos-service:(onBeforeBuild) start..., progress: 0%
7-7-2026 02:39:36-debug: // ---- build task cocos-service：onBeforeBuild ----
7-7-2026 02:39:36-debug: // ---- build task cocos-service：onBeforeBuild ---- (351ms)
7-7-2026 02:39:36-debug: cocos-service:(onBeforeBuild) in 351 ms ✓, progress: 2%
7-7-2026 02:39:36-debug: scene:(onBeforeBuild) start..., progress: 2%
7-7-2026 02:39:36-debug: // ---- build task scene：onBeforeBuild ----
7-7-2026 02:39:36-debug: // ---- build task scene：onBeforeBuild ---- (73ms)
7-7-2026 02:39:36-debug: Start lock asset db..., progress: 4%
7-7-2026 02:39:36-debug: scene:(onBeforeBuild) in 73 ms ✓, progress: 4%
7-7-2026 02:39:36-log: Asset DB is paused with build!
7-7-2026 02:39:36-debug: Query all assets info in project
7-7-2026 02:39:36-debug: web-mobile:(onAfterInit) start..., progress: 4%
7-7-2026 02:39:36-debug: // ---- build task web-mobile：onAfterInit ----
7-7-2026 02:39:36-debug: init custom config: keepNodeUuid: false, useCache: true
7-7-2026 02:39:36-debug: // ---- build task web-mobile：onAfterInit ---- (36ms)
7-7-2026 02:39:36-debug: web-mobile:(onAfterInit) in 36 ms ✓, progress: 5%
7-7-2026 02:39:36-debug: cocos-service:(onAfterInit) start..., progress: 5%
7-7-2026 02:39:36-debug: // ---- build task cocos-service：onAfterInit ----
7-7-2026 02:39:37-debug: // ---- build task cocos-service：onAfterInit ---- (227ms)
7-7-2026 02:39:37-debug: adsense-h5g-plugin:(onBeforeBundleInit) start..., progress: 7%
7-7-2026 02:39:37-debug: adsense-h5g-plugin:(onBeforeBundleInit) start..., progress: 0%
7-7-2026 02:39:37-debug: // ---- build task adsense-h5g-plugin：onBeforeBundleInit ----
7-7-2026 02:39:37-debug: cocos-service:(onAfterInit) in 227 ms ✓, progress: 7%
7-7-2026 02:39:37-debug: Skip compress image, progress: 0%
7-7-2026 02:39:37-debug: [adsense-h5g-plugin] remove script success
7-7-2026 02:39:37-debug: // ---- build task adsense-h5g-plugin：onBeforeBundleInit ---- (67ms)
7-7-2026 02:39:37-debug: adsense-h5g-plugin:(onBeforeBundleInit) in 67 ms ✓, progress: 7%
7-7-2026 02:39:37-debug: adsense-h5g-plugin:(onBeforeBundleInit) in 67 ms ✓, progress: 7%
7-7-2026 02:39:37-debug: Init all bundles start..., progress: 7%
7-7-2026 02:39:37-debug: Init all bundles start..., progress: 7%
7-7-2026 02:39:37-debug: Num of bundles: 2..., progress: 7%
7-7-2026 02:39:37-debug: web-mobile:(onAfterBundleInit) start..., progress: 7%
7-7-2026 02:39:37-debug: web-mobile:(onAfterBundleInit) start..., progress: 7%
7-7-2026 02:39:37-debug: // ---- build task web-mobile：onAfterBundleInit ----
7-7-2026 02:39:37-debug: Num of bundles: 2..., progress: 7%
7-7-2026 02:39:37-debug: // ---- build task web-mobile：onAfterBundleInit ---- (103ms)
7-7-2026 02:39:37-debug: Query asset bundle start, progress: 7%
7-7-2026 02:39:37-debug: // ---- build task Query asset bundle ----
7-7-2026 02:39:37-debug: Init bundle root assets start..., progress: 7%
7-7-2026 02:39:37-debug: Init bundle root assets start..., progress: 13%
7-7-2026 02:39:37-debug: web-mobile:(onAfterBundleInit) in 103 ms ✓, progress: 7%
7-7-2026 02:39:37-debug: web-mobile:(onAfterBundleInit) in 103 ms ✓, progress: 13%
7-7-2026 02:39:37-debug: Query preload assets/scripts from cc.config.json: 60f7195c-ec2a-45eb-ba94-8955f60e81d0,1c02ae6f-4492-4915-b8f8-7492a3b1e4cd,810e96e4-e456-4468-9b59-f4e8f39732c0,efe8e2a3-eace-427b-b4f1-cb8a937ec77d,e9aa9a3e-5b2b-4ac7-a2c7-073de2b2b24f,8bbdbcdd-5cd4-4100-b6d5-b7c9625b6107,50f4348b-c883-4e2f-8f11-ce233b859fa1,fda095cb-831d-4601-ad94-846013963de8,f92806d7-1768-443f-afe8-12bcde84d0f0,dd3a144d-ab7f-41f0-82b8-2e43a090d496,f0416e68-0200-4b77-a926-4f9d16e494da,511d2633-09a7-4bdd-ac42-f778032124b3,5d45aa00-e064-4938-b314-4265f0c2258c,9361fd90-ba52-4f84-aa93-6e878fd576ca,970b0598-bcb0-4714-91fb-2e81440dccd8,bcd64cc6-2dd9-43f6-abbe-66318d332032,d930590d-bb92-4cc8-8bd1-23cd027f9edf,a3cd009f-0ab0-420d-9278-b9fdab939bbc,6a2d0734-bd9e-4ddf-946e-caa52498cb75,d9937e59-61fe-4ec6-92ab-7ac5a19c89b0,d1346436-ac96-4271-b863-1f4fdead95b0,971bdb23-3ff6-43eb-b422-1c30165a3663,17debcc3-0a6b-4b8a-b00b-dc58b885581e,711ebe11-f673-4cd9-9a83-63c60ba54c5b,c0143906-9aed-447e-9436-2ae8512d1b6e,14da1725-c4c2-42b4-ab08-ee0aeb6898b3,081cab31-dccd-428e-8652-f2404cc81c47,78e0584a-4343-4727-8f37-e14e65c2a2db,871c3b6c-7379-419d-bda3-794b239ab90d,ff9b0199-ce04-4cfe-86cc-6c719f08d6e4,de1c2107-70c8-4021-8459-6399f24d01c6,cbf30902-517f-40dc-af90-a550bac27cf1,5c601d96-e4c7-4698-991b-7ee674b11079
7-7-2026 02:39:37-debug:   Number of all scripts: 36
7-7-2026 02:39:37-debug:   Number of other assets: 468
7-7-2026 02:39:37-debug: Init bundle root assets success..., progress: 7%
7-7-2026 02:39:37-debug: Init bundle root assets success..., progress: 13%
7-7-2026 02:39:37-log: creating executor ...
7-7-2026 02:39:37-debug: reload all scripts.
7-7-2026 02:39:37-debug:   Number of all scenes: 3
7-7-2026 02:39:37-debug: [[Executor]] reload before lock
7-7-2026 02:39:37-debug: Set detail map pack:///resolution-detail-map.json: {}
7-7-2026 02:39:37-debug: F:\Github\BattleGame\temp\programming\packer-driver\targets\editor\chunks\93\93ba276ea7b26ffcdc433fab14afc1ed6f05647b.js resolved to F:\Github\BattleGame\temp\programming\packer-driver\targets\editor\chunks\93\93ba276ea7b26ffcdc433fab14afc1ed6f05647b.js is not in module cache!
7-7-2026 02:39:37-debug: [[Executor]] Module "cce:/internal/x/cc-fu/base" loaded.
7-7-2026 02:39:37-debug: [[Executor]] Module "cce:/internal/x/cc-fu/gfx-webgl2" loaded.
7-7-2026 02:39:37-debug: [[Executor]] Module "cce:/internal/x/cc-fu/gfx-webgpu" loaded.
7-7-2026 02:39:37-debug: [[Executor]] Module "cce:/internal/x/cc-fu/gfx-webgl" loaded.
7-7-2026 02:39:37-debug: [[Executor]] Module "cce:/internal/x/cc-fu/3d" loaded.
7-7-2026 02:39:37-debug: [[Executor]] Module "cce:/internal/x/cc-fu/gfx-empty" loaded.
7-7-2026 02:39:37-debug: [[Executor]] Module "cce:/internal/x/cc-fu/skeletal-animation" loaded.
7-7-2026 02:39:37-debug: [[Executor]] Module "cce:/internal/x/cc-fu/sorting" loaded.
7-7-2026 02:39:37-debug: [[Executor]] Module "cce:/internal/x/cc-fu/animation" loaded.
7-7-2026 02:39:37-debug: [[Executor]] Module "cce:/internal/x/cc-fu/mask" loaded.
7-7-2026 02:39:37-debug: [[Executor]] Module "cce:/internal/x/cc-fu/rich-text" loaded.
7-7-2026 02:39:37-debug: [[Executor]] Module "cce:/internal/x/cc-fu/graphics" loaded.
7-7-2026 02:39:37-debug: [[Executor]] Module "cce:/internal/x/cc-fu/ui-skew" loaded.
7-7-2026 02:39:37-debug: [[Executor]] Module "cce:/internal/x/cc-fu/affine-transform" loaded.
7-7-2026 02:39:37-debug: [[Executor]] Module "cce:/internal/x/cc-fu/2d" loaded.
7-7-2026 02:39:37-debug: [[Executor]] Module "cce:/internal/x/cc-fu/sorting-2d" loaded.
7-7-2026 02:39:37-debug: [[Executor]] Module "cce:/internal/x/cc-fu/particle" loaded.
7-7-2026 02:39:37-debug: [[Executor]] Module "cce:/internal/x/cc-fu/particle-2d" loaded.
7-7-2026 02:39:37-debug: [[Executor]] Module "cce:/internal/x/cc-fu/physics-framework" loaded.
7-7-2026 02:39:37-debug: [[Executor]] Module "cce:/internal/x/cc-fu/physics-physx" loaded.
7-7-2026 02:39:37-debug: [[Executor]] Module "cce:/internal/x/cc-fu/physics-ammo" loaded.
7-7-2026 02:39:37-debug: [[Executor]] Module "cce:/internal/x/cc-fu/ui" loaded.
7-7-2026 02:39:37-debug: [[Executor]] Module "cce:/internal/x/cc-fu/physics-builtin" loaded.
7-7-2026 02:39:37-debug: [[Executor]] Module "cce:/internal/x/cc-fu/physics-2d-box2d-jsb" loaded.
7-7-2026 02:39:37-debug: [[Executor]] Module "cce:/internal/x/cc-fu/physics-2d-framework" loaded.
7-7-2026 02:39:37-debug: [[Executor]] Module "cce:/internal/x/cc-fu/physics-2d-builtin" loaded.
7-7-2026 02:39:37-debug: [[Executor]] Module "cce:/internal/x/cc-fu/physics-2d-box2d" loaded.
7-7-2026 02:39:37-debug: [[Executor]] Module "cce:/internal/x/cc-fu/physics-2d-box2d-wasm" loaded.
7-7-2026 02:39:37-debug: [[Executor]] Module "cce:/internal/x/cc-fu/primitive" loaded.
7-7-2026 02:39:37-debug: [[Executor]] Module "cce:/internal/x/cc-fu/physics-cannon" loaded.
7-7-2026 02:39:37-debug: [[Executor]] Module "cce:/internal/x/cc-fu/intersection-2d" loaded.
7-7-2026 02:39:37-debug: [[Executor]] Module "cce:/internal/x/cc-fu/geometry-renderer" loaded.
7-7-2026 02:39:37-debug: [[Executor]] Module "cce:/internal/x/cc-fu/video" loaded.
7-7-2026 02:39:37-debug: [[Executor]] Module "cce:/internal/x/cc-fu/light-probe" loaded.
7-7-2026 02:39:37-debug: [[Executor]] Module "cce:/internal/x/cc-fu/audio" loaded.
7-7-2026 02:39:37-debug: [[Executor]] Module "cce:/internal/x/cc-fu/profiler" loaded.
7-7-2026 02:39:37-debug: [[Executor]] Module "cce:/internal/x/cc-fu/webview" loaded.
7-7-2026 02:39:37-debug: [[Executor]] Module "cce:/internal/x/cc-fu/terrain" loaded.
7-7-2026 02:39:37-debug: [[Executor]] Module "cce:/internal/x/cc-fu/tiled-map" loaded.
7-7-2026 02:39:37-debug: [[Executor]] Module "cce:/internal/x/cc-fu/vendor-google" loaded.
7-7-2026 02:39:37-debug: [[Executor]] Module "cce:/internal/x/cc-fu/xr" loaded.
7-7-2026 02:39:37-debug: [[Executor]] Module "cce:/internal/x/cc-fu/spine" loaded.
7-7-2026 02:39:37-debug: [[Executor]] Module "cce:/internal/x/cc-fu/dragon-bones" loaded.
7-7-2026 02:39:37-debug: [[Executor]] Module "cce:/internal/x/cc-fu/custom-pipeline" loaded.
7-7-2026 02:39:37-debug: [[Executor]] Module "cce:/internal/x/cc-fu/custom-pipeline-post-process" loaded.
7-7-2026 02:39:37-debug: [[Executor]] Module "cce:/internal/x/cc-fu/tween" loaded.
7-7-2026 02:39:37-debug: [[Executor]] Module "cce:/internal/x/cc-fu/legacy-pipeline" loaded.
7-7-2026 02:39:37-debug: [[Executor]] Module "cce:/internal/x/cc-fu/gfx-empty" loaded.
7-7-2026 02:39:37-debug: [[Executor]] Module "cce:/internal/x/cc-fu/gfx-webgl2" loaded.
7-7-2026 02:39:37-debug: [[Executor]] Module "cce:/internal/x/cc-fu/gfx-webgl" loaded.
7-7-2026 02:39:37-debug: [[Executor]] Module "cce:/internal/x/cc-fu/gfx-webgpu" loaded.
7-7-2026 02:39:37-debug: [[Executor]] Module "cce:/internal/x/cc-fu/animation" loaded.
7-7-2026 02:39:37-debug: [[Executor]] Module "cce:/internal/x/cc-fu/base" loaded.
7-7-2026 02:39:37-debug: [[Executor]] Module "cce:/internal/x/cc-fu/skeletal-animation" loaded.
7-7-2026 02:39:37-debug: [[Executor]] Module "cce:/internal/x/cc-fu/2d" loaded.
7-7-2026 02:39:37-debug: [[Executor]] Module "cce:/internal/x/cc-fu/sorting" loaded.
7-7-2026 02:39:37-debug: [[Executor]] Module "cce:/internal/x/cc-fu/rich-text" loaded.
7-7-2026 02:39:37-debug: [[Executor]] Module "cce:/internal/x/cc-fu/mask" loaded.
7-7-2026 02:39:37-debug: [[Executor]] Module "cce:/internal/x/cc-fu/graphics" loaded.
7-7-2026 02:39:37-debug: [[Executor]] Module "cce:/internal/x/cc-fu/3d" loaded.
7-7-2026 02:39:37-debug: [[Executor]] Module "cce:/internal/x/cc-fu/ui-skew" loaded.
7-7-2026 02:39:37-debug: [[Executor]] Module "cce:/internal/x/cc-fu/affine-transform" loaded.
7-7-2026 02:39:37-debug: [[Executor]] Module "cce:/internal/x/cc-fu/sorting-2d" loaded.
7-7-2026 02:39:37-debug: [[Executor]] Module "cce:/internal/x/cc-fu/particle" loaded.
7-7-2026 02:39:37-debug: [[Executor]] Module "cce:/internal/x/cc-fu/particle-2d" loaded.
7-7-2026 02:39:37-debug: [[Executor]] Module "cce:/internal/x/cc-fu/physics-framework" loaded.
7-7-2026 02:39:37-debug: [[Executor]] Module "cce:/internal/x/cc-fu/ui" loaded.
7-7-2026 02:39:37-debug: [[Executor]] Module "cce:/internal/x/cc-fu/physics-physx" loaded.
7-7-2026 02:39:37-debug: [[Executor]] Module "cce:/internal/x/cc-fu/physics-cannon" loaded.
7-7-2026 02:39:37-debug: [[Executor]] Module "cce:/internal/x/cc-fu/physics-builtin" loaded.
7-7-2026 02:39:37-debug: [[Executor]] Module "cce:/internal/x/cc-fu/physics-2d-framework" loaded.
7-7-2026 02:39:37-debug: [[Executor]] Module "cce:/internal/x/cc-fu/physics-2d-builtin" loaded.
7-7-2026 02:39:37-debug: [[Executor]] Module "cce:/internal/x/cc-fu/physics-ammo" loaded.
7-7-2026 02:39:37-debug: [[Executor]] Module "cce:/internal/x/cc-fu/physics-2d-box2d-wasm" loaded.
7-7-2026 02:39:37-debug: [[Executor]] Module "cce:/internal/x/cc-fu/physics-2d-box2d" loaded.
7-7-2026 02:39:37-debug: [[Executor]] Module "cce:/internal/x/cc-fu/intersection-2d" loaded.
7-7-2026 02:39:37-debug: [[Executor]] Module "cce:/internal/x/cc-fu/geometry-renderer" loaded.
7-7-2026 02:39:37-debug: [[Executor]] Module "cce:/internal/x/cc-fu/audio" loaded.
7-7-2026 02:39:37-debug: [[Executor]] Module "cce:/internal/x/cc-fu/profiler" loaded.
7-7-2026 02:39:37-debug: [[Executor]] Module "cce:/internal/x/cc-fu/primitive" loaded.
7-7-2026 02:39:37-debug: [[Executor]] Module "cce:/internal/x/cc-fu/video" loaded.
7-7-2026 02:39:37-debug: [[Executor]] Module "cce:/internal/x/cc-fu/xr" loaded.
7-7-2026 02:39:37-debug: [[Executor]] Module "cce:/internal/x/cc-fu/light-probe" loaded.
7-7-2026 02:39:37-debug: [[Executor]] Module "cce:/internal/x/cc-fu/tween" loaded.
7-7-2026 02:39:37-debug: [[Executor]] Module "cce:/internal/x/cc-fu/terrain" loaded.
7-7-2026 02:39:37-debug: [[Executor]] Module "cce:/internal/x/cc-fu/webview" loaded.
7-7-2026 02:39:37-debug: [[Executor]] Module "cce:/internal/x/cc-fu/tiled-map" loaded.
7-7-2026 02:39:37-debug: [[Executor]] Module "cce:/internal/x/cc-fu/dragon-bones" loaded.
7-7-2026 02:39:37-debug: [[Executor]] Module "cce:/internal/x/cc-fu/custom-pipeline" loaded.
7-7-2026 02:39:37-debug: [[Executor]] Module "cce:/internal/x/cc-fu/custom-pipeline-post-process" loaded.
7-7-2026 02:39:37-debug: [[Executor]] Module "cce:/internal/x/cc-fu/legacy-pipeline" loaded.
7-7-2026 02:39:37-debug: [[Executor]] Module "cce:/internal/x/cc-fu/vendor-google" loaded.
7-7-2026 02:39:37-debug: [[Executor]] Module "cce:/internal/x/cc-fu/physics-2d-box2d-jsb" loaded.
7-7-2026 02:39:37-debug: [[Executor]] Module "pack:///chunks/93/93ba276ea7b26ffcdc433fab14afc1ed6f05647b.js" loaded.
7-7-2026 02:39:37-debug: [[Executor]] Module "pack:///chunks/93/93ba276ea7b26ffcdc433fab14afc1ed6f05647b.js" loaded.
7-7-2026 02:39:37-debug: [[Executor]] Module "cce:/internal/x/cc-fu/spine" loaded.
7-7-2026 02:39:37-debug: Invalidating 'pack:///chunks/93/93ba276ea7b26ffcdc433fab14afc1ed6f05647b.js'
7-7-2026 02:39:37-debug: F:\Github\BattleGame\temp\programming\packer-driver\targets\editor\chunks\6d\6d8fd2b0177941b032ddc0733af48a561fb60657.js resolved to F:\Github\BattleGame\temp\programming\packer-driver\targets\editor\chunks\6d\6d8fd2b0177941b032ddc0733af48a561fb60657.js is not in module cache!
7-7-2026 02:39:37-debug: [[Executor]] Module "pack:///chunks/6d/6d8fd2b0177941b032ddc0733af48a561fb60657.js" loaded.
7-7-2026 02:39:37-debug: F:\Github\BattleGame\temp\programming\packer-driver\targets\editor\chunks\50\50ec684ab28702df18cf262b25c26ec6d899c3a5.js resolved to F:\Github\BattleGame\temp\programming\packer-driver\targets\editor\chunks\50\50ec684ab28702df18cf262b25c26ec6d899c3a5.js is not in module cache!
7-7-2026 02:39:37-debug: F:\Github\BattleGame\temp\programming\packer-driver\targets\editor\chunks\6a\6a5019a719a9014c047e67aa1cf34453ab8392ce.js resolved to F:\Github\BattleGame\temp\programming\packer-driver\targets\editor\chunks\6a\6a5019a719a9014c047e67aa1cf34453ab8392ce.js is not in module cache!
7-7-2026 02:39:37-debug: F:\Github\BattleGame\temp\programming\packer-driver\targets\editor\chunks\e2\e2831fde95d58c09916d0f882742b7597544b8d1.js resolved to F:\Github\BattleGame\temp\programming\packer-driver\targets\editor\chunks\e2\e2831fde95d58c09916d0f882742b7597544b8d1.js is not in module cache!
7-7-2026 02:39:37-debug: F:\Github\BattleGame\temp\programming\packer-driver\targets\editor\chunks\b1\b18130d786bcadd1d0cb653401afdf2ede79b799.js resolved to F:\Github\BattleGame\temp\programming\packer-driver\targets\editor\chunks\b1\b18130d786bcadd1d0cb653401afdf2ede79b799.js is not in module cache!
7-7-2026 02:39:37-debug: F:\Github\BattleGame\temp\programming\packer-driver\targets\editor\chunks\fd\fd74c742a972dbbcd3691d204a338b19a4515b62.js resolved to F:\Github\BattleGame\temp\programming\packer-driver\targets\editor\chunks\fd\fd74c742a972dbbcd3691d204a338b19a4515b62.js is not in module cache!
7-7-2026 02:39:37-debug: F:\Github\BattleGame\temp\programming\packer-driver\targets\editor\chunks\7d\7dd5f1b51da4ae6cb44c6f9d41d8fc719b109223.js resolved to F:\Github\BattleGame\temp\programming\packer-driver\targets\editor\chunks\7d\7dd5f1b51da4ae6cb44c6f9d41d8fc719b109223.js is not in module cache!
7-7-2026 02:39:37-debug: [[Executor]] Module "cce:/internal/x/engine-export-to-editor/cc/editor/populate-internal-constants" loaded.
7-7-2026 02:39:37-debug: [[Executor]] Module "pack:///chunks/7d/7dd5f1b51da4ae6cb44c6f9d41d8fc719b109223.js" loaded.
7-7-2026 02:39:37-debug: [[Executor]] Module "cce:/internal/x/engine-export-to-editor/cc/editor/populate-internal-constants" loaded.
7-7-2026 02:39:37-debug: [[Executor]] Module "pack:///chunks/e2/e2831fde95d58c09916d0f882742b7597544b8d1.js" loaded.
7-7-2026 02:39:37-debug: [[Executor]] Register BuiltinPipelineSettings
7-7-2026 02:39:37-debug: [[Executor]] Module "pack:///chunks/fd/fd74c742a972dbbcd3691d204a338b19a4515b62.js" loaded.
7-7-2026 02:39:37-debug: [[Executor]] Register BuiltinPipelinePassBuilder
7-7-2026 02:39:37-debug: [[Executor]] Module "pack:///chunks/6a/6a5019a719a9014c047e67aa1cf34453ab8392ce.js" loaded.
7-7-2026 02:39:37-debug: [[Executor]] Module "pack:///chunks/b1/b18130d786bcadd1d0cb653401afdf2ede79b799.js" loaded.
7-7-2026 02:39:37-debug: [[Executor]] Module "pack:///chunks/50/50ec684ab28702df18cf262b25c26ec6d899c3a5.js" loaded.
7-7-2026 02:39:37-debug: [[Executor]] Register BuiltinDepthOfFieldPass
7-7-2026 02:39:37-debug: F:\Github\BattleGame\temp\programming\packer-driver\targets\editor\chunks\62\621a159ce4a7bac550092546e00c97e12458f12b.js resolved to F:\Github\BattleGame\temp\programming\packer-driver\targets\editor\chunks\62\621a159ce4a7bac550092546e00c97e12458f12b.js is not in module cache!
7-7-2026 02:39:37-debug: [[Executor]] Register DebugViewRuntimeControl
7-7-2026 02:39:37-debug: [[Executor]] Module "pack:///chunks/62/621a159ce4a7bac550092546e00c97e12458f12b.js" loaded.
7-7-2026 02:39:37-debug: F:\Github\BattleGame\temp\programming\packer-driver\targets\editor\chunks\1d\1d4d4a4796434bd9ad8d7e804babfd3c0542e969.js resolved to F:\Github\BattleGame\temp\programming\packer-driver\targets\editor\chunks\1d\1d4d4a4796434bd9ad8d7e804babfd3c0542e969.js is not in module cache!
7-7-2026 02:39:37-debug: [[Executor]] Register EventTest
7-7-2026 02:39:37-debug: [[Executor]] Module "pack:///chunks/1d/1d4d4a4796434bd9ad8d7e804babfd3c0542e969.js" loaded.
7-7-2026 02:39:37-debug: F:\Github\BattleGame\temp\programming\packer-driver\targets\editor\chunks\bd\bda019c071f801e39f6cab35c8d64f05ba6d0ff3.js resolved to F:\Github\BattleGame\temp\programming\packer-driver\targets\editor\chunks\bd\bda019c071f801e39f6cab35c8d64f05ba6d0ff3.js is not in module cache!
7-7-2026 02:39:37-debug: F:\Github\BattleGame\temp\programming\packer-driver\targets\editor\chunks\f1\f125de1537ef45718f2b4b4bb212c745cfd32521.js resolved to F:\Github\BattleGame\temp\programming\packer-driver\targets\editor\chunks\f1\f125de1537ef45718f2b4b4bb212c745cfd32521.js is not in module cache!
7-7-2026 02:39:37-debug: F:\Github\BattleGame\temp\programming\packer-driver\targets\editor\chunks\29\2939eda2b77583051771b5bbf05b284581c34539.js resolved to F:\Github\BattleGame\temp\programming\packer-driver\targets\editor\chunks\29\2939eda2b77583051771b5bbf05b284581c34539.js is not in module cache!
7-7-2026 02:39:37-debug: F:\Github\BattleGame\temp\programming\packer-driver\targets\editor\chunks\a2\a2fb293535f8bf50eef14233c2a29df2273e17c1.js resolved to F:\Github\BattleGame\temp\programming\packer-driver\targets\editor\chunks\a2\a2fb293535f8bf50eef14233c2a29df2273e17c1.js is not in module cache!
7-7-2026 02:39:37-debug: F:\Github\BattleGame\temp\programming\packer-driver\targets\editor\chunks\2a\2a3d48594ca107bb253a09fa8016eb25bbe98eb1.js resolved to F:\Github\BattleGame\temp\programming\packer-driver\targets\editor\chunks\2a\2a3d48594ca107bb253a09fa8016eb25bbe98eb1.js is not in module cache!
7-7-2026 02:39:37-debug: F:\Github\BattleGame\temp\programming\packer-driver\targets\editor\chunks\bd\bda769810ec10d2c747f2bfffa2751ede3f47ff0.js resolved to F:\Github\BattleGame\temp\programming\packer-driver\targets\editor\chunks\bd\bda769810ec10d2c747f2bfffa2751ede3f47ff0.js is not in module cache!
7-7-2026 02:39:37-debug: F:\Github\BattleGame\temp\programming\packer-driver\targets\editor\chunks\3e\3ec83085277e955f3413521ae624675c55f0fa18.js resolved to F:\Github\BattleGame\temp\programming\packer-driver\targets\editor\chunks\3e\3ec83085277e955f3413521ae624675c55f0fa18.js is not in module cache!
7-7-2026 02:39:37-debug: F:\Github\BattleGame\temp\programming\packer-driver\targets\editor\chunks\47\47fece3c3a2eef1f51705b50fc8a8e774f72566d.js resolved to F:\Github\BattleGame\temp\programming\packer-driver\targets\editor\chunks\47\47fece3c3a2eef1f51705b50fc8a8e774f72566d.js is not in module cache!
7-7-2026 02:39:37-debug: F:\Github\BattleGame\temp\programming\packer-driver\targets\editor\chunks\02\020073325815bf62a7d2c8cabd7d00da9e06789a.js resolved to F:\Github\BattleGame\temp\programming\packer-driver\targets\editor\chunks\02\020073325815bf62a7d2c8cabd7d00da9e06789a.js is not in module cache!
7-7-2026 02:39:37-debug: F:\Github\BattleGame\temp\programming\packer-driver\targets\editor\chunks\b7\b79af6dd10def61c9eb6716f874dd89431146589.js resolved to F:\Github\BattleGame\temp\programming\packer-driver\targets\editor\chunks\b7\b79af6dd10def61c9eb6716f874dd89431146589.js is not in module cache!
7-7-2026 02:39:37-debug: F:\Github\BattleGame\temp\programming\packer-driver\targets\editor\chunks\c4\c497b5aa3844cd12d042d27de71abf95d62f9c88.js resolved to F:\Github\BattleGame\temp\programming\packer-driver\targets\editor\chunks\c4\c497b5aa3844cd12d042d27de71abf95d62f9c88.js is not in module cache!
7-7-2026 02:39:37-debug: F:\Github\BattleGame\temp\programming\packer-driver\targets\editor\chunks\e2\e21aeeb81eed07a28ae26841a08bfd8fc9a2101d.js resolved to F:\Github\BattleGame\temp\programming\packer-driver\targets\editor\chunks\e2\e21aeeb81eed07a28ae26841a08bfd8fc9a2101d.js is not in module cache!
7-7-2026 02:39:37-debug: F:\Github\BattleGame\temp\programming\packer-driver\targets\editor\chunks\18\188da626dc7963ce445b4ca496e30fc683d92647.js resolved to F:\Github\BattleGame\temp\programming\packer-driver\targets\editor\chunks\18\188da626dc7963ce445b4ca496e30fc683d92647.js is not in module cache!
7-7-2026 02:39:37-debug: F:\Github\BattleGame\temp\programming\packer-driver\targets\editor\chunks\6b\6b612d04c5e2ccba4f032c3b3ed6a334f5994492.js resolved to F:\Github\BattleGame\temp\programming\packer-driver\targets\editor\chunks\6b\6b612d04c5e2ccba4f032c3b3ed6a334f5994492.js is not in module cache!
7-7-2026 02:39:37-debug: F:\Github\BattleGame\temp\programming\packer-driver\targets\editor\chunks\ef\efa2828f6dcdc7bed90a7a551c2caaf782397b64.js resolved to F:\Github\BattleGame\temp\programming\packer-driver\targets\editor\chunks\ef\efa2828f6dcdc7bed90a7a551c2caaf782397b64.js is not in module cache!
7-7-2026 02:39:37-debug: F:\Github\BattleGame\temp\programming\packer-driver\targets\editor\chunks\90\90776ff9ba3e834872a61a5eee0b6bcc0c8f94b4.js resolved to F:\Github\BattleGame\temp\programming\packer-driver\targets\editor\chunks\90\90776ff9ba3e834872a61a5eee0b6bcc0c8f94b4.js is not in module cache!
7-7-2026 02:39:37-debug: F:\Github\BattleGame\temp\programming\packer-driver\targets\editor\chunks\33\33aae120a5c53c84492eff747b653a1cd746cc7d.js resolved to F:\Github\BattleGame\temp\programming\packer-driver\targets\editor\chunks\33\33aae120a5c53c84492eff747b653a1cd746cc7d.js is not in module cache!
7-7-2026 02:39:37-debug: F:\Github\BattleGame\temp\programming\packer-driver\targets\editor\chunks\cd\cdc1b0e51bb50218dcf36e3677682d9c7b3915dc.js resolved to F:\Github\BattleGame\temp\programming\packer-driver\targets\editor\chunks\cd\cdc1b0e51bb50218dcf36e3677682d9c7b3915dc.js is not in module cache!
7-7-2026 02:39:37-debug: [[Executor]] Module "pack:///chunks/bd/bda769810ec10d2c747f2bfffa2751ede3f47ff0.js" loaded.
7-7-2026 02:39:37-debug: [[Executor]] Register CinematicOrbitRig
7-7-2026 02:39:37-debug: [[Executor]] Module "pack:///chunks/f1/f125de1537ef45718f2b4b4bb212c745cfd32521.js" loaded.
7-7-2026 02:39:37-debug: [[Executor]] Register TopDownCameraDrag
7-7-2026 02:39:37-debug: [[Executor]] Module "pack:///chunks/a2/a2fb293535f8bf50eef14233c2a29df2273e17c1.js" loaded.
7-7-2026 02:39:37-debug: [[Executor]] Register HealthBar3D
7-7-2026 02:39:37-debug: [[Executor]] Register UnitProps
7-7-2026 02:39:37-debug: [[Executor]] Module "pack:///chunks/29/2939eda2b77583051771b5bbf05b284581c34539.js" loaded.
7-7-2026 02:39:37-debug: [[Executor]] Module "pack:///chunks/33/33aae120a5c53c84492eff747b653a1cd746cc7d.js" loaded.
7-7-2026 02:39:37-debug: [[Executor]] Module "pack:///chunks/3e/3ec83085277e955f3413521ae624675c55f0fa18.js" loaded.
7-7-2026 02:39:37-debug: [[Executor]] Module "pack:///chunks/c4/c497b5aa3844cd12d042d27de71abf95d62f9c88.js" loaded.
7-7-2026 02:39:37-debug: [[Executor]] Register Unit
7-7-2026 02:39:37-debug: [[Executor]] Module "pack:///chunks/e2/e21aeeb81eed07a28ae26841a08bfd8fc9a2101d.js" loaded.
7-7-2026 02:39:37-debug: [[Executor]] Module "pack:///chunks/b7/b79af6dd10def61c9eb6716f874dd89431146589.js" loaded.
7-7-2026 02:39:37-debug: [[Executor]] Register ObstacleCircle
7-7-2026 02:39:37-debug: [[Executor]] Module "pack:///chunks/47/47fece3c3a2eef1f51705b50fc8a8e774f72566d.js" loaded.
7-7-2026 02:39:37-debug: [[Executor]] Register CounterRule
7-7-2026 02:39:37-debug: [[Executor]] Register CounterSettings
7-7-2026 02:39:37-debug: [[Executor]] Module "pack:///chunks/02/020073325815bf62a7d2c8cabd7d00da9e06789a.js" loaded.
7-7-2026 02:39:37-debug: [[Executor]] Module "pack:///chunks/6b/6b612d04c5e2ccba4f032c3b3ed6a334f5994492.js" loaded.
7-7-2026 02:39:37-debug: [[Executor]] Module "pack:///chunks/18/188da626dc7963ce445b4ca496e30fc683d92647.js" loaded.
7-7-2026 02:39:37-debug: [[Executor]] Register UnitBehavior
7-7-2026 02:39:37-debug: [[Executor]] Module "pack:///chunks/90/90776ff9ba3e834872a61a5eee0b6bcc0c8f94b4.js" loaded.
7-7-2026 02:39:37-debug: [[Executor]] Module "pack:///chunks/cd/cdc1b0e51bb50218dcf36e3677682d9c7b3915dc.js" loaded.
7-7-2026 02:39:37-debug: [[Executor]] Register UnitSpawner
7-7-2026 02:39:37-debug: [[Executor]] Register UnitPrefabEntry
7-7-2026 02:39:37-debug: [[Executor]] Register ObstacleRect
7-7-2026 02:39:37-debug: [[Executor]] Register BattleUnitDatabase
7-7-2026 02:39:37-debug: [[Executor]] Module "pack:///chunks/ef/efa2828f6dcdc7bed90a7a551c2caaf782397b64.js" loaded.
7-7-2026 02:39:37-debug: [[Executor]] Register HeroEntry
7-7-2026 02:39:37-debug: [[Executor]] Register GameManager
7-7-2026 02:39:37-debug: [[Executor]] Register BattleCinematicCameraController
7-7-2026 02:39:37-debug: [[Executor]] Module "pack:///chunks/bd/bda019c071f801e39f6cab35c8d64f05ba6d0ff3.js" loaded.
7-7-2026 02:39:37-debug: [[Executor]] Module "pack:///chunks/2a/2a3d48594ca107bb253a09fa8016eb25bbe98eb1.js" loaded.
7-7-2026 02:39:37-debug: F:\Github\BattleGame\temp\programming\packer-driver\targets\editor\chunks\a9\a970b1e476dba541220960b8add6506bc8c577a1.js resolved to F:\Github\BattleGame\temp\programming\packer-driver\targets\editor\chunks\a9\a970b1e476dba541220960b8add6506bc8c577a1.js is not in module cache!
7-7-2026 02:39:37-debug: [[Executor]] Register BattleInformationIconItem
7-7-2026 02:39:37-debug: [[Executor]] Module "pack:///chunks/a9/a970b1e476dba541220960b8add6506bc8c577a1.js" loaded.
7-7-2026 02:39:37-debug: F:\Github\BattleGame\temp\programming\packer-driver\targets\editor\chunks\d2\d2da6150c21b0b99c973b2a8e6f3d102d3207169.js resolved to F:\Github\BattleGame\temp\programming\packer-driver\targets\editor\chunks\d2\d2da6150c21b0b99c973b2a8e6f3d102d3207169.js is not in module cache!
7-7-2026 02:39:37-debug: F:\Github\BattleGame\temp\programming\packer-driver\targets\editor\chunks\b6\b6812f685fac5fa0c8875e619d529c78b86ad0d4.js resolved to F:\Github\BattleGame\temp\programming\packer-driver\targets\editor\chunks\b6\b6812f685fac5fa0c8875e619d529c78b86ad0d4.js is not in module cache!
7-7-2026 02:39:37-debug: F:\Github\BattleGame\temp\programming\packer-driver\targets\editor\chunks\1c\1c66552dd300b0266b865e006a1764ad5320f986.js resolved to F:\Github\BattleGame\temp\programming\packer-driver\targets\editor\chunks\1c\1c66552dd300b0266b865e006a1764ad5320f986.js is not in module cache!
7-7-2026 02:39:37-debug: F:\Github\BattleGame\temp\programming\packer-driver\targets\editor\chunks\a0\a0d063530de23ddade53e1a935bf64c81277c061.js resolved to F:\Github\BattleGame\temp\programming\packer-driver\targets\editor\chunks\a0\a0d063530de23ddade53e1a935bf64c81277c061.js is not in module cache!
7-7-2026 02:39:37-debug: [[Executor]] Module "pack:///chunks/a0/a0d063530de23ddade53e1a935bf64c81277c061.js" loaded.
7-7-2026 02:39:37-debug: [[Executor]] Module "pack:///chunks/1c/1c66552dd300b0266b865e006a1764ad5320f986.js" loaded.
7-7-2026 02:39:37-debug: [[Executor]] Module "pack:///chunks/b6/b6812f685fac5fa0c8875e619d529c78b86ad0d4.js" loaded.
7-7-2026 02:39:37-debug: [[Executor]] Register DebugStats
7-7-2026 02:39:37-debug: [[Executor]] Module "pack:///chunks/d2/d2da6150c21b0b99c973b2a8e6f3d102d3207169.js" loaded.
7-7-2026 02:39:37-debug: F:\Github\BattleGame\temp\programming\packer-driver\targets\editor\chunks\f8\f872721beb9c9db5d5cac1782f09f98006b5df64.js resolved to F:\Github\BattleGame\temp\programming\packer-driver\targets\editor\chunks\f8\f872721beb9c9db5d5cac1782f09f98006b5df64.js is not in module cache!
7-7-2026 02:39:37-debug: F:\Github\BattleGame\temp\programming\packer-driver\targets\editor\chunks\ca\cae1d4e25874bc3071e2a733912724c1607aa03b.js resolved to F:\Github\BattleGame\temp\programming\packer-driver\targets\editor\chunks\ca\cae1d4e25874bc3071e2a733912724c1607aa03b.js is not in module cache!
7-7-2026 02:39:37-debug: [[Executor]] Register SmartArmyBrain
7-7-2026 02:39:37-debug: [[Executor]] Module "pack:///chunks/ca/cae1d4e25874bc3071e2a733912724c1607aa03b.js" loaded.
7-7-2026 02:39:37-debug: [[Executor]] Register LevelSettings
7-7-2026 02:39:37-debug: [[Executor]] Module "pack:///chunks/f8/f872721beb9c9db5d5cac1782f09f98006b5df64.js" loaded.
7-7-2026 02:39:37-debug: F:\Github\BattleGame\temp\programming\packer-driver\targets\editor\chunks\37\374f192c4cd5a584bd16239f1b29d7df85b928e6.js resolved to F:\Github\BattleGame\temp\programming\packer-driver\targets\editor\chunks\37\374f192c4cd5a584bd16239f1b29d7df85b928e6.js is not in module cache!
7-7-2026 02:39:37-debug: [[Executor]] Module "pack:///chunks/37/374f192c4cd5a584bd16239f1b29d7df85b928e6.js" loaded.
7-7-2026 02:39:37-debug: [[Executor]] Register Obstacle
7-7-2026 02:39:37-debug: F:\Github\BattleGame\temp\programming\packer-driver\targets\editor\chunks\ed\eda245de96c070b06a601d49d9c9fcb6d664fcb2.js resolved to F:\Github\BattleGame\temp\programming\packer-driver\targets\editor\chunks\ed\eda245de96c070b06a601d49d9c9fcb6d664fcb2.js is not in module cache!
7-7-2026 02:39:37-debug: [[Executor]] Register PlayerUnitIconBinding
7-7-2026 02:39:37-debug: [[Executor]] Register PlayerArmyController
7-7-2026 02:39:37-debug: [[Executor]] Module "pack:///chunks/ed/eda245de96c070b06a601d49d9c9fcb6d664fcb2.js" loaded.
7-7-2026 02:39:37-debug: F:\Github\BattleGame\temp\programming\packer-driver\targets\editor\chunks\1e\1e0c9c10ff19c1802c01c09d2357ef9f28a9ce91.js resolved to F:\Github\BattleGame\temp\programming\packer-driver\targets\editor\chunks\1e\1e0c9c10ff19c1802c01c09d2357ef9f28a9ce91.js is not in module cache!
7-7-2026 02:39:37-debug: [[Executor]] Register RandomAnimOffset
7-7-2026 02:39:37-debug: [[Executor]] Module "pack:///chunks/1e/1e0c9c10ff19c1802c01c09d2357ef9f28a9ce91.js" loaded.
7-7-2026 02:39:37-debug: F:\Github\BattleGame\temp\programming\packer-driver\targets\editor\chunks\9d\9da24d053bdd469075f5d198806e802773c84da1.js resolved to F:\Github\BattleGame\temp\programming\packer-driver\targets\editor\chunks\9d\9da24d053bdd469075f5d198806e802773c84da1.js is not in module cache!
7-7-2026 02:39:37-debug: [[Executor]] Module "pack:///chunks/9d/9da24d053bdd469075f5d198806e802773c84da1.js" loaded.
7-7-2026 02:39:37-debug: [[Executor]] Register SpawnBackPressureGate
7-7-2026 02:39:37-debug: F:\Github\BattleGame\temp\programming\packer-driver\targets\editor\chunks\32\326013c1c32f2621842468128bab7596b27e708d.js resolved to F:\Github\BattleGame\temp\programming\packer-driver\targets\editor\chunks\32\326013c1c32f2621842468128bab7596b27e708d.js is not in module cache!
7-7-2026 02:39:37-debug: [[Executor]] Register SpectorDebugger
7-7-2026 02:39:37-debug: [[Executor]] Module "pack:///chunks/32/326013c1c32f2621842468128bab7596b27e708d.js" loaded.
7-7-2026 02:39:37-debug: F:\Github\BattleGame\temp\programming\packer-driver\targets\editor\chunks\ce\ce85f72a100c6a8e39935bb038e3a3493b4e1116.js resolved to F:\Github\BattleGame\temp\programming\packer-driver\targets\editor\chunks\ce\ce85f72a100c6a8e39935bb038e3a3493b4e1116.js is not in module cache!
7-7-2026 02:39:37-debug: [[Executor]] Register MiniMapUnitIconInfo
7-7-2026 02:39:37-debug: [[Executor]] Register TrueMiniMapPanel
7-7-2026 02:39:37-debug: [[Executor]] Module "pack:///chunks/ce/ce85f72a100c6a8e39935bb038e3a3493b4e1116.js" loaded.
7-7-2026 02:39:37-debug: F:\Github\BattleGame\temp\programming\packer-driver\targets\editor\chunks\ce\cef2c8e2019b4909e7e408a5fa1e1074d69dea62.js resolved to F:\Github\BattleGame\temp\programming\packer-driver\targets\editor\chunks\ce\cef2c8e2019b4909e7e408a5fa1e1074d69dea62.js is not in module cache!
7-7-2026 02:39:37-debug: [[Executor]] Register VATAnimationSetting
7-7-2026 02:39:37-debug: [[Executor]] Register VATAnimationFrameEvent
7-7-2026 02:39:37-debug: [[Executor]] Module "pack:///chunks/ce/cef2c8e2019b4909e7e408a5fa1e1074d69dea62.js" loaded.
7-7-2026 02:39:37-debug: [[Executor]] Module "pack:///chunks/6d/6d8fd2b0177941b032ddc0733af48a561fb60657.js" loaded.
7-7-2026 02:39:37-debug: [[Executor]] Register VATCharacterPlayer
7-7-2026 02:39:37-debug: [[Executor]] after unlock
7-7-2026 02:39:37-debug: Incremental keys: regeneratorRuntime,b2jsb
7-7-2026 02:39:37-debug: Init bundle share assets start..., progress: 7%
7-7-2026 02:39:37-debug: Init bundle share assets start..., progress: 13%
7-7-2026 02:39:37-debug: Init bundle share assets success..., progress: 7%
7-7-2026 02:39:37-debug: Init bundle share assets success..., progress: 13%
7-7-2026 02:39:37-debug: compress format (webp) will be overwritten by custom compress a5jtFjn4lN6L4UalyaUqcd(WebP)
7-7-2026 02:39:37-debug: handle json group in bundle main
7-7-2026 02:39:37-debug: handle json group in bundle internal success
7-7-2026 02:39:37-debug: init image compress task 0 in bundle internal
7-7-2026 02:39:37-debug: compress format (webp) will be overwritten by custom compress a5jtFjn4lN6L4UalyaUqcd(WebP)
7-7-2026 02:39:37-debug: compress format (webp) will be overwritten by custom compress a5jtFjn4lN6L4UalyaUqcd(WebP)
7-7-2026 02:39:37-debug: handle json group in bundle internal
7-7-2026 02:39:37-debug: compress format (webp) will be overwritten by custom compress a5jtFjn4lN6L4UalyaUqcd(WebP)
7-7-2026 02:39:37-debug: handle json group in bundle main success
7-7-2026 02:39:37-debug: init image compress task 21 in bundle main
7-7-2026 02:39:37-debug: // ---- build task Query asset bundle ---- (576ms)
7-7-2026 02:39:37-log: run build task Query asset bundle success in 576 ms√, progress: 12%
7-7-2026 02:39:37-debug: [Build Memory track]: Query asset bundle start:224.30MB, end 229.32MB, increase: 5.02MB
7-7-2026 02:39:37-debug: Query asset bundle start, progress: 12%
7-7-2026 02:39:37-debug: // ---- build task Query asset bundle ----
7-7-2026 02:39:37-debug: // ---- build task Query asset bundle ---- (76ms)
7-7-2026 02:39:37-log: run build task Query asset bundle success in 76 ms√, progress: 17%
7-7-2026 02:39:37-debug: [Build Memory track]: Query asset bundle start:229.36MB, end 229.56MB, increase: 198.33KB
7-7-2026 02:39:37-debug: // ---- build task Build script ----
7-7-2026 02:39:37-debug: Build script start, progress: 17%
7-7-2026 02:39:38-log: [buildPolyfillsCommand]enter sub process 22284, 9229, see: chrome://inspect/#devices
7-7-2026 02:39:41-debug: execute-script-end with buildPolyfillsCommand 3955ms
7-7-2026 02:39:41-debug: Generate systemJs..., progress: 17%
7-7-2026 02:39:42-log: The asset database is locked, asset operations(refresh) will delay response, please wait a moment.
7-7-2026 02:39:45-debug: execute-script-end with buildSystemJsCommand 3083ms
7-7-2026 02:39:45-debug: Build project script start..., progress: 17%
7-7-2026 02:39:45-debug: Build project script start..., progress: 13%
7-7-2026 02:39:47-log: [buildScriptCommand]Create cjs interop url for 'file:///F:/Github/BattleGame/node_modules/stats.js/build/stats.min.js'
7-7-2026 02:39:47-log: [buildScriptCommand]Create cjs interop url for 'file:///F:/Github/BattleGame/node_modules/spectorjs/dist/spector.bundle.js'
7-7-2026 02:39:49-error: [buildScriptCommand][BABEL] Note: The code generator has deoptimised the styling of C:\ProgramData\cocos\editors\Creator\3.8.8\file:\F:\Github\BattleGame\node_modules\spectorjs\dist\spector.bundle.js as it exceeds the max of 500KB.
7-7-2026 02:39:50-warn: [buildScriptCommand][[Build.Script.Rollup]] Circular dependency: file:///F:/Github/BattleGame/assets/scripts/GameManager.ts -> file:///F:/Github/BattleGame/assets/scripts/Unit.ts -> file:///F:/Github/BattleGame/assets/scripts/GameManager.ts[warning][[Build.Script.Rollup]] Circular dependency: file:///F:/Github/BattleGame/assets/scripts/GameManager.ts -> file:///F:/Github/BattleGame/assets/scripts/UnitSpawner.ts -> file:///F:/Github/BattleGame/assets/scripts/UnitBehavior.ts -> file:///F:/Github/BattleGame/assets/scripts/GameManager.ts
7-7-2026 02:39:56-log: [buildScriptCommand]Number of non-entry chunks: 2
7-7-2026 02:39:56-debug: execute-script-end with buildScriptCommand 11522ms
7-7-2026 02:39:56-debug: Copy externalScripts success!
7-7-2026 02:39:56-debug: Build project script in (11565 ms) √, progress: 17%
7-7-2026 02:39:56-debug: Build project script in (11565 ms) √, progress: 13%
7-7-2026 02:39:56-debug: Build engine start..., progress: 17%
7-7-2026 02:39:56-debug: mangleProperties is enabled, found engine-mangle-config.json, use it
7-7-2026 02:39:56-debug: Error: Exit process with code:null, signal:SIGTERM in task build-script    at ChildProcess.<anonymous> (C:\ProgramData\cocos\editors\Creator\3.8.8\resources\app.asar\builtin\builder\dist\worker\worker-pools\sub-process-manager.ccc:1:2409)    at ChildProcess.emit (node:events:519:28)    at Process.ChildProcess._handle.onexit (node:internal/child_process:294:12)
7-7-2026 02:39:56-debug: Use cache engine: {link(C:\Users\tranl\AppData\Local\Temp\CocosCreator\3.8.8\builder\engine\4b8ee5d263d8bf0bbc7a1769ff1eb24a)}
7-7-2026 02:39:56-debug: Use cache, md5String: debug=false,sourceMaps=false,includeModules=["2d","3d","affine-transform","animation","audio","base","custom-pipeline","gfx-webgl","gfx-webgl2","graphics","light-probe","marionette","mask","occlusion-query","particle","particle-2d","primitive","procedural-animation","profiler","rich-text","skeletal-animation","tween","ui","websocket","custom-pipeline-builtin-scripts"],engineVersion="3.8.8",platformType="HTML5",split=false,nativeCodeBundleMode="both",targets=undefined,entry="C:\\ProgramData\\cocos\\editors\\Creator\\3.8.8\\resources\\resources\\3d\\engine",noDeprecatedFeatures=undefined,loose=true,assetURLFormat="runtime-resolved",flags={"DEBUG":false,"LOAD_BULLET_MANUALLY":false,"LOAD_SPINE_MANUALLY":false,"WEBGPU":false},preserveType=undefined,wasmCompressionMode=false,enableNamedRegisterForSystemJSModuleFormat=undefined,mangleProperties=false,inlineEnum=true,
7-7-2026 02:39:56-debug: Use cache, options: {  "entry": "C:\\ProgramData\\cocos\\editors\\Creator\\3.8.8\\resources\\resources\\3d\\engine",  "debug": false,  "mangleProperties": false,  "inlineEnum": true,  "sourceMaps": false,  "includeModules": [    "2d",    "3d",    "affine-transform",    "animation",    "audio",    "base",    "custom-pipeline",    "gfx-webgl",    "gfx-webgl2",    "graphics",    "light-probe",    "marionette",    "mask",    "occlusion-query",    "particle",    "particle-2d",    "primitive",    "procedural-animation",    "profiler",    "rich-text",    "skeletal-animation",    "tween",    "ui",    "websocket",    "custom-pipeline-builtin-scripts"  ],  "engineVersion": "3.8.8",  "md5Map": [],  "engineName": "cocos-js",  "output": "F:\\Github\\BattleGame\\build\\web-mobile\\cocos-js",  "platformType": "HTML5",  "useCache": true,  "nativeCodeBundleMode": "both",  "wasmCompressionMode": false,  "split": false,  "assetURLFormat": "runtime-resolved",  "flags": {    "DEBUG": false,    "LOAD_BULLET_MANUALLY": false,    "LOAD_SPINE_MANUALLY": false,    "WEBGPU": false  }}
7-7-2026 02:39:56-debug: Build engine in (133 ms) √, progress: 17%
7-7-2026 02:39:56-debug: Generate import-map..., progress: 17%
7-7-2026 02:39:56-debug: Copy plugin script ..., progress: 17%
7-7-2026 02:39:56-debug: // ---- build task Build script ---- (18813ms)
7-7-2026 02:39:56-log: run build task Build script success in 18 s√, progress: 22%
7-7-2026 02:39:56-debug: [Build Memory track]: Build script start:229.68MB, end 229.19MB, increase: -496.09KB
7-7-2026 02:39:56-debug: Build bundles..., progress: 22%
7-7-2026 02:39:56-debug: Build Assets start, progress: 22%
7-7-2026 02:39:56-debug: // ---- build task Build Assets ----
7-7-2026 02:39:56-debug: Pack Images start, progress: 22%
7-7-2026 02:39:56-debug: Pack Images start, progress: 13%
7-7-2026 02:39:56-debug: Number of pac assets: 2
7-7-2026 02:39:56-debug: Number of pack results: 1
7-7-2026 02:39:56-debug: Get Cache info of pac success {asset(d51bdb9f-5659-4396-986e-7e975ecf40a9)}
7-7-2026 02:39:56-warn: The Image asset({asset(028193d4-783a-4d77-a304-630e5f21fe8a)}) in the atlas has been directly used by other asset ({asset(1effe86e-a401-4769-9dbc-62218c68834d)}). The original asset and the new combined image asset will be generated at the same time. We recommended you to move the current image asset out of the folder of atlas.
7-7-2026 02:39:56-debug: start sort bundle in pacd51bdb9f-5659-4396-986e-7e975ecf40a9
7-7-2026 02:39:56-warn: The Image asset({asset(09612976-b88c-46e6-a717-93a8a38611bc)}) in the atlas has been directly used by other asset ({asset(1effe86e-a401-4769-9dbc-62218c68834d)}). The original asset and the new combined image asset will be generated at the same time. We recommended you to move the current image asset out of the folder of atlas.
7-7-2026 02:39:56-warn: The Image asset({asset(31a1b750-d176-4b95-a54f-be23f613634e)}) in the atlas has been directly used by other asset ({asset(1effe86e-a401-4769-9dbc-62218c68834d)}). The original asset and the new combined image asset will be generated at the same time. We recommended you to move the current image asset out of the folder of atlas.
7-7-2026 02:39:56-warn: The Image asset({asset(ee792f48-45b0-4754-a307-2807c196b156)}) in the atlas has been directly used by other asset ({asset(1effe86e-a401-4769-9dbc-62218c68834d)}). The original asset and the new combined image asset will be generated at the same time. We recommended you to move the current image asset out of the folder of atlas.
7-7-2026 02:39:56-warn: The Image asset({asset(68304913-7932-4cd0-9112-80d3454d1186)}) in the atlas has been directly used by other asset ({asset(1effe86e-a401-4769-9dbc-62218c68834d)}). The original asset and the new combined image asset will be generated at the same time. We recommended you to move the current image asset out of the folder of atlas.
7-7-2026 02:39:56-debug: start collect depend assets in pacd51bdb9f-5659-4396-986e-7e975ecf40a9
7-7-2026 02:39:56-warn: The Image asset({asset(3a5d4f88-4bcb-4a6f-8344-53c625b3eeae)}) in the atlas has been directly used by other asset ({asset(1effe86e-a401-4769-9dbc-62218c68834d)}). The original asset and the new combined image asset will be generated at the same time. We recommended you to move the current image asset out of the folder of atlas.
7-7-2026 02:39:56-warn: The Texture2D asset({asset(23926ca3-e531-4d19-8249-ca0aa068dbc1@6c48a)}) in the atlas has been directly used by other asset ({asset(d7d0a5a4-9fe0-4cdb-b675-e0fb02e56689)}). The original asset data and the new combined image asset will be generated at the same time, resulting in a larger package. We recommended you to move the current texture asset out of the folder of atlas.
7-7-2026 02:39:56-warn: The Image asset({asset(d3b0ac81-82b7-4a4b-9c35-2d7b74f50fab)}) in the atlas has been directly used by other asset ({asset(1effe86e-a401-4769-9dbc-62218c68834d)}). The original asset and the new combined image asset will be generated at the same time. We recommended you to move the current image asset out of the folder of atlas.
7-7-2026 02:39:56-warn: The Image asset({asset(23926ca3-e531-4d19-8249-ca0aa068dbc1)}) in the atlas has been directly used by other asset ({asset(1effe86e-a401-4769-9dbc-62218c68834d,d7d0a5a4-9fe0-4cdb-b675-e0fb02e56689)}). The original asset and the new combined image asset will be generated at the same time. We recommended you to move the current image asset out of the folder of atlas.
7-7-2026 02:39:56-warn: The Texture2D asset({asset(b178349e-82da-4293-8dcd-3b05942bc79d@6c48a)}) in the atlas has been directly used by other asset ({asset(598867f9-5d66-4fb4-9190-be595fc2be6f)}). The original asset data and the new combined image asset will be generated at the same time, resulting in a larger package. We recommended you to move the current texture asset out of the folder of atlas.
7-7-2026 02:39:56-warn: The Image asset({asset(b178349e-82da-4293-8dcd-3b05942bc79d)}) in the atlas has been directly used by other asset ({asset(1effe86e-a401-4769-9dbc-62218c68834d,598867f9-5d66-4fb4-9190-be595fc2be6f)}). The original asset and the new combined image asset will be generated at the same time. We recommended you to move the current image asset out of the folder of atlas.
7-7-2026 02:39:56-warn: The Image asset({asset(139f9f81-b709-415e-82f1-1f05e89438ce)}) in the atlas has been directly used by other asset ({asset(1effe86e-a401-4769-9dbc-62218c68834d)}). The original asset and the new combined image asset will be generated at the same time. We recommended you to move the current image asset out of the folder of atlas.
7-7-2026 02:39:56-warn: The Texture2D asset({asset(c513c3d6-bb46-4592-8efd-b8d73c099863@6c48a)}) in the atlas has been directly used by other asset ({asset(92f06c15-f587-4406-ae25-612e4dddf531)}). The original asset data and the new combined image asset will be generated at the same time, resulting in a larger package. We recommended you to move the current texture asset out of the folder of atlas.
7-7-2026 02:39:56-warn: The Image asset({asset(f8ea029f-b400-4410-89a7-57f8577e8acb)}) in the atlas has been directly used by other asset ({asset(1effe86e-a401-4769-9dbc-62218c68834d)}). The original asset and the new combined image asset will be generated at the same time. We recommended you to move the current image asset out of the folder of atlas.
7-7-2026 02:39:56-warn: The Image asset({asset(c513c3d6-bb46-4592-8efd-b8d73c099863)}) in the atlas has been directly used by other asset ({asset(1effe86e-a401-4769-9dbc-62218c68834d,92f06c15-f587-4406-ae25-612e4dddf531)}). The original asset and the new combined image asset will be generated at the same time. We recommended you to move the current image asset out of the folder of atlas.
7-7-2026 02:39:56-warn: The Texture2D asset({asset(d07a4161-d5c6-4ff6-b539-0d0ccd38b9f5@6c48a)}) in the atlas has been directly used by other asset ({asset(4b85a778-d505-48a8-b551-ae35c97fdfb2,72dca225-4e1f-4e51-b7a3-b863e9aa8904)}). The original asset data and the new combined image asset will be generated at the same time, resulting in a larger package. We recommended you to move the current texture asset out of the folder of atlas.
7-7-2026 02:39:56-warn: The Image asset({asset(fbb6323d-4ef9-410b-b2ac-b7fff6ddb1a8)}) in the atlas has been directly used by other asset ({asset(1effe86e-a401-4769-9dbc-62218c68834d)}). The original asset and the new combined image asset will be generated at the same time. We recommended you to move the current image asset out of the folder of atlas.
7-7-2026 02:39:56-warn: The Texture2D asset({asset(f4904146-35a2-41bf-8f22-cd622c2f0852@6c48a)}) in the atlas has been directly used by other asset ({asset(750171e6-9417-4753-a77b-a011cb37b52f)}). The original asset data and the new combined image asset will be generated at the same time, resulting in a larger package. We recommended you to move the current texture asset out of the folder of atlas.
7-7-2026 02:39:56-warn: The Image asset({asset(f4904146-35a2-41bf-8f22-cd622c2f0852)}) in the atlas has been directly used by other asset ({asset(1effe86e-a401-4769-9dbc-62218c68834d,750171e6-9417-4753-a77b-a011cb37b52f)}). The original asset and the new combined image asset will be generated at the same time. We recommended you to move the current image asset out of the folder of atlas.
7-7-2026 02:39:56-warn: The Image asset({asset(d07a4161-d5c6-4ff6-b539-0d0ccd38b9f5)}) in the atlas has been directly used by other asset ({asset(1effe86e-a401-4769-9dbc-62218c68834d,4b85a778-d505-48a8-b551-ae35c97fdfb2,72dca225-4e1f-4e51-b7a3-b863e9aa8904)}). The original asset and the new combined image asset will be generated at the same time. We recommended you to move the current image asset out of the folder of atlas.
7-7-2026 02:39:56-debug: end sort bundle in pacd51bdb9f-5659-4396-986e-7e975ecf40a9
7-7-2026 02:39:56-debug: builder:pack-auto-atlas-image (180ms)
7-7-2026 02:39:56-debug: Pack Images success, progress: 22%
7-7-2026 02:39:56-debug: Compress image start..., progress: 22%
7-7-2026 02:39:56-debug: Compress image start..., progress: 13%
7-7-2026 02:39:56-debug: Use cache compress image of {Asset(01e8d4f8-e754-4cd6-a096-8831a456fa02)} ({link(F:\Github\BattleGame\temp\builder\CompressTexture\01\01e8d4f8-e754-4cd6-a096-8831a456fa02.webp)})
7-7-2026 02:39:56-debug: Pack Images success, progress: 13%
7-7-2026 02:39:56-debug: Use cache compress image of {Asset(8e74e91d-600c-4477-82f9-11cff643e16a)} ({link(F:\Github\BattleGame\temp\builder\CompressTexture\8e\8e74e91d-600c-4477-82f9-11cff643e16a.webp)})
7-7-2026 02:39:56-debug: Use cache compress image of {Asset(90799178-e90f-46fd-b904-8aa46d223010)} ({link(F:\Github\BattleGame\temp\builder\CompressTexture\90\90799178-e90f-46fd-b904-8aa46d223010.astc)})
7-7-2026 02:39:56-debug: Use cache compress image of {Asset(332671e6-6208-415d-a385-c0160f199fe8)} ({link(F:\Github\BattleGame\temp\builder\CompressTexture\33\332671e6-6208-415d-a385-c0160f199fe8.webp)})
7-7-2026 02:39:56-debug: Use cache compress image of {Asset(90799178-e90f-46fd-b904-8aa46d223010)} ({link(F:\Github\BattleGame\temp\builder\CompressTexture\90\90799178-e90f-46fd-b904-8aa46d223010.pvr)})
7-7-2026 02:39:56-debug: Use cache compress image of {Asset(90799178-e90f-46fd-b904-8aa46d223010)} ({link(F:\Github\BattleGame\temp\builder\CompressTexture\90\90799178-e90f-46fd-b904-8aa46d223010.pkm)})
7-7-2026 02:39:56-debug: Use cache compress image of {Asset(ee9b7a14-8fc0-446c-a8af-a1ab6c223a8b)} ({link(F:\Github\BattleGame\temp\builder\CompressTexture\ee\ee9b7a14-8fc0-446c-a8af-a1ab6c223a8b.webp)})
7-7-2026 02:39:56-debug: Use cache compress image of {Asset(f198fc0d-9e2c-40e3-9b56-bff96ed989f3)} ({link(F:\Github\BattleGame\temp\builder\CompressTexture\f1\f198fc0d-9e2c-40e3-9b56-bff96ed989f3.webp)})
7-7-2026 02:39:56-debug: Use cache compress image of {Asset(90799178-e90f-46fd-b904-8aa46d223010)} ({link(F:\Github\BattleGame\temp\builder\CompressTexture\90\90799178-e90f-46fd-b904-8aa46d223010.png)})
7-7-2026 02:39:56-debug: Use cache compress image of {Asset(f656da13-0dfe-4bf9-bdc6-2c0c39a61a84)} ({link(F:\Github\BattleGame\temp\builder\CompressTexture\f6\f656da13-0dfe-4bf9-bdc6-2c0c39a61a84.astc)})
7-7-2026 02:39:56-debug: Use cache compress image of {Asset(f656da13-0dfe-4bf9-bdc6-2c0c39a61a84)} ({link(F:\Github\BattleGame\temp\builder\CompressTexture\f6\f656da13-0dfe-4bf9-bdc6-2c0c39a61a84.pvr)})
7-7-2026 02:39:56-debug: Use cache compress image of {Asset(f656da13-0dfe-4bf9-bdc6-2c0c39a61a84)} ({link(F:\Github\BattleGame\temp\builder\CompressTexture\f6\f656da13-0dfe-4bf9-bdc6-2c0c39a61a84.png)})
7-7-2026 02:39:56-debug: Use cache compress image of {Asset(183fb9979)} ({link(F:\Github\BattleGame\temp\builder\CompressTexture\18\183fb9979.webp)})
7-7-2026 02:39:56-debug: Use cache compress image of {Asset(f656da13-0dfe-4bf9-bdc6-2c0c39a61a84)} ({link(F:\Github\BattleGame\temp\builder\CompressTexture\f6\f656da13-0dfe-4bf9-bdc6-2c0c39a61a84.pkm)})
7-7-2026 02:39:56-debug: sort compress task {}
7-7-2026 02:39:56-debug: No image need to compress
7-7-2026 02:39:56-debug: Compress image success..., progress: 22%
7-7-2026 02:39:56-debug: Num of all image compress task 8, really: 0, configTasks: 0
7-7-2026 02:39:56-debug: Output asset in bundles start, progress: 13%
7-7-2026 02:39:56-debug: Compress image success..., progress: 13%
7-7-2026 02:39:56-debug: Output asset in bundles start, progress: 22%
7-7-2026 02:39:56-debug: Handle all json groups in bundle internal
7-7-2026 02:39:56-debug: handle json group
7-7-2026 02:39:56-debug: handle json group
7-7-2026 02:39:56-debug: Handle all json groups in bundle main
7-7-2026 02:39:56-debug: Json group(065f3dd3c) compile success，json number: 6
7-7-2026 02:39:57-debug: Json group(0ff828f49) compile success，json number: 6
7-7-2026 02:39:57-debug: handle single json
7-7-2026 02:39:57-debug: Json group(0fecffeb8) compile success，json number: 6
7-7-2026 02:39:57-debug: Json group(083fb9979) compile success，json number: 6
7-7-2026 02:39:57-debug: handle single json
7-7-2026 02:39:57-debug: Output asset in bundles success, progress: 22%
7-7-2026 02:39:57-debug: Output asset in bundles success, progress: 13%
7-7-2026 02:39:57-debug: Output asset in bundles start, progress: 13%
7-7-2026 02:39:57-debug: compress config of bundle internal...
7-7-2026 02:39:57-debug: compress config of bundle internal success
7-7-2026 02:39:57-debug: Output asset in bundles start, progress: 22%
7-7-2026 02:39:57-debug: compress config of bundle main success
7-7-2026 02:39:57-debug: output config of bundle internal success
7-7-2026 02:39:57-debug: compress config of bundle main...
7-7-2026 02:39:57-debug: output config of bundle main success
7-7-2026 02:39:57-debug: Output asset in bundles success, progress: 22%
7-7-2026 02:39:57-debug: output config of bundle main
7-7-2026 02:39:57-debug: output config of bundle internal
7-7-2026 02:39:57-debug: Output asset in bundles success, progress: 13%
7-7-2026 02:39:57-debug: // ---- build task Build Assets ---- (582ms)
7-7-2026 02:39:57-debug: [Build Memory track]: Build Assets start:229.23MB, end 236.68MB, increase: 7.44MB
7-7-2026 02:39:57-debug: // ---- build task Sort some build options to settings.json ----
7-7-2026 02:39:57-debug: Sort some build options to settings.json start, progress: 27%
7-7-2026 02:39:57-log: run build task Build Assets success in 582 ms√, progress: 27%
7-7-2026 02:39:57-debug: // ---- build task Sort some build options to settings.json ---- (28ms)
7-7-2026 02:39:57-log: run build task Sort some build options to settings.json success in 28 ms√, progress: 29%
7-7-2026 02:39:57-debug: [Build Memory track]: Sort some build options to settings.json start:236.76MB, end 236.82MB, increase: 60.68KB
7-7-2026 02:39:57-debug: Fill script data to settings start, progress: 29%
7-7-2026 02:39:57-debug: // ---- build task Fill script data to settings ----
7-7-2026 02:39:57-debug: // ---- build task Fill script data to settings ---- (36ms)
7-7-2026 02:39:57-log: run build task Fill script data to settings success in 36 ms√, progress: 31%
7-7-2026 02:39:57-debug: [Build Memory track]: Fill script data to settings start:236.85MB, end 236.91MB, increase: 61.75KB
7-7-2026 02:39:57-debug: Sort some build options to settings.json start, progress: 31%
7-7-2026 02:39:57-debug: // ---- build task Sort some build options to settings.json ----
7-7-2026 02:39:57-debug: // ---- build task Sort some build options to settings.json ---- (41ms)
7-7-2026 02:39:57-log: run build task Sort some build options to settings.json success in 41 ms√, progress: 32%
7-7-2026 02:39:57-debug: [Build Memory track]: Sort some build options to settings.json start:236.94MB, end 237.10MB, increase: 165.13KB
7-7-2026 02:39:57-debug: // ---- build task web-mobile：onBeforeCompressSettings ----
7-7-2026 02:39:57-debug: web-mobile:(onBeforeCompressSettings) start..., progress: 32%
7-7-2026 02:39:57-debug: // ---- build task web-mobile：onBeforeCompressSettings ---- (38ms)
7-7-2026 02:39:57-debug: web-mobile:(onBeforeCompressSettings) in 38 ms ✓, progress: 34%
7-7-2026 02:39:57-debug: cocos-service:(onBeforeCompressSettings) start..., progress: 34%
7-7-2026 02:39:57-debug: // ---- build task cocos-service：onBeforeCompressSettings ----
7-7-2026 02:39:58-debug: // ---- build task cocos-service：onBeforeCompressSettings ---- (1338ms)
7-7-2026 02:39:58-debug: Sort build template start, progress: 36%
7-7-2026 02:39:58-debug: // ---- build task Sort build template ----
7-7-2026 02:39:58-debug: cocos-service:(onBeforeCompressSettings) in 1338 ms ✓, progress: 36%
7-7-2026 02:39:58-debug: // ---- build task Sort build template ---- (109ms)
7-7-2026 02:39:58-debug: [Build Memory track]: Sort build template start:237.36MB, end 239.89MB, increase: 2.53MB
7-7-2026 02:39:58-log: run build task Sort build template success in 109 ms√, progress: 41%
7-7-2026 02:39:58-debug: cocos-service:(onAfterCompressSettings) start..., progress: 41%
7-7-2026 02:39:58-debug: // ---- build task cocos-service：onAfterCompressSettings ----
7-7-2026 02:39:59-debug: // ---- build task cocos-service：onAfterCompressSettings ---- (293ms)
7-7-2026 02:39:59-debug: cocos-service:(onAfterCompressSettings) in 293 ms ✓, progress: 43%
7-7-2026 02:39:59-debug: // ---- build task web-mobile：onBeforeCopyBuildTemplate ----
7-7-2026 02:39:59-debug: web-mobile:(onBeforeCopyBuildTemplate) start..., progress: 43%
7-7-2026 02:39:59-debug: // ---- build task web-mobile：onBeforeCopyBuildTemplate ---- (40ms)
7-7-2026 02:39:59-debug: web-mobile:(onBeforeCopyBuildTemplate) in 40 ms ✓, progress: 45%
7-7-2026 02:39:59-debug: // ---- build task Add md5 suffix to assets ----
7-7-2026 02:39:59-debug: Add md5 suffix to assets start, progress: 45%
7-7-2026 02:39:59-debug: // ---- build task Add md5 suffix to assets ---- (29ms)
7-7-2026 02:39:59-log: run build task Add md5 suffix to assets success in 29 ms√, progress: 55%
7-7-2026 02:39:59-debug: [Build Memory track]: Add md5 suffix to assets start:243.00MB, end 243.06MB, increase: 59.50KB
7-7-2026 02:39:59-debug: // ---- build task web-mobile：onAfterBuild ----
7-7-2026 02:39:59-debug: web-mobile:(onAfterBuild) start..., progress: 55%
7-7-2026 02:39:59-debug: // ---- build task web-mobile：onAfterBuild ---- (37ms)
7-7-2026 02:39:59-debug: web-mobile:(onAfterBuild) in 37 ms ✓, progress: 56%
7-7-2026 02:39:59-debug: cocos-service:(onAfterBuild) start..., progress: 56%
7-7-2026 02:39:59-debug: // ---- build task cocos-service：onAfterBuild ----
7-7-2026 02:39:59-debug: // ---- build task cocos-service：onAfterBuild ---- (205ms)
7-7-2026 02:39:59-debug: cocos-service:(onAfterBuild) in 205 ms ✓, progress: 58%
7-7-2026 02:39:59-debug: adsense-h5g-plugin:(onAfterBuild) start..., progress: 58%
7-7-2026 02:39:59-debug: // ---- build task adsense-h5g-plugin：onAfterBuild ----
7-7-2026 02:39:59-debug: // ---- build task adsense-h5g-plugin：onAfterBuild ---- (51ms)
7-7-2026 02:39:59-debug: adsense-h5g-plugin:(onAfterBuild) in 51 ms ✓, progress: 60%
7-7-2026 02:39:59-log: Asset DB is resume!
7-7-2026 02:39:59-debug: builder:build-project-total (23552ms)
7-7-2026 02:39:59-debug: build task(web-mobile) in 23552!
7-7-2026 02:39:59-debug: [Build Memory track]: builder:build-project-total start:223.78MB, end 241.13MB, increase: 17.35MB
7-7-2026 02:39:59-debug: ================================ build Task (web-mobile) Finished in (23 s)ms ================================
7-7-2026 02:39:59-debug: Stop record console. {file(F:\Github\BattleGame\temp\builder\log\web-mobile5-14-2026 23-41.log)}
7-7-2026 02:39:59-debug: refresh db internal success
7-7-2026 02:39:59-debug: refresh db assets success
7-7-2026 02:39:59-debug: Run asset db hook engine-extends:afterRefresh ...
7-7-2026 02:39:59-debug: Run asset db hook engine-extends:afterRefresh success!
7-7-2026 02:39:59-debug: asset-db:refresh-all-database (161ms)
7-7-2026 02:39:59-debug: asset-db:worker-effect-data-processing (22ms)
7-7-2026 02:39:59-debug: asset-db-hook-engine-extends-afterRefresh (22ms)
